2023-10-21 08:58:19,152 DEBUG [background-preinit][LoggerProviders.java:152] - Logging Provider: org.jboss.logging.Log4j2LoggerProvider
2023-10-21 08:58:19,152 DEBUG [background-preinit][LoggerProviders.java:152] - Logging Provider: org.jboss.logging.Log4j2LoggerProvider
2023-10-21 08:58:19,168 INFO [background-preinit][Version.java:21] - HV000001: Hibernate Validator 6.1.6.Final
2023-10-21 08:58:19,168 INFO [background-preinit][Version.java:21] - HV000001: Hibernate Validator 6.1.6.Final
2023-10-21 08:58:19,183 DEBUG [background-preinit][ValidationXmlParser.java:120] - Trying to load META-INF/validation.xml for XML based Validator configuration.
2023-10-21 08:58:19,183 DEBUG [background-preinit][ValidationXmlParser.java:120] - Trying to load META-INF/validation.xml for XML based Validator configuration.
2023-10-21 08:58:19,186 DEBUG [background-preinit][ResourceLoaderHelper.java:60] - Trying to load META-INF/validation.xml via TCCL
2023-10-21 08:58:19,186 DEBUG [background-preinit][ResourceLoaderHelper.java:60] - Trying to load META-INF/validation.xml via TCCL
2023-10-21 08:58:19,187 DEBUG [background-preinit][ResourceLoaderHelper.java:66] - Trying to load META-INF/validation.xml via Hibernate Validator's class loader
2023-10-21 08:58:19,187 DEBUG [background-preinit][ResourceLoaderHelper.java:66] - Trying to load META-INF/validation.xml via Hibernate Validator's class loader
2023-10-21 08:58:19,188 DEBUG [background-preinit][ValidationXmlParser.java:127] - No META-INF/validation.xml found. Using annotation based configuration only.
2023-10-21 08:58:19,188 DEBUG [background-preinit][ValidationXmlParser.java:127] - No META-INF/validation.xml found. Using annotation based configuration only.
2023-10-21 08:58:19,199 DEBUG [background-preinit][TraversableResolvers.java:60] - Cannot find javax.persistence.Persistence on classpath. Assuming non JPA 2 environment. All properties will per default be traversable.
2023-10-21 08:58:19,199 DEBUG [background-preinit][TraversableResolvers.java:60] - Cannot find javax.persistence.Persistence on classpath. Assuming non JPA 2 environment. All properties will per default be traversable.
2023-10-21 08:58:19,255 DEBUG [background-preinit][ResourceBundleMessageInterpolator.java:172] - Loaded expression factory via original TCCL
2023-10-21 08:58:19,255 DEBUG [background-preinit][ResourceBundleMessageInterpolator.java:172] - Loaded expression factory via original TCCL
2023-10-21 08:58:19,266 INFO [main][StartupInfoLogger.java:55] - Starting TeachPlanMapperTest on Mrzhang with PID 7372 (started by Administrator in D:\JavaCode\studyOnline\study-online-content\study-online-content-service)
2023-10-21 08:58:19,266 INFO [main][StartupInfoLogger.java:55] - Starting TeachPlanMapperTest on Mrzhang with PID 7372 (started by Administrator in D:\JavaCode\studyOnline\study-online-content\study-online-content-service)
2023-10-21 08:58:19,268 DEBUG [main][StartupInfoLogger.java:56] - Running with Spring Boot v2.3.7.RELEASE, Spring v5.2.12.RELEASE
2023-10-21 08:58:19,268 DEBUG [main][StartupInfoLogger.java:56] - Running with Spring Boot v2.3.7.RELEASE, Spring v5.2.12.RELEASE
2023-10-21 08:58:19,270 INFO [main][SpringApplication.java:651] - No active profile set, falling back to default profiles: default
2023-10-21 08:58:19,270 INFO [main][SpringApplication.java:651] - No active profile set, falling back to default profiles: default
2023-10-21 08:58:19,557 DEBUG [background-preinit][ValidatorFactoryConfigurationHelper.java:300] - HV000252: Using org.hibernate.validator.internal.engine.DefaultPropertyNodeNameProvider as property node name provider.
2023-10-21 08:58:19,557 DEBUG [background-preinit][ValidatorFactoryConfigurationHelper.java:300] - HV000252: Using org.hibernate.validator.internal.engine.DefaultPropertyNodeNameProvider as property node name provider.
2023-10-21 08:58:19,573 DEBUG [background-preinit][ValidatorFactoryConfigurationHelper.java:375] - HV000234: Using org.hibernate.validator.messageinterpolation.ResourceBundleMessageInterpolator as ValidatorFactory-scoped message interpolator.
2023-10-21 08:58:19,573 DEBUG [background-preinit][ValidatorFactoryConfigurationHelper.java:375] - HV000234: Using org.hibernate.validator.messageinterpolation.ResourceBundleMessageInterpolator as ValidatorFactory-scoped message interpolator.
2023-10-21 08:58:19,573 DEBUG [background-preinit][ValidatorFactoryConfigurationHelper.java:376] - HV000234: Using org.hibernate.validator.internal.engine.resolver.TraverseAllTraversableResolver as ValidatorFactory-scoped traversable resolver.
2023-10-21 08:58:19,573 DEBUG [background-preinit][ValidatorFactoryConfigurationHelper.java:376] - HV000234: Using org.hibernate.validator.internal.engine.resolver.TraverseAllTraversableResolver as ValidatorFactory-scoped traversable resolver.
2023-10-21 08:58:19,574 DEBUG [background-preinit][ValidatorFactoryConfigurationHelper.java:377] - HV000234: Using org.hibernate.validator.internal.util.ExecutableParameterNameProvider as ValidatorFactory-scoped parameter name provider.
2023-10-21 08:58:19,574 DEBUG [background-preinit][ValidatorFactoryConfigurationHelper.java:377] - HV000234: Using org.hibernate.validator.internal.util.ExecutableParameterNameProvider as ValidatorFactory-scoped parameter name provider.
2023-10-21 08:58:19,574 DEBUG [background-preinit][ValidatorFactoryConfigurationHelper.java:378] - HV000234: Using org.hibernate.validator.internal.engine.DefaultClockProvider as ValidatorFactory-scoped clock provider.
2023-10-21 08:58:19,574 DEBUG [background-preinit][ValidatorFactoryConfigurationHelper.java:378] - HV000234: Using org.hibernate.validator.internal.engine.DefaultClockProvider as ValidatorFactory-scoped clock provider.
2023-10-21 08:58:19,575 DEBUG [background-preinit][ValidatorFactoryConfigurationHelper.java:379] - HV000234: Using org.hibernate.validator.internal.engine.scripting.DefaultScriptEvaluatorFactory as ValidatorFactory-scoped script evaluator factory.
2023-10-21 08:58:19,575 DEBUG [background-preinit][ValidatorFactoryConfigurationHelper.java:379] - HV000234: Using org.hibernate.validator.internal.engine.scripting.DefaultScriptEvaluatorFactory as ValidatorFactory-scoped script evaluator factory.
2023-10-21 08:58:20,237 DEBUG [main][LogFactory.java:105] - Logging initialized using 'class org.apache.ibatis.logging.slf4j.Slf4jImpl' adapter.
2023-10-21 08:58:20,237 DEBUG [main][LogFactory.java:105] - Logging initialized using 'class org.apache.ibatis.logging.slf4j.Slf4jImpl' adapter.
2023-10-21 08:58:20,840 DEBUG [main][HikariConfig.java:946] - Driver class com.mysql.cj.jdbc.Driver found in Thread context class loader sun.misc.Launcher$AppClassLoader@18b4aac2
2023-10-21 08:58:20,840 DEBUG [main][HikariConfig.java:946] - Driver class com.mysql.cj.jdbc.Driver found in Thread context class loader sun.misc.Launcher$AppClassLoader@18b4aac2
2023-10-21 08:58:21,015 DEBUG [main][Logger.java:49] - Registered plugin: 'com.baomidou.mybatisplus.extension.plugins.MybatisPlusInterceptor@787508ca'
2023-10-21 08:58:21,015 DEBUG [main][Logger.java:49] - Registered plugin: 'com.baomidou.mybatisplus.extension.plugins.MybatisPlusInterceptor@787508ca'
2023-10-21 08:58:21,018 DEBUG [main][Logger.java:49] - Property 'mapperLocations' was not specified.
2023-10-21 08:58:21,018 DEBUG [main][Logger.java:49] - Property 'mapperLocations' was not specified.
2023-10-21 08:58:22,262 DEBUG [main][MybatisConfiguration.java:128] - addMappedStatement: com.zy.content.mapper.CourseBaseMapper.insert
2023-10-21 08:58:22,262 DEBUG [main][MybatisConfiguration.java:128] - addMappedStatement: com.zy.content.mapper.CourseBaseMapper.insert
2023-10-21 08:58:22,272 DEBUG [main][MybatisConfiguration.java:128] - addMappedStatement: com.zy.content.mapper.CourseBaseMapper.delete
2023-10-21 08:58:22,272 DEBUG [main][MybatisConfiguration.java:128] - addMappedStatement: com.zy.content.mapper.CourseBaseMapper.delete
2023-10-21 08:58:22,278 DEBUG [main][MybatisConfiguration.java:128] - addMappedStatement: com.zy.content.mapper.CourseBaseMapper.deleteByMap
2023-10-21 08:58:22,278 DEBUG [main][MybatisConfiguration.java:128] - addMappedStatement: com.zy.content.mapper.CourseBaseMapper.deleteByMap
2023-10-21 08:58:22,344 DEBUG [main][MybatisConfiguration.java:128] - addMappedStatement: com.zy.content.mapper.CourseBaseMapper.deleteById
2023-10-21 08:58:22,344 DEBUG [main][MybatisConfiguration.java:128] - addMappedStatement: com.zy.content.mapper.CourseBaseMapper.deleteById
2023-10-21 08:58:22,348 DEBUG [main][MybatisConfiguration.java:128] - addMappedStatement: com.zy.content.mapper.CourseBaseMapper.deleteBatchIds
2023-10-21 08:58:22,348 DEBUG [main][MybatisConfiguration.java:128] - addMappedStatement: com.zy.content.mapper.CourseBaseMapper.deleteBatchIds
2023-10-21 08:58:22,356 DEBUG [main][MybatisConfiguration.java:128] - addMappedStatement: com.zy.content.mapper.CourseBaseMapper.update
2023-10-21 08:58:22,356 DEBUG [main][MybatisConfiguration.java:128] - addMappedStatement: com.zy.content.mapper.CourseBaseMapper.update
2023-10-21 08:58:22,362 DEBUG [main][MybatisConfiguration.java:128] - addMappedStatement: com.zy.content.mapper.CourseBaseMapper.updateById
2023-10-21 08:58:22,362 DEBUG [main][MybatisConfiguration.java:128] - addMappedStatement: com.zy.content.mapper.CourseBaseMapper.updateById
2023-10-21 08:58:22,364 DEBUG [main][MybatisConfiguration.java:128] - addMappedStatement: com.zy.content.mapper.CourseBaseMapper.selectById
2023-10-21 08:58:22,364 DEBUG [main][MybatisConfiguration.java:128] - addMappedStatement: com.zy.content.mapper.CourseBaseMapper.selectById
2023-10-21 08:58:22,368 DEBUG [main][MybatisConfiguration.java:128] - addMappedStatement: com.zy.content.mapper.CourseBaseMapper.selectBatchIds
2023-10-21 08:58:22,368 DEBUG [main][MybatisConfiguration.java:128] - addMappedStatement: com.zy.content.mapper.CourseBaseMapper.selectBatchIds
2023-10-21 08:58:22,373 DEBUG [main][MybatisConfiguration.java:128] - addMappedStatement: com.zy.content.mapper.CourseBaseMapper.selectByMap
2023-10-21 08:58:22,373 DEBUG [main][MybatisConfiguration.java:128] - addMappedStatement: com.zy.content.mapper.CourseBaseMapper.selectByMap
2023-10-21 08:58:22,381 DEBUG [main][MybatisConfiguration.java:128] - addMappedStatement: com.zy.content.mapper.CourseBaseMapper.selectOne
2023-10-21 08:58:22,381 DEBUG [main][MybatisConfiguration.java:128] - addMappedStatement: com.zy.content.mapper.CourseBaseMapper.selectOne
2023-10-21 08:58:22,386 DEBUG [main][MybatisConfiguration.java:128] - addMappedStatement: com.zy.content.mapper.CourseBaseMapper.selectCount
2023-10-21 08:58:22,386 DEBUG [main][MybatisConfiguration.java:128] - addMappedStatement: com.zy.content.mapper.CourseBaseMapper.selectCount
2023-10-21 08:58:22,389 DEBUG [main][MybatisConfiguration.java:128] - addMappedStatement: com.zy.content.mapper.CourseBaseMapper.selectMaps
2023-10-21 08:58:22,389 DEBUG [main][MybatisConfiguration.java:128] - addMappedStatement: com.zy.content.mapper.CourseBaseMapper.selectMaps
2023-10-21 08:58:22,395 DEBUG [main][MybatisConfiguration.java:128] - addMappedStatement: com.zy.content.mapper.CourseBaseMapper.selectMapsPage
2023-10-21 08:58:22,395 DEBUG [main][MybatisConfiguration.java:128] - addMappedStatement: com.zy.content.mapper.CourseBaseMapper.selectMapsPage
2023-10-21 08:58:22,398 DEBUG [main][MybatisConfiguration.java:128] - addMappedStatement: com.zy.content.mapper.CourseBaseMapper.selectObjs
2023-10-21 08:58:22,398 DEBUG [main][MybatisConfiguration.java:128] - addMappedStatement: com.zy.content.mapper.CourseBaseMapper.selectObjs
2023-10-21 08:58:22,401 DEBUG [main][MybatisConfiguration.java:128] - addMappedStatement: com.zy.content.mapper.CourseBaseMapper.selectList
2023-10-21 08:58:22,401 DEBUG [main][MybatisConfiguration.java:128] - addMappedStatement: com.zy.content.mapper.CourseBaseMapper.selectList
2023-10-21 08:58:22,404 DEBUG [main][MybatisConfiguration.java:128] - addMappedStatement: com.zy.content.mapper.CourseBaseMapper.selectPage
2023-10-21 08:58:22,404 DEBUG [main][MybatisConfiguration.java:128] - addMappedStatement: com.zy.content.mapper.CourseBaseMapper.selectPage
2023-10-21 08:58:22,422 DEBUG [main][MybatisConfiguration.java:128] - addMappedStatement: com.zy.content.mapper.CourseMarketMapper.insert
2023-10-21 08:58:22,422 DEBUG [main][MybatisConfiguration.java:128] - addMappedStatement: com.zy.content.mapper.CourseMarketMapper.insert
2023-10-21 08:58:22,426 DEBUG [main][MybatisConfiguration.java:128] - addMappedStatement: com.zy.content.mapper.CourseMarketMapper.delete
2023-10-21 08:58:22,426 DEBUG [main][MybatisConfiguration.java:128] - addMappedStatement: com.zy.content.mapper.CourseMarketMapper.delete
2023-10-21 08:58:22,429 DEBUG [main][MybatisConfiguration.java:128] - addMappedStatement: com.zy.content.mapper.CourseMarketMapper.deleteByMap
2023-10-21 08:58:22,429 DEBUG [main][MybatisConfiguration.java:128] - addMappedStatement: com.zy.content.mapper.CourseMarketMapper.deleteByMap
2023-10-21 08:58:22,431 DEBUG [main][MybatisConfiguration.java:128] - addMappedStatement: com.zy.content.mapper.CourseMarketMapper.deleteById
2023-10-21 08:58:22,431 DEBUG [main][MybatisConfiguration.java:128] - addMappedStatement: com.zy.content.mapper.CourseMarketMapper.deleteById
2023-10-21 08:58:22,433 DEBUG [main][MybatisConfiguration.java:128] - addMappedStatement: com.zy.content.mapper.CourseMarketMapper.deleteBatchIds
2023-10-21 08:58:22,433 DEBUG [main][MybatisConfiguration.java:128] - addMappedStatement: com.zy.content.mapper.CourseMarketMapper.deleteBatchIds
2023-10-21 08:58:22,436 DEBUG [main][MybatisConfiguration.java:128] - addMappedStatement: com.zy.content.mapper.CourseMarketMapper.update
2023-10-21 08:58:22,436 DEBUG [main][MybatisConfiguration.java:128] - addMappedStatement: com.zy.content.mapper.CourseMarketMapper.update
2023-10-21 08:58:22,438 DEBUG [main][MybatisConfiguration.java:128] - addMappedStatement: com.zy.content.mapper.CourseMarketMapper.updateById
2023-10-21 08:58:22,438 DEBUG [main][MybatisConfiguration.java:128] - addMappedStatement: com.zy.content.mapper.CourseMarketMapper.updateById
2023-10-21 08:58:22,439 DEBUG [main][MybatisConfiguration.java:128] - addMappedStatement: com.zy.content.mapper.CourseMarketMapper.selectById
2023-10-21 08:58:22,439 DEBUG [main][MybatisConfiguration.java:128] - addMappedStatement: com.zy.content.mapper.CourseMarketMapper.selectById
2023-10-21 08:58:22,441 DEBUG [main][MybatisConfiguration.java:128] - addMappedStatement: com.zy.content.mapper.CourseMarketMapper.selectBatchIds
2023-10-21 08:58:22,441 DEBUG [main][MybatisConfiguration.java:128] - addMappedStatement: com.zy.content.mapper.CourseMarketMapper.selectBatchIds
2023-10-21 08:58:22,444 DEBUG [main][MybatisConfiguration.java:128] - addMappedStatement: com.zy.content.mapper.CourseMarketMapper.selectByMap
2023-10-21 08:58:22,444 DEBUG [main][MybatisConfiguration.java:128] - addMappedStatement: com.zy.content.mapper.CourseMarketMapper.selectByMap
2023-10-21 08:58:22,447 DEBUG [main][MybatisConfiguration.java:128] - addMappedStatement: com.zy.content.mapper.CourseMarketMapper.selectOne
2023-10-21 08:58:22,447 DEBUG [main][MybatisConfiguration.java:128] - addMappedStatement: com.zy.content.mapper.CourseMarketMapper.selectOne
2023-10-21 08:58:22,449 DEBUG [main][MybatisConfiguration.java:128] - addMappedStatement: com.zy.content.mapper.CourseMarketMapper.selectCount
2023-10-21 08:58:22,449 DEBUG [main][MybatisConfiguration.java:128] - addMappedStatement: com.zy.content.mapper.CourseMarketMapper.selectCount
2023-10-21 08:58:22,451 DEBUG [main][MybatisConfiguration.java:128] - addMappedStatement: com.zy.content.mapper.CourseMarketMapper.selectMaps
2023-10-21 08:58:22,451 DEBUG [main][MybatisConfiguration.java:128] - addMappedStatement: com.zy.content.mapper.CourseMarketMapper.selectMaps
2023-10-21 08:58:22,454 DEBUG [main][MybatisConfiguration.java:128] - addMappedStatement: com.zy.content.mapper.CourseMarketMapper.selectMapsPage
2023-10-21 08:58:22,454 DEBUG [main][MybatisConfiguration.java:128] - addMappedStatement: com.zy.content.mapper.CourseMarketMapper.selectMapsPage
2023-10-21 08:58:22,456 DEBUG [main][MybatisConfiguration.java:128] - addMappedStatement: com.zy.content.mapper.CourseMarketMapper.selectObjs
2023-10-21 08:58:22,456 DEBUG [main][MybatisConfiguration.java:128] - addMappedStatement: com.zy.content.mapper.CourseMarketMapper.selectObjs
2023-10-21 08:58:22,461 DEBUG [main][MybatisConfiguration.java:128] - addMappedStatement: com.zy.content.mapper.CourseMarketMapper.selectList
2023-10-21 08:58:22,461 DEBUG [main][MybatisConfiguration.java:128] - addMappedStatement: com.zy.content.mapper.CourseMarketMapper.selectList
2023-10-21 08:58:22,463 DEBUG [main][MybatisConfiguration.java:128] - addMappedStatement: com.zy.content.mapper.CourseMarketMapper.selectPage
2023-10-21 08:58:22,463 DEBUG [main][MybatisConfiguration.java:128] - addMappedStatement: com.zy.content.mapper.CourseMarketMapper.selectPage
2023-10-21 08:58:22,481 DEBUG [main][MybatisConfiguration.java:128] - addMappedStatement: com.zy.content.mapper.CourseCategoryMapper.selectTreeNodes
2023-10-21 08:58:22,481 DEBUG [main][MybatisConfiguration.java:128] - addMappedStatement: com.zy.content.mapper.CourseCategoryMapper.selectTreeNodes
2023-10-21 08:58:22,486 DEBUG [main][MybatisConfiguration.java:128] - addMappedStatement: com.zy.content.mapper.CourseCategoryMapper.insert
2023-10-21 08:58:22,486 DEBUG [main][MybatisConfiguration.java:128] - addMappedStatement: com.zy.content.mapper.CourseCategoryMapper.insert
2023-10-21 08:58:22,490 DEBUG [main][MybatisConfiguration.java:128] - addMappedStatement: com.zy.content.mapper.CourseCategoryMapper.delete
2023-10-21 08:58:22,490 DEBUG [main][MybatisConfiguration.java:128] - addMappedStatement: com.zy.content.mapper.CourseCategoryMapper.delete
2023-10-21 08:58:22,494 DEBUG [main][MybatisConfiguration.java:128] - addMappedStatement: com.zy.content.mapper.CourseCategoryMapper.deleteByMap
2023-10-21 08:58:22,494 DEBUG [main][MybatisConfiguration.java:128] - addMappedStatement: com.zy.content.mapper.CourseCategoryMapper.deleteByMap
2023-10-21 08:58:22,496 DEBUG [main][MybatisConfiguration.java:128] - addMappedStatement: com.zy.content.mapper.CourseCategoryMapper.deleteById
2023-10-21 08:58:22,496 DEBUG [main][MybatisConfiguration.java:128] - addMappedStatement: com.zy.content.mapper.CourseCategoryMapper.deleteById
2023-10-21 08:58:22,499 DEBUG [main][MybatisConfiguration.java:128] - addMappedStatement: com.zy.content.mapper.CourseCategoryMapper.deleteBatchIds
2023-10-21 08:58:22,499 DEBUG [main][MybatisConfiguration.java:128] - addMappedStatement: com.zy.content.mapper.CourseCategoryMapper.deleteBatchIds
2023-10-21 08:58:22,502 DEBUG [main][MybatisConfiguration.java:128] - addMappedStatement: com.zy.content.mapper.CourseCategoryMapper.update
2023-10-21 08:58:22,502 DEBUG [main][MybatisConfiguration.java:128] - addMappedStatement: com.zy.content.mapper.CourseCategoryMapper.update
2023-10-21 08:58:22,506 DEBUG [main][MybatisConfiguration.java:128] - addMappedStatement: com.zy.content.mapper.CourseCategoryMapper.updateById
2023-10-21 08:58:22,506 DEBUG [main][MybatisConfiguration.java:128] - addMappedStatement: com.zy.content.mapper.CourseCategoryMapper.updateById
2023-10-21 08:58:22,507 DEBUG [main][MybatisConfiguration.java:128] - addMappedStatement: com.zy.content.mapper.CourseCategoryMapper.selectById
2023-10-21 08:58:22,507 DEBUG [main][MybatisConfiguration.java:128] - addMappedStatement: com.zy.content.mapper.CourseCategoryMapper.selectById
2023-10-21 08:58:22,510 DEBUG [main][MybatisConfiguration.java:128] - addMappedStatement: com.zy.content.mapper.CourseCategoryMapper.selectBatchIds
2023-10-21 08:58:22,510 DEBUG [main][MybatisConfiguration.java:128] - addMappedStatement: com.zy.content.mapper.CourseCategoryMapper.selectBatchIds
2023-10-21 08:58:22,513 DEBUG [main][MybatisConfiguration.java:128] - addMappedStatement: com.zy.content.mapper.CourseCategoryMapper.selectByMap
2023-10-21 08:58:22,513 DEBUG [main][MybatisConfiguration.java:128] - addMappedStatement: com.zy.content.mapper.CourseCategoryMapper.selectByMap
2023-10-21 08:58:22,517 DEBUG [main][MybatisConfiguration.java:128] - addMappedStatement: com.zy.content.mapper.CourseCategoryMapper.selectOne
2023-10-21 08:58:22,517 DEBUG [main][MybatisConfiguration.java:128] - addMappedStatement: com.zy.content.mapper.CourseCategoryMapper.selectOne
2023-10-21 08:58:22,521 DEBUG [main][MybatisConfiguration.java:128] - addMappedStatement: com.zy.content.mapper.CourseCategoryMapper.selectCount
2023-10-21 08:58:22,521 DEBUG [main][MybatisConfiguration.java:128] - addMappedStatement: com.zy.content.mapper.CourseCategoryMapper.selectCount
2023-10-21 08:58:22,527 DEBUG [main][MybatisConfiguration.java:128] - addMappedStatement: com.zy.content.mapper.CourseCategoryMapper.selectMaps
2023-10-21 08:58:22,527 DEBUG [main][MybatisConfiguration.java:128] - addMappedStatement: com.zy.content.mapper.CourseCategoryMapper.selectMaps
2023-10-21 08:58:22,530 DEBUG [main][MybatisConfiguration.java:128] - addMappedStatement: com.zy.content.mapper.CourseCategoryMapper.selectMapsPage
2023-10-21 08:58:22,530 DEBUG [main][MybatisConfiguration.java:128] - addMappedStatement: com.zy.content.mapper.CourseCategoryMapper.selectMapsPage
2023-10-21 08:58:22,533 DEBUG [main][MybatisConfiguration.java:128] - addMappedStatement: com.zy.content.mapper.CourseCategoryMapper.selectObjs
2023-10-21 08:58:22,533 DEBUG [main][MybatisConfiguration.java:128] - addMappedStatement: com.zy.content.mapper.CourseCategoryMapper.selectObjs
2023-10-21 08:58:22,536 DEBUG [main][MybatisConfiguration.java:128] - addMappedStatement: com.zy.content.mapper.CourseCategoryMapper.selectList
2023-10-21 08:58:22,536 DEBUG [main][MybatisConfiguration.java:128] - addMappedStatement: com.zy.content.mapper.CourseCategoryMapper.selectList
2023-10-21 08:58:22,540 DEBUG [main][MybatisConfiguration.java:128] - addMappedStatement: com.zy.content.mapper.CourseCategoryMapper.selectPage
2023-10-21 08:58:22,540 DEBUG [main][MybatisConfiguration.java:128] - addMappedStatement: com.zy.content.mapper.CourseCategoryMapper.selectPage
2023-10-21 08:58:22,624 DEBUG [main][MybatisConfiguration.java:128] - addMappedStatement: com.zy.content.mapper.TeachplanMapper.selectTreeNodes
2023-10-21 08:58:22,624 DEBUG [main][MybatisConfiguration.java:128] - addMappedStatement: com.zy.content.mapper.TeachplanMapper.selectTreeNodes
2023-10-21 08:58:22,630 DEBUG [main][MybatisConfiguration.java:128] - addMappedStatement: com.zy.content.mapper.TeachplanMapper.insert
2023-10-21 08:58:22,630 DEBUG [main][MybatisConfiguration.java:128] - addMappedStatement: com.zy.content.mapper.TeachplanMapper.insert
2023-10-21 08:58:22,635 DEBUG [main][MybatisConfiguration.java:128] - addMappedStatement: com.zy.content.mapper.TeachplanMapper.delete
2023-10-21 08:58:22,635 DEBUG [main][MybatisConfiguration.java:128] - addMappedStatement: com.zy.content.mapper.TeachplanMapper.delete
2023-10-21 08:58:22,638 DEBUG [main][MybatisConfiguration.java:128] - addMappedStatement: com.zy.content.mapper.TeachplanMapper.deleteByMap
2023-10-21 08:58:22,638 DEBUG [main][MybatisConfiguration.java:128] - addMappedStatement: com.zy.content.mapper.TeachplanMapper.deleteByMap
2023-10-21 08:58:22,641 DEBUG [main][MybatisConfiguration.java:128] - addMappedStatement: com.zy.content.mapper.TeachplanMapper.deleteById
2023-10-21 08:58:22,641 DEBUG [main][MybatisConfiguration.java:128] - addMappedStatement: com.zy.content.mapper.TeachplanMapper.deleteById
2023-10-21 08:58:22,645 DEBUG [main][MybatisConfiguration.java:128] - addMappedStatement: com.zy.content.mapper.TeachplanMapper.deleteBatchIds
2023-10-21 08:58:22,645 DEBUG [main][MybatisConfiguration.java:128] - addMappedStatement: com.zy.content.mapper.TeachplanMapper.deleteBatchIds
2023-10-21 08:58:22,649 DEBUG [main][MybatisConfiguration.java:128] - addMappedStatement: com.zy.content.mapper.TeachplanMapper.update
2023-10-21 08:58:22,649 DEBUG [main][MybatisConfiguration.java:128] - addMappedStatement: com.zy.content.mapper.TeachplanMapper.update
2023-10-21 08:58:22,653 DEBUG [main][MybatisConfiguration.java:128] - addMappedStatement: com.zy.content.mapper.TeachplanMapper.updateById
2023-10-21 08:58:22,653 DEBUG [main][MybatisConfiguration.java:128] - addMappedStatement: com.zy.content.mapper.TeachplanMapper.updateById
2023-10-21 08:58:22,654 DEBUG [main][MybatisConfiguration.java:128] - addMappedStatement: com.zy.content.mapper.TeachplanMapper.selectById
2023-10-21 08:58:22,654 DEBUG [main][MybatisConfiguration.java:128] - addMappedStatement: com.zy.content.mapper.TeachplanMapper.selectById
2023-10-21 08:58:22,657 DEBUG [main][MybatisConfiguration.java:128] - addMappedStatement: com.zy.content.mapper.TeachplanMapper.selectBatchIds
2023-10-21 08:58:22,657 DEBUG [main][MybatisConfiguration.java:128] - addMappedStatement: com.zy.content.mapper.TeachplanMapper.selectBatchIds
2023-10-21 08:58:22,661 DEBUG [main][MybatisConfiguration.java:128] - addMappedStatement: com.zy.content.mapper.TeachplanMapper.selectByMap
2023-10-21 08:58:22,661 DEBUG [main][MybatisConfiguration.java:128] - addMappedStatement: com.zy.content.mapper.TeachplanMapper.selectByMap
2023-10-21 08:58:22,664 DEBUG [main][MybatisConfiguration.java:128] - addMappedStatement: com.zy.content.mapper.TeachplanMapper.selectOne
2023-10-21 08:58:22,664 DEBUG [main][MybatisConfiguration.java:128] - addMappedStatement: com.zy.content.mapper.TeachplanMapper.selectOne
2023-10-21 08:58:22,668 DEBUG [main][MybatisConfiguration.java:128] - addMappedStatement: com.zy.content.mapper.TeachplanMapper.selectCount
2023-10-21 08:58:22,668 DEBUG [main][MybatisConfiguration.java:128] - addMappedStatement: com.zy.content.mapper.TeachplanMapper.selectCount
2023-10-21 08:58:22,672 DEBUG [main][MybatisConfiguration.java:128] - addMappedStatement: com.zy.content.mapper.TeachplanMapper.selectMaps
2023-10-21 08:58:22,672 DEBUG [main][MybatisConfiguration.java:128] - addMappedStatement: com.zy.content.mapper.TeachplanMapper.selectMaps
2023-10-21 08:58:22,675 DEBUG [main][MybatisConfiguration.java:128] - addMappedStatement: com.zy.content.mapper.TeachplanMapper.selectMapsPage
2023-10-21 08:58:22,675 DEBUG [main][MybatisConfiguration.java:128] - addMappedStatement: com.zy.content.mapper.TeachplanMapper.selectMapsPage
2023-10-21 08:58:22,678 DEBUG [main][MybatisConfiguration.java:128] - addMappedStatement: com.zy.content.mapper.TeachplanMapper.selectObjs
2023-10-21 08:58:22,678 DEBUG [main][MybatisConfiguration.java:128] - addMappedStatement: com.zy.content.mapper.TeachplanMapper.selectObjs
2023-10-21 08:58:22,681 DEBUG [main][MybatisConfiguration.java:128] - addMappedStatement: com.zy.content.mapper.TeachplanMapper.selectList
2023-10-21 08:58:22,681 DEBUG [main][MybatisConfiguration.java:128] - addMappedStatement: com.zy.content.mapper.TeachplanMapper.selectList
2023-10-21 08:58:22,685 DEBUG [main][MybatisConfiguration.java:128] - addMappedStatement: com.zy.content.mapper.TeachplanMapper.selectPage
2023-10-21 08:58:22,685 DEBUG [main][MybatisConfiguration.java:128] - addMappedStatement: com.zy.content.mapper.TeachplanMapper.selectPage
2023-10-21 08:58:22,821 DEBUG [main][ResourceBundleMessageInterpolator.java:172] - Loaded expression factory via original TCCL
2023-10-21 08:58:22,821 DEBUG [main][ResourceBundleMessageInterpolator.java:172] - Loaded expression factory via original TCCL
2023-10-21 08:58:22,839 DEBUG [main][AbstractConfigurationImpl.java:171] - Setting custom MessageInterpolator of type org.springframework.validation.beanvalidation.LocaleContextMessageInterpolator
2023-10-21 08:58:22,839 DEBUG [main][AbstractConfigurationImpl.java:171] - Setting custom MessageInterpolator of type org.springframework.validation.beanvalidation.LocaleContextMessageInterpolator
2023-10-21 08:58:22,840 DEBUG [main][AbstractConfigurationImpl.java:203] - Setting custom ConstraintValidatorFactory of type org.springframework.validation.beanvalidation.SpringConstraintValidatorFactory
2023-10-21 08:58:22,840 DEBUG [main][AbstractConfigurationImpl.java:203] - Setting custom ConstraintValidatorFactory of type org.springframework.validation.beanvalidation.SpringConstraintValidatorFactory
2023-10-21 08:58:22,843 DEBUG [main][AbstractConfigurationImpl.java:217] - Setting custom ParameterNameProvider of type org.springframework.validation.beanvalidation.LocalValidatorFactoryBean$1
2023-10-21 08:58:22,843 DEBUG [main][AbstractConfigurationImpl.java:217] - Setting custom ParameterNameProvider of type org.springframework.validation.beanvalidation.LocalValidatorFactoryBean$1
2023-10-21 08:58:22,845 DEBUG [main][ValidationXmlParser.java:120] - Trying to load META-INF/validation.xml for XML based Validator configuration.
2023-10-21 08:58:22,845 DEBUG [main][ValidationXmlParser.java:120] - Trying to load META-INF/validation.xml for XML based Validator configuration.
2023-10-21 08:58:22,845 DEBUG [main][ResourceLoaderHelper.java:53] - Trying to load META-INF/validation.xml via user class loader
2023-10-21 08:58:22,845 DEBUG [main][ResourceLoaderHelper.java:53] - Trying to load META-INF/validation.xml via user class loader
2023-10-21 08:58:22,846 DEBUG [main][ResourceLoaderHelper.java:60] - Trying to load META-INF/validation.xml via TCCL
2023-10-21 08:58:22,846 DEBUG [main][ResourceLoaderHelper.java:60] - Trying to load META-INF/validation.xml via TCCL
2023-10-21 08:58:22,847 DEBUG [main][ResourceLoaderHelper.java:66] - Trying to load META-INF/validation.xml via Hibernate Validator's class loader
2023-10-21 08:58:22,847 DEBUG [main][ResourceLoaderHelper.java:66] - Trying to load META-INF/validation.xml via Hibernate Validator's class loader
2023-10-21 08:58:22,848 DEBUG [main][ValidationXmlParser.java:127] - No META-INF/validation.xml found. Using annotation based configuration only.
2023-10-21 08:58:22,848 DEBUG [main][ValidationXmlParser.java:127] - No META-INF/validation.xml found. Using annotation based configuration only.
2023-10-21 08:58:22,850 DEBUG [main][TraversableResolvers.java:60] - Cannot find javax.persistence.Persistence on classpath. Assuming non JPA 2 environment. All properties will per default be traversable.
2023-10-21 08:58:22,850 DEBUG [main][TraversableResolvers.java:60] - Cannot find javax.persistence.Persistence on classpath. Assuming non JPA 2 environment. All properties will per default be traversable.
2023-10-21 08:58:22,854 DEBUG [main][ValidatorFactoryConfigurationHelper.java:300] - HV000252: Using org.hibernate.validator.internal.engine.DefaultPropertyNodeNameProvider as property node name provider.
2023-10-21 08:58:22,854 DEBUG [main][ValidatorFactoryConfigurationHelper.java:300] - HV000252: Using org.hibernate.validator.internal.engine.DefaultPropertyNodeNameProvider as property node name provider.
2023-10-21 08:58:22,855 DEBUG [main][ValidatorFactoryConfigurationHelper.java:375] - HV000234: Using org.springframework.validation.beanvalidation.LocaleContextMessageInterpolator as ValidatorFactory-scoped message interpolator.
2023-10-21 08:58:22,855 DEBUG [main][ValidatorFactoryConfigurationHelper.java:375] - HV000234: Using org.springframework.validation.beanvalidation.LocaleContextMessageInterpolator as ValidatorFactory-scoped message interpolator.
2023-10-21 08:58:22,855 DEBUG [main][ValidatorFactoryConfigurationHelper.java:376] - HV000234: Using org.hibernate.validator.internal.engine.resolver.TraverseAllTraversableResolver as ValidatorFactory-scoped traversable resolver.
2023-10-21 08:58:22,855 DEBUG [main][ValidatorFactoryConfigurationHelper.java:376] - HV000234: Using org.hibernate.validator.internal.engine.resolver.TraverseAllTraversableResolver as ValidatorFactory-scoped traversable resolver.
2023-10-21 08:58:22,856 DEBUG [main][ValidatorFactoryConfigurationHelper.java:377] - HV000234: Using org.hibernate.validator.internal.util.ExecutableParameterNameProvider as ValidatorFactory-scoped parameter name provider.
2023-10-21 08:58:22,856 DEBUG [main][ValidatorFactoryConfigurationHelper.java:377] - HV000234: Using org.hibernate.validator.internal.util.ExecutableParameterNameProvider as ValidatorFactory-scoped parameter name provider.
2023-10-21 08:58:22,856 DEBUG [main][ValidatorFactoryConfigurationHelper.java:378] - HV000234: Using org.hibernate.validator.internal.engine.DefaultClockProvider as ValidatorFactory-scoped clock provider.
2023-10-21 08:58:22,856 DEBUG [main][ValidatorFactoryConfigurationHelper.java:378] - HV000234: Using org.hibernate.validator.internal.engine.DefaultClockProvider as ValidatorFactory-scoped clock provider.
2023-10-21 08:58:22,856 DEBUG [main][ValidatorFactoryConfigurationHelper.java:379] - HV000234: Using org.hibernate.validator.internal.engine.scripting.DefaultScriptEvaluatorFactory as ValidatorFactory-scoped script evaluator factory.
2023-10-21 08:58:22,856 DEBUG [main][ValidatorFactoryConfigurationHelper.java:379] - HV000234: Using org.hibernate.validator.internal.engine.scripting.DefaultScriptEvaluatorFactory as ValidatorFactory-scoped script evaluator factory.
2023-10-21 08:58:23,238 DEBUG [main][MybatisConfiguration.java:128] - addMappedStatement: com.zy.content.mapper.CoursePublishMapper.insert
2023-10-21 08:58:23,238 DEBUG [main][MybatisConfiguration.java:128] - addMappedStatement: com.zy.content.mapper.CoursePublishMapper.insert
2023-10-21 08:58:23,243 DEBUG [main][MybatisConfiguration.java:128] - addMappedStatement: com.zy.content.mapper.CoursePublishMapper.delete
2023-10-21 08:58:23,243 DEBUG [main][MybatisConfiguration.java:128] - addMappedStatement: com.zy.content.mapper.CoursePublishMapper.delete
2023-10-21 08:58:23,246 DEBUG [main][MybatisConfiguration.java:128] - addMappedStatement: com.zy.content.mapper.CoursePublishMapper.deleteByMap
2023-10-21 08:58:23,246 DEBUG [main][MybatisConfiguration.java:128] - addMappedStatement: com.zy.content.mapper.CoursePublishMapper.deleteByMap
2023-10-21 08:58:23,249 DEBUG [main][MybatisConfiguration.java:128] - addMappedStatement: com.zy.content.mapper.CoursePublishMapper.deleteById
2023-10-21 08:58:23,249 DEBUG [main][MybatisConfiguration.java:128] - addMappedStatement: com.zy.content.mapper.CoursePublishMapper.deleteById
2023-10-21 08:58:23,252 DEBUG [main][MybatisConfiguration.java:128] - addMappedStatement: com.zy.content.mapper.CoursePublishMapper.deleteBatchIds
2023-10-21 08:58:23,252 DEBUG [main][MybatisConfiguration.java:128] - addMappedStatement: com.zy.content.mapper.CoursePublishMapper.deleteBatchIds
2023-10-21 08:58:23,256 DEBUG [main][MybatisConfiguration.java:128] - addMappedStatement: com.zy.content.mapper.CoursePublishMapper.update
2023-10-21 08:58:23,256 DEBUG [main][MybatisConfiguration.java:128] - addMappedStatement: com.zy.content.mapper.CoursePublishMapper.update
2023-10-21 08:58:23,259 DEBUG [main][MybatisConfiguration.java:128] - addMappedStatement: com.zy.content.mapper.CoursePublishMapper.updateById
2023-10-21 08:58:23,259 DEBUG [main][MybatisConfiguration.java:128] - addMappedStatement: com.zy.content.mapper.CoursePublishMapper.updateById
2023-10-21 08:58:23,260 DEBUG [main][MybatisConfiguration.java:128] - addMappedStatement: com.zy.content.mapper.CoursePublishMapper.selectById
2023-10-21 08:58:23,260 DEBUG [main][MybatisConfiguration.java:128] - addMappedStatement: com.zy.content.mapper.CoursePublishMapper.selectById
2023-10-21 08:58:23,263 DEBUG [main][MybatisConfiguration.java:128] - addMappedStatement: com.zy.content.mapper.CoursePublishMapper.selectBatchIds
2023-10-21 08:58:23,263 DEBUG [main][MybatisConfiguration.java:128] - addMappedStatement: com.zy.content.mapper.CoursePublishMapper.selectBatchIds
2023-10-21 08:58:23,266 DEBUG [main][MybatisConfiguration.java:128] - addMappedStatement: com.zy.content.mapper.CoursePublishMapper.selectByMap
2023-10-21 08:58:23,266 DEBUG [main][MybatisConfiguration.java:128] - addMappedStatement: com.zy.content.mapper.CoursePublishMapper.selectByMap
2023-10-21 08:58:23,269 DEBUG [main][MybatisConfiguration.java:128] - addMappedStatement: com.zy.content.mapper.CoursePublishMapper.selectOne
2023-10-21 08:58:23,269 DEBUG [main][MybatisConfiguration.java:128] - addMappedStatement: com.zy.content.mapper.CoursePublishMapper.selectOne
2023-10-21 08:58:23,272 DEBUG [main][MybatisConfiguration.java:128] - addMappedStatement: com.zy.content.mapper.CoursePublishMapper.selectCount
2023-10-21 08:58:23,272 DEBUG [main][MybatisConfiguration.java:128] - addMappedStatement: com.zy.content.mapper.CoursePublishMapper.selectCount
2023-10-21 08:58:23,276 DEBUG [main][MybatisConfiguration.java:128] - addMappedStatement: com.zy.content.mapper.CoursePublishMapper.selectMaps
2023-10-21 08:58:23,276 DEBUG [main][MybatisConfiguration.java:128] - addMappedStatement: com.zy.content.mapper.CoursePublishMapper.selectMaps
2023-10-21 08:58:23,280 DEBUG [main][MybatisConfiguration.java:128] - addMappedStatement: com.zy.content.mapper.CoursePublishMapper.selectMapsPage
2023-10-21 08:58:23,280 DEBUG [main][MybatisConfiguration.java:128] - addMappedStatement: com.zy.content.mapper.CoursePublishMapper.selectMapsPage
2023-10-21 08:58:23,284 DEBUG [main][MybatisConfiguration.java:128] - addMappedStatement: com.zy.content.mapper.CoursePublishMapper.selectObjs
2023-10-21 08:58:23,284 DEBUG [main][MybatisConfiguration.java:128] - addMappedStatement: com.zy.content.mapper.CoursePublishMapper.selectObjs
2023-10-21 08:58:23,287 DEBUG [main][MybatisConfiguration.java:128] - addMappedStatement: com.zy.content.mapper.CoursePublishMapper.selectList
2023-10-21 08:58:23,287 DEBUG [main][MybatisConfiguration.java:128] - addMappedStatement: com.zy.content.mapper.CoursePublishMapper.selectList
2023-10-21 08:58:23,289 DEBUG [main][MybatisConfiguration.java:128] - addMappedStatement: com.zy.content.mapper.CoursePublishMapper.selectPage
2023-10-21 08:58:23,289 DEBUG [main][MybatisConfiguration.java:128] - addMappedStatement: com.zy.content.mapper.CoursePublishMapper.selectPage
2023-10-21 08:58:23,305 DEBUG [main][MybatisConfiguration.java:128] - addMappedStatement: com.zy.content.mapper.CoursePublishPreMapper.insert
2023-10-21 08:58:23,305 DEBUG [main][MybatisConfiguration.java:128] - addMappedStatement: com.zy.content.mapper.CoursePublishPreMapper.insert
2023-10-21 08:58:23,309 DEBUG [main][MybatisConfiguration.java:128] - addMappedStatement: com.zy.content.mapper.CoursePublishPreMapper.delete
2023-10-21 08:58:23,309 DEBUG [main][MybatisConfiguration.java:128] - addMappedStatement: com.zy.content.mapper.CoursePublishPreMapper.delete
2023-10-21 08:58:23,311 DEBUG [main][MybatisConfiguration.java:128] - addMappedStatement: com.zy.content.mapper.CoursePublishPreMapper.deleteByMap
2023-10-21 08:58:23,311 DEBUG [main][MybatisConfiguration.java:128] - addMappedStatement: com.zy.content.mapper.CoursePublishPreMapper.deleteByMap
2023-10-21 08:58:23,314 DEBUG [main][MybatisConfiguration.java:128] - addMappedStatement: com.zy.content.mapper.CoursePublishPreMapper.deleteById
2023-10-21 08:58:23,314 DEBUG [main][MybatisConfiguration.java:128] - addMappedStatement: com.zy.content.mapper.CoursePublishPreMapper.deleteById
2023-10-21 08:58:23,317 DEBUG [main][MybatisConfiguration.java:128] - addMappedStatement: com.zy.content.mapper.CoursePublishPreMapper.deleteBatchIds
2023-10-21 08:58:23,317 DEBUG [main][MybatisConfiguration.java:128] - addMappedStatement: com.zy.content.mapper.CoursePublishPreMapper.deleteBatchIds
2023-10-21 08:58:23,321 DEBUG [main][MybatisConfiguration.java:128] - addMappedStatement: com.zy.content.mapper.CoursePublishPreMapper.update
2023-10-21 08:58:23,321 DEBUG [main][MybatisConfiguration.java:128] - addMappedStatement: com.zy.content.mapper.CoursePublishPreMapper.update
2023-10-21 08:58:23,325 DEBUG [main][MybatisConfiguration.java:128] - addMappedStatement: com.zy.content.mapper.CoursePublishPreMapper.updateById
2023-10-21 08:58:23,325 DEBUG [main][MybatisConfiguration.java:128] - addMappedStatement: com.zy.content.mapper.CoursePublishPreMapper.updateById
2023-10-21 08:58:23,326 DEBUG [main][MybatisConfiguration.java:128] - addMappedStatement: com.zy.content.mapper.CoursePublishPreMapper.selectById
2023-10-21 08:58:23,326 DEBUG [main][MybatisConfiguration.java:128] - addMappedStatement: com.zy.content.mapper.CoursePublishPreMapper.selectById
2023-10-21 08:58:23,328 DEBUG [main][MybatisConfiguration.java:128] - addMappedStatement: com.zy.content.mapper.CoursePublishPreMapper.selectBatchIds
2023-10-21 08:58:23,328 DEBUG [main][MybatisConfiguration.java:128] - addMappedStatement: com.zy.content.mapper.CoursePublishPreMapper.selectBatchIds
2023-10-21 08:58:23,331 DEBUG [main][MybatisConfiguration.java:128] - addMappedStatement: com.zy.content.mapper.CoursePublishPreMapper.selectByMap
2023-10-21 08:58:23,331 DEBUG [main][MybatisConfiguration.java:128] - addMappedStatement: com.zy.content.mapper.CoursePublishPreMapper.selectByMap
2023-10-21 08:58:23,335 DEBUG [main][MybatisConfiguration.java:128] - addMappedStatement: com.zy.content.mapper.CoursePublishPreMapper.selectOne
2023-10-21 08:58:23,335 DEBUG [main][MybatisConfiguration.java:128] - addMappedStatement: com.zy.content.mapper.CoursePublishPreMapper.selectOne
2023-10-21 08:58:23,337 DEBUG [main][MybatisConfiguration.java:128] - addMappedStatement: com.zy.content.mapper.CoursePublishPreMapper.selectCount
2023-10-21 08:58:23,337 DEBUG [main][MybatisConfiguration.java:128] - addMappedStatement: com.zy.content.mapper.CoursePublishPreMapper.selectCount
2023-10-21 08:58:23,340 DEBUG [main][MybatisConfiguration.java:128] - addMappedStatement: com.zy.content.mapper.CoursePublishPreMapper.selectMaps
2023-10-21 08:58:23,340 DEBUG [main][MybatisConfiguration.java:128] - addMappedStatement: com.zy.content.mapper.CoursePublishPreMapper.selectMaps
2023-10-21 08:58:23,344 DEBUG [main][MybatisConfiguration.java:128] - addMappedStatement: com.zy.content.mapper.CoursePublishPreMapper.selectMapsPage
2023-10-21 08:58:23,344 DEBUG [main][MybatisConfiguration.java:128] - addMappedStatement: com.zy.content.mapper.CoursePublishPreMapper.selectMapsPage
2023-10-21 08:58:23,347 DEBUG [main][MybatisConfiguration.java:128] - addMappedStatement: com.zy.content.mapper.CoursePublishPreMapper.selectObjs
2023-10-21 08:58:23,347 DEBUG [main][MybatisConfiguration.java:128] - addMappedStatement: com.zy.content.mapper.CoursePublishPreMapper.selectObjs
2023-10-21 08:58:23,351 DEBUG [main][MybatisConfiguration.java:128] - addMappedStatement: com.zy.content.mapper.CoursePublishPreMapper.selectList
2023-10-21 08:58:23,351 DEBUG [main][MybatisConfiguration.java:128] - addMappedStatement: com.zy.content.mapper.CoursePublishPreMapper.selectList
2023-10-21 08:58:23,354 DEBUG [main][MybatisConfiguration.java:128] - addMappedStatement: com.zy.content.mapper.CoursePublishPreMapper.selectPage
2023-10-21 08:58:23,354 DEBUG [main][MybatisConfiguration.java:128] - addMappedStatement: com.zy.content.mapper.CoursePublishPreMapper.selectPage
2023-10-21 08:58:23,374 DEBUG [main][MybatisConfiguration.java:128] - addMappedStatement: com.zy.content.mapper.CourseTeacherMapper.insert
2023-10-21 08:58:23,374 DEBUG [main][MybatisConfiguration.java:128] - addMappedStatement: com.zy.content.mapper.CourseTeacherMapper.insert
2023-10-21 08:58:23,380 DEBUG [main][MybatisConfiguration.java:128] - addMappedStatement: com.zy.content.mapper.CourseTeacherMapper.delete
2023-10-21 08:58:23,380 DEBUG [main][MybatisConfiguration.java:128] - addMappedStatement: com.zy.content.mapper.CourseTeacherMapper.delete
2023-10-21 08:58:23,383 DEBUG [main][MybatisConfiguration.java:128] - addMappedStatement: com.zy.content.mapper.CourseTeacherMapper.deleteByMap
2023-10-21 08:58:23,383 DEBUG [main][MybatisConfiguration.java:128] - addMappedStatement: com.zy.content.mapper.CourseTeacherMapper.deleteByMap
2023-10-21 08:58:23,385 DEBUG [main][MybatisConfiguration.java:128] - addMappedStatement: com.zy.content.mapper.CourseTeacherMapper.deleteById
2023-10-21 08:58:23,385 DEBUG [main][MybatisConfiguration.java:128] - addMappedStatement: com.zy.content.mapper.CourseTeacherMapper.deleteById
2023-10-21 08:58:23,388 DEBUG [main][MybatisConfiguration.java:128] - addMappedStatement: com.zy.content.mapper.CourseTeacherMapper.deleteBatchIds
2023-10-21 08:58:23,388 DEBUG [main][MybatisConfiguration.java:128] - addMappedStatement: com.zy.content.mapper.CourseTeacherMapper.deleteBatchIds
2023-10-21 08:58:23,391 DEBUG [main][MybatisConfiguration.java:128] - addMappedStatement: com.zy.content.mapper.CourseTeacherMapper.update
2023-10-21 08:58:23,391 DEBUG [main][MybatisConfiguration.java:128] - addMappedStatement: com.zy.content.mapper.CourseTeacherMapper.update
2023-10-21 08:58:23,394 DEBUG [main][MybatisConfiguration.java:128] - addMappedStatement: com.zy.content.mapper.CourseTeacherMapper.updateById
2023-10-21 08:58:23,394 DEBUG [main][MybatisConfiguration.java:128] - addMappedStatement: com.zy.content.mapper.CourseTeacherMapper.updateById
2023-10-21 08:58:23,395 DEBUG [main][MybatisConfiguration.java:128] - addMappedStatement: com.zy.content.mapper.CourseTeacherMapper.selectById
2023-10-21 08:58:23,395 DEBUG [main][MybatisConfiguration.java:128] - addMappedStatement: com.zy.content.mapper.CourseTeacherMapper.selectById
2023-10-21 08:58:23,398 DEBUG [main][MybatisConfiguration.java:128] - addMappedStatement: com.zy.content.mapper.CourseTeacherMapper.selectBatchIds
2023-10-21 08:58:23,398 DEBUG [main][MybatisConfiguration.java:128] - addMappedStatement: com.zy.content.mapper.CourseTeacherMapper.selectBatchIds
2023-10-21 08:58:23,400 DEBUG [main][MybatisConfiguration.java:128] - addMappedStatement: com.zy.content.mapper.CourseTeacherMapper.selectByMap
2023-10-21 08:58:23,400 DEBUG [main][MybatisConfiguration.java:128] - addMappedStatement: com.zy.content.mapper.CourseTeacherMapper.selectByMap
2023-10-21 08:58:23,403 DEBUG [main][MybatisConfiguration.java:128] - addMappedStatement: com.zy.content.mapper.CourseTeacherMapper.selectOne
2023-10-21 08:58:23,403 DEBUG [main][MybatisConfiguration.java:128] - addMappedStatement: com.zy.content.mapper.CourseTeacherMapper.selectOne
2023-10-21 08:58:23,407 DEBUG [main][MybatisConfiguration.java:128] - addMappedStatement: com.zy.content.mapper.CourseTeacherMapper.selectCount
2023-10-21 08:58:23,407 DEBUG [main][MybatisConfiguration.java:128] - addMappedStatement: com.zy.content.mapper.CourseTeacherMapper.selectCount
2023-10-21 08:58:23,409 DEBUG [main][MybatisConfiguration.java:128] - addMappedStatement: com.zy.content.mapper.CourseTeacherMapper.selectMaps
2023-10-21 08:58:23,409 DEBUG [main][MybatisConfiguration.java:128] - addMappedStatement: com.zy.content.mapper.CourseTeacherMapper.selectMaps
2023-10-21 08:58:23,412 DEBUG [main][MybatisConfiguration.java:128] - addMappedStatement: com.zy.content.mapper.CourseTeacherMapper.selectMapsPage
2023-10-21 08:58:23,412 DEBUG [main][MybatisConfiguration.java:128] - addMappedStatement: com.zy.content.mapper.CourseTeacherMapper.selectMapsPage
2023-10-21 08:58:23,415 DEBUG [main][MybatisConfiguration.java:128] - addMappedStatement: com.zy.content.mapper.CourseTeacherMapper.selectObjs
2023-10-21 08:58:23,415 DEBUG [main][MybatisConfiguration.java:128] - addMappedStatement: com.zy.content.mapper.CourseTeacherMapper.selectObjs
2023-10-21 08:58:23,418 DEBUG [main][MybatisConfiguration.java:128] - addMappedStatement: com.zy.content.mapper.CourseTeacherMapper.selectList
2023-10-21 08:58:23,418 DEBUG [main][MybatisConfiguration.java:128] - addMappedStatement: com.zy.content.mapper.CourseTeacherMapper.selectList
2023-10-21 08:58:23,421 DEBUG [main][MybatisConfiguration.java:128] - addMappedStatement: com.zy.content.mapper.CourseTeacherMapper.selectPage
2023-10-21 08:58:23,421 DEBUG [main][MybatisConfiguration.java:128] - addMappedStatement: com.zy.content.mapper.CourseTeacherMapper.selectPage
2023-10-21 08:58:23,431 DEBUG [main][MybatisConfiguration.java:128] - addMappedStatement: com.zy.content.mapper.TeachplanMediaMapper.insert
2023-10-21 08:58:23,431 DEBUG [main][MybatisConfiguration.java:128] - addMappedStatement: com.zy.content.mapper.TeachplanMediaMapper.insert
2023-10-21 08:58:23,434 DEBUG [main][MybatisConfiguration.java:128] - addMappedStatement: com.zy.content.mapper.TeachplanMediaMapper.delete
2023-10-21 08:58:23,434 DEBUG [main][MybatisConfiguration.java:128] - addMappedStatement: com.zy.content.mapper.TeachplanMediaMapper.delete
2023-10-21 08:58:23,436 DEBUG [main][MybatisConfiguration.java:128] - addMappedStatement: com.zy.content.mapper.TeachplanMediaMapper.deleteByMap
2023-10-21 08:58:23,436 DEBUG [main][MybatisConfiguration.java:128] - addMappedStatement: com.zy.content.mapper.TeachplanMediaMapper.deleteByMap
2023-10-21 08:58:23,439 DEBUG [main][MybatisConfiguration.java:128] - addMappedStatement: com.zy.content.mapper.TeachplanMediaMapper.deleteById
2023-10-21 08:58:23,439 DEBUG [main][MybatisConfiguration.java:128] - addMappedStatement: com.zy.content.mapper.TeachplanMediaMapper.deleteById
2023-10-21 08:58:23,444 DEBUG [main][MybatisConfiguration.java:128] - addMappedStatement: com.zy.content.mapper.TeachplanMediaMapper.deleteBatchIds
2023-10-21 08:58:23,444 DEBUG [main][MybatisConfiguration.java:128] - addMappedStatement: com.zy.content.mapper.TeachplanMediaMapper.deleteBatchIds
2023-10-21 08:58:23,447 DEBUG [main][MybatisConfiguration.java:128] - addMappedStatement: com.zy.content.mapper.TeachplanMediaMapper.update
2023-10-21 08:58:23,447 DEBUG [main][MybatisConfiguration.java:128] - addMappedStatement: com.zy.content.mapper.TeachplanMediaMapper.update
2023-10-21 08:58:23,452 DEBUG [main][MybatisConfiguration.java:128] - addMappedStatement: com.zy.content.mapper.TeachplanMediaMapper.updateById
2023-10-21 08:58:23,452 DEBUG [main][MybatisConfiguration.java:128] - addMappedStatement: com.zy.content.mapper.TeachplanMediaMapper.updateById
2023-10-21 08:58:23,453 DEBUG [main][MybatisConfiguration.java:128] - addMappedStatement: com.zy.content.mapper.TeachplanMediaMapper.selectById
2023-10-21 08:58:23,453 DEBUG [main][MybatisConfiguration.java:128] - addMappedStatement: com.zy.content.mapper.TeachplanMediaMapper.selectById
2023-10-21 08:58:23,455 DEBUG [main][MybatisConfiguration.java:128] - addMappedStatement: com.zy.content.mapper.TeachplanMediaMapper.selectBatchIds
2023-10-21 08:58:23,455 DEBUG [main][MybatisConfiguration.java:128] - addMappedStatement: com.zy.content.mapper.TeachplanMediaMapper.selectBatchIds
2023-10-21 08:58:23,461 DEBUG [main][MybatisConfiguration.java:128] - addMappedStatement: com.zy.content.mapper.TeachplanMediaMapper.selectByMap
2023-10-21 08:58:23,461 DEBUG [main][MybatisConfiguration.java:128] - addMappedStatement: com.zy.content.mapper.TeachplanMediaMapper.selectByMap
2023-10-21 08:58:23,464 DEBUG [main][MybatisConfiguration.java:128] - addMappedStatement: com.zy.content.mapper.TeachplanMediaMapper.selectOne
2023-10-21 08:58:23,464 DEBUG [main][MybatisConfiguration.java:128] - addMappedStatement: com.zy.content.mapper.TeachplanMediaMapper.selectOne
2023-10-21 08:58:23,467 DEBUG [main][MybatisConfiguration.java:128] - addMappedStatement: com.zy.content.mapper.TeachplanMediaMapper.selectCount
2023-10-21 08:58:23,467 DEBUG [main][MybatisConfiguration.java:128] - addMappedStatement: com.zy.content.mapper.TeachplanMediaMapper.selectCount
2023-10-21 08:58:23,469 DEBUG [main][MybatisConfiguration.java:128] - addMappedStatement: com.zy.content.mapper.TeachplanMediaMapper.selectMaps
2023-10-21 08:58:23,469 DEBUG [main][MybatisConfiguration.java:128] - addMappedStatement: com.zy.content.mapper.TeachplanMediaMapper.selectMaps
2023-10-21 08:58:23,473 DEBUG [main][MybatisConfiguration.java:128] - addMappedStatement: com.zy.content.mapper.TeachplanMediaMapper.selectMapsPage
2023-10-21 08:58:23,473 DEBUG [main][MybatisConfiguration.java:128] - addMappedStatement: com.zy.content.mapper.TeachplanMediaMapper.selectMapsPage
2023-10-21 08:58:23,476 DEBUG [main][MybatisConfiguration.java:128] - addMappedStatement: com.zy.content.mapper.TeachplanMediaMapper.selectObjs
2023-10-21 08:58:23,476 DEBUG [main][MybatisConfiguration.java:128] - addMappedStatement: com.zy.content.mapper.TeachplanMediaMapper.selectObjs
2023-10-21 08:58:23,480 DEBUG [main][MybatisConfiguration.java:128] - addMappedStatement: com.zy.content.mapper.TeachplanMediaMapper.selectList
2023-10-21 08:58:23,480 DEBUG [main][MybatisConfiguration.java:128] - addMappedStatement: com.zy.content.mapper.TeachplanMediaMapper.selectList
2023-10-21 08:58:23,483 DEBUG [main][MybatisConfiguration.java:128] - addMappedStatement: com.zy.content.mapper.TeachplanMediaMapper.selectPage
2023-10-21 08:58:23,483 DEBUG [main][MybatisConfiguration.java:128] - addMappedStatement: com.zy.content.mapper.TeachplanMediaMapper.selectPage
2023-10-21 08:58:23,517 INFO [main][StartupInfoLogger.java:61] - Started TeachPlanMapperTest in 4.897 seconds (JVM running for 7.91)
2023-10-21 08:58:23,517 INFO [main][StartupInfoLogger.java:61] - Started TeachPlanMapperTest in 4.897 seconds (JVM running for 7.91)
2023-10-21 08:58:23,994 DEBUG [main][HikariConfig.java:1066] - HikariPool-1 - configuration:
2023-10-21 08:58:23,994 DEBUG [main][HikariConfig.java:1066] - HikariPool-1 - configuration:
2023-10-21 08:58:23,996 DEBUG [main][HikariConfig.java:1098] - allowPoolSuspension.............false
2023-10-21 08:58:23,996 DEBUG [main][HikariConfig.java:1098] - allowPoolSuspension.............false
2023-10-21 08:58:23,997 DEBUG [main][HikariConfig.java:1098] - autoCommit......................true
2023-10-21 08:58:23,997 DEBUG [main][HikariConfig.java:1098] - autoCommit......................true
2023-10-21 08:58:23,997 DEBUG [main][HikariConfig.java:1098] - catalog.........................none
2023-10-21 08:58:23,997 DEBUG [main][HikariConfig.java:1098] - catalog.........................none
2023-10-21 08:58:23,997 DEBUG [main][HikariConfig.java:1098] - connectionInitSql...............none
2023-10-21 08:58:23,997 DEBUG [main][HikariConfig.java:1098] - connectionInitSql...............none
2023-10-21 08:58:23,997 DEBUG [main][HikariConfig.java:1098] - connectionTestQuery.............none
2023-10-21 08:58:23,997 DEBUG [main][HikariConfig.java:1098] - connectionTestQuery.............none
2023-10-21 08:58:23,998 DEBUG [main][HikariConfig.java:1098] - connectionTimeout...............30000
2023-10-21 08:58:23,998 DEBUG [main][HikariConfig.java:1098] - connectionTimeout...............30000
2023-10-21 08:58:23,998 DEBUG [main][HikariConfig.java:1098] - dataSource......................none
2023-10-21 08:58:23,998 DEBUG [main][HikariConfig.java:1098] - dataSource......................none
2023-10-21 08:58:23,998 DEBUG [main][HikariConfig.java:1098] - dataSourceClassName.............none
2023-10-21 08:58:23,998 DEBUG [main][HikariConfig.java:1098] - dataSourceClassName.............none
2023-10-21 08:58:23,999 DEBUG [main][HikariConfig.java:1098] - dataSourceJNDI..................none
2023-10-21 08:58:23,999 DEBUG [main][HikariConfig.java:1098] - dataSourceJNDI..................none
2023-10-21 08:58:24,000 DEBUG [main][HikariConfig.java:1098] - dataSourceProperties............{password=<masked>}
2023-10-21 08:58:24,000 DEBUG [main][HikariConfig.java:1098] - dataSourceProperties............{password=<masked>}
2023-10-21 08:58:24,000 DEBUG [main][HikariConfig.java:1098] - driverClassName................."com.mysql.cj.jdbc.Driver"
2023-10-21 08:58:24,000 DEBUG [main][HikariConfig.java:1098] - driverClassName................."com.mysql.cj.jdbc.Driver"
2023-10-21 08:58:24,001 DEBUG [main][HikariConfig.java:1098] - exceptionOverrideClassName......none
2023-10-21 08:58:24,001 DEBUG [main][HikariConfig.java:1098] - exceptionOverrideClassName......none
2023-10-21 08:58:24,001 DEBUG [main][HikariConfig.java:1098] - healthCheckProperties...........{}
2023-10-21 08:58:24,001 DEBUG [main][HikariConfig.java:1098] - healthCheckProperties...........{}
2023-10-21 08:58:24,001 DEBUG [main][HikariConfig.java:1098] - healthCheckRegistry.............none
2023-10-21 08:58:24,001 DEBUG [main][HikariConfig.java:1098] - healthCheckRegistry.............none
2023-10-21 08:58:24,002 DEBUG [main][HikariConfig.java:1098] - idleTimeout.....................600000
2023-10-21 08:58:24,002 DEBUG [main][HikariConfig.java:1098] - idleTimeout.....................600000
2023-10-21 08:58:24,003 DEBUG [main][HikariConfig.java:1098] - initializationFailTimeout.......1
2023-10-21 08:58:24,003 DEBUG [main][HikariConfig.java:1098] - initializationFailTimeout.......1
2023-10-21 08:58:24,003 DEBUG [main][HikariConfig.java:1098] - isolateInternalQueries..........false
2023-10-21 08:58:24,003 DEBUG [main][HikariConfig.java:1098] - isolateInternalQueries..........false
2023-10-21 08:58:24,004 DEBUG [main][HikariConfig.java:1098] - jdbcUrl.........................jdbc:mysql://localhost:3306/xc_content?serverTimezone=UTC&userUnicode=true&useSSL=false&allowPublicKeyRetrieval=true
2023-10-21 08:58:24,004 DEBUG [main][HikariConfig.java:1098] - jdbcUrl.........................jdbc:mysql://localhost:3306/xc_content?serverTimezone=UTC&userUnicode=true&useSSL=false&allowPublicKeyRetrieval=true
2023-10-21 08:58:24,004 DEBUG [main][HikariConfig.java:1098] - leakDetectionThreshold..........0
2023-10-21 08:58:24,004 DEBUG [main][HikariConfig.java:1098] - maxLifetime.....................1800000
2023-10-21 08:58:24,005 DEBUG [main][HikariConfig.java:1098] - maximumPoolSize.................10
2023-10-21 08:58:24,004 DEBUG [main][HikariConfig.java:1098] - leakDetectionThreshold..........0
2023-10-21 08:58:24,004 DEBUG [main][HikariConfig.java:1098] - maxLifetime.....................1800000
2023-10-21 08:58:24,005 DEBUG [main][HikariConfig.java:1098] - maximumPoolSize.................10
2023-10-21 08:58:24,005 DEBUG [main][HikariConfig.java:1098] - metricRegistry..................none
2023-10-21 08:58:24,005 DEBUG [main][HikariConfig.java:1098] - metricRegistry..................none
2023-10-21 08:58:24,006 DEBUG [main][HikariConfig.java:1098] - metricsTrackerFactory...........none
2023-10-21 08:58:24,006 DEBUG [main][HikariConfig.java:1098] - metricsTrackerFactory...........none
2023-10-21 08:58:24,006 DEBUG [main][HikariConfig.java:1098] - minimumIdle.....................10
2023-10-21 08:58:24,006 DEBUG [main][HikariConfig.java:1098] - minimumIdle.....................10
2023-10-21 08:58:24,008 DEBUG [main][HikariConfig.java:1098] - password........................<masked>
2023-10-21 08:58:24,008 DEBUG [main][HikariConfig.java:1098] - password........................<masked>
2023-10-21 08:58:24,008 DEBUG [main][HikariConfig.java:1098] - poolName........................"HikariPool-1"
2023-10-21 08:58:24,008 DEBUG [main][HikariConfig.java:1098] - poolName........................"HikariPool-1"
2023-10-21 08:58:24,009 DEBUG [main][HikariConfig.java:1098] - readOnly........................false
2023-10-21 08:58:24,009 DEBUG [main][HikariConfig.java:1098] - readOnly........................false
2023-10-21 08:58:24,009 DEBUG [main][HikariConfig.java:1098] - registerMbeans..................false
2023-10-21 08:58:24,009 DEBUG [main][HikariConfig.java:1098] - registerMbeans..................false
2023-10-21 08:58:24,010 DEBUG [main][HikariConfig.java:1098] - scheduledExecutor...............none
2023-10-21 08:58:24,010 DEBUG [main][HikariConfig.java:1098] - scheduledExecutor...............none
2023-10-21 08:58:24,010 DEBUG [main][HikariConfig.java:1098] - schema..........................none
2023-10-21 08:58:24,010 DEBUG [main][HikariConfig.java:1098] - schema..........................none
2023-10-21 08:58:24,010 DEBUG [main][HikariConfig.java:1098] - threadFactory...................internal
2023-10-21 08:58:24,010 DEBUG [main][HikariConfig.java:1098] - threadFactory...................internal
2023-10-21 08:58:24,011 DEBUG [main][HikariConfig.java:1098] - transactionIsolation............default
2023-10-21 08:58:24,011 DEBUG [main][HikariConfig.java:1098] - transactionIsolation............default
2023-10-21 08:58:24,011 DEBUG [main][HikariConfig.java:1098] - username........................"root"
2023-10-21 08:58:24,011 DEBUG [main][HikariConfig.java:1098] - username........................"root"
2023-10-21 08:58:24,012 DEBUG [main][HikariConfig.java:1098] - validationTimeout...............5000
2023-10-21 08:58:24,012 DEBUG [main][HikariConfig.java:1098] - validationTimeout...............5000
2023-10-21 08:58:24,012 INFO [main][HikariDataSource.java:110] - HikariPool-1 - Starting...
2023-10-21 08:58:24,012 INFO [main][HikariDataSource.java:110] - HikariPool-1 - Starting...
2023-10-21 08:58:24,327 DEBUG [main][HikariPool.java:564] - HikariPool-1 - Added connection com.mysql.cj.jdbc.ConnectionImpl@37fef327
2023-10-21 08:58:24,327 DEBUG [main][HikariPool.java:564] - HikariPool-1 - Added connection com.mysql.cj.jdbc.ConnectionImpl@37fef327
2023-10-21 08:58:24,329 INFO [main][HikariDataSource.java:123] - HikariPool-1 - Start completed.
2023-10-21 08:58:24,329 INFO [main][HikariDataSource.java:123] - HikariPool-1 - Start completed.
2023-10-21 08:58:24,338 DEBUG [main][BaseJdbcLogger.java:137] - ==>  Preparing: select one.id one_id, one.pname one_pname, one.parentid one_parentid, one.grade one_grade, one.media_type one_mediaType, one.start_time one_stratTime, one.end_time one_endTime, one.orderby one_orderby, one.course_id one_courseId, one.course_pub_id one_coursePubId, two.id two_id, two.pname two_pname, two.parentid two_parentid, two.grade two_grade, two.media_type two_mediaType, two.start_time two_stratTime, two.end_time two_endTime, two.orderby two_orderby, two.course_id two_courseId, two.course_pub_id two_coursePubId, m1.media_fileName mediaFilename, m1.id teachplanMeidaId, m1.media_id mediaId from teachplan one INNER JOIN teachplan two on one.id = two.parentid LEFT JOIN teachplan_media m1 on m1.teachplan_id = two.id where one.parentid = 0 and one.course_id=? order by one.orderby,two.orderby
2023-10-21 08:58:24,338 DEBUG [main][BaseJdbcLogger.java:137] - ==>  Preparing: select one.id one_id, one.pname one_pname, one.parentid one_parentid, one.grade one_grade, one.media_type one_mediaType, one.start_time one_stratTime, one.end_time one_endTime, one.orderby one_orderby, one.course_id one_courseId, one.course_pub_id one_coursePubId, two.id two_id, two.pname two_pname, two.parentid two_parentid, two.grade two_grade, two.media_type two_mediaType, two.start_time two_stratTime, two.end_time two_endTime, two.orderby two_orderby, two.course_id two_courseId, two.course_pub_id two_coursePubId, m1.media_fileName mediaFilename, m1.id teachplanMeidaId, m1.media_id mediaId from teachplan one INNER JOIN teachplan two on one.id = two.parentid LEFT JOIN teachplan_media m1 on m1.teachplan_id = two.id where one.parentid = 0 and one.course_id=? order by one.orderby,two.orderby
2023-10-21 08:58:24,380 DEBUG [main][BaseJdbcLogger.java:137] - ==> Parameters: 117(Long)
2023-10-21 08:58:24,380 DEBUG [main][BaseJdbcLogger.java:137] - ==> Parameters: 117(Long)
2023-10-21 08:58:24,443 DEBUG [HikariPool-1 housekeeper][HikariPool.java:421] - HikariPool-1 - Pool stats (total=1, active=0, idle=1, waiting=0)
2023-10-21 08:58:24,443 DEBUG [HikariPool-1 housekeeper][HikariPool.java:421] - HikariPool-1 - Pool stats (total=1, active=0, idle=1, waiting=0)
2023-10-21 08:58:24,449 DEBUG [HikariPool-1 connection adder][HikariPool.java:728] - HikariPool-1 - Added connection com.mysql.cj.jdbc.ConnectionImpl@1eb5c63c
2023-10-21 08:58:24,449 DEBUG [HikariPool-1 connection adder][HikariPool.java:728] - HikariPool-1 - Added connection com.mysql.cj.jdbc.ConnectionImpl@1eb5c63c
2023-10-21 08:58:24,454 DEBUG [HikariPool-1 connection adder][HikariPool.java:728] - HikariPool-1 - Added connection com.mysql.cj.jdbc.ConnectionImpl@6a264068
2023-10-21 08:58:24,454 DEBUG [HikariPool-1 connection adder][HikariPool.java:728] - HikariPool-1 - Added connection com.mysql.cj.jdbc.ConnectionImpl@6a264068
2023-10-21 08:58:24,458 DEBUG [HikariPool-1 connection adder][HikariPool.java:728] - HikariPool-1 - Added connection com.mysql.cj.jdbc.ConnectionImpl@54cd7ba9
2023-10-21 08:58:24,458 DEBUG [HikariPool-1 connection adder][HikariPool.java:728] - HikariPool-1 - Added connection com.mysql.cj.jdbc.ConnectionImpl@54cd7ba9
2023-10-21 08:58:24,463 DEBUG [HikariPool-1 connection adder][HikariPool.java:728] - HikariPool-1 - Added connection com.mysql.cj.jdbc.ConnectionImpl@3fd6fbf8
2023-10-21 08:58:24,463 DEBUG [HikariPool-1 connection adder][HikariPool.java:728] - HikariPool-1 - Added connection com.mysql.cj.jdbc.ConnectionImpl@3fd6fbf8
2023-10-21 08:58:24,470 DEBUG [HikariPool-1 connection adder][HikariPool.java:728] - HikariPool-1 - Added connection com.mysql.cj.jdbc.ConnectionImpl@78889ae9
2023-10-21 08:58:24,470 DEBUG [HikariPool-1 connection adder][HikariPool.java:728] - HikariPool-1 - Added connection com.mysql.cj.jdbc.ConnectionImpl@78889ae9
2023-10-21 08:58:24,476 DEBUG [HikariPool-1 connection adder][HikariPool.java:728] - HikariPool-1 - Added connection com.mysql.cj.jdbc.ConnectionImpl@1e4d0abf
2023-10-21 08:58:24,476 DEBUG [HikariPool-1 connection adder][HikariPool.java:728] - HikariPool-1 - Added connection com.mysql.cj.jdbc.ConnectionImpl@1e4d0abf
2023-10-21 08:58:24,481 DEBUG [HikariPool-1 connection adder][HikariPool.java:728] - HikariPool-1 - Added connection com.mysql.cj.jdbc.ConnectionImpl@14635c7f
2023-10-21 08:58:24,481 DEBUG [HikariPool-1 connection adder][HikariPool.java:728] - HikariPool-1 - Added connection com.mysql.cj.jdbc.ConnectionImpl@14635c7f
2023-10-21 08:58:24,484 INFO [SpringContextShutdownHook][HikariDataSource.java:350] - HikariPool-1 - Shutdown initiated...
2023-10-21 08:58:24,484 INFO [SpringContextShutdownHook][HikariDataSource.java:350] - HikariPool-1 - Shutdown initiated...
2023-10-21 08:58:24,485 DEBUG [SpringContextShutdownHook][HikariPool.java:421] - HikariPool-1 - Before shutdown stats (total=8, active=0, idle=8, waiting=0)
2023-10-21 08:58:24,485 DEBUG [SpringContextShutdownHook][HikariPool.java:421] - HikariPool-1 - Before shutdown stats (total=8, active=0, idle=8, waiting=0)
2023-10-21 08:58:24,487 DEBUG [HikariPool-1 connection adder][HikariPool.java:728] - HikariPool-1 - Added connection com.mysql.cj.jdbc.ConnectionImpl@14327540
2023-10-21 08:58:24,487 DEBUG [HikariPool-1 connection adder][HikariPool.java:728] - HikariPool-1 - Added connection com.mysql.cj.jdbc.ConnectionImpl@14327540
2023-10-21 08:58:24,487 DEBUG [HikariPool-1 connection closer][PoolBase.java:134] - HikariPool-1 - Closing connection com.mysql.cj.jdbc.ConnectionImpl@37fef327: (connection evicted)
2023-10-21 08:58:24,487 DEBUG [HikariPool-1 connection closer][PoolBase.java:134] - HikariPool-1 - Closing connection com.mysql.cj.jdbc.ConnectionImpl@37fef327: (connection evicted)
2023-10-21 08:58:24,497 DEBUG [HikariPool-1 connection closer][PoolBase.java:134] - HikariPool-1 - Closing connection com.mysql.cj.jdbc.ConnectionImpl@1eb5c63c: (connection evicted)
2023-10-21 08:58:24,497 DEBUG [HikariPool-1 connection closer][PoolBase.java:134] - HikariPool-1 - Closing connection com.mysql.cj.jdbc.ConnectionImpl@1eb5c63c: (connection evicted)
2023-10-21 08:58:24,498 DEBUG [HikariPool-1 connection closer][PoolBase.java:134] - HikariPool-1 - Closing connection com.mysql.cj.jdbc.ConnectionImpl@6a264068: (connection evicted)
2023-10-21 08:58:24,498 DEBUG [HikariPool-1 connection closer][PoolBase.java:134] - HikariPool-1 - Closing connection com.mysql.cj.jdbc.ConnectionImpl@6a264068: (connection evicted)
2023-10-21 08:58:24,499 DEBUG [HikariPool-1 connection closer][PoolBase.java:134] - HikariPool-1 - Closing connection com.mysql.cj.jdbc.ConnectionImpl@54cd7ba9: (connection evicted)
2023-10-21 08:58:24,499 DEBUG [HikariPool-1 connection closer][PoolBase.java:134] - HikariPool-1 - Closing connection com.mysql.cj.jdbc.ConnectionImpl@54cd7ba9: (connection evicted)
2023-10-21 08:58:24,500 DEBUG [HikariPool-1 connection closer][PoolBase.java:134] - HikariPool-1 - Closing connection com.mysql.cj.jdbc.ConnectionImpl@3fd6fbf8: (connection evicted)
2023-10-21 08:58:24,500 DEBUG [HikariPool-1 connection closer][PoolBase.java:134] - HikariPool-1 - Closing connection com.mysql.cj.jdbc.ConnectionImpl@3fd6fbf8: (connection evicted)
2023-10-21 08:58:24,501 DEBUG [HikariPool-1 connection closer][PoolBase.java:134] - HikariPool-1 - Closing connection com.mysql.cj.jdbc.ConnectionImpl@78889ae9: (connection evicted)
2023-10-21 08:58:24,501 DEBUG [HikariPool-1 connection closer][PoolBase.java:134] - HikariPool-1 - Closing connection com.mysql.cj.jdbc.ConnectionImpl@78889ae9: (connection evicted)
2023-10-21 08:58:24,502 DEBUG [HikariPool-1 connection closer][PoolBase.java:134] - HikariPool-1 - Closing connection com.mysql.cj.jdbc.ConnectionImpl@1e4d0abf: (connection evicted)
2023-10-21 08:58:24,502 DEBUG [HikariPool-1 connection closer][PoolBase.java:134] - HikariPool-1 - Closing connection com.mysql.cj.jdbc.ConnectionImpl@1e4d0abf: (connection evicted)
2023-10-21 08:58:24,503 DEBUG [HikariPool-1 connection closer][PoolBase.java:134] - HikariPool-1 - Closing connection com.mysql.cj.jdbc.ConnectionImpl@14635c7f: (connection evicted)
2023-10-21 08:58:24,503 DEBUG [HikariPool-1 connection closer][PoolBase.java:134] - HikariPool-1 - Closing connection com.mysql.cj.jdbc.ConnectionImpl@14635c7f: (connection evicted)
2023-10-21 08:58:24,503 DEBUG [HikariPool-1 connection closer][PoolBase.java:134] - HikariPool-1 - Closing connection com.mysql.cj.jdbc.ConnectionImpl@14327540: (connection evicted)
2023-10-21 08:58:24,503 DEBUG [HikariPool-1 connection closer][PoolBase.java:134] - HikariPool-1 - Closing connection com.mysql.cj.jdbc.ConnectionImpl@14327540: (connection evicted)
2023-10-21 08:58:24,504 DEBUG [SpringContextShutdownHook][HikariPool.java:421] - HikariPool-1 - After shutdown stats (total=0, active=0, idle=0, waiting=0)
2023-10-21 08:58:24,504 DEBUG [SpringContextShutdownHook][HikariPool.java:421] - HikariPool-1 - After shutdown stats (total=0, active=0, idle=0, waiting=0)
2023-10-21 08:58:24,505 INFO [SpringContextShutdownHook][HikariDataSource.java:352] - HikariPool-1 - Shutdown completed.
2023-10-21 08:58:24,505 INFO [SpringContextShutdownHook][HikariDataSource.java:352] - HikariPool-1 - Shutdown completed.
