2023-10-19 20:58:13,234 DEBUG [background-preinit][LoggerProviders.java:152] - Logging Provider: org.jboss.logging.Log4j2LoggerProvider
2023-10-19 20:58:13,234 DEBUG [background-preinit][LoggerProviders.java:152] - Logging Provider: org.jboss.logging.Log4j2LoggerProvider
2023-10-19 20:58:13,259 INFO [background-preinit][Version.java:21] - HV000001: Hibernate Validator 6.1.6.Final
2023-10-19 20:58:13,259 INFO [background-preinit][Version.java:21] - HV000001: Hibernate Validator 6.1.6.Final
2023-10-19 20:58:13,270 DEBUG [background-preinit][ValidationXmlParser.java:120] - Trying to load META-INF/validation.xml for XML based Validator configuration.
2023-10-19 20:58:13,270 DEBUG [background-preinit][ValidationXmlParser.java:120] - Trying to load META-INF/validation.xml for XML based Validator configuration.
2023-10-19 20:58:13,276 DEBUG [background-preinit][ResourceLoaderHelper.java:60] - Trying to load META-INF/validation.xml via TCCL
2023-10-19 20:58:13,276 DEBUG [background-preinit][ResourceLoaderHelper.java:60] - Trying to load META-INF/validation.xml via TCCL
2023-10-19 20:58:13,277 DEBUG [background-preinit][ResourceLoaderHelper.java:66] - Trying to load META-INF/validation.xml via Hibernate Validator's class loader
2023-10-19 20:58:13,277 DEBUG [background-preinit][ResourceLoaderHelper.java:66] - Trying to load META-INF/validation.xml via Hibernate Validator's class loader
2023-10-19 20:58:13,278 DEBUG [background-preinit][ValidationXmlParser.java:127] - No META-INF/validation.xml found. Using annotation based configuration only.
2023-10-19 20:58:13,278 DEBUG [background-preinit][ValidationXmlParser.java:127] - No META-INF/validation.xml found. Using annotation based configuration only.
2023-10-19 20:58:13,284 DEBUG [background-preinit][TraversableResolvers.java:60] - Cannot find javax.persistence.Persistence on classpath. Assuming non JPA 2 environment. All properties will per default be traversable.
2023-10-19 20:58:13,284 DEBUG [background-preinit][TraversableResolvers.java:60] - Cannot find javax.persistence.Persistence on classpath. Assuming non JPA 2 environment. All properties will per default be traversable.
2023-10-19 20:58:13,319 DEBUG [background-preinit][ResourceBundleMessageInterpolator.java:172] - Loaded expression factory via original TCCL
2023-10-19 20:58:13,319 DEBUG [background-preinit][ResourceBundleMessageInterpolator.java:172] - Loaded expression factory via original TCCL
2023-10-19 20:58:13,557 DEBUG [background-preinit][ValidatorFactoryConfigurationHelper.java:300] - HV000252: Using org.hibernate.validator.internal.engine.DefaultPropertyNodeNameProvider as property node name provider.
2023-10-19 20:58:13,557 DEBUG [background-preinit][ValidatorFactoryConfigurationHelper.java:300] - HV000252: Using org.hibernate.validator.internal.engine.DefaultPropertyNodeNameProvider as property node name provider.
2023-10-19 20:58:13,566 DEBUG [background-preinit][ValidatorFactoryConfigurationHelper.java:375] - HV000234: Using org.hibernate.validator.messageinterpolation.ResourceBundleMessageInterpolator as ValidatorFactory-scoped message interpolator.
2023-10-19 20:58:13,566 DEBUG [background-preinit][ValidatorFactoryConfigurationHelper.java:375] - HV000234: Using org.hibernate.validator.messageinterpolation.ResourceBundleMessageInterpolator as ValidatorFactory-scoped message interpolator.
2023-10-19 20:58:13,567 DEBUG [background-preinit][ValidatorFactoryConfigurationHelper.java:376] - HV000234: Using org.hibernate.validator.internal.engine.resolver.TraverseAllTraversableResolver as ValidatorFactory-scoped traversable resolver.
2023-10-19 20:58:13,567 DEBUG [background-preinit][ValidatorFactoryConfigurationHelper.java:376] - HV000234: Using org.hibernate.validator.internal.engine.resolver.TraverseAllTraversableResolver as ValidatorFactory-scoped traversable resolver.
2023-10-19 20:58:13,567 DEBUG [background-preinit][ValidatorFactoryConfigurationHelper.java:377] - HV000234: Using org.hibernate.validator.internal.util.ExecutableParameterNameProvider as ValidatorFactory-scoped parameter name provider.
2023-10-19 20:58:13,567 DEBUG [background-preinit][ValidatorFactoryConfigurationHelper.java:377] - HV000234: Using org.hibernate.validator.internal.util.ExecutableParameterNameProvider as ValidatorFactory-scoped parameter name provider.
2023-10-19 20:58:13,567 DEBUG [background-preinit][ValidatorFactoryConfigurationHelper.java:378] - HV000234: Using org.hibernate.validator.internal.engine.DefaultClockProvider as ValidatorFactory-scoped clock provider.
2023-10-19 20:58:13,567 DEBUG [background-preinit][ValidatorFactoryConfigurationHelper.java:378] - HV000234: Using org.hibernate.validator.internal.engine.DefaultClockProvider as ValidatorFactory-scoped clock provider.
2023-10-19 20:58:13,567 DEBUG [background-preinit][ValidatorFactoryConfigurationHelper.java:379] - HV000234: Using org.hibernate.validator.internal.engine.scripting.DefaultScriptEvaluatorFactory as ValidatorFactory-scoped script evaluator factory.
2023-10-19 20:58:13,567 DEBUG [background-preinit][ValidatorFactoryConfigurationHelper.java:379] - HV000234: Using org.hibernate.validator.internal.engine.scripting.DefaultScriptEvaluatorFactory as ValidatorFactory-scoped script evaluator factory.
2023-10-19 20:58:13,886 INFO [main][SpringApplication.java:651] - No active profile set, falling back to default profiles: default
2023-10-19 20:58:13,886 INFO [main][SpringApplication.java:651] - No active profile set, falling back to default profiles: default
2023-10-19 20:58:14,812 DEBUG [main][LogFactory.java:105] - Logging initialized using 'class org.apache.ibatis.logging.slf4j.Slf4jImpl' adapter.
2023-10-19 20:58:14,812 DEBUG [main][LogFactory.java:105] - Logging initialized using 'class org.apache.ibatis.logging.slf4j.Slf4jImpl' adapter.
2023-10-19 20:58:14,908 INFO [main][GenericScope.java:295] - BeanFactory id=b17fa71c-d185-3ebd-8dd1-eff2e554a80f
2023-10-19 20:58:14,908 INFO [main][GenericScope.java:295] - BeanFactory id=b17fa71c-d185-3ebd-8dd1-eff2e554a80f
2023-10-19 20:58:15,266 INFO [main][TomcatWebServer.java:108] - Tomcat initialized with port(s): 63040 (http)
2023-10-19 20:58:15,266 INFO [main][TomcatWebServer.java:108] - Tomcat initialized with port(s): 63040 (http)
2023-10-19 20:58:15,279 INFO [main][DirectJDKLog.java:173] - Initializing ProtocolHandler ["http-nio-63040"]
2023-10-19 20:58:15,279 INFO [main][DirectJDKLog.java:173] - Initializing ProtocolHandler ["http-nio-63040"]
2023-10-19 20:58:15,279 INFO [main][DirectJDKLog.java:173] - Starting service [Tomcat]
2023-10-19 20:58:15,279 INFO [main][DirectJDKLog.java:173] - Starting service [Tomcat]
2023-10-19 20:58:15,279 INFO [main][DirectJDKLog.java:173] - Starting Servlet engine: [Apache Tomcat/9.0.41]
2023-10-19 20:58:15,279 INFO [main][DirectJDKLog.java:173] - Starting Servlet engine: [Apache Tomcat/9.0.41]
2023-10-19 20:58:15,281 INFO [main][DirectJDKLog.java:173] - Loaded Apache Tomcat Native library [1.2.24] using APR version [1.7.0].
2023-10-19 20:58:15,281 INFO [main][DirectJDKLog.java:173] - Loaded Apache Tomcat Native library [1.2.24] using APR version [1.7.0].
2023-10-19 20:58:15,282 INFO [main][DirectJDKLog.java:173] - APR capabilities: IPv6 [true], sendfile [true], accept filters [false], random [true].
2023-10-19 20:58:15,282 INFO [main][DirectJDKLog.java:173] - APR capabilities: IPv6 [true], sendfile [true], accept filters [false], random [true].
2023-10-19 20:58:15,282 INFO [main][DirectJDKLog.java:173] - APR/OpenSSL configuration: useAprConnector [false], useOpenSSL [true]
2023-10-19 20:58:15,282 INFO [main][DirectJDKLog.java:173] - APR/OpenSSL configuration: useAprConnector [false], useOpenSSL [true]
2023-10-19 20:58:15,286 INFO [main][DirectJDKLog.java:173] - OpenSSL successfully initialized [OpenSSL 1.1.1g  21 Apr 2020]
2023-10-19 20:58:15,286 INFO [main][DirectJDKLog.java:173] - OpenSSL successfully initialized [OpenSSL 1.1.1g  21 Apr 2020]
2023-10-19 20:58:15,513 INFO [main][DirectJDKLog.java:173] - Initializing Spring embedded WebApplicationContext
2023-10-19 20:58:15,513 INFO [main][DirectJDKLog.java:173] - Initializing Spring embedded WebApplicationContext
2023-10-19 20:58:15,513 INFO [main][ServletWebServerApplicationContext.java:285] - Root WebApplicationContext: initialization completed in 1609 ms
2023-10-19 20:58:15,513 INFO [main][ServletWebServerApplicationContext.java:285] - Root WebApplicationContext: initialization completed in 1609 ms
2023-10-19 20:58:15,685 DEBUG [main][HikariConfig.java:946] - Driver class com.mysql.cj.jdbc.Driver found in Thread context class loader sun.misc.Launcher$AppClassLoader@18b4aac2
2023-10-19 20:58:15,685 DEBUG [main][HikariConfig.java:946] - Driver class com.mysql.cj.jdbc.Driver found in Thread context class loader sun.misc.Launcher$AppClassLoader@18b4aac2
2023-10-19 20:58:15,765 DEBUG [main][Logger.java:49] - Registered plugin: 'com.baomidou.mybatisplus.extension.plugins.MybatisPlusInterceptor@5b251fb9'
2023-10-19 20:58:15,765 DEBUG [main][Logger.java:49] - Registered plugin: 'com.baomidou.mybatisplus.extension.plugins.MybatisPlusInterceptor@5b251fb9'
2023-10-19 20:58:15,766 DEBUG [main][Logger.java:49] - Property 'mapperLocations' was not specified.
2023-10-19 20:58:15,766 DEBUG [main][Logger.java:49] - Property 'mapperLocations' was not specified.
2023-10-19 20:58:16,681 DEBUG [main][MybatisConfiguration.java:128] - addMappedStatement: com.zy.content.mapper.CourseBaseMapper.insert
2023-10-19 20:58:16,681 DEBUG [main][MybatisConfiguration.java:128] - addMappedStatement: com.zy.content.mapper.CourseBaseMapper.insert
2023-10-19 20:58:16,687 DEBUG [main][MybatisConfiguration.java:128] - addMappedStatement: com.zy.content.mapper.CourseBaseMapper.delete
2023-10-19 20:58:16,687 DEBUG [main][MybatisConfiguration.java:128] - addMappedStatement: com.zy.content.mapper.CourseBaseMapper.delete
2023-10-19 20:58:16,690 DEBUG [main][MybatisConfiguration.java:128] - addMappedStatement: com.zy.content.mapper.CourseBaseMapper.deleteByMap
2023-10-19 20:58:16,690 DEBUG [main][MybatisConfiguration.java:128] - addMappedStatement: com.zy.content.mapper.CourseBaseMapper.deleteByMap
2023-10-19 20:58:16,718 DEBUG [main][MybatisConfiguration.java:128] - addMappedStatement: com.zy.content.mapper.CourseBaseMapper.deleteById
2023-10-19 20:58:16,718 DEBUG [main][MybatisConfiguration.java:128] - addMappedStatement: com.zy.content.mapper.CourseBaseMapper.deleteById
2023-10-19 20:58:16,720 DEBUG [main][MybatisConfiguration.java:128] - addMappedStatement: com.zy.content.mapper.CourseBaseMapper.deleteBatchIds
2023-10-19 20:58:16,720 DEBUG [main][MybatisConfiguration.java:128] - addMappedStatement: com.zy.content.mapper.CourseBaseMapper.deleteBatchIds
2023-10-19 20:58:16,726 DEBUG [main][MybatisConfiguration.java:128] - addMappedStatement: com.zy.content.mapper.CourseBaseMapper.update
2023-10-19 20:58:16,726 DEBUG [main][MybatisConfiguration.java:128] - addMappedStatement: com.zy.content.mapper.CourseBaseMapper.update
2023-10-19 20:58:16,729 DEBUG [main][MybatisConfiguration.java:128] - addMappedStatement: com.zy.content.mapper.CourseBaseMapper.updateById
2023-10-19 20:58:16,729 DEBUG [main][MybatisConfiguration.java:128] - addMappedStatement: com.zy.content.mapper.CourseBaseMapper.updateById
2023-10-19 20:58:16,729 DEBUG [main][MybatisConfiguration.java:128] - addMappedStatement: com.zy.content.mapper.CourseBaseMapper.selectById
2023-10-19 20:58:16,729 DEBUG [main][MybatisConfiguration.java:128] - addMappedStatement: com.zy.content.mapper.CourseBaseMapper.selectById
2023-10-19 20:58:16,731 DEBUG [main][MybatisConfiguration.java:128] - addMappedStatement: com.zy.content.mapper.CourseBaseMapper.selectBatchIds
2023-10-19 20:58:16,731 DEBUG [main][MybatisConfiguration.java:128] - addMappedStatement: com.zy.content.mapper.CourseBaseMapper.selectBatchIds
2023-10-19 20:58:16,733 DEBUG [main][MybatisConfiguration.java:128] - addMappedStatement: com.zy.content.mapper.CourseBaseMapper.selectByMap
2023-10-19 20:58:16,733 DEBUG [main][MybatisConfiguration.java:128] - addMappedStatement: com.zy.content.mapper.CourseBaseMapper.selectByMap
2023-10-19 20:58:16,737 DEBUG [main][MybatisConfiguration.java:128] - addMappedStatement: com.zy.content.mapper.CourseBaseMapper.selectOne
2023-10-19 20:58:16,737 DEBUG [main][MybatisConfiguration.java:128] - addMappedStatement: com.zy.content.mapper.CourseBaseMapper.selectOne
2023-10-19 20:58:16,741 DEBUG [main][MybatisConfiguration.java:128] - addMappedStatement: com.zy.content.mapper.CourseBaseMapper.selectCount
2023-10-19 20:58:16,741 DEBUG [main][MybatisConfiguration.java:128] - addMappedStatement: com.zy.content.mapper.CourseBaseMapper.selectCount
2023-10-19 20:58:16,745 DEBUG [main][MybatisConfiguration.java:128] - addMappedStatement: com.zy.content.mapper.CourseBaseMapper.selectMaps
2023-10-19 20:58:16,745 DEBUG [main][MybatisConfiguration.java:128] - addMappedStatement: com.zy.content.mapper.CourseBaseMapper.selectMaps
2023-10-19 20:58:16,749 DEBUG [main][MybatisConfiguration.java:128] - addMappedStatement: com.zy.content.mapper.CourseBaseMapper.selectMapsPage
2023-10-19 20:58:16,749 DEBUG [main][MybatisConfiguration.java:128] - addMappedStatement: com.zy.content.mapper.CourseBaseMapper.selectMapsPage
2023-10-19 20:58:16,752 DEBUG [main][MybatisConfiguration.java:128] - addMappedStatement: com.zy.content.mapper.CourseBaseMapper.selectObjs
2023-10-19 20:58:16,752 DEBUG [main][MybatisConfiguration.java:128] - addMappedStatement: com.zy.content.mapper.CourseBaseMapper.selectObjs
2023-10-19 20:58:16,755 DEBUG [main][MybatisConfiguration.java:128] - addMappedStatement: com.zy.content.mapper.CourseBaseMapper.selectList
2023-10-19 20:58:16,755 DEBUG [main][MybatisConfiguration.java:128] - addMappedStatement: com.zy.content.mapper.CourseBaseMapper.selectList
2023-10-19 20:58:16,759 DEBUG [main][MybatisConfiguration.java:128] - addMappedStatement: com.zy.content.mapper.CourseBaseMapper.selectPage
2023-10-19 20:58:16,759 DEBUG [main][MybatisConfiguration.java:128] - addMappedStatement: com.zy.content.mapper.CourseBaseMapper.selectPage
2023-10-19 20:58:16,776 DEBUG [main][MybatisConfiguration.java:128] - addMappedStatement: com.zy.content.mapper.CourseMarketMapper.insert
2023-10-19 20:58:16,776 DEBUG [main][MybatisConfiguration.java:128] - addMappedStatement: com.zy.content.mapper.CourseMarketMapper.insert
2023-10-19 20:58:16,779 DEBUG [main][MybatisConfiguration.java:128] - addMappedStatement: com.zy.content.mapper.CourseMarketMapper.delete
2023-10-19 20:58:16,779 DEBUG [main][MybatisConfiguration.java:128] - addMappedStatement: com.zy.content.mapper.CourseMarketMapper.delete
2023-10-19 20:58:16,781 DEBUG [main][MybatisConfiguration.java:128] - addMappedStatement: com.zy.content.mapper.CourseMarketMapper.deleteByMap
2023-10-19 20:58:16,781 DEBUG [main][MybatisConfiguration.java:128] - addMappedStatement: com.zy.content.mapper.CourseMarketMapper.deleteByMap
2023-10-19 20:58:16,783 DEBUG [main][MybatisConfiguration.java:128] - addMappedStatement: com.zy.content.mapper.CourseMarketMapper.deleteById
2023-10-19 20:58:16,783 DEBUG [main][MybatisConfiguration.java:128] - addMappedStatement: com.zy.content.mapper.CourseMarketMapper.deleteById
2023-10-19 20:58:16,785 DEBUG [main][MybatisConfiguration.java:128] - addMappedStatement: com.zy.content.mapper.CourseMarketMapper.deleteBatchIds
2023-10-19 20:58:16,785 DEBUG [main][MybatisConfiguration.java:128] - addMappedStatement: com.zy.content.mapper.CourseMarketMapper.deleteBatchIds
2023-10-19 20:58:16,788 DEBUG [main][MybatisConfiguration.java:128] - addMappedStatement: com.zy.content.mapper.CourseMarketMapper.update
2023-10-19 20:58:16,788 DEBUG [main][MybatisConfiguration.java:128] - addMappedStatement: com.zy.content.mapper.CourseMarketMapper.update
2023-10-19 20:58:16,791 DEBUG [main][MybatisConfiguration.java:128] - addMappedStatement: com.zy.content.mapper.CourseMarketMapper.updateById
2023-10-19 20:58:16,791 DEBUG [main][MybatisConfiguration.java:128] - addMappedStatement: com.zy.content.mapper.CourseMarketMapper.updateById
2023-10-19 20:58:16,791 DEBUG [main][MybatisConfiguration.java:128] - addMappedStatement: com.zy.content.mapper.CourseMarketMapper.selectById
2023-10-19 20:58:16,791 DEBUG [main][MybatisConfiguration.java:128] - addMappedStatement: com.zy.content.mapper.CourseMarketMapper.selectById
2023-10-19 20:58:16,794 DEBUG [main][MybatisConfiguration.java:128] - addMappedStatement: com.zy.content.mapper.CourseMarketMapper.selectBatchIds
2023-10-19 20:58:16,794 DEBUG [main][MybatisConfiguration.java:128] - addMappedStatement: com.zy.content.mapper.CourseMarketMapper.selectBatchIds
2023-10-19 20:58:16,796 DEBUG [main][MybatisConfiguration.java:128] - addMappedStatement: com.zy.content.mapper.CourseMarketMapper.selectByMap
2023-10-19 20:58:16,796 DEBUG [main][MybatisConfiguration.java:128] - addMappedStatement: com.zy.content.mapper.CourseMarketMapper.selectByMap
2023-10-19 20:58:16,798 DEBUG [main][MybatisConfiguration.java:128] - addMappedStatement: com.zy.content.mapper.CourseMarketMapper.selectOne
2023-10-19 20:58:16,798 DEBUG [main][MybatisConfiguration.java:128] - addMappedStatement: com.zy.content.mapper.CourseMarketMapper.selectOne
2023-10-19 20:58:16,801 DEBUG [main][MybatisConfiguration.java:128] - addMappedStatement: com.zy.content.mapper.CourseMarketMapper.selectCount
2023-10-19 20:58:16,801 DEBUG [main][MybatisConfiguration.java:128] - addMappedStatement: com.zy.content.mapper.CourseMarketMapper.selectCount
2023-10-19 20:58:16,803 DEBUG [main][MybatisConfiguration.java:128] - addMappedStatement: com.zy.content.mapper.CourseMarketMapper.selectMaps
2023-10-19 20:58:16,803 DEBUG [main][MybatisConfiguration.java:128] - addMappedStatement: com.zy.content.mapper.CourseMarketMapper.selectMaps
2023-10-19 20:58:16,805 DEBUG [main][MybatisConfiguration.java:128] - addMappedStatement: com.zy.content.mapper.CourseMarketMapper.selectMapsPage
2023-10-19 20:58:16,805 DEBUG [main][MybatisConfiguration.java:128] - addMappedStatement: com.zy.content.mapper.CourseMarketMapper.selectMapsPage
2023-10-19 20:58:16,808 DEBUG [main][MybatisConfiguration.java:128] - addMappedStatement: com.zy.content.mapper.CourseMarketMapper.selectObjs
2023-10-19 20:58:16,808 DEBUG [main][MybatisConfiguration.java:128] - addMappedStatement: com.zy.content.mapper.CourseMarketMapper.selectObjs
2023-10-19 20:58:16,811 DEBUG [main][MybatisConfiguration.java:128] - addMappedStatement: com.zy.content.mapper.CourseMarketMapper.selectList
2023-10-19 20:58:16,811 DEBUG [main][MybatisConfiguration.java:128] - addMappedStatement: com.zy.content.mapper.CourseMarketMapper.selectList
2023-10-19 20:58:16,813 DEBUG [main][MybatisConfiguration.java:128] - addMappedStatement: com.zy.content.mapper.CourseMarketMapper.selectPage
2023-10-19 20:58:16,813 DEBUG [main][MybatisConfiguration.java:128] - addMappedStatement: com.zy.content.mapper.CourseMarketMapper.selectPage
2023-10-19 20:58:16,827 DEBUG [main][MybatisConfiguration.java:128] - addMappedStatement: com.zy.content.mapper.CourseCategoryMapper.selectTreeNodes
2023-10-19 20:58:16,827 DEBUG [main][MybatisConfiguration.java:128] - addMappedStatement: com.zy.content.mapper.CourseCategoryMapper.selectTreeNodes
2023-10-19 20:58:16,831 DEBUG [main][MybatisConfiguration.java:128] - addMappedStatement: com.zy.content.mapper.CourseCategoryMapper.insert
2023-10-19 20:58:16,831 DEBUG [main][MybatisConfiguration.java:128] - addMappedStatement: com.zy.content.mapper.CourseCategoryMapper.insert
2023-10-19 20:58:16,833 DEBUG [main][MybatisConfiguration.java:128] - addMappedStatement: com.zy.content.mapper.CourseCategoryMapper.delete
2023-10-19 20:58:16,833 DEBUG [main][MybatisConfiguration.java:128] - addMappedStatement: com.zy.content.mapper.CourseCategoryMapper.delete
2023-10-19 20:58:16,835 DEBUG [main][MybatisConfiguration.java:128] - addMappedStatement: com.zy.content.mapper.CourseCategoryMapper.deleteByMap
2023-10-19 20:58:16,835 DEBUG [main][MybatisConfiguration.java:128] - addMappedStatement: com.zy.content.mapper.CourseCategoryMapper.deleteByMap
2023-10-19 20:58:16,837 DEBUG [main][MybatisConfiguration.java:128] - addMappedStatement: com.zy.content.mapper.CourseCategoryMapper.deleteById
2023-10-19 20:58:16,837 DEBUG [main][MybatisConfiguration.java:128] - addMappedStatement: com.zy.content.mapper.CourseCategoryMapper.deleteById
2023-10-19 20:58:16,839 DEBUG [main][MybatisConfiguration.java:128] - addMappedStatement: com.zy.content.mapper.CourseCategoryMapper.deleteBatchIds
2023-10-19 20:58:16,839 DEBUG [main][MybatisConfiguration.java:128] - addMappedStatement: com.zy.content.mapper.CourseCategoryMapper.deleteBatchIds
2023-10-19 20:58:16,842 DEBUG [main][MybatisConfiguration.java:128] - addMappedStatement: com.zy.content.mapper.CourseCategoryMapper.update
2023-10-19 20:58:16,842 DEBUG [main][MybatisConfiguration.java:128] - addMappedStatement: com.zy.content.mapper.CourseCategoryMapper.update
2023-10-19 20:58:16,844 DEBUG [main][MybatisConfiguration.java:128] - addMappedStatement: com.zy.content.mapper.CourseCategoryMapper.updateById
2023-10-19 20:58:16,844 DEBUG [main][MybatisConfiguration.java:128] - addMappedStatement: com.zy.content.mapper.CourseCategoryMapper.updateById
2023-10-19 20:58:16,844 DEBUG [main][MybatisConfiguration.java:128] - addMappedStatement: com.zy.content.mapper.CourseCategoryMapper.selectById
2023-10-19 20:58:16,844 DEBUG [main][MybatisConfiguration.java:128] - addMappedStatement: com.zy.content.mapper.CourseCategoryMapper.selectById
2023-10-19 20:58:16,846 DEBUG [main][MybatisConfiguration.java:128] - addMappedStatement: com.zy.content.mapper.CourseCategoryMapper.selectBatchIds
2023-10-19 20:58:16,846 DEBUG [main][MybatisConfiguration.java:128] - addMappedStatement: com.zy.content.mapper.CourseCategoryMapper.selectBatchIds
2023-10-19 20:58:16,848 DEBUG [main][MybatisConfiguration.java:128] - addMappedStatement: com.zy.content.mapper.CourseCategoryMapper.selectByMap
2023-10-19 20:58:16,848 DEBUG [main][MybatisConfiguration.java:128] - addMappedStatement: com.zy.content.mapper.CourseCategoryMapper.selectByMap
2023-10-19 20:58:16,851 DEBUG [main][MybatisConfiguration.java:128] - addMappedStatement: com.zy.content.mapper.CourseCategoryMapper.selectOne
2023-10-19 20:58:16,851 DEBUG [main][MybatisConfiguration.java:128] - addMappedStatement: com.zy.content.mapper.CourseCategoryMapper.selectOne
2023-10-19 20:58:16,853 DEBUG [main][MybatisConfiguration.java:128] - addMappedStatement: com.zy.content.mapper.CourseCategoryMapper.selectCount
2023-10-19 20:58:16,853 DEBUG [main][MybatisConfiguration.java:128] - addMappedStatement: com.zy.content.mapper.CourseCategoryMapper.selectCount
2023-10-19 20:58:16,855 DEBUG [main][MybatisConfiguration.java:128] - addMappedStatement: com.zy.content.mapper.CourseCategoryMapper.selectMaps
2023-10-19 20:58:16,855 DEBUG [main][MybatisConfiguration.java:128] - addMappedStatement: com.zy.content.mapper.CourseCategoryMapper.selectMaps
2023-10-19 20:58:16,858 DEBUG [main][MybatisConfiguration.java:128] - addMappedStatement: com.zy.content.mapper.CourseCategoryMapper.selectMapsPage
2023-10-19 20:58:16,858 DEBUG [main][MybatisConfiguration.java:128] - addMappedStatement: com.zy.content.mapper.CourseCategoryMapper.selectMapsPage
2023-10-19 20:58:16,861 DEBUG [main][MybatisConfiguration.java:128] - addMappedStatement: com.zy.content.mapper.CourseCategoryMapper.selectObjs
2023-10-19 20:58:16,861 DEBUG [main][MybatisConfiguration.java:128] - addMappedStatement: com.zy.content.mapper.CourseCategoryMapper.selectObjs
2023-10-19 20:58:16,863 DEBUG [main][MybatisConfiguration.java:128] - addMappedStatement: com.zy.content.mapper.CourseCategoryMapper.selectList
2023-10-19 20:58:16,863 DEBUG [main][MybatisConfiguration.java:128] - addMappedStatement: com.zy.content.mapper.CourseCategoryMapper.selectList
2023-10-19 20:58:16,865 DEBUG [main][MybatisConfiguration.java:128] - addMappedStatement: com.zy.content.mapper.CourseCategoryMapper.selectPage
2023-10-19 20:58:16,865 DEBUG [main][MybatisConfiguration.java:128] - addMappedStatement: com.zy.content.mapper.CourseCategoryMapper.selectPage
2023-10-19 20:58:17,293 INFO [main][PropertySourcedRequestMappingHandlerMapping.java:69] - Mapped URL path [/v2/api-docs] onto method [springfox.documentation.swagger2.web.Swagger2Controller#getDocumentation(String, HttpServletRequest)]
2023-10-19 20:58:17,293 INFO [main][PropertySourcedRequestMappingHandlerMapping.java:69] - Mapped URL path [/v2/api-docs] onto method [springfox.documentation.swagger2.web.Swagger2Controller#getDocumentation(String, HttpServletRequest)]
2023-10-19 20:58:17,349 DEBUG [main][ResourceBundleMessageInterpolator.java:172] - Loaded expression factory via original TCCL
2023-10-19 20:58:17,349 DEBUG [main][ResourceBundleMessageInterpolator.java:172] - Loaded expression factory via original TCCL
2023-10-19 20:58:17,353 DEBUG [main][AbstractConfigurationImpl.java:171] - Setting custom MessageInterpolator of type org.springframework.validation.beanvalidation.LocaleContextMessageInterpolator
2023-10-19 20:58:17,353 DEBUG [main][AbstractConfigurationImpl.java:171] - Setting custom MessageInterpolator of type org.springframework.validation.beanvalidation.LocaleContextMessageInterpolator
2023-10-19 20:58:17,355 DEBUG [main][AbstractConfigurationImpl.java:203] - Setting custom ConstraintValidatorFactory of type org.springframework.validation.beanvalidation.SpringConstraintValidatorFactory
2023-10-19 20:58:17,355 DEBUG [main][AbstractConfigurationImpl.java:203] - Setting custom ConstraintValidatorFactory of type org.springframework.validation.beanvalidation.SpringConstraintValidatorFactory
2023-10-19 20:58:17,357 DEBUG [main][AbstractConfigurationImpl.java:217] - Setting custom ParameterNameProvider of type org.springframework.validation.beanvalidation.LocalValidatorFactoryBean$1
2023-10-19 20:58:17,357 DEBUG [main][AbstractConfigurationImpl.java:217] - Setting custom ParameterNameProvider of type org.springframework.validation.beanvalidation.LocalValidatorFactoryBean$1
2023-10-19 20:58:17,359 DEBUG [main][ValidationXmlParser.java:120] - Trying to load META-INF/validation.xml for XML based Validator configuration.
2023-10-19 20:58:17,359 DEBUG [main][ValidationXmlParser.java:120] - Trying to load META-INF/validation.xml for XML based Validator configuration.
2023-10-19 20:58:17,359 DEBUG [main][ResourceLoaderHelper.java:53] - Trying to load META-INF/validation.xml via user class loader
2023-10-19 20:58:17,359 DEBUG [main][ResourceLoaderHelper.java:53] - Trying to load META-INF/validation.xml via user class loader
2023-10-19 20:58:17,360 DEBUG [main][ResourceLoaderHelper.java:60] - Trying to load META-INF/validation.xml via TCCL
2023-10-19 20:58:17,360 DEBUG [main][ResourceLoaderHelper.java:60] - Trying to load META-INF/validation.xml via TCCL
2023-10-19 20:58:17,361 DEBUG [main][ResourceLoaderHelper.java:66] - Trying to load META-INF/validation.xml via Hibernate Validator's class loader
2023-10-19 20:58:17,361 DEBUG [main][ResourceLoaderHelper.java:66] - Trying to load META-INF/validation.xml via Hibernate Validator's class loader
2023-10-19 20:58:17,362 DEBUG [main][ValidationXmlParser.java:127] - No META-INF/validation.xml found. Using annotation based configuration only.
2023-10-19 20:58:17,362 DEBUG [main][ValidationXmlParser.java:127] - No META-INF/validation.xml found. Using annotation based configuration only.
2023-10-19 20:58:17,364 DEBUG [main][TraversableResolvers.java:60] - Cannot find javax.persistence.Persistence on classpath. Assuming non JPA 2 environment. All properties will per default be traversable.
2023-10-19 20:58:17,364 DEBUG [main][TraversableResolvers.java:60] - Cannot find javax.persistence.Persistence on classpath. Assuming non JPA 2 environment. All properties will per default be traversable.
2023-10-19 20:58:17,366 DEBUG [main][ValidatorFactoryConfigurationHelper.java:300] - HV000252: Using org.hibernate.validator.internal.engine.DefaultPropertyNodeNameProvider as property node name provider.
2023-10-19 20:58:17,366 DEBUG [main][ValidatorFactoryConfigurationHelper.java:300] - HV000252: Using org.hibernate.validator.internal.engine.DefaultPropertyNodeNameProvider as property node name provider.
2023-10-19 20:58:17,367 DEBUG [main][ValidatorFactoryConfigurationHelper.java:375] - HV000234: Using org.springframework.validation.beanvalidation.LocaleContextMessageInterpolator as ValidatorFactory-scoped message interpolator.
2023-10-19 20:58:17,367 DEBUG [main][ValidatorFactoryConfigurationHelper.java:375] - HV000234: Using org.springframework.validation.beanvalidation.LocaleContextMessageInterpolator as ValidatorFactory-scoped message interpolator.
2023-10-19 20:58:17,367 DEBUG [main][ValidatorFactoryConfigurationHelper.java:376] - HV000234: Using org.hibernate.validator.internal.engine.resolver.TraverseAllTraversableResolver as ValidatorFactory-scoped traversable resolver.
2023-10-19 20:58:17,367 DEBUG [main][ValidatorFactoryConfigurationHelper.java:376] - HV000234: Using org.hibernate.validator.internal.engine.resolver.TraverseAllTraversableResolver as ValidatorFactory-scoped traversable resolver.
2023-10-19 20:58:17,368 DEBUG [main][ValidatorFactoryConfigurationHelper.java:377] - HV000234: Using org.hibernate.validator.internal.util.ExecutableParameterNameProvider as ValidatorFactory-scoped parameter name provider.
2023-10-19 20:58:17,368 DEBUG [main][ValidatorFactoryConfigurationHelper.java:377] - HV000234: Using org.hibernate.validator.internal.util.ExecutableParameterNameProvider as ValidatorFactory-scoped parameter name provider.
2023-10-19 20:58:17,368 DEBUG [main][ValidatorFactoryConfigurationHelper.java:378] - HV000234: Using org.hibernate.validator.internal.engine.DefaultClockProvider as ValidatorFactory-scoped clock provider.
2023-10-19 20:58:17,368 DEBUG [main][ValidatorFactoryConfigurationHelper.java:378] - HV000234: Using org.hibernate.validator.internal.engine.DefaultClockProvider as ValidatorFactory-scoped clock provider.
2023-10-19 20:58:17,368 DEBUG [main][ValidatorFactoryConfigurationHelper.java:379] - HV000234: Using org.hibernate.validator.internal.engine.scripting.DefaultScriptEvaluatorFactory as ValidatorFactory-scoped script evaluator factory.
2023-10-19 20:58:17,368 DEBUG [main][ValidatorFactoryConfigurationHelper.java:379] - HV000234: Using org.hibernate.validator.internal.engine.scripting.DefaultScriptEvaluatorFactory as ValidatorFactory-scoped script evaluator factory.
2023-10-19 20:58:17,458 INFO [main][ExecutorConfigurationSupport.java:181] - Initializing ExecutorService 'applicationTaskExecutor'
2023-10-19 20:58:17,458 INFO [main][ExecutorConfigurationSupport.java:181] - Initializing ExecutorService 'applicationTaskExecutor'
2023-10-19 20:58:17,713 DEBUG [main][MybatisConfiguration.java:128] - addMappedStatement: com.zy.content.mapper.CoursePublishMapper.insert
2023-10-19 20:58:17,713 DEBUG [main][MybatisConfiguration.java:128] - addMappedStatement: com.zy.content.mapper.CoursePublishMapper.insert
2023-10-19 20:58:17,717 DEBUG [main][MybatisConfiguration.java:128] - addMappedStatement: com.zy.content.mapper.CoursePublishMapper.delete
2023-10-19 20:58:17,717 DEBUG [main][MybatisConfiguration.java:128] - addMappedStatement: com.zy.content.mapper.CoursePublishMapper.delete
2023-10-19 20:58:17,727 DEBUG [main][MybatisConfiguration.java:128] - addMappedStatement: com.zy.content.mapper.CoursePublishMapper.deleteByMap
2023-10-19 20:58:17,727 DEBUG [main][MybatisConfiguration.java:128] - addMappedStatement: com.zy.content.mapper.CoursePublishMapper.deleteByMap
2023-10-19 20:58:17,729 DEBUG [main][MybatisConfiguration.java:128] - addMappedStatement: com.zy.content.mapper.CoursePublishMapper.deleteById
2023-10-19 20:58:17,729 DEBUG [main][MybatisConfiguration.java:128] - addMappedStatement: com.zy.content.mapper.CoursePublishMapper.deleteById
2023-10-19 20:58:17,730 DEBUG [main][MybatisConfiguration.java:128] - addMappedStatement: com.zy.content.mapper.CoursePublishMapper.deleteBatchIds
2023-10-19 20:58:17,730 DEBUG [main][MybatisConfiguration.java:128] - addMappedStatement: com.zy.content.mapper.CoursePublishMapper.deleteBatchIds
2023-10-19 20:58:17,732 DEBUG [main][MybatisConfiguration.java:128] - addMappedStatement: com.zy.content.mapper.CoursePublishMapper.update
2023-10-19 20:58:17,732 DEBUG [main][MybatisConfiguration.java:128] - addMappedStatement: com.zy.content.mapper.CoursePublishMapper.update
2023-10-19 20:58:17,734 DEBUG [main][MybatisConfiguration.java:128] - addMappedStatement: com.zy.content.mapper.CoursePublishMapper.updateById
2023-10-19 20:58:17,734 DEBUG [main][MybatisConfiguration.java:128] - addMappedStatement: com.zy.content.mapper.CoursePublishMapper.updateById
2023-10-19 20:58:17,735 DEBUG [main][MybatisConfiguration.java:128] - addMappedStatement: com.zy.content.mapper.CoursePublishMapper.selectById
2023-10-19 20:58:17,735 DEBUG [main][MybatisConfiguration.java:128] - addMappedStatement: com.zy.content.mapper.CoursePublishMapper.selectById
2023-10-19 20:58:17,736 DEBUG [main][MybatisConfiguration.java:128] - addMappedStatement: com.zy.content.mapper.CoursePublishMapper.selectBatchIds
2023-10-19 20:58:17,736 DEBUG [main][MybatisConfiguration.java:128] - addMappedStatement: com.zy.content.mapper.CoursePublishMapper.selectBatchIds
2023-10-19 20:58:17,737 DEBUG [main][MybatisConfiguration.java:128] - addMappedStatement: com.zy.content.mapper.CoursePublishMapper.selectByMap
2023-10-19 20:58:17,737 DEBUG [main][MybatisConfiguration.java:128] - addMappedStatement: com.zy.content.mapper.CoursePublishMapper.selectByMap
2023-10-19 20:58:17,740 DEBUG [main][MybatisConfiguration.java:128] - addMappedStatement: com.zy.content.mapper.CoursePublishMapper.selectOne
2023-10-19 20:58:17,740 DEBUG [main][MybatisConfiguration.java:128] - addMappedStatement: com.zy.content.mapper.CoursePublishMapper.selectOne
2023-10-19 20:58:17,742 DEBUG [main][MybatisConfiguration.java:128] - addMappedStatement: com.zy.content.mapper.CoursePublishMapper.selectCount
2023-10-19 20:58:17,742 DEBUG [main][MybatisConfiguration.java:128] - addMappedStatement: com.zy.content.mapper.CoursePublishMapper.selectCount
2023-10-19 20:58:17,745 DEBUG [main][MybatisConfiguration.java:128] - addMappedStatement: com.zy.content.mapper.CoursePublishMapper.selectMaps
2023-10-19 20:58:17,745 DEBUG [main][MybatisConfiguration.java:128] - addMappedStatement: com.zy.content.mapper.CoursePublishMapper.selectMaps
2023-10-19 20:58:17,747 DEBUG [main][MybatisConfiguration.java:128] - addMappedStatement: com.zy.content.mapper.CoursePublishMapper.selectMapsPage
2023-10-19 20:58:17,747 DEBUG [main][MybatisConfiguration.java:128] - addMappedStatement: com.zy.content.mapper.CoursePublishMapper.selectMapsPage
2023-10-19 20:58:17,748 DEBUG [main][MybatisConfiguration.java:128] - addMappedStatement: com.zy.content.mapper.CoursePublishMapper.selectObjs
2023-10-19 20:58:17,748 DEBUG [main][MybatisConfiguration.java:128] - addMappedStatement: com.zy.content.mapper.CoursePublishMapper.selectObjs
2023-10-19 20:58:17,750 DEBUG [main][MybatisConfiguration.java:128] - addMappedStatement: com.zy.content.mapper.CoursePublishMapper.selectList
2023-10-19 20:58:17,750 DEBUG [main][MybatisConfiguration.java:128] - addMappedStatement: com.zy.content.mapper.CoursePublishMapper.selectList
2023-10-19 20:58:17,752 DEBUG [main][MybatisConfiguration.java:128] - addMappedStatement: com.zy.content.mapper.CoursePublishMapper.selectPage
2023-10-19 20:58:17,752 DEBUG [main][MybatisConfiguration.java:128] - addMappedStatement: com.zy.content.mapper.CoursePublishMapper.selectPage
2023-10-19 20:58:17,768 DEBUG [main][MybatisConfiguration.java:128] - addMappedStatement: com.zy.content.mapper.CoursePublishPreMapper.insert
2023-10-19 20:58:17,768 DEBUG [main][MybatisConfiguration.java:128] - addMappedStatement: com.zy.content.mapper.CoursePublishPreMapper.insert
2023-10-19 20:58:17,770 DEBUG [main][MybatisConfiguration.java:128] - addMappedStatement: com.zy.content.mapper.CoursePublishPreMapper.delete
2023-10-19 20:58:17,770 DEBUG [main][MybatisConfiguration.java:128] - addMappedStatement: com.zy.content.mapper.CoursePublishPreMapper.delete
2023-10-19 20:58:17,771 DEBUG [main][MybatisConfiguration.java:128] - addMappedStatement: com.zy.content.mapper.CoursePublishPreMapper.deleteByMap
2023-10-19 20:58:17,771 DEBUG [main][MybatisConfiguration.java:128] - addMappedStatement: com.zy.content.mapper.CoursePublishPreMapper.deleteByMap
2023-10-19 20:58:17,773 DEBUG [main][MybatisConfiguration.java:128] - addMappedStatement: com.zy.content.mapper.CoursePublishPreMapper.deleteById
2023-10-19 20:58:17,773 DEBUG [main][MybatisConfiguration.java:128] - addMappedStatement: com.zy.content.mapper.CoursePublishPreMapper.deleteById
2023-10-19 20:58:17,775 DEBUG [main][MybatisConfiguration.java:128] - addMappedStatement: com.zy.content.mapper.CoursePublishPreMapper.deleteBatchIds
2023-10-19 20:58:17,775 DEBUG [main][MybatisConfiguration.java:128] - addMappedStatement: com.zy.content.mapper.CoursePublishPreMapper.deleteBatchIds
2023-10-19 20:58:17,778 DEBUG [main][MybatisConfiguration.java:128] - addMappedStatement: com.zy.content.mapper.CoursePublishPreMapper.update
2023-10-19 20:58:17,778 DEBUG [main][MybatisConfiguration.java:128] - addMappedStatement: com.zy.content.mapper.CoursePublishPreMapper.update
2023-10-19 20:58:17,780 DEBUG [main][MybatisConfiguration.java:128] - addMappedStatement: com.zy.content.mapper.CoursePublishPreMapper.updateById
2023-10-19 20:58:17,780 DEBUG [main][MybatisConfiguration.java:128] - addMappedStatement: com.zy.content.mapper.CoursePublishPreMapper.updateById
2023-10-19 20:58:17,780 DEBUG [main][MybatisConfiguration.java:128] - addMappedStatement: com.zy.content.mapper.CoursePublishPreMapper.selectById
2023-10-19 20:58:17,780 DEBUG [main][MybatisConfiguration.java:128] - addMappedStatement: com.zy.content.mapper.CoursePublishPreMapper.selectById
2023-10-19 20:58:17,783 DEBUG [main][MybatisConfiguration.java:128] - addMappedStatement: com.zy.content.mapper.CoursePublishPreMapper.selectBatchIds
2023-10-19 20:58:17,783 DEBUG [main][MybatisConfiguration.java:128] - addMappedStatement: com.zy.content.mapper.CoursePublishPreMapper.selectBatchIds
2023-10-19 20:58:17,786 DEBUG [main][MybatisConfiguration.java:128] - addMappedStatement: com.zy.content.mapper.CoursePublishPreMapper.selectByMap
2023-10-19 20:58:17,786 DEBUG [main][MybatisConfiguration.java:128] - addMappedStatement: com.zy.content.mapper.CoursePublishPreMapper.selectByMap
2023-10-19 20:58:17,789 DEBUG [main][MybatisConfiguration.java:128] - addMappedStatement: com.zy.content.mapper.CoursePublishPreMapper.selectOne
2023-10-19 20:58:17,789 DEBUG [main][MybatisConfiguration.java:128] - addMappedStatement: com.zy.content.mapper.CoursePublishPreMapper.selectOne
2023-10-19 20:58:17,792 DEBUG [main][MybatisConfiguration.java:128] - addMappedStatement: com.zy.content.mapper.CoursePublishPreMapper.selectCount
2023-10-19 20:58:17,792 DEBUG [main][MybatisConfiguration.java:128] - addMappedStatement: com.zy.content.mapper.CoursePublishPreMapper.selectCount
2023-10-19 20:58:17,795 DEBUG [main][MybatisConfiguration.java:128] - addMappedStatement: com.zy.content.mapper.CoursePublishPreMapper.selectMaps
2023-10-19 20:58:17,795 DEBUG [main][MybatisConfiguration.java:128] - addMappedStatement: com.zy.content.mapper.CoursePublishPreMapper.selectMaps
2023-10-19 20:58:17,798 DEBUG [main][MybatisConfiguration.java:128] - addMappedStatement: com.zy.content.mapper.CoursePublishPreMapper.selectMapsPage
2023-10-19 20:58:17,798 DEBUG [main][MybatisConfiguration.java:128] - addMappedStatement: com.zy.content.mapper.CoursePublishPreMapper.selectMapsPage
2023-10-19 20:58:17,800 DEBUG [main][MybatisConfiguration.java:128] - addMappedStatement: com.zy.content.mapper.CoursePublishPreMapper.selectObjs
2023-10-19 20:58:17,800 DEBUG [main][MybatisConfiguration.java:128] - addMappedStatement: com.zy.content.mapper.CoursePublishPreMapper.selectObjs
2023-10-19 20:58:17,802 DEBUG [main][MybatisConfiguration.java:128] - addMappedStatement: com.zy.content.mapper.CoursePublishPreMapper.selectList
2023-10-19 20:58:17,802 DEBUG [main][MybatisConfiguration.java:128] - addMappedStatement: com.zy.content.mapper.CoursePublishPreMapper.selectList
2023-10-19 20:58:17,806 DEBUG [main][MybatisConfiguration.java:128] - addMappedStatement: com.zy.content.mapper.CoursePublishPreMapper.selectPage
2023-10-19 20:58:17,806 DEBUG [main][MybatisConfiguration.java:128] - addMappedStatement: com.zy.content.mapper.CoursePublishPreMapper.selectPage
2023-10-19 20:58:17,818 DEBUG [main][MybatisConfiguration.java:128] - addMappedStatement: com.zy.content.mapper.CourseTeacherMapper.insert
2023-10-19 20:58:17,818 DEBUG [main][MybatisConfiguration.java:128] - addMappedStatement: com.zy.content.mapper.CourseTeacherMapper.insert
2023-10-19 20:58:17,821 DEBUG [main][MybatisConfiguration.java:128] - addMappedStatement: com.zy.content.mapper.CourseTeacherMapper.delete
2023-10-19 20:58:17,821 DEBUG [main][MybatisConfiguration.java:128] - addMappedStatement: com.zy.content.mapper.CourseTeacherMapper.delete
2023-10-19 20:58:17,823 DEBUG [main][MybatisConfiguration.java:128] - addMappedStatement: com.zy.content.mapper.CourseTeacherMapper.deleteByMap
2023-10-19 20:58:17,823 DEBUG [main][MybatisConfiguration.java:128] - addMappedStatement: com.zy.content.mapper.CourseTeacherMapper.deleteByMap
2023-10-19 20:58:17,826 DEBUG [main][MybatisConfiguration.java:128] - addMappedStatement: com.zy.content.mapper.CourseTeacherMapper.deleteById
2023-10-19 20:58:17,826 DEBUG [main][MybatisConfiguration.java:128] - addMappedStatement: com.zy.content.mapper.CourseTeacherMapper.deleteById
2023-10-19 20:58:17,829 DEBUG [main][MybatisConfiguration.java:128] - addMappedStatement: com.zy.content.mapper.CourseTeacherMapper.deleteBatchIds
2023-10-19 20:58:17,829 DEBUG [main][MybatisConfiguration.java:128] - addMappedStatement: com.zy.content.mapper.CourseTeacherMapper.deleteBatchIds
2023-10-19 20:58:17,831 DEBUG [main][MybatisConfiguration.java:128] - addMappedStatement: com.zy.content.mapper.CourseTeacherMapper.update
2023-10-19 20:58:17,831 DEBUG [main][MybatisConfiguration.java:128] - addMappedStatement: com.zy.content.mapper.CourseTeacherMapper.update
2023-10-19 20:58:17,833 DEBUG [main][MybatisConfiguration.java:128] - addMappedStatement: com.zy.content.mapper.CourseTeacherMapper.updateById
2023-10-19 20:58:17,833 DEBUG [main][MybatisConfiguration.java:128] - addMappedStatement: com.zy.content.mapper.CourseTeacherMapper.updateById
2023-10-19 20:58:17,834 DEBUG [main][MybatisConfiguration.java:128] - addMappedStatement: com.zy.content.mapper.CourseTeacherMapper.selectById
2023-10-19 20:58:17,834 DEBUG [main][MybatisConfiguration.java:128] - addMappedStatement: com.zy.content.mapper.CourseTeacherMapper.selectById
2023-10-19 20:58:17,837 DEBUG [main][MybatisConfiguration.java:128] - addMappedStatement: com.zy.content.mapper.CourseTeacherMapper.selectBatchIds
2023-10-19 20:58:17,837 DEBUG [main][MybatisConfiguration.java:128] - addMappedStatement: com.zy.content.mapper.CourseTeacherMapper.selectBatchIds
2023-10-19 20:58:17,839 DEBUG [main][MybatisConfiguration.java:128] - addMappedStatement: com.zy.content.mapper.CourseTeacherMapper.selectByMap
2023-10-19 20:58:17,839 DEBUG [main][MybatisConfiguration.java:128] - addMappedStatement: com.zy.content.mapper.CourseTeacherMapper.selectByMap
2023-10-19 20:58:17,842 DEBUG [main][MybatisConfiguration.java:128] - addMappedStatement: com.zy.content.mapper.CourseTeacherMapper.selectOne
2023-10-19 20:58:17,842 DEBUG [main][MybatisConfiguration.java:128] - addMappedStatement: com.zy.content.mapper.CourseTeacherMapper.selectOne
2023-10-19 20:58:17,845 DEBUG [main][MybatisConfiguration.java:128] - addMappedStatement: com.zy.content.mapper.CourseTeacherMapper.selectCount
2023-10-19 20:58:17,845 DEBUG [main][MybatisConfiguration.java:128] - addMappedStatement: com.zy.content.mapper.CourseTeacherMapper.selectCount
2023-10-19 20:58:17,847 DEBUG [main][MybatisConfiguration.java:128] - addMappedStatement: com.zy.content.mapper.CourseTeacherMapper.selectMaps
2023-10-19 20:58:17,847 DEBUG [main][MybatisConfiguration.java:128] - addMappedStatement: com.zy.content.mapper.CourseTeacherMapper.selectMaps
2023-10-19 20:58:17,849 DEBUG [main][MybatisConfiguration.java:128] - addMappedStatement: com.zy.content.mapper.CourseTeacherMapper.selectMapsPage
2023-10-19 20:58:17,849 DEBUG [main][MybatisConfiguration.java:128] - addMappedStatement: com.zy.content.mapper.CourseTeacherMapper.selectMapsPage
2023-10-19 20:58:17,852 DEBUG [main][MybatisConfiguration.java:128] - addMappedStatement: com.zy.content.mapper.CourseTeacherMapper.selectObjs
2023-10-19 20:58:17,852 DEBUG [main][MybatisConfiguration.java:128] - addMappedStatement: com.zy.content.mapper.CourseTeacherMapper.selectObjs
2023-10-19 20:58:17,854 DEBUG [main][MybatisConfiguration.java:128] - addMappedStatement: com.zy.content.mapper.CourseTeacherMapper.selectList
2023-10-19 20:58:17,854 DEBUG [main][MybatisConfiguration.java:128] - addMappedStatement: com.zy.content.mapper.CourseTeacherMapper.selectList
2023-10-19 20:58:17,857 DEBUG [main][MybatisConfiguration.java:128] - addMappedStatement: com.zy.content.mapper.CourseTeacherMapper.selectPage
2023-10-19 20:58:17,857 DEBUG [main][MybatisConfiguration.java:128] - addMappedStatement: com.zy.content.mapper.CourseTeacherMapper.selectPage
2023-10-19 20:58:17,876 DEBUG [main][MybatisConfiguration.java:128] - addMappedStatement: com.zy.content.mapper.TeachplanMapper.insert
2023-10-19 20:58:17,879 DEBUG [main][MybatisConfiguration.java:128] - addMappedStatement: com.zy.content.mapper.TeachplanMapper.delete
2023-10-19 20:58:17,881 DEBUG [main][MybatisConfiguration.java:128] - addMappedStatement: com.zy.content.mapper.TeachplanMapper.deleteByMap
2023-10-19 20:58:17,884 DEBUG [main][MybatisConfiguration.java:128] - addMappedStatement: com.zy.content.mapper.TeachplanMapper.deleteById
2023-10-19 20:58:17,886 DEBUG [main][MybatisConfiguration.java:128] - addMappedStatement: com.zy.content.mapper.TeachplanMapper.deleteBatchIds
2023-10-19 20:58:17,889 DEBUG [main][MybatisConfiguration.java:128] - addMappedStatement: com.zy.content.mapper.TeachplanMapper.update
2023-10-19 20:58:17,876 DEBUG [main][MybatisConfiguration.java:128] - addMappedStatement: com.zy.content.mapper.TeachplanMapper.insert
2023-10-19 20:58:17,879 DEBUG [main][MybatisConfiguration.java:128] - addMappedStatement: com.zy.content.mapper.TeachplanMapper.delete
2023-10-19 20:58:17,881 DEBUG [main][MybatisConfiguration.java:128] - addMappedStatement: com.zy.content.mapper.TeachplanMapper.deleteByMap
2023-10-19 20:58:17,884 DEBUG [main][MybatisConfiguration.java:128] - addMappedStatement: com.zy.content.mapper.TeachplanMapper.deleteById
2023-10-19 20:58:17,886 DEBUG [main][MybatisConfiguration.java:128] - addMappedStatement: com.zy.content.mapper.TeachplanMapper.deleteBatchIds
2023-10-19 20:58:17,889 DEBUG [main][MybatisConfiguration.java:128] - addMappedStatement: com.zy.content.mapper.TeachplanMapper.update
2023-10-19 20:58:17,895 DEBUG [main][MybatisConfiguration.java:128] - addMappedStatement: com.zy.content.mapper.TeachplanMapper.updateById
2023-10-19 20:58:17,896 DEBUG [main][MybatisConfiguration.java:128] - addMappedStatement: com.zy.content.mapper.TeachplanMapper.selectById
2023-10-19 20:58:17,898 DEBUG [main][MybatisConfiguration.java:128] - addMappedStatement: com.zy.content.mapper.TeachplanMapper.selectBatchIds
2023-10-19 20:58:17,901 DEBUG [main][MybatisConfiguration.java:128] - addMappedStatement: com.zy.content.mapper.TeachplanMapper.selectByMap
2023-10-19 20:58:17,895 DEBUG [main][MybatisConfiguration.java:128] - addMappedStatement: com.zy.content.mapper.TeachplanMapper.updateById
2023-10-19 20:58:17,896 DEBUG [main][MybatisConfiguration.java:128] - addMappedStatement: com.zy.content.mapper.TeachplanMapper.selectById
2023-10-19 20:58:17,898 DEBUG [main][MybatisConfiguration.java:128] - addMappedStatement: com.zy.content.mapper.TeachplanMapper.selectBatchIds
2023-10-19 20:58:17,901 DEBUG [main][MybatisConfiguration.java:128] - addMappedStatement: com.zy.content.mapper.TeachplanMapper.selectByMap
2023-10-19 20:58:17,905 DEBUG [main][MybatisConfiguration.java:128] - addMappedStatement: com.zy.content.mapper.TeachplanMapper.selectOne
2023-10-19 20:58:17,905 DEBUG [main][MybatisConfiguration.java:128] - addMappedStatement: com.zy.content.mapper.TeachplanMapper.selectOne
2023-10-19 20:58:17,910 DEBUG [main][MybatisConfiguration.java:128] - addMappedStatement: com.zy.content.mapper.TeachplanMapper.selectCount
2023-10-19 20:58:17,910 DEBUG [main][MybatisConfiguration.java:128] - addMappedStatement: com.zy.content.mapper.TeachplanMapper.selectCount
2023-10-19 20:58:17,913 DEBUG [main][MybatisConfiguration.java:128] - addMappedStatement: com.zy.content.mapper.TeachplanMapper.selectMaps
2023-10-19 20:58:17,913 DEBUG [main][MybatisConfiguration.java:128] - addMappedStatement: com.zy.content.mapper.TeachplanMapper.selectMaps
2023-10-19 20:58:17,917 DEBUG [main][MybatisConfiguration.java:128] - addMappedStatement: com.zy.content.mapper.TeachplanMapper.selectMapsPage
2023-10-19 20:58:17,920 DEBUG [main][MybatisConfiguration.java:128] - addMappedStatement: com.zy.content.mapper.TeachplanMapper.selectObjs
2023-10-19 20:58:17,917 DEBUG [main][MybatisConfiguration.java:128] - addMappedStatement: com.zy.content.mapper.TeachplanMapper.selectMapsPage
2023-10-19 20:58:17,920 DEBUG [main][MybatisConfiguration.java:128] - addMappedStatement: com.zy.content.mapper.TeachplanMapper.selectObjs
2023-10-19 20:58:17,926 DEBUG [main][MybatisConfiguration.java:128] - addMappedStatement: com.zy.content.mapper.TeachplanMapper.selectList
2023-10-19 20:58:17,926 DEBUG [main][MybatisConfiguration.java:128] - addMappedStatement: com.zy.content.mapper.TeachplanMapper.selectList
2023-10-19 20:58:17,929 DEBUG [main][MybatisConfiguration.java:128] - addMappedStatement: com.zy.content.mapper.TeachplanMapper.selectPage
2023-10-19 20:58:17,929 DEBUG [main][MybatisConfiguration.java:128] - addMappedStatement: com.zy.content.mapper.TeachplanMapper.selectPage
2023-10-19 20:58:17,944 DEBUG [main][MybatisConfiguration.java:128] - addMappedStatement: com.zy.content.mapper.TeachplanMediaMapper.insert
2023-10-19 20:58:17,944 DEBUG [main][MybatisConfiguration.java:128] - addMappedStatement: com.zy.content.mapper.TeachplanMediaMapper.insert
2023-10-19 20:58:17,946 DEBUG [main][MybatisConfiguration.java:128] - addMappedStatement: com.zy.content.mapper.TeachplanMediaMapper.delete
2023-10-19 20:58:17,946 DEBUG [main][MybatisConfiguration.java:128] - addMappedStatement: com.zy.content.mapper.TeachplanMediaMapper.delete
2023-10-19 20:58:17,949 DEBUG [main][MybatisConfiguration.java:128] - addMappedStatement: com.zy.content.mapper.TeachplanMediaMapper.deleteByMap
2023-10-19 20:58:17,949 DEBUG [main][MybatisConfiguration.java:128] - addMappedStatement: com.zy.content.mapper.TeachplanMediaMapper.deleteByMap
2023-10-19 20:58:17,952 DEBUG [main][MybatisConfiguration.java:128] - addMappedStatement: com.zy.content.mapper.TeachplanMediaMapper.deleteById
2023-10-19 20:58:17,952 DEBUG [main][MybatisConfiguration.java:128] - addMappedStatement: com.zy.content.mapper.TeachplanMediaMapper.deleteById
2023-10-19 20:58:17,955 DEBUG [main][MybatisConfiguration.java:128] - addMappedStatement: com.zy.content.mapper.TeachplanMediaMapper.deleteBatchIds
2023-10-19 20:58:17,955 DEBUG [main][MybatisConfiguration.java:128] - addMappedStatement: com.zy.content.mapper.TeachplanMediaMapper.deleteBatchIds
2023-10-19 20:58:17,958 DEBUG [main][MybatisConfiguration.java:128] - addMappedStatement: com.zy.content.mapper.TeachplanMediaMapper.update
2023-10-19 20:58:17,958 DEBUG [main][MybatisConfiguration.java:128] - addMappedStatement: com.zy.content.mapper.TeachplanMediaMapper.update
2023-10-19 20:58:17,960 DEBUG [main][MybatisConfiguration.java:128] - addMappedStatement: com.zy.content.mapper.TeachplanMediaMapper.updateById
2023-10-19 20:58:17,960 DEBUG [main][MybatisConfiguration.java:128] - addMappedStatement: com.zy.content.mapper.TeachplanMediaMapper.updateById
2023-10-19 20:58:17,961 DEBUG [main][MybatisConfiguration.java:128] - addMappedStatement: com.zy.content.mapper.TeachplanMediaMapper.selectById
2023-10-19 20:58:17,961 DEBUG [main][MybatisConfiguration.java:128] - addMappedStatement: com.zy.content.mapper.TeachplanMediaMapper.selectById
2023-10-19 20:58:17,964 DEBUG [main][MybatisConfiguration.java:128] - addMappedStatement: com.zy.content.mapper.TeachplanMediaMapper.selectBatchIds
2023-10-19 20:58:17,964 DEBUG [main][MybatisConfiguration.java:128] - addMappedStatement: com.zy.content.mapper.TeachplanMediaMapper.selectBatchIds
2023-10-19 20:58:17,967 DEBUG [main][MybatisConfiguration.java:128] - addMappedStatement: com.zy.content.mapper.TeachplanMediaMapper.selectByMap
2023-10-19 20:58:17,967 DEBUG [main][MybatisConfiguration.java:128] - addMappedStatement: com.zy.content.mapper.TeachplanMediaMapper.selectByMap
2023-10-19 20:58:17,970 DEBUG [main][MybatisConfiguration.java:128] - addMappedStatement: com.zy.content.mapper.TeachplanMediaMapper.selectOne
2023-10-19 20:58:17,970 DEBUG [main][MybatisConfiguration.java:128] - addMappedStatement: com.zy.content.mapper.TeachplanMediaMapper.selectOne
2023-10-19 20:58:17,972 DEBUG [main][MybatisConfiguration.java:128] - addMappedStatement: com.zy.content.mapper.TeachplanMediaMapper.selectCount
2023-10-19 20:58:17,972 DEBUG [main][MybatisConfiguration.java:128] - addMappedStatement: com.zy.content.mapper.TeachplanMediaMapper.selectCount
2023-10-19 20:58:17,975 DEBUG [main][MybatisConfiguration.java:128] - addMappedStatement: com.zy.content.mapper.TeachplanMediaMapper.selectMaps
2023-10-19 20:58:17,975 DEBUG [main][MybatisConfiguration.java:128] - addMappedStatement: com.zy.content.mapper.TeachplanMediaMapper.selectMaps
2023-10-19 20:58:17,978 DEBUG [main][MybatisConfiguration.java:128] - addMappedStatement: com.zy.content.mapper.TeachplanMediaMapper.selectMapsPage
2023-10-19 20:58:17,978 DEBUG [main][MybatisConfiguration.java:128] - addMappedStatement: com.zy.content.mapper.TeachplanMediaMapper.selectMapsPage
2023-10-19 20:58:17,980 DEBUG [main][MybatisConfiguration.java:128] - addMappedStatement: com.zy.content.mapper.TeachplanMediaMapper.selectObjs
2023-10-19 20:58:17,980 DEBUG [main][MybatisConfiguration.java:128] - addMappedStatement: com.zy.content.mapper.TeachplanMediaMapper.selectObjs
2023-10-19 20:58:17,982 DEBUG [main][MybatisConfiguration.java:128] - addMappedStatement: com.zy.content.mapper.TeachplanMediaMapper.selectList
2023-10-19 20:58:17,982 DEBUG [main][MybatisConfiguration.java:128] - addMappedStatement: com.zy.content.mapper.TeachplanMediaMapper.selectList
2023-10-19 20:58:17,985 DEBUG [main][MybatisConfiguration.java:128] - addMappedStatement: com.zy.content.mapper.TeachplanMediaMapper.selectPage
2023-10-19 20:58:17,985 DEBUG [main][MybatisConfiguration.java:128] - addMappedStatement: com.zy.content.mapper.TeachplanMediaMapper.selectPage
2023-10-19 20:58:18,101 INFO [main][DirectJDKLog.java:173] - Starting ProtocolHandler ["http-nio-63040"]
2023-10-19 20:58:18,101 INFO [main][DirectJDKLog.java:173] - Starting ProtocolHandler ["http-nio-63040"]
2023-10-19 20:58:18,144 INFO [main][TomcatWebServer.java:220] - Tomcat started on port(s): 63040 (http) with context path '/content'
2023-10-19 20:58:18,144 INFO [main][TomcatWebServer.java:220] - Tomcat started on port(s): 63040 (http) with context path '/content'
2023-10-19 20:58:18,146 INFO [main][DocumentationPluginsBootstrapper.java:160] - Context refreshed
2023-10-19 20:58:18,146 INFO [main][DocumentationPluginsBootstrapper.java:160] - Context refreshed
2023-10-19 20:58:18,171 INFO [main][DocumentationPluginsBootstrapper.java:163] - Found 1 custom documentation plugin(s)
2023-10-19 20:58:18,171 INFO [main][DocumentationPluginsBootstrapper.java:163] - Found 1 custom documentation plugin(s)
2023-10-19 20:58:18,243 INFO [main][ApiListingReferenceScanner.java:41] - Scanning for api listing references
2023-10-19 20:58:18,243 INFO [main][ApiListingReferenceScanner.java:41] - Scanning for api listing references
2023-10-19 20:58:18,638 INFO [main][StartupInfoLogger.java:61] - Started ContentApplication in 5.966 seconds (JVM running for 7.875)
2023-10-19 20:58:18,638 INFO [main][StartupInfoLogger.java:61] - Started ContentApplication in 5.966 seconds (JVM running for 7.875)
2023-10-19 20:58:32,622 INFO [http-nio-63040-exec-2][DirectJDKLog.java:173] - Initializing Spring DispatcherServlet 'dispatcherServlet'
2023-10-19 20:58:32,622 INFO [http-nio-63040-exec-2][DirectJDKLog.java:173] - Initializing Spring DispatcherServlet 'dispatcherServlet'
2023-10-19 20:58:32,623 INFO [http-nio-63040-exec-2][FrameworkServlet.java:525] - Initializing Servlet 'dispatcherServlet'
2023-10-19 20:58:32,623 INFO [http-nio-63040-exec-2][FrameworkServlet.java:525] - Initializing Servlet 'dispatcherServlet'
2023-10-19 20:58:32,633 INFO [http-nio-63040-exec-2][FrameworkServlet.java:547] - Completed initialization in 10 ms
2023-10-19 20:58:32,633 INFO [http-nio-63040-exec-2][FrameworkServlet.java:547] - Completed initialization in 10 ms
2023-10-19 20:58:32,751 DEBUG [http-nio-63040-exec-2][HikariConfig.java:1066] - HikariPool-1 - configuration:
2023-10-19 20:58:32,751 DEBUG [http-nio-63040-exec-2][HikariConfig.java:1066] - HikariPool-1 - configuration:
2023-10-19 20:58:32,752 DEBUG [http-nio-63040-exec-2][HikariConfig.java:1098] - allowPoolSuspension.............false
2023-10-19 20:58:32,752 DEBUG [http-nio-63040-exec-2][HikariConfig.java:1098] - allowPoolSuspension.............false
2023-10-19 20:58:32,753 DEBUG [http-nio-63040-exec-2][HikariConfig.java:1098] - autoCommit......................true
2023-10-19 20:58:32,753 DEBUG [http-nio-63040-exec-2][HikariConfig.java:1098] - autoCommit......................true
2023-10-19 20:58:32,753 DEBUG [http-nio-63040-exec-2][HikariConfig.java:1098] - catalog.........................none
2023-10-19 20:58:32,753 DEBUG [http-nio-63040-exec-2][HikariConfig.java:1098] - catalog.........................none
2023-10-19 20:58:32,753 DEBUG [http-nio-63040-exec-2][HikariConfig.java:1098] - connectionInitSql...............none
2023-10-19 20:58:32,753 DEBUG [http-nio-63040-exec-2][HikariConfig.java:1098] - connectionInitSql...............none
2023-10-19 20:58:32,753 DEBUG [http-nio-63040-exec-2][HikariConfig.java:1098] - connectionTestQuery.............none
2023-10-19 20:58:32,753 DEBUG [http-nio-63040-exec-2][HikariConfig.java:1098] - connectionTestQuery.............none
2023-10-19 20:58:32,753 DEBUG [http-nio-63040-exec-2][HikariConfig.java:1098] - connectionTimeout...............30000
2023-10-19 20:58:32,753 DEBUG [http-nio-63040-exec-2][HikariConfig.java:1098] - connectionTimeout...............30000
2023-10-19 20:58:32,754 DEBUG [http-nio-63040-exec-2][HikariConfig.java:1098] - dataSource......................none
2023-10-19 20:58:32,754 DEBUG [http-nio-63040-exec-2][HikariConfig.java:1098] - dataSource......................none
2023-10-19 20:58:32,754 DEBUG [http-nio-63040-exec-2][HikariConfig.java:1098] - dataSourceClassName.............none
2023-10-19 20:58:32,754 DEBUG [http-nio-63040-exec-2][HikariConfig.java:1098] - dataSourceClassName.............none
2023-10-19 20:58:32,754 DEBUG [http-nio-63040-exec-2][HikariConfig.java:1098] - dataSourceJNDI..................none
2023-10-19 20:58:32,754 DEBUG [http-nio-63040-exec-2][HikariConfig.java:1098] - dataSourceJNDI..................none
2023-10-19 20:58:32,754 DEBUG [http-nio-63040-exec-2][HikariConfig.java:1098] - dataSourceProperties............{password=<masked>}
2023-10-19 20:58:32,754 DEBUG [http-nio-63040-exec-2][HikariConfig.java:1098] - dataSourceProperties............{password=<masked>}
2023-10-19 20:58:32,755 DEBUG [http-nio-63040-exec-2][HikariConfig.java:1098] - driverClassName................."com.mysql.cj.jdbc.Driver"
2023-10-19 20:58:32,755 DEBUG [http-nio-63040-exec-2][HikariConfig.java:1098] - driverClassName................."com.mysql.cj.jdbc.Driver"
2023-10-19 20:58:32,755 DEBUG [http-nio-63040-exec-2][HikariConfig.java:1098] - exceptionOverrideClassName......none
2023-10-19 20:58:32,755 DEBUG [http-nio-63040-exec-2][HikariConfig.java:1098] - exceptionOverrideClassName......none
2023-10-19 20:58:32,755 DEBUG [http-nio-63040-exec-2][HikariConfig.java:1098] - healthCheckProperties...........{}
2023-10-19 20:58:32,755 DEBUG [http-nio-63040-exec-2][HikariConfig.java:1098] - healthCheckProperties...........{}
2023-10-19 20:58:32,755 DEBUG [http-nio-63040-exec-2][HikariConfig.java:1098] - healthCheckRegistry.............none
2023-10-19 20:58:32,755 DEBUG [http-nio-63040-exec-2][HikariConfig.java:1098] - healthCheckRegistry.............none
2023-10-19 20:58:32,756 DEBUG [http-nio-63040-exec-2][HikariConfig.java:1098] - idleTimeout.....................600000
2023-10-19 20:58:32,756 DEBUG [http-nio-63040-exec-2][HikariConfig.java:1098] - idleTimeout.....................600000
2023-10-19 20:58:32,756 DEBUG [http-nio-63040-exec-2][HikariConfig.java:1098] - initializationFailTimeout.......1
2023-10-19 20:58:32,756 DEBUG [http-nio-63040-exec-2][HikariConfig.java:1098] - initializationFailTimeout.......1
2023-10-19 20:58:32,756 DEBUG [http-nio-63040-exec-2][HikariConfig.java:1098] - isolateInternalQueries..........false
2023-10-19 20:58:32,756 DEBUG [http-nio-63040-exec-2][HikariConfig.java:1098] - isolateInternalQueries..........false
2023-10-19 20:58:32,756 DEBUG [http-nio-63040-exec-2][HikariConfig.java:1098] - jdbcUrl.........................jdbc:mysql://localhost:3306/xc_content?serverTimezone=UTC&userUnicode=true&useSSL=false&allowPublicKeyRetrieval=true
2023-10-19 20:58:32,756 DEBUG [http-nio-63040-exec-2][HikariConfig.java:1098] - jdbcUrl.........................jdbc:mysql://localhost:3306/xc_content?serverTimezone=UTC&userUnicode=true&useSSL=false&allowPublicKeyRetrieval=true
2023-10-19 20:58:32,756 DEBUG [http-nio-63040-exec-2][HikariConfig.java:1098] - leakDetectionThreshold..........0
2023-10-19 20:58:32,756 DEBUG [http-nio-63040-exec-2][HikariConfig.java:1098] - leakDetectionThreshold..........0
2023-10-19 20:58:32,756 DEBUG [http-nio-63040-exec-2][HikariConfig.java:1098] - maxLifetime.....................1800000
2023-10-19 20:58:32,756 DEBUG [http-nio-63040-exec-2][HikariConfig.java:1098] - maxLifetime.....................1800000
2023-10-19 20:58:32,757 DEBUG [http-nio-63040-exec-2][HikariConfig.java:1098] - maximumPoolSize.................10
2023-10-19 20:58:32,757 DEBUG [http-nio-63040-exec-2][HikariConfig.java:1098] - maximumPoolSize.................10
2023-10-19 20:58:32,757 DEBUG [http-nio-63040-exec-2][HikariConfig.java:1098] - metricRegistry..................none
2023-10-19 20:58:32,757 DEBUG [http-nio-63040-exec-2][HikariConfig.java:1098] - metricRegistry..................none
2023-10-19 20:58:32,757 DEBUG [http-nio-63040-exec-2][HikariConfig.java:1098] - metricsTrackerFactory...........none
2023-10-19 20:58:32,757 DEBUG [http-nio-63040-exec-2][HikariConfig.java:1098] - metricsTrackerFactory...........none
2023-10-19 20:58:32,757 DEBUG [http-nio-63040-exec-2][HikariConfig.java:1098] - minimumIdle.....................10
2023-10-19 20:58:32,757 DEBUG [http-nio-63040-exec-2][HikariConfig.java:1098] - minimumIdle.....................10
2023-10-19 20:58:32,757 DEBUG [http-nio-63040-exec-2][HikariConfig.java:1098] - password........................<masked>
2023-10-19 20:58:32,757 DEBUG [http-nio-63040-exec-2][HikariConfig.java:1098] - password........................<masked>
2023-10-19 20:58:32,757 DEBUG [http-nio-63040-exec-2][HikariConfig.java:1098] - poolName........................"HikariPool-1"
2023-10-19 20:58:32,757 DEBUG [http-nio-63040-exec-2][HikariConfig.java:1098] - poolName........................"HikariPool-1"
2023-10-19 20:58:32,758 DEBUG [http-nio-63040-exec-2][HikariConfig.java:1098] - readOnly........................false
2023-10-19 20:58:32,758 DEBUG [http-nio-63040-exec-2][HikariConfig.java:1098] - readOnly........................false
2023-10-19 20:58:32,758 DEBUG [http-nio-63040-exec-2][HikariConfig.java:1098] - registerMbeans..................false
2023-10-19 20:58:32,758 DEBUG [http-nio-63040-exec-2][HikariConfig.java:1098] - registerMbeans..................false
2023-10-19 20:58:32,758 DEBUG [http-nio-63040-exec-2][HikariConfig.java:1098] - scheduledExecutor...............none
2023-10-19 20:58:32,758 DEBUG [http-nio-63040-exec-2][HikariConfig.java:1098] - scheduledExecutor...............none
2023-10-19 20:58:32,758 DEBUG [http-nio-63040-exec-2][HikariConfig.java:1098] - schema..........................none
2023-10-19 20:58:32,758 DEBUG [http-nio-63040-exec-2][HikariConfig.java:1098] - schema..........................none
2023-10-19 20:58:32,758 DEBUG [http-nio-63040-exec-2][HikariConfig.java:1098] - threadFactory...................internal
2023-10-19 20:58:32,758 DEBUG [http-nio-63040-exec-2][HikariConfig.java:1098] - threadFactory...................internal
2023-10-19 20:58:32,758 DEBUG [http-nio-63040-exec-2][HikariConfig.java:1098] - transactionIsolation............default
2023-10-19 20:58:32,758 DEBUG [http-nio-63040-exec-2][HikariConfig.java:1098] - transactionIsolation............default
2023-10-19 20:58:32,759 DEBUG [http-nio-63040-exec-2][HikariConfig.java:1098] - username........................"root"
2023-10-19 20:58:32,759 DEBUG [http-nio-63040-exec-2][HikariConfig.java:1098] - username........................"root"
2023-10-19 20:58:32,759 DEBUG [http-nio-63040-exec-2][HikariConfig.java:1098] - validationTimeout...............5000
2023-10-19 20:58:32,759 DEBUG [http-nio-63040-exec-2][HikariConfig.java:1098] - validationTimeout...............5000
2023-10-19 20:58:32,759 INFO [http-nio-63040-exec-2][HikariDataSource.java:110] - HikariPool-1 - Starting...
2023-10-19 20:58:32,759 INFO [http-nio-63040-exec-2][HikariDataSource.java:110] - HikariPool-1 - Starting...
2023-10-19 20:58:32,935 DEBUG [http-nio-63040-exec-2][HikariPool.java:564] - HikariPool-1 - Added connection com.mysql.cj.jdbc.ConnectionImpl@1d8b1e17
2023-10-19 20:58:32,935 DEBUG [http-nio-63040-exec-2][HikariPool.java:564] - HikariPool-1 - Added connection com.mysql.cj.jdbc.ConnectionImpl@1d8b1e17
2023-10-19 20:58:32,938 INFO [http-nio-63040-exec-2][HikariDataSource.java:123] - HikariPool-1 - Start completed.
2023-10-19 20:58:32,938 INFO [http-nio-63040-exec-2][HikariDataSource.java:123] - HikariPool-1 - Start completed.
2023-10-19 20:58:45,685 DEBUG [HikariPool-1 housekeeper][HikariPool.java:421] - HikariPool-1 - Pool stats (total=1, active=1, idle=0, waiting=0)
2023-10-19 20:58:45,685 DEBUG [HikariPool-1 housekeeper][HikariPool.java:421] - HikariPool-1 - Pool stats (total=1, active=1, idle=0, waiting=0)
2023-10-19 20:58:45,705 DEBUG [HikariPool-1 connection adder][HikariPool.java:728] - HikariPool-1 - Added connection com.mysql.cj.jdbc.ConnectionImpl@24cf59a3
2023-10-19 20:58:45,705 DEBUG [HikariPool-1 connection adder][HikariPool.java:728] - HikariPool-1 - Added connection com.mysql.cj.jdbc.ConnectionImpl@24cf59a3
2023-10-19 20:59:12,415 DEBUG [HikariPool-1 connection adder][HikariPool.java:728] - HikariPool-1 - Added connection com.mysql.cj.jdbc.ConnectionImpl@50e61045
2023-10-19 20:59:12,415 DEBUG [HikariPool-1 connection adder][HikariPool.java:728] - HikariPool-1 - Added connection com.mysql.cj.jdbc.ConnectionImpl@50e61045
2023-10-19 20:59:12,419 DEBUG [HikariPool-1 connection adder][HikariPool.java:728] - HikariPool-1 - Added connection com.mysql.cj.jdbc.ConnectionImpl@2991c317
2023-10-19 20:59:12,419 DEBUG [HikariPool-1 connection adder][HikariPool.java:728] - HikariPool-1 - Added connection com.mysql.cj.jdbc.ConnectionImpl@2991c317
2023-10-19 20:59:12,424 DEBUG [HikariPool-1 connection adder][HikariPool.java:728] - HikariPool-1 - Added connection com.mysql.cj.jdbc.ConnectionImpl@5acd152
2023-10-19 20:59:12,424 DEBUG [HikariPool-1 connection adder][HikariPool.java:728] - HikariPool-1 - Added connection com.mysql.cj.jdbc.ConnectionImpl@5acd152
2023-10-19 20:59:12,427 DEBUG [HikariPool-1 connection adder][HikariPool.java:728] - HikariPool-1 - Added connection com.mysql.cj.jdbc.ConnectionImpl@25d64308
