2023-10-19 20:57:46,310 DEBUG [background-preinit][LoggerProviders.java:152] - Logging Provider: org.jboss.logging.Log4j2LoggerProvider
2023-10-19 20:57:46,310 DEBUG [background-preinit][LoggerProviders.java:152] - Logging Provider: org.jboss.logging.Log4j2LoggerProvider
2023-10-19 20:57:46,326 INFO [background-preinit][Version.java:21] - HV000001: Hibernate Validator 6.1.6.Final
2023-10-19 20:57:46,326 INFO [background-preinit][Version.java:21] - HV000001: Hibernate Validator 6.1.6.Final
2023-10-19 20:57:46,338 DEBUG [background-preinit][ValidationXmlParser.java:120] - Trying to load META-INF/validation.xml for XML based Validator configuration.
2023-10-19 20:57:46,338 DEBUG [background-preinit][ValidationXmlParser.java:120] - Trying to load META-INF/validation.xml for XML based Validator configuration.
2023-10-19 20:57:46,343 DEBUG [background-preinit][ResourceLoaderHelper.java:60] - Trying to load META-INF/validation.xml via TCCL
2023-10-19 20:57:46,343 DEBUG [background-preinit][ResourceLoaderHelper.java:60] - Trying to load META-INF/validation.xml via TCCL
2023-10-19 20:57:46,344 DEBUG [background-preinit][ResourceLoaderHelper.java:66] - Trying to load META-INF/validation.xml via Hibernate Validator's class loader
2023-10-19 20:57:46,344 DEBUG [background-preinit][ResourceLoaderHelper.java:66] - Trying to load META-INF/validation.xml via Hibernate Validator's class loader
2023-10-19 20:57:46,345 DEBUG [background-preinit][ValidationXmlParser.java:127] - No META-INF/validation.xml found. Using annotation based configuration only.
2023-10-19 20:57:46,345 DEBUG [background-preinit][ValidationXmlParser.java:127] - No META-INF/validation.xml found. Using annotation based configuration only.
2023-10-19 20:57:46,352 DEBUG [background-preinit][TraversableResolvers.java:60] - Cannot find javax.persistence.Persistence on classpath. Assuming non JPA 2 environment. All properties will per default be traversable.
2023-10-19 20:57:46,352 DEBUG [background-preinit][TraversableResolvers.java:60] - Cannot find javax.persistence.Persistence on classpath. Assuming non JPA 2 environment. All properties will per default be traversable.
2023-10-19 20:57:46,397 DEBUG [background-preinit][ResourceBundleMessageInterpolator.java:172] - Loaded expression factory via original TCCL
2023-10-19 20:57:46,397 DEBUG [background-preinit][ResourceBundleMessageInterpolator.java:172] - Loaded expression factory via original TCCL
2023-10-19 20:57:46,407 INFO [main][StartupInfoLogger.java:55] - Starting CourseCategoryServiceTest on Mrzhang with PID 6948 (started by Administrator in D:\JavaCode\studyOnline\study-online-content\study-online-content-service)
2023-10-19 20:57:46,407 INFO [main][StartupInfoLogger.java:55] - Starting CourseCategoryServiceTest on Mrzhang with PID 6948 (started by Administrator in D:\JavaCode\studyOnline\study-online-content\study-online-content-service)
2023-10-19 20:57:46,409 DEBUG [main][StartupInfoLogger.java:56] - Running with Spring Boot v2.3.7.RELEASE, Spring v5.2.12.RELEASE
2023-10-19 20:57:46,409 DEBUG [main][StartupInfoLogger.java:56] - Running with Spring Boot v2.3.7.RELEASE, Spring v5.2.12.RELEASE
2023-10-19 20:57:46,411 INFO [main][SpringApplication.java:651] - No active profile set, falling back to default profiles: default
2023-10-19 20:57:46,411 INFO [main][SpringApplication.java:651] - No active profile set, falling back to default profiles: default
2023-10-19 20:57:46,678 DEBUG [background-preinit][ValidatorFactoryConfigurationHelper.java:300] - HV000252: Using org.hibernate.validator.internal.engine.DefaultPropertyNodeNameProvider as property node name provider.
2023-10-19 20:57:46,678 DEBUG [background-preinit][ValidatorFactoryConfigurationHelper.java:300] - HV000252: Using org.hibernate.validator.internal.engine.DefaultPropertyNodeNameProvider as property node name provider.
2023-10-19 20:57:46,692 DEBUG [background-preinit][ValidatorFactoryConfigurationHelper.java:375] - HV000234: Using org.hibernate.validator.messageinterpolation.ResourceBundleMessageInterpolator as ValidatorFactory-scoped message interpolator.
2023-10-19 20:57:46,692 DEBUG [background-preinit][ValidatorFactoryConfigurationHelper.java:375] - HV000234: Using org.hibernate.validator.messageinterpolation.ResourceBundleMessageInterpolator as ValidatorFactory-scoped message interpolator.
2023-10-19 20:57:46,692 DEBUG [background-preinit][ValidatorFactoryConfigurationHelper.java:376] - HV000234: Using org.hibernate.validator.internal.engine.resolver.TraverseAllTraversableResolver as ValidatorFactory-scoped traversable resolver.
2023-10-19 20:57:46,692 DEBUG [background-preinit][ValidatorFactoryConfigurationHelper.java:376] - HV000234: Using org.hibernate.validator.internal.engine.resolver.TraverseAllTraversableResolver as ValidatorFactory-scoped traversable resolver.
2023-10-19 20:57:46,693 DEBUG [background-preinit][ValidatorFactoryConfigurationHelper.java:377] - HV000234: Using org.hibernate.validator.internal.util.ExecutableParameterNameProvider as ValidatorFactory-scoped parameter name provider.
2023-10-19 20:57:46,693 DEBUG [background-preinit][ValidatorFactoryConfigurationHelper.java:377] - HV000234: Using org.hibernate.validator.internal.util.ExecutableParameterNameProvider as ValidatorFactory-scoped parameter name provider.
2023-10-19 20:57:46,693 DEBUG [background-preinit][ValidatorFactoryConfigurationHelper.java:378] - HV000234: Using org.hibernate.validator.internal.engine.DefaultClockProvider as ValidatorFactory-scoped clock provider.
2023-10-19 20:57:46,693 DEBUG [background-preinit][ValidatorFactoryConfigurationHelper.java:378] - HV000234: Using org.hibernate.validator.internal.engine.DefaultClockProvider as ValidatorFactory-scoped clock provider.
2023-10-19 20:57:46,694 DEBUG [background-preinit][ValidatorFactoryConfigurationHelper.java:379] - HV000234: Using org.hibernate.validator.internal.engine.scripting.DefaultScriptEvaluatorFactory as ValidatorFactory-scoped script evaluator factory.
2023-10-19 20:57:46,694 DEBUG [background-preinit][ValidatorFactoryConfigurationHelper.java:379] - HV000234: Using org.hibernate.validator.internal.engine.scripting.DefaultScriptEvaluatorFactory as ValidatorFactory-scoped script evaluator factory.
2023-10-19 20:57:47,276 DEBUG [main][LogFactory.java:105] - Logging initialized using 'class org.apache.ibatis.logging.slf4j.Slf4jImpl' adapter.
2023-10-19 20:57:47,276 DEBUG [main][LogFactory.java:105] - Logging initialized using 'class org.apache.ibatis.logging.slf4j.Slf4jImpl' adapter.
2023-10-19 20:57:47,831 DEBUG [main][HikariConfig.java:946] - Driver class com.mysql.cj.jdbc.Driver found in Thread context class loader sun.misc.Launcher$AppClassLoader@18b4aac2
2023-10-19 20:57:47,831 DEBUG [main][HikariConfig.java:946] - Driver class com.mysql.cj.jdbc.Driver found in Thread context class loader sun.misc.Launcher$AppClassLoader@18b4aac2
2023-10-19 20:57:48,001 DEBUG [main][Logger.java:49] - Registered plugin: 'com.baomidou.mybatisplus.extension.plugins.MybatisPlusInterceptor@7b477141'
2023-10-19 20:57:48,001 DEBUG [main][Logger.java:49] - Registered plugin: 'com.baomidou.mybatisplus.extension.plugins.MybatisPlusInterceptor@7b477141'
2023-10-19 20:57:48,007 DEBUG [main][Logger.java:49] - Property 'mapperLocations' was not specified.
2023-10-19 20:57:48,007 DEBUG [main][Logger.java:49] - Property 'mapperLocations' was not specified.
2023-10-19 20:57:49,092 DEBUG [main][MybatisConfiguration.java:128] - addMappedStatement: com.zy.content.mapper.CourseBaseMapper.insert
2023-10-19 20:57:49,092 DEBUG [main][MybatisConfiguration.java:128] - addMappedStatement: com.zy.content.mapper.CourseBaseMapper.insert
2023-10-19 20:57:49,100 DEBUG [main][MybatisConfiguration.java:128] - addMappedStatement: com.zy.content.mapper.CourseBaseMapper.delete
2023-10-19 20:57:49,100 DEBUG [main][MybatisConfiguration.java:128] - addMappedStatement: com.zy.content.mapper.CourseBaseMapper.delete
2023-10-19 20:57:49,106 DEBUG [main][MybatisConfiguration.java:128] - addMappedStatement: com.zy.content.mapper.CourseBaseMapper.deleteByMap
2023-10-19 20:57:49,106 DEBUG [main][MybatisConfiguration.java:128] - addMappedStatement: com.zy.content.mapper.CourseBaseMapper.deleteByMap
2023-10-19 20:57:49,146 DEBUG [main][MybatisConfiguration.java:128] - addMappedStatement: com.zy.content.mapper.CourseBaseMapper.deleteById
2023-10-19 20:57:49,146 DEBUG [main][MybatisConfiguration.java:128] - addMappedStatement: com.zy.content.mapper.CourseBaseMapper.deleteById
2023-10-19 20:57:49,148 DEBUG [main][MybatisConfiguration.java:128] - addMappedStatement: com.zy.content.mapper.CourseBaseMapper.deleteBatchIds
2023-10-19 20:57:49,148 DEBUG [main][MybatisConfiguration.java:128] - addMappedStatement: com.zy.content.mapper.CourseBaseMapper.deleteBatchIds
2023-10-19 20:57:49,157 DEBUG [main][MybatisConfiguration.java:128] - addMappedStatement: com.zy.content.mapper.CourseBaseMapper.update
2023-10-19 20:57:49,157 DEBUG [main][MybatisConfiguration.java:128] - addMappedStatement: com.zy.content.mapper.CourseBaseMapper.update
2023-10-19 20:57:49,161 DEBUG [main][MybatisConfiguration.java:128] - addMappedStatement: com.zy.content.mapper.CourseBaseMapper.updateById
2023-10-19 20:57:49,161 DEBUG [main][MybatisConfiguration.java:128] - addMappedStatement: com.zy.content.mapper.CourseBaseMapper.updateById
2023-10-19 20:57:49,162 DEBUG [main][MybatisConfiguration.java:128] - addMappedStatement: com.zy.content.mapper.CourseBaseMapper.selectById
2023-10-19 20:57:49,162 DEBUG [main][MybatisConfiguration.java:128] - addMappedStatement: com.zy.content.mapper.CourseBaseMapper.selectById
2023-10-19 20:57:49,166 DEBUG [main][MybatisConfiguration.java:128] - addMappedStatement: com.zy.content.mapper.CourseBaseMapper.selectBatchIds
2023-10-19 20:57:49,166 DEBUG [main][MybatisConfiguration.java:128] - addMappedStatement: com.zy.content.mapper.CourseBaseMapper.selectBatchIds
2023-10-19 20:57:49,169 DEBUG [main][MybatisConfiguration.java:128] - addMappedStatement: com.zy.content.mapper.CourseBaseMapper.selectByMap
2023-10-19 20:57:49,169 DEBUG [main][MybatisConfiguration.java:128] - addMappedStatement: com.zy.content.mapper.CourseBaseMapper.selectByMap
2023-10-19 20:57:49,174 DEBUG [main][MybatisConfiguration.java:128] - addMappedStatement: com.zy.content.mapper.CourseBaseMapper.selectOne
2023-10-19 20:57:49,174 DEBUG [main][MybatisConfiguration.java:128] - addMappedStatement: com.zy.content.mapper.CourseBaseMapper.selectOne
2023-10-19 20:57:49,178 DEBUG [main][MybatisConfiguration.java:128] - addMappedStatement: com.zy.content.mapper.CourseBaseMapper.selectCount
2023-10-19 20:57:49,178 DEBUG [main][MybatisConfiguration.java:128] - addMappedStatement: com.zy.content.mapper.CourseBaseMapper.selectCount
2023-10-19 20:57:49,184 DEBUG [main][MybatisConfiguration.java:128] - addMappedStatement: com.zy.content.mapper.CourseBaseMapper.selectMaps
2023-10-19 20:57:49,184 DEBUG [main][MybatisConfiguration.java:128] - addMappedStatement: com.zy.content.mapper.CourseBaseMapper.selectMaps
2023-10-19 20:57:49,190 DEBUG [main][MybatisConfiguration.java:128] - addMappedStatement: com.zy.content.mapper.CourseBaseMapper.selectMapsPage
2023-10-19 20:57:49,190 DEBUG [main][MybatisConfiguration.java:128] - addMappedStatement: com.zy.content.mapper.CourseBaseMapper.selectMapsPage
2023-10-19 20:57:49,194 DEBUG [main][MybatisConfiguration.java:128] - addMappedStatement: com.zy.content.mapper.CourseBaseMapper.selectObjs
2023-10-19 20:57:49,194 DEBUG [main][MybatisConfiguration.java:128] - addMappedStatement: com.zy.content.mapper.CourseBaseMapper.selectObjs
2023-10-19 20:57:49,197 DEBUG [main][MybatisConfiguration.java:128] - addMappedStatement: com.zy.content.mapper.CourseBaseMapper.selectList
2023-10-19 20:57:49,197 DEBUG [main][MybatisConfiguration.java:128] - addMappedStatement: com.zy.content.mapper.CourseBaseMapper.selectList
2023-10-19 20:57:49,200 DEBUG [main][MybatisConfiguration.java:128] - addMappedStatement: com.zy.content.mapper.CourseBaseMapper.selectPage
2023-10-19 20:57:49,200 DEBUG [main][MybatisConfiguration.java:128] - addMappedStatement: com.zy.content.mapper.CourseBaseMapper.selectPage
2023-10-19 20:57:49,218 DEBUG [main][MybatisConfiguration.java:128] - addMappedStatement: com.zy.content.mapper.CourseMarketMapper.insert
2023-10-19 20:57:49,218 DEBUG [main][MybatisConfiguration.java:128] - addMappedStatement: com.zy.content.mapper.CourseMarketMapper.insert
2023-10-19 20:57:49,221 DEBUG [main][MybatisConfiguration.java:128] - addMappedStatement: com.zy.content.mapper.CourseMarketMapper.delete
2023-10-19 20:57:49,221 DEBUG [main][MybatisConfiguration.java:128] - addMappedStatement: com.zy.content.mapper.CourseMarketMapper.delete
2023-10-19 20:57:49,223 DEBUG [main][MybatisConfiguration.java:128] - addMappedStatement: com.zy.content.mapper.CourseMarketMapper.deleteByMap
2023-10-19 20:57:49,223 DEBUG [main][MybatisConfiguration.java:128] - addMappedStatement: com.zy.content.mapper.CourseMarketMapper.deleteByMap
2023-10-19 20:57:49,225 DEBUG [main][MybatisConfiguration.java:128] - addMappedStatement: com.zy.content.mapper.CourseMarketMapper.deleteById
2023-10-19 20:57:49,225 DEBUG [main][MybatisConfiguration.java:128] - addMappedStatement: com.zy.content.mapper.CourseMarketMapper.deleteById
2023-10-19 20:57:49,227 DEBUG [main][MybatisConfiguration.java:128] - addMappedStatement: com.zy.content.mapper.CourseMarketMapper.deleteBatchIds
2023-10-19 20:57:49,227 DEBUG [main][MybatisConfiguration.java:128] - addMappedStatement: com.zy.content.mapper.CourseMarketMapper.deleteBatchIds
2023-10-19 20:57:49,230 DEBUG [main][MybatisConfiguration.java:128] - addMappedStatement: com.zy.content.mapper.CourseMarketMapper.update
2023-10-19 20:57:49,230 DEBUG [main][MybatisConfiguration.java:128] - addMappedStatement: com.zy.content.mapper.CourseMarketMapper.update
2023-10-19 20:57:49,233 DEBUG [main][MybatisConfiguration.java:128] - addMappedStatement: com.zy.content.mapper.CourseMarketMapper.updateById
2023-10-19 20:57:49,233 DEBUG [main][MybatisConfiguration.java:128] - addMappedStatement: com.zy.content.mapper.CourseMarketMapper.updateById
2023-10-19 20:57:49,234 DEBUG [main][MybatisConfiguration.java:128] - addMappedStatement: com.zy.content.mapper.CourseMarketMapper.selectById
2023-10-19 20:57:49,234 DEBUG [main][MybatisConfiguration.java:128] - addMappedStatement: com.zy.content.mapper.CourseMarketMapper.selectById
2023-10-19 20:57:49,236 DEBUG [main][MybatisConfiguration.java:128] - addMappedStatement: com.zy.content.mapper.CourseMarketMapper.selectBatchIds
2023-10-19 20:57:49,236 DEBUG [main][MybatisConfiguration.java:128] - addMappedStatement: com.zy.content.mapper.CourseMarketMapper.selectBatchIds
2023-10-19 20:57:49,238 DEBUG [main][MybatisConfiguration.java:128] - addMappedStatement: com.zy.content.mapper.CourseMarketMapper.selectByMap
2023-10-19 20:57:49,238 DEBUG [main][MybatisConfiguration.java:128] - addMappedStatement: com.zy.content.mapper.CourseMarketMapper.selectByMap
2023-10-19 20:57:49,241 DEBUG [main][MybatisConfiguration.java:128] - addMappedStatement: com.zy.content.mapper.CourseMarketMapper.selectOne
2023-10-19 20:57:49,241 DEBUG [main][MybatisConfiguration.java:128] - addMappedStatement: com.zy.content.mapper.CourseMarketMapper.selectOne
2023-10-19 20:57:49,244 DEBUG [main][MybatisConfiguration.java:128] - addMappedStatement: com.zy.content.mapper.CourseMarketMapper.selectCount
2023-10-19 20:57:49,244 DEBUG [main][MybatisConfiguration.java:128] - addMappedStatement: com.zy.content.mapper.CourseMarketMapper.selectCount
2023-10-19 20:57:49,247 DEBUG [main][MybatisConfiguration.java:128] - addMappedStatement: com.zy.content.mapper.CourseMarketMapper.selectMaps
2023-10-19 20:57:49,247 DEBUG [main][MybatisConfiguration.java:128] - addMappedStatement: com.zy.content.mapper.CourseMarketMapper.selectMaps
2023-10-19 20:57:49,249 DEBUG [main][MybatisConfiguration.java:128] - addMappedStatement: com.zy.content.mapper.CourseMarketMapper.selectMapsPage
2023-10-19 20:57:49,249 DEBUG [main][MybatisConfiguration.java:128] - addMappedStatement: com.zy.content.mapper.CourseMarketMapper.selectMapsPage
2023-10-19 20:57:49,251 DEBUG [main][MybatisConfiguration.java:128] - addMappedStatement: com.zy.content.mapper.CourseMarketMapper.selectObjs
2023-10-19 20:57:49,251 DEBUG [main][MybatisConfiguration.java:128] - addMappedStatement: com.zy.content.mapper.CourseMarketMapper.selectObjs
2023-10-19 20:57:49,255 DEBUG [main][MybatisConfiguration.java:128] - addMappedStatement: com.zy.content.mapper.CourseMarketMapper.selectList
2023-10-19 20:57:49,255 DEBUG [main][MybatisConfiguration.java:128] - addMappedStatement: com.zy.content.mapper.CourseMarketMapper.selectList
2023-10-19 20:57:49,257 DEBUG [main][MybatisConfiguration.java:128] - addMappedStatement: com.zy.content.mapper.CourseMarketMapper.selectPage
2023-10-19 20:57:49,257 DEBUG [main][MybatisConfiguration.java:128] - addMappedStatement: com.zy.content.mapper.CourseMarketMapper.selectPage
2023-10-19 20:57:49,273 DEBUG [main][MybatisConfiguration.java:128] - addMappedStatement: com.zy.content.mapper.CourseCategoryMapper.selectTreeNodes
2023-10-19 20:57:49,273 DEBUG [main][MybatisConfiguration.java:128] - addMappedStatement: com.zy.content.mapper.CourseCategoryMapper.selectTreeNodes
2023-10-19 20:57:49,276 DEBUG [main][MybatisConfiguration.java:128] - addMappedStatement: com.zy.content.mapper.CourseCategoryMapper.insert
2023-10-19 20:57:49,276 DEBUG [main][MybatisConfiguration.java:128] - addMappedStatement: com.zy.content.mapper.CourseCategoryMapper.insert
2023-10-19 20:57:49,278 DEBUG [main][MybatisConfiguration.java:128] - addMappedStatement: com.zy.content.mapper.CourseCategoryMapper.delete
2023-10-19 20:57:49,278 DEBUG [main][MybatisConfiguration.java:128] - addMappedStatement: com.zy.content.mapper.CourseCategoryMapper.delete
2023-10-19 20:57:49,280 DEBUG [main][MybatisConfiguration.java:128] - addMappedStatement: com.zy.content.mapper.CourseCategoryMapper.deleteByMap
2023-10-19 20:57:49,280 DEBUG [main][MybatisConfiguration.java:128] - addMappedStatement: com.zy.content.mapper.CourseCategoryMapper.deleteByMap
2023-10-19 20:57:49,281 DEBUG [main][MybatisConfiguration.java:128] - addMappedStatement: com.zy.content.mapper.CourseCategoryMapper.deleteById
2023-10-19 20:57:49,281 DEBUG [main][MybatisConfiguration.java:128] - addMappedStatement: com.zy.content.mapper.CourseCategoryMapper.deleteById
2023-10-19 20:57:49,283 DEBUG [main][MybatisConfiguration.java:128] - addMappedStatement: com.zy.content.mapper.CourseCategoryMapper.deleteBatchIds
2023-10-19 20:57:49,283 DEBUG [main][MybatisConfiguration.java:128] - addMappedStatement: com.zy.content.mapper.CourseCategoryMapper.deleteBatchIds
2023-10-19 20:57:49,285 DEBUG [main][MybatisConfiguration.java:128] - addMappedStatement: com.zy.content.mapper.CourseCategoryMapper.update
2023-10-19 20:57:49,285 DEBUG [main][MybatisConfiguration.java:128] - addMappedStatement: com.zy.content.mapper.CourseCategoryMapper.update
2023-10-19 20:57:49,288 DEBUG [main][MybatisConfiguration.java:128] - addMappedStatement: com.zy.content.mapper.CourseCategoryMapper.updateById
2023-10-19 20:57:49,288 DEBUG [main][MybatisConfiguration.java:128] - addMappedStatement: com.zy.content.mapper.CourseCategoryMapper.updateById
2023-10-19 20:57:49,288 DEBUG [main][MybatisConfiguration.java:128] - addMappedStatement: com.zy.content.mapper.CourseCategoryMapper.selectById
2023-10-19 20:57:49,288 DEBUG [main][MybatisConfiguration.java:128] - addMappedStatement: com.zy.content.mapper.CourseCategoryMapper.selectById
2023-10-19 20:57:49,290 DEBUG [main][MybatisConfiguration.java:128] - addMappedStatement: com.zy.content.mapper.CourseCategoryMapper.selectBatchIds
2023-10-19 20:57:49,290 DEBUG [main][MybatisConfiguration.java:128] - addMappedStatement: com.zy.content.mapper.CourseCategoryMapper.selectBatchIds
2023-10-19 20:57:49,292 DEBUG [main][MybatisConfiguration.java:128] - addMappedStatement: com.zy.content.mapper.CourseCategoryMapper.selectByMap
2023-10-19 20:57:49,292 DEBUG [main][MybatisConfiguration.java:128] - addMappedStatement: com.zy.content.mapper.CourseCategoryMapper.selectByMap
2023-10-19 20:57:49,295 DEBUG [main][MybatisConfiguration.java:128] - addMappedStatement: com.zy.content.mapper.CourseCategoryMapper.selectOne
2023-10-19 20:57:49,295 DEBUG [main][MybatisConfiguration.java:128] - addMappedStatement: com.zy.content.mapper.CourseCategoryMapper.selectOne
2023-10-19 20:57:49,298 DEBUG [main][MybatisConfiguration.java:128] - addMappedStatement: com.zy.content.mapper.CourseCategoryMapper.selectCount
2023-10-19 20:57:49,298 DEBUG [main][MybatisConfiguration.java:128] - addMappedStatement: com.zy.content.mapper.CourseCategoryMapper.selectCount
2023-10-19 20:57:49,300 DEBUG [main][MybatisConfiguration.java:128] - addMappedStatement: com.zy.content.mapper.CourseCategoryMapper.selectMaps
2023-10-19 20:57:49,300 DEBUG [main][MybatisConfiguration.java:128] - addMappedStatement: com.zy.content.mapper.CourseCategoryMapper.selectMaps
2023-10-19 20:57:49,302 DEBUG [main][MybatisConfiguration.java:128] - addMappedStatement: com.zy.content.mapper.CourseCategoryMapper.selectMapsPage
2023-10-19 20:57:49,302 DEBUG [main][MybatisConfiguration.java:128] - addMappedStatement: com.zy.content.mapper.CourseCategoryMapper.selectMapsPage
2023-10-19 20:57:49,305 DEBUG [main][MybatisConfiguration.java:128] - addMappedStatement: com.zy.content.mapper.CourseCategoryMapper.selectObjs
2023-10-19 20:57:49,305 DEBUG [main][MybatisConfiguration.java:128] - addMappedStatement: com.zy.content.mapper.CourseCategoryMapper.selectObjs
2023-10-19 20:57:49,308 DEBUG [main][MybatisConfiguration.java:128] - addMappedStatement: com.zy.content.mapper.CourseCategoryMapper.selectList
2023-10-19 20:57:49,308 DEBUG [main][MybatisConfiguration.java:128] - addMappedStatement: com.zy.content.mapper.CourseCategoryMapper.selectList
2023-10-19 20:57:49,310 DEBUG [main][MybatisConfiguration.java:128] - addMappedStatement: com.zy.content.mapper.CourseCategoryMapper.selectPage
2023-10-19 20:57:49,310 DEBUG [main][MybatisConfiguration.java:128] - addMappedStatement: com.zy.content.mapper.CourseCategoryMapper.selectPage
2023-10-19 20:57:49,458 DEBUG [main][ResourceBundleMessageInterpolator.java:172] - Loaded expression factory via original TCCL
2023-10-19 20:57:49,458 DEBUG [main][ResourceBundleMessageInterpolator.java:172] - Loaded expression factory via original TCCL
2023-10-19 20:57:49,476 DEBUG [main][AbstractConfigurationImpl.java:171] - Setting custom MessageInterpolator of type org.springframework.validation.beanvalidation.LocaleContextMessageInterpolator
2023-10-19 20:57:49,476 DEBUG [main][AbstractConfigurationImpl.java:171] - Setting custom MessageInterpolator of type org.springframework.validation.beanvalidation.LocaleContextMessageInterpolator
2023-10-19 20:57:49,477 DEBUG [main][AbstractConfigurationImpl.java:203] - Setting custom ConstraintValidatorFactory of type org.springframework.validation.beanvalidation.SpringConstraintValidatorFactory
2023-10-19 20:57:49,477 DEBUG [main][AbstractConfigurationImpl.java:203] - Setting custom ConstraintValidatorFactory of type org.springframework.validation.beanvalidation.SpringConstraintValidatorFactory
2023-10-19 20:57:49,479 DEBUG [main][AbstractConfigurationImpl.java:217] - Setting custom ParameterNameProvider of type org.springframework.validation.beanvalidation.LocalValidatorFactoryBean$1
2023-10-19 20:57:49,479 DEBUG [main][AbstractConfigurationImpl.java:217] - Setting custom ParameterNameProvider of type org.springframework.validation.beanvalidation.LocalValidatorFactoryBean$1
2023-10-19 20:57:49,481 DEBUG [main][ValidationXmlParser.java:120] - Trying to load META-INF/validation.xml for XML based Validator configuration.
2023-10-19 20:57:49,481 DEBUG [main][ValidationXmlParser.java:120] - Trying to load META-INF/validation.xml for XML based Validator configuration.
2023-10-19 20:57:49,482 DEBUG [main][ResourceLoaderHelper.java:53] - Trying to load META-INF/validation.xml via user class loader
2023-10-19 20:57:49,482 DEBUG [main][ResourceLoaderHelper.java:53] - Trying to load META-INF/validation.xml via user class loader
2023-10-19 20:57:49,483 DEBUG [main][ResourceLoaderHelper.java:60] - Trying to load META-INF/validation.xml via TCCL
2023-10-19 20:57:49,483 DEBUG [main][ResourceLoaderHelper.java:60] - Trying to load META-INF/validation.xml via TCCL
2023-10-19 20:57:49,484 DEBUG [main][ResourceLoaderHelper.java:66] - Trying to load META-INF/validation.xml via Hibernate Validator's class loader
2023-10-19 20:57:49,486 DEBUG [main][ValidationXmlParser.java:127] - No META-INF/validation.xml found. Using annotation based configuration only.
2023-10-19 20:57:49,484 DEBUG [main][ResourceLoaderHelper.java:66] - Trying to load META-INF/validation.xml via Hibernate Validator's class loader
2023-10-19 20:57:49,486 DEBUG [main][ValidationXmlParser.java:127] - No META-INF/validation.xml found. Using annotation based configuration only.
2023-10-19 20:57:49,489 DEBUG [main][TraversableResolvers.java:60] - Cannot find javax.persistence.Persistence on classpath. Assuming non JPA 2 environment. All properties will per default be traversable.
2023-10-19 20:57:49,489 DEBUG [main][TraversableResolvers.java:60] - Cannot find javax.persistence.Persistence on classpath. Assuming non JPA 2 environment. All properties will per default be traversable.
2023-10-19 20:57:49,492 DEBUG [main][ValidatorFactoryConfigurationHelper.java:300] - HV000252: Using org.hibernate.validator.internal.engine.DefaultPropertyNodeNameProvider as property node name provider.
2023-10-19 20:57:49,492 DEBUG [main][ValidatorFactoryConfigurationHelper.java:300] - HV000252: Using org.hibernate.validator.internal.engine.DefaultPropertyNodeNameProvider as property node name provider.
2023-10-19 20:57:49,493 DEBUG [main][ValidatorFactoryConfigurationHelper.java:375] - HV000234: Using org.springframework.validation.beanvalidation.LocaleContextMessageInterpolator as ValidatorFactory-scoped message interpolator.
2023-10-19 20:57:49,493 DEBUG [main][ValidatorFactoryConfigurationHelper.java:375] - HV000234: Using org.springframework.validation.beanvalidation.LocaleContextMessageInterpolator as ValidatorFactory-scoped message interpolator.
2023-10-19 20:57:49,494 DEBUG [main][ValidatorFactoryConfigurationHelper.java:376] - HV000234: Using org.hibernate.validator.internal.engine.resolver.TraverseAllTraversableResolver as ValidatorFactory-scoped traversable resolver.
2023-10-19 20:57:49,494 DEBUG [main][ValidatorFactoryConfigurationHelper.java:376] - HV000234: Using org.hibernate.validator.internal.engine.resolver.TraverseAllTraversableResolver as ValidatorFactory-scoped traversable resolver.
2023-10-19 20:57:49,494 DEBUG [main][ValidatorFactoryConfigurationHelper.java:377] - HV000234: Using org.hibernate.validator.internal.util.ExecutableParameterNameProvider as ValidatorFactory-scoped parameter name provider.
2023-10-19 20:57:49,494 DEBUG [main][ValidatorFactoryConfigurationHelper.java:377] - HV000234: Using org.hibernate.validator.internal.util.ExecutableParameterNameProvider as ValidatorFactory-scoped parameter name provider.
2023-10-19 20:57:49,495 DEBUG [main][ValidatorFactoryConfigurationHelper.java:378] - HV000234: Using org.hibernate.validator.internal.engine.DefaultClockProvider as ValidatorFactory-scoped clock provider.
2023-10-19 20:57:49,495 DEBUG [main][ValidatorFactoryConfigurationHelper.java:378] - HV000234: Using org.hibernate.validator.internal.engine.DefaultClockProvider as ValidatorFactory-scoped clock provider.
2023-10-19 20:57:49,495 DEBUG [main][ValidatorFactoryConfigurationHelper.java:379] - HV000234: Using org.hibernate.validator.internal.engine.scripting.DefaultScriptEvaluatorFactory as ValidatorFactory-scoped script evaluator factory.
2023-10-19 20:57:49,495 DEBUG [main][ValidatorFactoryConfigurationHelper.java:379] - HV000234: Using org.hibernate.validator.internal.engine.scripting.DefaultScriptEvaluatorFactory as ValidatorFactory-scoped script evaluator factory.
2023-10-19 20:57:49,889 DEBUG [main][MybatisConfiguration.java:128] - addMappedStatement: com.zy.content.mapper.CoursePublishMapper.insert
2023-10-19 20:57:49,889 DEBUG [main][MybatisConfiguration.java:128] - addMappedStatement: com.zy.content.mapper.CoursePublishMapper.insert
2023-10-19 20:57:49,892 DEBUG [main][MybatisConfiguration.java:128] - addMappedStatement: com.zy.content.mapper.CoursePublishMapper.delete
2023-10-19 20:57:49,892 DEBUG [main][MybatisConfiguration.java:128] - addMappedStatement: com.zy.content.mapper.CoursePublishMapper.delete
2023-10-19 20:57:49,894 DEBUG [main][MybatisConfiguration.java:128] - addMappedStatement: com.zy.content.mapper.CoursePublishMapper.deleteByMap
2023-10-19 20:57:49,894 DEBUG [main][MybatisConfiguration.java:128] - addMappedStatement: com.zy.content.mapper.CoursePublishMapper.deleteByMap
2023-10-19 20:57:49,896 DEBUG [main][MybatisConfiguration.java:128] - addMappedStatement: com.zy.content.mapper.CoursePublishMapper.deleteById
2023-10-19 20:57:49,896 DEBUG [main][MybatisConfiguration.java:128] - addMappedStatement: com.zy.content.mapper.CoursePublishMapper.deleteById
2023-10-19 20:57:49,899 DEBUG [main][MybatisConfiguration.java:128] - addMappedStatement: com.zy.content.mapper.CoursePublishMapper.deleteBatchIds
2023-10-19 20:57:49,899 DEBUG [main][MybatisConfiguration.java:128] - addMappedStatement: com.zy.content.mapper.CoursePublishMapper.deleteBatchIds
2023-10-19 20:57:49,902 DEBUG [main][MybatisConfiguration.java:128] - addMappedStatement: com.zy.content.mapper.CoursePublishMapper.update
2023-10-19 20:57:49,902 DEBUG [main][MybatisConfiguration.java:128] - addMappedStatement: com.zy.content.mapper.CoursePublishMapper.update
2023-10-19 20:57:49,905 DEBUG [main][MybatisConfiguration.java:128] - addMappedStatement: com.zy.content.mapper.CoursePublishMapper.updateById
2023-10-19 20:57:49,905 DEBUG [main][MybatisConfiguration.java:128] - addMappedStatement: com.zy.content.mapper.CoursePublishMapper.updateById
2023-10-19 20:57:49,906 DEBUG [main][MybatisConfiguration.java:128] - addMappedStatement: com.zy.content.mapper.CoursePublishMapper.selectById
2023-10-19 20:57:49,906 DEBUG [main][MybatisConfiguration.java:128] - addMappedStatement: com.zy.content.mapper.CoursePublishMapper.selectById
2023-10-19 20:57:49,907 DEBUG [main][MybatisConfiguration.java:128] - addMappedStatement: com.zy.content.mapper.CoursePublishMapper.selectBatchIds
2023-10-19 20:57:49,907 DEBUG [main][MybatisConfiguration.java:128] - addMappedStatement: com.zy.content.mapper.CoursePublishMapper.selectBatchIds
2023-10-19 20:57:49,910 DEBUG [main][MybatisConfiguration.java:128] - addMappedStatement: com.zy.content.mapper.CoursePublishMapper.selectByMap
2023-10-19 20:57:49,910 DEBUG [main][MybatisConfiguration.java:128] - addMappedStatement: com.zy.content.mapper.CoursePublishMapper.selectByMap
2023-10-19 20:57:49,913 DEBUG [main][MybatisConfiguration.java:128] - addMappedStatement: com.zy.content.mapper.CoursePublishMapper.selectOne
2023-10-19 20:57:49,913 DEBUG [main][MybatisConfiguration.java:128] - addMappedStatement: com.zy.content.mapper.CoursePublishMapper.selectOne
2023-10-19 20:57:49,916 DEBUG [main][MybatisConfiguration.java:128] - addMappedStatement: com.zy.content.mapper.CoursePublishMapper.selectCount
2023-10-19 20:57:49,916 DEBUG [main][MybatisConfiguration.java:128] - addMappedStatement: com.zy.content.mapper.CoursePublishMapper.selectCount
2023-10-19 20:57:49,919 DEBUG [main][MybatisConfiguration.java:128] - addMappedStatement: com.zy.content.mapper.CoursePublishMapper.selectMaps
2023-10-19 20:57:49,919 DEBUG [main][MybatisConfiguration.java:128] - addMappedStatement: com.zy.content.mapper.CoursePublishMapper.selectMaps
2023-10-19 20:57:49,922 DEBUG [main][MybatisConfiguration.java:128] - addMappedStatement: com.zy.content.mapper.CoursePublishMapper.selectMapsPage
2023-10-19 20:57:49,922 DEBUG [main][MybatisConfiguration.java:128] - addMappedStatement: com.zy.content.mapper.CoursePublishMapper.selectMapsPage
2023-10-19 20:57:49,925 DEBUG [main][MybatisConfiguration.java:128] - addMappedStatement: com.zy.content.mapper.CoursePublishMapper.selectObjs
2023-10-19 20:57:49,925 DEBUG [main][MybatisConfiguration.java:128] - addMappedStatement: com.zy.content.mapper.CoursePublishMapper.selectObjs
2023-10-19 20:57:49,929 DEBUG [main][MybatisConfiguration.java:128] - addMappedStatement: com.zy.content.mapper.CoursePublishMapper.selectList
2023-10-19 20:57:49,929 DEBUG [main][MybatisConfiguration.java:128] - addMappedStatement: com.zy.content.mapper.CoursePublishMapper.selectList
2023-10-19 20:57:49,932 DEBUG [main][MybatisConfiguration.java:128] - addMappedStatement: com.zy.content.mapper.CoursePublishMapper.selectPage
2023-10-19 20:57:49,932 DEBUG [main][MybatisConfiguration.java:128] - addMappedStatement: com.zy.content.mapper.CoursePublishMapper.selectPage
2023-10-19 20:57:49,948 DEBUG [main][MybatisConfiguration.java:128] - addMappedStatement: com.zy.content.mapper.CoursePublishPreMapper.insert
2023-10-19 20:57:49,948 DEBUG [main][MybatisConfiguration.java:128] - addMappedStatement: com.zy.content.mapper.CoursePublishPreMapper.insert
2023-10-19 20:57:49,951 DEBUG [main][MybatisConfiguration.java:128] - addMappedStatement: com.zy.content.mapper.CoursePublishPreMapper.delete
2023-10-19 20:57:49,951 DEBUG [main][MybatisConfiguration.java:128] - addMappedStatement: com.zy.content.mapper.CoursePublishPreMapper.delete
2023-10-19 20:57:49,954 DEBUG [main][MybatisConfiguration.java:128] - addMappedStatement: com.zy.content.mapper.CoursePublishPreMapper.deleteByMap
2023-10-19 20:57:49,954 DEBUG [main][MybatisConfiguration.java:128] - addMappedStatement: com.zy.content.mapper.CoursePublishPreMapper.deleteByMap
2023-10-19 20:57:49,956 DEBUG [main][MybatisConfiguration.java:128] - addMappedStatement: com.zy.content.mapper.CoursePublishPreMapper.deleteById
2023-10-19 20:57:49,956 DEBUG [main][MybatisConfiguration.java:128] - addMappedStatement: com.zy.content.mapper.CoursePublishPreMapper.deleteById
2023-10-19 20:57:49,958 DEBUG [main][MybatisConfiguration.java:128] - addMappedStatement: com.zy.content.mapper.CoursePublishPreMapper.deleteBatchIds
2023-10-19 20:57:49,958 DEBUG [main][MybatisConfiguration.java:128] - addMappedStatement: com.zy.content.mapper.CoursePublishPreMapper.deleteBatchIds
2023-10-19 20:57:49,961 DEBUG [main][MybatisConfiguration.java:128] - addMappedStatement: com.zy.content.mapper.CoursePublishPreMapper.update
2023-10-19 20:57:49,961 DEBUG [main][MybatisConfiguration.java:128] - addMappedStatement: com.zy.content.mapper.CoursePublishPreMapper.update
2023-10-19 20:57:49,963 DEBUG [main][MybatisConfiguration.java:128] - addMappedStatement: com.zy.content.mapper.CoursePublishPreMapper.updateById
2023-10-19 20:57:49,963 DEBUG [main][MybatisConfiguration.java:128] - addMappedStatement: com.zy.content.mapper.CoursePublishPreMapper.updateById
2023-10-19 20:57:49,964 DEBUG [main][MybatisConfiguration.java:128] - addMappedStatement: com.zy.content.mapper.CoursePublishPreMapper.selectById
2023-10-19 20:57:49,964 DEBUG [main][MybatisConfiguration.java:128] - addMappedStatement: com.zy.content.mapper.CoursePublishPreMapper.selectById
2023-10-19 20:57:49,966 DEBUG [main][MybatisConfiguration.java:128] - addMappedStatement: com.zy.content.mapper.CoursePublishPreMapper.selectBatchIds
2023-10-19 20:57:49,966 DEBUG [main][MybatisConfiguration.java:128] - addMappedStatement: com.zy.content.mapper.CoursePublishPreMapper.selectBatchIds
2023-10-19 20:57:49,968 DEBUG [main][MybatisConfiguration.java:128] - addMappedStatement: com.zy.content.mapper.CoursePublishPreMapper.selectByMap
2023-10-19 20:57:49,968 DEBUG [main][MybatisConfiguration.java:128] - addMappedStatement: com.zy.content.mapper.CoursePublishPreMapper.selectByMap
2023-10-19 20:57:49,972 DEBUG [main][MybatisConfiguration.java:128] - addMappedStatement: com.zy.content.mapper.CoursePublishPreMapper.selectOne
2023-10-19 20:57:49,972 DEBUG [main][MybatisConfiguration.java:128] - addMappedStatement: com.zy.content.mapper.CoursePublishPreMapper.selectOne
2023-10-19 20:57:49,975 DEBUG [main][MybatisConfiguration.java:128] - addMappedStatement: com.zy.content.mapper.CoursePublishPreMapper.selectCount
2023-10-19 20:57:49,975 DEBUG [main][MybatisConfiguration.java:128] - addMappedStatement: com.zy.content.mapper.CoursePublishPreMapper.selectCount
2023-10-19 20:57:49,978 DEBUG [main][MybatisConfiguration.java:128] - addMappedStatement: com.zy.content.mapper.CoursePublishPreMapper.selectMaps
2023-10-19 20:57:49,978 DEBUG [main][MybatisConfiguration.java:128] - addMappedStatement: com.zy.content.mapper.CoursePublishPreMapper.selectMaps
2023-10-19 20:57:49,982 DEBUG [main][MybatisConfiguration.java:128] - addMappedStatement: com.zy.content.mapper.CoursePublishPreMapper.selectMapsPage
2023-10-19 20:57:49,982 DEBUG [main][MybatisConfiguration.java:128] - addMappedStatement: com.zy.content.mapper.CoursePublishPreMapper.selectMapsPage
2023-10-19 20:57:49,985 DEBUG [main][MybatisConfiguration.java:128] - addMappedStatement: com.zy.content.mapper.CoursePublishPreMapper.selectObjs
2023-10-19 20:57:49,985 DEBUG [main][MybatisConfiguration.java:128] - addMappedStatement: com.zy.content.mapper.CoursePublishPreMapper.selectObjs
2023-10-19 20:57:49,988 DEBUG [main][MybatisConfiguration.java:128] - addMappedStatement: com.zy.content.mapper.CoursePublishPreMapper.selectList
2023-10-19 20:57:49,988 DEBUG [main][MybatisConfiguration.java:128] - addMappedStatement: com.zy.content.mapper.CoursePublishPreMapper.selectList
2023-10-19 20:57:49,992 DEBUG [main][MybatisConfiguration.java:128] - addMappedStatement: com.zy.content.mapper.CoursePublishPreMapper.selectPage
2023-10-19 20:57:49,992 DEBUG [main][MybatisConfiguration.java:128] - addMappedStatement: com.zy.content.mapper.CoursePublishPreMapper.selectPage
2023-10-19 20:57:50,004 DEBUG [main][MybatisConfiguration.java:128] - addMappedStatement: com.zy.content.mapper.CourseTeacherMapper.insert
2023-10-19 20:57:50,004 DEBUG [main][MybatisConfiguration.java:128] - addMappedStatement: com.zy.content.mapper.CourseTeacherMapper.insert
2023-10-19 20:57:50,007 DEBUG [main][MybatisConfiguration.java:128] - addMappedStatement: com.zy.content.mapper.CourseTeacherMapper.delete
2023-10-19 20:57:50,007 DEBUG [main][MybatisConfiguration.java:128] - addMappedStatement: com.zy.content.mapper.CourseTeacherMapper.delete
2023-10-19 20:57:50,010 DEBUG [main][MybatisConfiguration.java:128] - addMappedStatement: com.zy.content.mapper.CourseTeacherMapper.deleteByMap
2023-10-19 20:57:50,010 DEBUG [main][MybatisConfiguration.java:128] - addMappedStatement: com.zy.content.mapper.CourseTeacherMapper.deleteByMap
2023-10-19 20:57:50,012 DEBUG [main][MybatisConfiguration.java:128] - addMappedStatement: com.zy.content.mapper.CourseTeacherMapper.deleteById
2023-10-19 20:57:50,012 DEBUG [main][MybatisConfiguration.java:128] - addMappedStatement: com.zy.content.mapper.CourseTeacherMapper.deleteById
2023-10-19 20:57:50,014 DEBUG [main][MybatisConfiguration.java:128] - addMappedStatement: com.zy.content.mapper.CourseTeacherMapper.deleteBatchIds
2023-10-19 20:57:50,014 DEBUG [main][MybatisConfiguration.java:128] - addMappedStatement: com.zy.content.mapper.CourseTeacherMapper.deleteBatchIds
2023-10-19 20:57:50,017 DEBUG [main][MybatisConfiguration.java:128] - addMappedStatement: com.zy.content.mapper.CourseTeacherMapper.update
2023-10-19 20:57:50,017 DEBUG [main][MybatisConfiguration.java:128] - addMappedStatement: com.zy.content.mapper.CourseTeacherMapper.update
2023-10-19 20:57:50,019 DEBUG [main][MybatisConfiguration.java:128] - addMappedStatement: com.zy.content.mapper.CourseTeacherMapper.updateById
2023-10-19 20:57:50,019 DEBUG [main][MybatisConfiguration.java:128] - addMappedStatement: com.zy.content.mapper.CourseTeacherMapper.updateById
2023-10-19 20:57:50,020 DEBUG [main][MybatisConfiguration.java:128] - addMappedStatement: com.zy.content.mapper.CourseTeacherMapper.selectById
2023-10-19 20:57:50,020 DEBUG [main][MybatisConfiguration.java:128] - addMappedStatement: com.zy.content.mapper.CourseTeacherMapper.selectById
2023-10-19 20:57:50,022 DEBUG [main][MybatisConfiguration.java:128] - addMappedStatement: com.zy.content.mapper.CourseTeacherMapper.selectBatchIds
2023-10-19 20:57:50,022 DEBUG [main][MybatisConfiguration.java:128] - addMappedStatement: com.zy.content.mapper.CourseTeacherMapper.selectBatchIds
2023-10-19 20:57:50,025 DEBUG [main][MybatisConfiguration.java:128] - addMappedStatement: com.zy.content.mapper.CourseTeacherMapper.selectByMap
2023-10-19 20:57:50,025 DEBUG [main][MybatisConfiguration.java:128] - addMappedStatement: com.zy.content.mapper.CourseTeacherMapper.selectByMap
2023-10-19 20:57:50,027 DEBUG [main][MybatisConfiguration.java:128] - addMappedStatement: com.zy.content.mapper.CourseTeacherMapper.selectOne
2023-10-19 20:57:50,027 DEBUG [main][MybatisConfiguration.java:128] - addMappedStatement: com.zy.content.mapper.CourseTeacherMapper.selectOne
2023-10-19 20:57:50,029 DEBUG [main][MybatisConfiguration.java:128] - addMappedStatement: com.zy.content.mapper.CourseTeacherMapper.selectCount
2023-10-19 20:57:50,029 DEBUG [main][MybatisConfiguration.java:128] - addMappedStatement: com.zy.content.mapper.CourseTeacherMapper.selectCount
2023-10-19 20:57:50,032 DEBUG [main][MybatisConfiguration.java:128] - addMappedStatement: com.zy.content.mapper.CourseTeacherMapper.selectMaps
2023-10-19 20:57:50,032 DEBUG [main][MybatisConfiguration.java:128] - addMappedStatement: com.zy.content.mapper.CourseTeacherMapper.selectMaps
2023-10-19 20:57:50,035 DEBUG [main][MybatisConfiguration.java:128] - addMappedStatement: com.zy.content.mapper.CourseTeacherMapper.selectMapsPage
2023-10-19 20:57:50,035 DEBUG [main][MybatisConfiguration.java:128] - addMappedStatement: com.zy.content.mapper.CourseTeacherMapper.selectMapsPage
2023-10-19 20:57:50,039 DEBUG [main][MybatisConfiguration.java:128] - addMappedStatement: com.zy.content.mapper.CourseTeacherMapper.selectObjs
2023-10-19 20:57:50,039 DEBUG [main][MybatisConfiguration.java:128] - addMappedStatement: com.zy.content.mapper.CourseTeacherMapper.selectObjs
2023-10-19 20:57:50,042 DEBUG [main][MybatisConfiguration.java:128] - addMappedStatement: com.zy.content.mapper.CourseTeacherMapper.selectList
2023-10-19 20:57:50,042 DEBUG [main][MybatisConfiguration.java:128] - addMappedStatement: com.zy.content.mapper.CourseTeacherMapper.selectList
2023-10-19 20:57:50,045 DEBUG [main][MybatisConfiguration.java:128] - addMappedStatement: com.zy.content.mapper.CourseTeacherMapper.selectPage
2023-10-19 20:57:50,045 DEBUG [main][MybatisConfiguration.java:128] - addMappedStatement: com.zy.content.mapper.CourseTeacherMapper.selectPage
2023-10-19 20:57:50,061 DEBUG [main][MybatisConfiguration.java:128] - addMappedStatement: com.zy.content.mapper.TeachplanMapper.insert
2023-10-19 20:57:50,061 DEBUG [main][MybatisConfiguration.java:128] - addMappedStatement: com.zy.content.mapper.TeachplanMapper.insert
2023-10-19 20:57:50,065 DEBUG [main][MybatisConfiguration.java:128] - addMappedStatement: com.zy.content.mapper.TeachplanMapper.delete
2023-10-19 20:57:50,065 DEBUG [main][MybatisConfiguration.java:128] - addMappedStatement: com.zy.content.mapper.TeachplanMapper.delete
2023-10-19 20:57:50,071 DEBUG [main][MybatisConfiguration.java:128] - addMappedStatement: com.zy.content.mapper.TeachplanMapper.deleteByMap
2023-10-19 20:57:50,071 DEBUG [main][MybatisConfiguration.java:128] - addMappedStatement: com.zy.content.mapper.TeachplanMapper.deleteByMap
2023-10-19 20:57:50,077 DEBUG [main][MybatisConfiguration.java:128] - addMappedStatement: com.zy.content.mapper.TeachplanMapper.deleteById
2023-10-19 20:57:50,077 DEBUG [main][MybatisConfiguration.java:128] - addMappedStatement: com.zy.content.mapper.TeachplanMapper.deleteById
2023-10-19 20:57:50,081 DEBUG [main][MybatisConfiguration.java:128] - addMappedStatement: com.zy.content.mapper.TeachplanMapper.deleteBatchIds
2023-10-19 20:57:50,081 DEBUG [main][MybatisConfiguration.java:128] - addMappedStatement: com.zy.content.mapper.TeachplanMapper.deleteBatchIds
2023-10-19 20:57:50,087 DEBUG [main][MybatisConfiguration.java:128] - addMappedStatement: com.zy.content.mapper.TeachplanMapper.update
2023-10-19 20:57:50,087 DEBUG [main][MybatisConfiguration.java:128] - addMappedStatement: com.zy.content.mapper.TeachplanMapper.update
2023-10-19 20:57:50,090 DEBUG [main][MybatisConfiguration.java:128] - addMappedStatement: com.zy.content.mapper.TeachplanMapper.updateById
2023-10-19 20:57:50,090 DEBUG [main][MybatisConfiguration.java:128] - addMappedStatement: com.zy.content.mapper.TeachplanMapper.updateById
2023-10-19 20:57:50,091 DEBUG [main][MybatisConfiguration.java:128] - addMappedStatement: com.zy.content.mapper.TeachplanMapper.selectById
2023-10-19 20:57:50,091 DEBUG [main][MybatisConfiguration.java:128] - addMappedStatement: com.zy.content.mapper.TeachplanMapper.selectById
2023-10-19 20:57:50,095 DEBUG [main][MybatisConfiguration.java:128] - addMappedStatement: com.zy.content.mapper.TeachplanMapper.selectBatchIds
2023-10-19 20:57:50,095 DEBUG [main][MybatisConfiguration.java:128] - addMappedStatement: com.zy.content.mapper.TeachplanMapper.selectBatchIds
2023-10-19 20:57:50,099 DEBUG [main][MybatisConfiguration.java:128] - addMappedStatement: com.zy.content.mapper.TeachplanMapper.selectByMap
2023-10-19 20:57:50,099 DEBUG [main][MybatisConfiguration.java:128] - addMappedStatement: com.zy.content.mapper.TeachplanMapper.selectByMap
2023-10-19 20:57:50,109 DEBUG [main][MybatisConfiguration.java:128] - addMappedStatement: com.zy.content.mapper.TeachplanMapper.selectOne
2023-10-19 20:57:50,109 DEBUG [main][MybatisConfiguration.java:128] - addMappedStatement: com.zy.content.mapper.TeachplanMapper.selectOne
2023-10-19 20:57:50,112 DEBUG [main][MybatisConfiguration.java:128] - addMappedStatement: com.zy.content.mapper.TeachplanMapper.selectCount
2023-10-19 20:57:50,112 DEBUG [main][MybatisConfiguration.java:128] - addMappedStatement: com.zy.content.mapper.TeachplanMapper.selectCount
2023-10-19 20:57:50,116 DEBUG [main][MybatisConfiguration.java:128] - addMappedStatement: com.zy.content.mapper.TeachplanMapper.selectMaps
2023-10-19 20:57:50,116 DEBUG [main][MybatisConfiguration.java:128] - addMappedStatement: com.zy.content.mapper.TeachplanMapper.selectMaps
2023-10-19 20:57:50,121 DEBUG [main][MybatisConfiguration.java:128] - addMappedStatement: com.zy.content.mapper.TeachplanMapper.selectMapsPage
2023-10-19 20:57:50,121 DEBUG [main][MybatisConfiguration.java:128] - addMappedStatement: com.zy.content.mapper.TeachplanMapper.selectMapsPage
2023-10-19 20:57:50,125 DEBUG [main][MybatisConfiguration.java:128] - addMappedStatement: com.zy.content.mapper.TeachplanMapper.selectObjs
2023-10-19 20:57:50,125 DEBUG [main][MybatisConfiguration.java:128] - addMappedStatement: com.zy.content.mapper.TeachplanMapper.selectObjs
2023-10-19 20:57:50,128 DEBUG [main][MybatisConfiguration.java:128] - addMappedStatement: com.zy.content.mapper.TeachplanMapper.selectList
2023-10-19 20:57:50,128 DEBUG [main][MybatisConfiguration.java:128] - addMappedStatement: com.zy.content.mapper.TeachplanMapper.selectList
2023-10-19 20:57:50,131 DEBUG [main][MybatisConfiguration.java:128] - addMappedStatement: com.zy.content.mapper.TeachplanMapper.selectPage
2023-10-19 20:57:50,131 DEBUG [main][MybatisConfiguration.java:128] - addMappedStatement: com.zy.content.mapper.TeachplanMapper.selectPage
2023-10-19 20:57:50,147 DEBUG [main][MybatisConfiguration.java:128] - addMappedStatement: com.zy.content.mapper.TeachplanMediaMapper.insert
2023-10-19 20:57:50,147 DEBUG [main][MybatisConfiguration.java:128] - addMappedStatement: com.zy.content.mapper.TeachplanMediaMapper.insert
2023-10-19 20:57:50,150 DEBUG [main][MybatisConfiguration.java:128] - addMappedStatement: com.zy.content.mapper.TeachplanMediaMapper.delete
2023-10-19 20:57:50,150 DEBUG [main][MybatisConfiguration.java:128] - addMappedStatement: com.zy.content.mapper.TeachplanMediaMapper.delete
2023-10-19 20:57:50,153 DEBUG [main][MybatisConfiguration.java:128] - addMappedStatement: com.zy.content.mapper.TeachplanMediaMapper.deleteByMap
2023-10-19 20:57:50,153 DEBUG [main][MybatisConfiguration.java:128] - addMappedStatement: com.zy.content.mapper.TeachplanMediaMapper.deleteByMap
2023-10-19 20:57:50,157 DEBUG [main][MybatisConfiguration.java:128] - addMappedStatement: com.zy.content.mapper.TeachplanMediaMapper.deleteById
2023-10-19 20:57:50,157 DEBUG [main][MybatisConfiguration.java:128] - addMappedStatement: com.zy.content.mapper.TeachplanMediaMapper.deleteById
2023-10-19 20:57:50,160 DEBUG [main][MybatisConfiguration.java:128] - addMappedStatement: com.zy.content.mapper.TeachplanMediaMapper.deleteBatchIds
2023-10-19 20:57:50,160 DEBUG [main][MybatisConfiguration.java:128] - addMappedStatement: com.zy.content.mapper.TeachplanMediaMapper.deleteBatchIds
2023-10-19 20:57:50,163 DEBUG [main][MybatisConfiguration.java:128] - addMappedStatement: com.zy.content.mapper.TeachplanMediaMapper.update
2023-10-19 20:57:50,163 DEBUG [main][MybatisConfiguration.java:128] - addMappedStatement: com.zy.content.mapper.TeachplanMediaMapper.update
2023-10-19 20:57:50,166 DEBUG [main][MybatisConfiguration.java:128] - addMappedStatement: com.zy.content.mapper.TeachplanMediaMapper.updateById
2023-10-19 20:57:50,166 DEBUG [main][MybatisConfiguration.java:128] - addMappedStatement: com.zy.content.mapper.TeachplanMediaMapper.updateById
2023-10-19 20:57:50,170 DEBUG [main][MybatisConfiguration.java:128] - addMappedStatement: com.zy.content.mapper.TeachplanMediaMapper.selectById
2023-10-19 20:57:50,170 DEBUG [main][MybatisConfiguration.java:128] - addMappedStatement: com.zy.content.mapper.TeachplanMediaMapper.selectById
2023-10-19 20:57:50,173 DEBUG [main][MybatisConfiguration.java:128] - addMappedStatement: com.zy.content.mapper.TeachplanMediaMapper.selectBatchIds
2023-10-19 20:57:50,173 DEBUG [main][MybatisConfiguration.java:128] - addMappedStatement: com.zy.content.mapper.TeachplanMediaMapper.selectBatchIds
2023-10-19 20:57:50,176 DEBUG [main][MybatisConfiguration.java:128] - addMappedStatement: com.zy.content.mapper.TeachplanMediaMapper.selectByMap
2023-10-19 20:57:50,176 DEBUG [main][MybatisConfiguration.java:128] - addMappedStatement: com.zy.content.mapper.TeachplanMediaMapper.selectByMap
2023-10-19 20:57:50,180 DEBUG [main][MybatisConfiguration.java:128] - addMappedStatement: com.zy.content.mapper.TeachplanMediaMapper.selectOne
2023-10-19 20:57:50,180 DEBUG [main][MybatisConfiguration.java:128] - addMappedStatement: com.zy.content.mapper.TeachplanMediaMapper.selectOne
2023-10-19 20:57:50,183 DEBUG [main][MybatisConfiguration.java:128] - addMappedStatement: com.zy.content.mapper.TeachplanMediaMapper.selectCount
2023-10-19 20:57:50,183 DEBUG [main][MybatisConfiguration.java:128] - addMappedStatement: com.zy.content.mapper.TeachplanMediaMapper.selectCount
2023-10-19 20:57:50,187 DEBUG [main][MybatisConfiguration.java:128] - addMappedStatement: com.zy.content.mapper.TeachplanMediaMapper.selectMaps
2023-10-19 20:57:50,187 DEBUG [main][MybatisConfiguration.java:128] - addMappedStatement: com.zy.content.mapper.TeachplanMediaMapper.selectMaps
2023-10-19 20:57:50,190 DEBUG [main][MybatisConfiguration.java:128] - addMappedStatement: com.zy.content.mapper.TeachplanMediaMapper.selectMapsPage
2023-10-19 20:57:50,190 DEBUG [main][MybatisConfiguration.java:128] - addMappedStatement: com.zy.content.mapper.TeachplanMediaMapper.selectMapsPage
2023-10-19 20:57:50,193 DEBUG [main][MybatisConfiguration.java:128] - addMappedStatement: com.zy.content.mapper.TeachplanMediaMapper.selectObjs
2023-10-19 20:57:50,193 DEBUG [main][MybatisConfiguration.java:128] - addMappedStatement: com.zy.content.mapper.TeachplanMediaMapper.selectObjs
2023-10-19 20:57:50,196 DEBUG [main][MybatisConfiguration.java:128] - addMappedStatement: com.zy.content.mapper.TeachplanMediaMapper.selectList
2023-10-19 20:57:50,196 DEBUG [main][MybatisConfiguration.java:128] - addMappedStatement: com.zy.content.mapper.TeachplanMediaMapper.selectList
2023-10-19 20:57:50,199 DEBUG [main][MybatisConfiguration.java:128] - addMappedStatement: com.zy.content.mapper.TeachplanMediaMapper.selectPage
2023-10-19 20:57:50,199 DEBUG [main][MybatisConfiguration.java:128] - addMappedStatement: com.zy.content.mapper.TeachplanMediaMapper.selectPage
2023-10-19 20:57:50,224 INFO [main][StartupInfoLogger.java:61] - Started CourseCategoryServiceTest in 4.445 seconds (JVM running for 7.286)
2023-10-19 20:57:50,224 INFO [main][StartupInfoLogger.java:61] - Started CourseCategoryServiceTest in 4.445 seconds (JVM running for 7.286)
2023-10-19 20:57:50,562 DEBUG [main][HikariConfig.java:1066] - HikariPool-1 - configuration:
2023-10-19 20:57:50,562 DEBUG [main][HikariConfig.java:1066] - HikariPool-1 - configuration:
2023-10-19 20:57:50,566 DEBUG [main][HikariConfig.java:1098] - allowPoolSuspension.............false
2023-10-19 20:57:50,566 DEBUG [main][HikariConfig.java:1098] - allowPoolSuspension.............false
2023-10-19 20:57:50,566 DEBUG [main][HikariConfig.java:1098] - autoCommit......................true
2023-10-19 20:57:50,566 DEBUG [main][HikariConfig.java:1098] - autoCommit......................true
2023-10-19 20:57:50,567 DEBUG [main][HikariConfig.java:1098] - catalog.........................none
2023-10-19 20:57:50,567 DEBUG [main][HikariConfig.java:1098] - catalog.........................none
2023-10-19 20:57:50,567 DEBUG [main][HikariConfig.java:1098] - connectionInitSql...............none
2023-10-19 20:57:50,567 DEBUG [main][HikariConfig.java:1098] - connectionInitSql...............none
2023-10-19 20:57:50,568 DEBUG [main][HikariConfig.java:1098] - connectionTestQuery.............none
2023-10-19 20:57:50,568 DEBUG [main][HikariConfig.java:1098] - connectionTestQuery.............none
2023-10-19 20:57:50,571 DEBUG [main][HikariConfig.java:1098] - connectionTimeout...............30000
2023-10-19 20:57:50,571 DEBUG [main][HikariConfig.java:1098] - connectionTimeout...............30000
2023-10-19 20:57:50,572 DEBUG [main][HikariConfig.java:1098] - dataSource......................none
2023-10-19 20:57:50,572 DEBUG [main][HikariConfig.java:1098] - dataSource......................none
2023-10-19 20:57:50,573 DEBUG [main][HikariConfig.java:1098] - dataSourceClassName.............none
2023-10-19 20:57:50,573 DEBUG [main][HikariConfig.java:1098] - dataSourceClassName.............none
2023-10-19 20:57:50,573 DEBUG [main][HikariConfig.java:1098] - dataSourceJNDI..................none
2023-10-19 20:57:50,573 DEBUG [main][HikariConfig.java:1098] - dataSourceJNDI..................none
2023-10-19 20:57:50,575 DEBUG [main][HikariConfig.java:1098] - dataSourceProperties............{password=<masked>}
2023-10-19 20:57:50,575 DEBUG [main][HikariConfig.java:1098] - dataSourceProperties............{password=<masked>}
2023-10-19 20:57:50,575 DEBUG [main][HikariConfig.java:1098] - driverClassName................."com.mysql.cj.jdbc.Driver"
2023-10-19 20:57:50,575 DEBUG [main][HikariConfig.java:1098] - driverClassName................."com.mysql.cj.jdbc.Driver"
2023-10-19 20:57:50,576 DEBUG [main][HikariConfig.java:1098] - exceptionOverrideClassName......none
2023-10-19 20:57:50,576 DEBUG [main][HikariConfig.java:1098] - exceptionOverrideClassName......none
2023-10-19 20:57:50,576 DEBUG [main][HikariConfig.java:1098] - healthCheckProperties...........{}
2023-10-19 20:57:50,576 DEBUG [main][HikariConfig.java:1098] - healthCheckProperties...........{}
2023-10-19 20:57:50,577 DEBUG [main][HikariConfig.java:1098] - healthCheckRegistry.............none
2023-10-19 20:57:50,577 DEBUG [main][HikariConfig.java:1098] - healthCheckRegistry.............none
2023-10-19 20:57:50,577 DEBUG [main][HikariConfig.java:1098] - idleTimeout.....................600000
2023-10-19 20:57:50,577 DEBUG [main][HikariConfig.java:1098] - idleTimeout.....................600000
2023-10-19 20:57:50,577 DEBUG [main][HikariConfig.java:1098] - initializationFailTimeout.......1
2023-10-19 20:57:50,577 DEBUG [main][HikariConfig.java:1098] - initializationFailTimeout.......1
2023-10-19 20:57:50,578 DEBUG [main][HikariConfig.java:1098] - isolateInternalQueries..........false
2023-10-19 20:57:50,578 DEBUG [main][HikariConfig.java:1098] - isolateInternalQueries..........false
2023-10-19 20:57:50,579 DEBUG [main][HikariConfig.java:1098] - jdbcUrl.........................jdbc:mysql://localhost:3306/xc_content?serverTimezone=UTC&userUnicode=true&useSSL=false&allowPublicKeyRetrieval=true
2023-10-19 20:57:50,579 DEBUG [main][HikariConfig.java:1098] - leakDetectionThreshold..........0
2023-10-19 20:57:50,579 DEBUG [main][HikariConfig.java:1098] - jdbcUrl.........................jdbc:mysql://localhost:3306/xc_content?serverTimezone=UTC&userUnicode=true&useSSL=false&allowPublicKeyRetrieval=true
2023-10-19 20:57:50,579 DEBUG [main][HikariConfig.java:1098] - leakDetectionThreshold..........0
2023-10-19 20:57:50,580 DEBUG [main][HikariConfig.java:1098] - maxLifetime.....................1800000
2023-10-19 20:57:50,580 DEBUG [main][HikariConfig.java:1098] - maxLifetime.....................1800000
2023-10-19 20:57:50,580 DEBUG [main][HikariConfig.java:1098] - maximumPoolSize.................10
2023-10-19 20:57:50,580 DEBUG [main][HikariConfig.java:1098] - maximumPoolSize.................10
2023-10-19 20:57:50,581 DEBUG [main][HikariConfig.java:1098] - metricRegistry..................none
2023-10-19 20:57:50,581 DEBUG [main][HikariConfig.java:1098] - metricRegistry..................none
2023-10-19 20:57:50,581 DEBUG [main][HikariConfig.java:1098] - metricsTrackerFactory...........none
2023-10-19 20:57:50,581 DEBUG [main][HikariConfig.java:1098] - metricsTrackerFactory...........none
2023-10-19 20:57:50,581 DEBUG [main][HikariConfig.java:1098] - minimumIdle.....................10
2023-10-19 20:57:50,581 DEBUG [main][HikariConfig.java:1098] - minimumIdle.....................10
2023-10-19 20:57:50,582 DEBUG [main][HikariConfig.java:1098] - password........................<masked>
2023-10-19 20:57:50,582 DEBUG [main][HikariConfig.java:1098] - password........................<masked>
2023-10-19 20:57:50,582 DEBUG [main][HikariConfig.java:1098] - poolName........................"HikariPool-1"
2023-10-19 20:57:50,582 DEBUG [main][HikariConfig.java:1098] - poolName........................"HikariPool-1"
2023-10-19 20:57:50,583 DEBUG [main][HikariConfig.java:1098] - readOnly........................false
2023-10-19 20:57:50,583 DEBUG [main][HikariConfig.java:1098] - readOnly........................false
2023-10-19 20:57:50,583 DEBUG [main][HikariConfig.java:1098] - registerMbeans..................false
2023-10-19 20:57:50,583 DEBUG [main][HikariConfig.java:1098] - registerMbeans..................false
2023-10-19 20:57:50,584 DEBUG [main][HikariConfig.java:1098] - scheduledExecutor...............none
2023-10-19 20:57:50,584 DEBUG [main][HikariConfig.java:1098] - scheduledExecutor...............none
2023-10-19 20:57:50,584 DEBUG [main][HikariConfig.java:1098] - schema..........................none
2023-10-19 20:57:50,584 DEBUG [main][HikariConfig.java:1098] - schema..........................none
2023-10-19 20:57:50,585 DEBUG [main][HikariConfig.java:1098] - threadFactory...................internal
2023-10-19 20:57:50,585 DEBUG [main][HikariConfig.java:1098] - threadFactory...................internal
2023-10-19 20:57:50,587 DEBUG [main][HikariConfig.java:1098] - transactionIsolation............default
2023-10-19 20:57:50,587 DEBUG [main][HikariConfig.java:1098] - transactionIsolation............default
2023-10-19 20:57:50,588 DEBUG [main][HikariConfig.java:1098] - username........................"root"
2023-10-19 20:57:50,588 DEBUG [main][HikariConfig.java:1098] - username........................"root"
2023-10-19 20:57:50,588 DEBUG [main][HikariConfig.java:1098] - validationTimeout...............5000
2023-10-19 20:57:50,588 DEBUG [main][HikariConfig.java:1098] - validationTimeout...............5000
2023-10-19 20:57:50,588 INFO [main][HikariDataSource.java:110] - HikariPool-1 - Starting...
2023-10-19 20:57:50,588 INFO [main][HikariDataSource.java:110] - HikariPool-1 - Starting...
2023-10-19 20:57:50,889 DEBUG [main][HikariPool.java:564] - HikariPool-1 - Added connection com.mysql.cj.jdbc.ConnectionImpl@7ef41ca2
2023-10-19 20:57:50,889 DEBUG [main][HikariPool.java:564] - HikariPool-1 - Added connection com.mysql.cj.jdbc.ConnectionImpl@7ef41ca2
2023-10-19 20:57:50,892 INFO [main][HikariDataSource.java:123] - HikariPool-1 - Start completed.
2023-10-19 20:57:50,892 INFO [main][HikariDataSource.java:123] - HikariPool-1 - Start completed.
2023-10-19 20:57:50,900 DEBUG [main][BaseJdbcLogger.java:137] - ==>  Preparing: with recursive t1 as( select * from course_category where id=? union all select t.* from course_category t inner join t1 on t1.id=t.parentid ) select * from t1 order by t1.id,t1.orderby
2023-10-19 20:57:50,900 DEBUG [main][BaseJdbcLogger.java:137] - ==>  Preparing: with recursive t1 as( select * from course_category where id=? union all select t.* from course_category t inner join t1 on t1.id=t.parentid ) select * from t1 order by t1.id,t1.orderby
2023-10-19 20:57:50,934 DEBUG [main][BaseJdbcLogger.java:137] - ==> Parameters: 1(String)
2023-10-19 20:57:50,934 DEBUG [main][BaseJdbcLogger.java:137] - ==> Parameters: 1(String)
2023-10-19 20:57:50,991 DEBUG [main][BaseJdbcLogger.java:137] - <==      Total: 144
2023-10-19 20:57:50,991 DEBUG [main][BaseJdbcLogger.java:137] - <==      Total: 144
2023-10-19 20:57:51,004 DEBUG [HikariPool-1 housekeeper][HikariPool.java:421] - HikariPool-1 - Pool stats (total=1, active=0, idle=1, waiting=0)
2023-10-19 20:57:51,004 DEBUG [HikariPool-1 housekeeper][HikariPool.java:421] - HikariPool-1 - Pool stats (total=1, active=0, idle=1, waiting=0)
2023-10-19 20:57:51,010 DEBUG [HikariPool-1 connection adder][HikariPool.java:728] - HikariPool-1 - Added connection com.mysql.cj.jdbc.ConnectionImpl@6f8a6d50
2023-10-19 20:57:51,010 DEBUG [HikariPool-1 connection adder][HikariPool.java:728] - HikariPool-1 - Added connection com.mysql.cj.jdbc.ConnectionImpl@6f8a6d50
2023-10-19 20:57:51,014 DEBUG [HikariPool-1 connection adder][HikariPool.java:728] - HikariPool-1 - Added connection com.mysql.cj.jdbc.ConnectionImpl@1b68b3af
2023-10-19 20:57:51,014 DEBUG [HikariPool-1 connection adder][HikariPool.java:728] - HikariPool-1 - Added connection com.mysql.cj.jdbc.ConnectionImpl@1b68b3af
2023-10-19 20:57:51,019 DEBUG [HikariPool-1 connection adder][HikariPool.java:728] - HikariPool-1 - Added connection com.mysql.cj.jdbc.ConnectionImpl@60467d52
2023-10-19 20:57:51,019 DEBUG [HikariPool-1 connection adder][HikariPool.java:728] - HikariPool-1 - Added connection com.mysql.cj.jdbc.ConnectionImpl@60467d52
2023-10-19 20:57:51,023 DEBUG [HikariPool-1 connection adder][HikariPool.java:728] - HikariPool-1 - Added connection com.mysql.cj.jdbc.ConnectionImpl@4ee93f84
2023-10-19 20:57:51,023 DEBUG [HikariPool-1 connection adder][HikariPool.java:728] - HikariPool-1 - Added connection com.mysql.cj.jdbc.ConnectionImpl@4ee93f84
2023-10-19 20:57:51,027 DEBUG [HikariPool-1 connection adder][HikariPool.java:728] - HikariPool-1 - Added connection com.mysql.cj.jdbc.ConnectionImpl@73ca7a2c
2023-10-19 20:57:51,027 DEBUG [HikariPool-1 connection adder][HikariPool.java:728] - HikariPool-1 - Added connection com.mysql.cj.jdbc.ConnectionImpl@73ca7a2c
2023-10-19 20:57:51,031 DEBUG [HikariPool-1 connection adder][HikariPool.java:728] - HikariPool-1 - Added connection com.mysql.cj.jdbc.ConnectionImpl@2588da8d
2023-10-19 20:57:51,031 DEBUG [HikariPool-1 connection adder][HikariPool.java:728] - HikariPool-1 - Added connection com.mysql.cj.jdbc.ConnectionImpl@2588da8d
2023-10-19 20:57:51,034 INFO [SpringContextShutdownHook][HikariDataSource.java:350] - HikariPool-1 - Shutdown initiated...
2023-10-19 20:57:51,034 INFO [SpringContextShutdownHook][HikariDataSource.java:350] - HikariPool-1 - Shutdown initiated...
2023-10-19 20:57:51,035 DEBUG [SpringContextShutdownHook][HikariPool.java:421] - HikariPool-1 - Before shutdown stats (total=7, active=0, idle=7, waiting=0)
2023-10-19 20:57:51,035 DEBUG [SpringContextShutdownHook][HikariPool.java:421] - HikariPool-1 - Before shutdown stats (total=7, active=0, idle=7, waiting=0)
2023-10-19 20:57:51,037 DEBUG [HikariPool-1 connection closer][PoolBase.java:134] - HikariPool-1 - Closing connection com.mysql.cj.jdbc.ConnectionImpl@7ef41ca2: (connection evicted)
2023-10-19 20:57:51,037 DEBUG [HikariPool-1 connection closer][PoolBase.java:134] - HikariPool-1 - Closing connection com.mysql.cj.jdbc.ConnectionImpl@7ef41ca2: (connection evicted)
2023-10-19 20:57:51,038 DEBUG [HikariPool-1 connection adder][HikariPool.java:728] - HikariPool-1 - Added connection com.mysql.cj.jdbc.ConnectionImpl@6c4b593e
2023-10-19 20:57:51,038 DEBUG [HikariPool-1 connection adder][HikariPool.java:728] - HikariPool-1 - Added connection com.mysql.cj.jdbc.ConnectionImpl@6c4b593e
2023-10-19 20:57:51,046 DEBUG [HikariPool-1 connection closer][PoolBase.java:134] - HikariPool-1 - Closing connection com.mysql.cj.jdbc.ConnectionImpl@6f8a6d50: (connection evicted)
2023-10-19 20:57:51,046 DEBUG [HikariPool-1 connection closer][PoolBase.java:134] - HikariPool-1 - Closing connection com.mysql.cj.jdbc.ConnectionImpl@6f8a6d50: (connection evicted)
2023-10-19 20:57:51,046 DEBUG [HikariPool-1 connection closer][PoolBase.java:134] - HikariPool-1 - Closing connection com.mysql.cj.jdbc.ConnectionImpl@1b68b3af: (connection evicted)
2023-10-19 20:57:51,046 DEBUG [HikariPool-1 connection closer][PoolBase.java:134] - HikariPool-1 - Closing connection com.mysql.cj.jdbc.ConnectionImpl@1b68b3af: (connection evicted)
2023-10-19 20:57:51,047 DEBUG [HikariPool-1 connection closer][PoolBase.java:134] - HikariPool-1 - Closing connection com.mysql.cj.jdbc.ConnectionImpl@60467d52: (connection evicted)
2023-10-19 20:57:51,047 DEBUG [HikariPool-1 connection closer][PoolBase.java:134] - HikariPool-1 - Closing connection com.mysql.cj.jdbc.ConnectionImpl@60467d52: (connection evicted)
2023-10-19 20:57:51,048 DEBUG [HikariPool-1 connection closer][PoolBase.java:134] - HikariPool-1 - Closing connection com.mysql.cj.jdbc.ConnectionImpl@4ee93f84: (connection evicted)
2023-10-19 20:57:51,048 DEBUG [HikariPool-1 connection closer][PoolBase.java:134] - HikariPool-1 - Closing connection com.mysql.cj.jdbc.ConnectionImpl@4ee93f84: (connection evicted)
2023-10-19 20:57:51,048 DEBUG [HikariPool-1 connection closer][PoolBase.java:134] - HikariPool-1 - Closing connection com.mysql.cj.jdbc.ConnectionImpl@73ca7a2c: (connection evicted)
2023-10-19 20:57:51,048 DEBUG [HikariPool-1 connection closer][PoolBase.java:134] - HikariPool-1 - Closing connection com.mysql.cj.jdbc.ConnectionImpl@73ca7a2c: (connection evicted)
2023-10-19 20:57:51,049 DEBUG [HikariPool-1 connection closer][PoolBase.java:134] - HikariPool-1 - Closing connection com.mysql.cj.jdbc.ConnectionImpl@2588da8d: (connection evicted)
2023-10-19 20:57:51,049 DEBUG [HikariPool-1 connection closer][PoolBase.java:134] - HikariPool-1 - Closing connection com.mysql.cj.jdbc.ConnectionImpl@2588da8d: (connection evicted)
2023-10-19 20:57:51,049 DEBUG [HikariPool-1 connection closer][PoolBase.java:134] - HikariPool-1 - Closing connection com.mysql.cj.jdbc.ConnectionImpl@6c4b593e: (connection evicted)
2023-10-19 20:57:51,049 DEBUG [HikariPool-1 connection closer][PoolBase.java:134] - HikariPool-1 - Closing connection com.mysql.cj.jdbc.ConnectionImpl@6c4b593e: (connection evicted)
2023-10-19 20:57:51,050 DEBUG [SpringContextShutdownHook][HikariPool.java:421] - HikariPool-1 - After shutdown stats (total=0, active=0, idle=0, waiting=0)
2023-10-19 20:57:51,050 DEBUG [SpringContextShutdownHook][HikariPool.java:421] - HikariPool-1 - After shutdown stats (total=0, active=0, idle=0, waiting=0)
2023-10-19 20:57:51,050 INFO [SpringContextShutdownHook][HikariDataSource.java:352] - HikariPool-1 - Shutdown completed.
2023-10-19 20:57:51,050 INFO [SpringContextShutdownHook][HikariDataSource.java:352] - HikariPool-1 - Shutdown completed.
