2023-10-27 21:55:06,680 ERROR [main][LoggingFailureAnalysisReporter.java:40] - 

***************************
APPLICATION FAILED TO START
***************************

Description:

Field mediaFilesMapper in com.zy.media.service.impl.MediaFileServiceImpl required a bean of type 'com.zy.media.mapper.MediaFilesMapper' that could not be found.

The injection point has the following annotations:
	- @org.springframework.beans.factory.annotation.Autowired(required=true)


Action:

Consider defining a bean of type 'com.zy.media.mapper.MediaFilesMapper' in your configuration.

2023-10-27 21:57:02,319 ERROR [main][LoggingFailureAnalysisReporter.java:40] - 

***************************
APPLICATION FAILED TO START
***************************

Description:

Field mediaFilesMapper in com.zy.media.service.impl.MediaFileServiceImpl required a bean of type 'com.zy.media.mapper.MediaFilesMapper' that could not be found.

The injection point has the following annotations:
	- @org.springframework.beans.factory.annotation.Autowired(required=true)


Action:

Consider defining a bean of type 'com.zy.media.mapper.MediaFilesMapper' in your configuration.

2023-10-27 21:58:51,498 ERROR [main][LoggingFailureAnalysisReporter.java:40] - 

***************************
APPLICATION FAILED TO START
***************************

Description:

Field mediaFilesMapper in com.zy.media.service.impl.MediaFileServiceImpl required a bean of type 'com.zy.media.mapper.MediaFilesMapper' that could not be found.

The injection point has the following annotations:
	- @org.springframework.beans.factory.annotation.Autowired(required=true)


Action:

Consider defining a bean of type 'com.zy.media.mapper.MediaFilesMapper' in your configuration.

