2023-10-25 20:59:18,458 INFO [main][SpringApplication.java:655] - The following profiles are active: dev
2023-10-25 20:59:18,458 INFO [main][SpringApplication.java:655] - The following profiles are active: dev
2023-10-25 20:59:19,362 DEBUG [main][LogFactory.java:105] - Logging initialized using 'class org.apache.ibatis.logging.slf4j.Slf4jImpl' adapter.
2023-10-25 20:59:19,362 DEBUG [main][LogFactory.java:105] - Logging initialized using 'class org.apache.ibatis.logging.slf4j.Slf4jImpl' adapter.
2023-10-25 20:59:19,365 WARN [main][Logger.java:44] - No MyBatis mapper was found in '[com.xuecheng.media.mapper]' package. Please check your configuration.
2023-10-25 20:59:19,365 WARN [main][Logger.java:44] - No MyBatis mapper was found in '[com.xuecheng.media.mapper]' package. Please check your configuration.
2023-10-25 20:59:19,466 INFO [main][GenericScope.java:295] - BeanFactory id=5ed861cc-8fec-30d4-b858-4fc88c9d46b1
2023-10-25 20:59:19,466 INFO [main][GenericScope.java:295] - BeanFactory id=5ed861cc-8fec-30d4-b858-4fc88c9d46b1
2023-10-25 20:59:19,953 INFO [main][TomcatWebServer.java:108] - Tomcat initialized with port(s): 63050 (http)
2023-10-25 20:59:19,953 INFO [main][TomcatWebServer.java:108] - Tomcat initialized with port(s): 63050 (http)
2023-10-25 20:59:19,971 INFO [main][DirectJDKLog.java:173] - Initializing ProtocolHandler ["http-nio-63050"]
2023-10-25 20:59:19,971 INFO [main][DirectJDKLog.java:173] - Initializing ProtocolHandler ["http-nio-63050"]
2023-10-25 20:59:19,972 INFO [main][DirectJDKLog.java:173] - Starting service [Tomcat]
2023-10-25 20:59:19,972 INFO [main][DirectJDKLog.java:173] - Starting service [Tomcat]
2023-10-25 20:59:19,972 INFO [main][DirectJDKLog.java:173] - Starting Servlet engine: [Apache Tomcat/9.0.41]
2023-10-25 20:59:19,972 INFO [main][DirectJDKLog.java:173] - Starting Servlet engine: [Apache Tomcat/9.0.41]
2023-10-25 20:59:19,976 INFO [main][DirectJDKLog.java:173] - Loaded Apache Tomcat Native library [1.2.24] using APR version [1.7.0].
2023-10-25 20:59:19,976 INFO [main][DirectJDKLog.java:173] - Loaded Apache Tomcat Native library [1.2.24] using APR version [1.7.0].
2023-10-25 20:59:19,976 INFO [main][DirectJDKLog.java:173] - APR capabilities: IPv6 [true], sendfile [true], accept filters [false], random [true].
2023-10-25 20:59:19,976 INFO [main][DirectJDKLog.java:173] - APR capabilities: IPv6 [true], sendfile [true], accept filters [false], random [true].
2023-10-25 20:59:19,977 INFO [main][DirectJDKLog.java:173] - APR/OpenSSL configuration: useAprConnector [false], useOpenSSL [true]
2023-10-25 20:59:19,977 INFO [main][DirectJDKLog.java:173] - APR/OpenSSL configuration: useAprConnector [false], useOpenSSL [true]
2023-10-25 20:59:19,982 INFO [main][DirectJDKLog.java:173] - OpenSSL successfully initialized [OpenSSL 1.1.1g  21 Apr 2020]
2023-10-25 20:59:19,982 INFO [main][DirectJDKLog.java:173] - OpenSSL successfully initialized [OpenSSL 1.1.1g  21 Apr 2020]
2023-10-25 20:59:20,194 INFO [main][DirectJDKLog.java:173] - Initializing Spring embedded WebApplicationContext
2023-10-25 20:59:20,194 INFO [main][DirectJDKLog.java:173] - Initializing Spring embedded WebApplicationContext
2023-10-25 20:59:20,195 INFO [main][ServletWebServerApplicationContext.java:285] - Root WebApplicationContext: initialization completed in 1701 ms
2023-10-25 20:59:20,195 INFO [main][ServletWebServerApplicationContext.java:285] - Root WebApplicationContext: initialization completed in 1701 ms
2023-10-25 20:59:20,288 WARN [main][AbstractApplicationContext.java:559] - Exception encountered during context initialization - cancelling refresh attempt: org.springframework.beans.factory.UnsatisfiedDependencyException: Error creating bean with name 'mediaFilesController': Unsatisfied dependency expressed through field 'mediaFileService'; nested exception is org.springframework.beans.factory.UnsatisfiedDependencyException: Error creating bean with name 'mediaFileServiceImpl': Unsatisfied dependency expressed through field 'mediaFilesMapper'; nested exception is org.springframework.beans.factory.NoSuchBeanDefinitionException: No qualifying bean of type 'com.zy.media.mapper.MediaFilesMapper' available: expected at least 1 bean which qualifies as autowire candidate. Dependency annotations: {@org.springframework.beans.factory.annotation.Autowired(required=true)}
2023-10-25 20:59:20,288 WARN [main][AbstractApplicationContext.java:559] - Exception encountered during context initialization - cancelling refresh attempt: org.springframework.beans.factory.UnsatisfiedDependencyException: Error creating bean with name 'mediaFilesController': Unsatisfied dependency expressed through field 'mediaFileService'; nested exception is org.springframework.beans.factory.UnsatisfiedDependencyException: Error creating bean with name 'mediaFileServiceImpl': Unsatisfied dependency expressed through field 'mediaFilesMapper'; nested exception is org.springframework.beans.factory.NoSuchBeanDefinitionException: No qualifying bean of type 'com.zy.media.mapper.MediaFilesMapper' available: expected at least 1 bean which qualifies as autowire candidate. Dependency annotations: {@org.springframework.beans.factory.annotation.Autowired(required=true)}
2023-10-25 20:59:20,290 INFO [main][DirectJDKLog.java:173] - Stopping service [Tomcat]
2023-10-25 20:59:20,290 INFO [main][DirectJDKLog.java:173] - Stopping service [Tomcat]
2023-10-25 20:59:20,305 INFO [main][ConditionEvaluationReportLoggingListener.java:136] - 

Error starting ApplicationContext. To display the conditions report re-run your application with 'debug' enabled.
2023-10-25 20:59:20,305 INFO [main][ConditionEvaluationReportLoggingListener.java:136] - 

Error starting ApplicationContext. To display the conditions report re-run your application with 'debug' enabled.
2023-10-25 20:59:20,568 ERROR [main][LoggingFailureAnalysisReporter.java:40] - 

***************************
APPLICATION FAILED TO START
***************************

Description:

Field mediaFilesMapper in com.zy.media.service.impl.MediaFileServiceImpl required a bean of type 'com.zy.media.mapper.MediaFilesMapper' that could not be found.

The injection point has the following annotations:
	- @org.springframework.beans.factory.annotation.Autowired(required=true)


Action:

Consider defining a bean of type 'com.zy.media.mapper.MediaFilesMapper' in your configuration.

2023-10-25 20:59:20,570 WARN [Thread-8][HttpClientBeanHolder.java:108] - [HttpClientBeanHolder] Start destroying common HttpClient
2023-10-25 20:59:20,568 ERROR [main][LoggingFailureAnalysisReporter.java:40] - 

***************************
APPLICATION FAILED TO START
***************************

Description:

Field mediaFilesMapper in com.zy.media.service.impl.MediaFileServiceImpl required a bean of type 'com.zy.media.mapper.MediaFilesMapper' that could not be found.

The injection point has the following annotations:
	- @org.springframework.beans.factory.annotation.Autowired(required=true)


Action:

Consider defining a bean of type 'com.zy.media.mapper.MediaFilesMapper' in your configuration.

2023-10-25 20:59:20,570 WARN [Thread-8][HttpClientBeanHolder.java:108] - [HttpClientBeanHolder] Start destroying common HttpClient
2023-10-25 20:59:20,571 WARN [Thread-8][HttpClientBeanHolder.java:114] - [HttpClientBeanHolder] Destruction of the end
2023-10-25 20:59:20,571 WARN [Thread-8][HttpClientBeanHolder.java:114] - [HttpClientBeanHolder] Destruction of the end
