2023-10-17 13:58:39,334 DEBUG [background-preinit][LoggerProviders.java:152] - Logging Provider: org.jboss.logging.Log4j2LoggerProvider
2023-10-17 13:58:39,334 DEBUG [background-preinit][LoggerProviders.java:152] - Logging Provider: org.jboss.logging.Log4j2LoggerProvider
2023-10-17 13:58:39,346 INFO [background-preinit][Version.java:21] - HV000001: Hibernate Validator 6.1.6.Final
2023-10-17 13:58:39,346 INFO [background-preinit][Version.java:21] - HV000001: Hibernate Validator 6.1.6.Final
2023-10-17 13:58:39,358 DEBUG [background-preinit][ValidationXmlParser.java:120] - Trying to load META-INF/validation.xml for XML based Validator configuration.
2023-10-17 13:58:39,358 DEBUG [background-preinit][ValidationXmlParser.java:120] - Trying to load META-INF/validation.xml for XML based Validator configuration.
2023-10-17 13:58:39,360 DEBUG [background-preinit][ResourceLoaderHelper.java:60] - Trying to load META-INF/validation.xml via TCCL
2023-10-17 13:58:39,360 DEBUG [background-preinit][ResourceLoaderHelper.java:60] - Trying to load META-INF/validation.xml via TCCL
2023-10-17 13:58:39,361 DEBUG [background-preinit][ResourceLoaderHelper.java:66] - Trying to load META-INF/validation.xml via Hibernate Validator's class loader
2023-10-17 13:58:39,361 DEBUG [background-preinit][ResourceLoaderHelper.java:66] - Trying to load META-INF/validation.xml via Hibernate Validator's class loader
2023-10-17 13:58:39,362 DEBUG [background-preinit][ValidationXmlParser.java:127] - No META-INF/validation.xml found. Using annotation based configuration only.
2023-10-17 13:58:39,362 DEBUG [background-preinit][ValidationXmlParser.java:127] - No META-INF/validation.xml found. Using annotation based configuration only.
2023-10-17 13:58:39,368 DEBUG [background-preinit][TraversableResolvers.java:60] - Cannot find javax.persistence.Persistence on classpath. Assuming non JPA 2 environment. All properties will per default be traversable.
2023-10-17 13:58:39,368 DEBUG [background-preinit][TraversableResolvers.java:60] - Cannot find javax.persistence.Persistence on classpath. Assuming non JPA 2 environment. All properties will per default be traversable.
2023-10-17 13:58:39,409 DEBUG [background-preinit][ResourceBundleMessageInterpolator.java:172] - Loaded expression factory via original TCCL
2023-10-17 13:58:39,409 DEBUG [background-preinit][ResourceBundleMessageInterpolator.java:172] - Loaded expression factory via original TCCL
2023-10-17 13:58:39,421 INFO [main][StartupInfoLogger.java:55] - Starting CourseBaseInfoTest on Mrzhang with PID 2964 (started by Administrator in D:\JavaCode\studyOnline\study-online-content\study-online-content-service)
2023-10-17 13:58:39,421 INFO [main][StartupInfoLogger.java:55] - Starting CourseBaseInfoTest on Mrzhang with PID 2964 (started by Administrator in D:\JavaCode\studyOnline\study-online-content\study-online-content-service)
2023-10-17 13:58:39,423 DEBUG [main][StartupInfoLogger.java:56] - Running with Spring Boot v2.3.7.RELEASE, Spring v5.2.12.RELEASE
2023-10-17 13:58:39,423 DEBUG [main][StartupInfoLogger.java:56] - Running with Spring Boot v2.3.7.RELEASE, Spring v5.2.12.RELEASE
2023-10-17 13:58:39,425 INFO [main][SpringApplication.java:651] - No active profile set, falling back to default profiles: default
2023-10-17 13:58:39,425 INFO [main][SpringApplication.java:651] - No active profile set, falling back to default profiles: default
2023-10-17 13:58:39,668 DEBUG [background-preinit][ValidatorFactoryConfigurationHelper.java:300] - HV000252: Using org.hibernate.validator.internal.engine.DefaultPropertyNodeNameProvider as property node name provider.
2023-10-17 13:58:39,668 DEBUG [background-preinit][ValidatorFactoryConfigurationHelper.java:300] - HV000252: Using org.hibernate.validator.internal.engine.DefaultPropertyNodeNameProvider as property node name provider.
2023-10-17 13:58:39,682 DEBUG [background-preinit][ValidatorFactoryConfigurationHelper.java:375] - HV000234: Using org.hibernate.validator.messageinterpolation.ResourceBundleMessageInterpolator as ValidatorFactory-scoped message interpolator.
2023-10-17 13:58:39,682 DEBUG [background-preinit][ValidatorFactoryConfigurationHelper.java:375] - HV000234: Using org.hibernate.validator.messageinterpolation.ResourceBundleMessageInterpolator as ValidatorFactory-scoped message interpolator.
2023-10-17 13:58:39,682 DEBUG [background-preinit][ValidatorFactoryConfigurationHelper.java:376] - HV000234: Using org.hibernate.validator.internal.engine.resolver.TraverseAllTraversableResolver as ValidatorFactory-scoped traversable resolver.
2023-10-17 13:58:39,682 DEBUG [background-preinit][ValidatorFactoryConfigurationHelper.java:376] - HV000234: Using org.hibernate.validator.internal.engine.resolver.TraverseAllTraversableResolver as ValidatorFactory-scoped traversable resolver.
2023-10-17 13:58:39,683 DEBUG [background-preinit][ValidatorFactoryConfigurationHelper.java:377] - HV000234: Using org.hibernate.validator.internal.util.ExecutableParameterNameProvider as ValidatorFactory-scoped parameter name provider.
2023-10-17 13:58:39,683 DEBUG [background-preinit][ValidatorFactoryConfigurationHelper.java:377] - HV000234: Using org.hibernate.validator.internal.util.ExecutableParameterNameProvider as ValidatorFactory-scoped parameter name provider.
2023-10-17 13:58:39,683 DEBUG [background-preinit][ValidatorFactoryConfigurationHelper.java:378] - HV000234: Using org.hibernate.validator.internal.engine.DefaultClockProvider as ValidatorFactory-scoped clock provider.
2023-10-17 13:58:39,683 DEBUG [background-preinit][ValidatorFactoryConfigurationHelper.java:378] - HV000234: Using org.hibernate.validator.internal.engine.DefaultClockProvider as ValidatorFactory-scoped clock provider.
2023-10-17 13:58:39,683 DEBUG [background-preinit][ValidatorFactoryConfigurationHelper.java:379] - HV000234: Using org.hibernate.validator.internal.engine.scripting.DefaultScriptEvaluatorFactory as ValidatorFactory-scoped script evaluator factory.
2023-10-17 13:58:39,683 DEBUG [background-preinit][ValidatorFactoryConfigurationHelper.java:379] - HV000234: Using org.hibernate.validator.internal.engine.scripting.DefaultScriptEvaluatorFactory as ValidatorFactory-scoped script evaluator factory.
2023-10-17 13:58:40,297 DEBUG [main][LogFactory.java:105] - Logging initialized using 'class org.apache.ibatis.logging.slf4j.Slf4jImpl' adapter.
2023-10-17 13:58:40,297 DEBUG [main][LogFactory.java:105] - Logging initialized using 'class org.apache.ibatis.logging.slf4j.Slf4jImpl' adapter.
2023-10-17 13:58:40,855 DEBUG [main][HikariConfig.java:946] - Driver class com.mysql.cj.jdbc.Driver found in Thread context class loader sun.misc.Launcher$AppClassLoader@18b4aac2
2023-10-17 13:58:40,855 DEBUG [main][HikariConfig.java:946] - Driver class com.mysql.cj.jdbc.Driver found in Thread context class loader sun.misc.Launcher$AppClassLoader@18b4aac2
2023-10-17 13:58:41,106 DEBUG [main][Logger.java:49] - Registered plugin: 'com.baomidou.mybatisplus.extension.plugins.MybatisPlusInterceptor@6093d508'
2023-10-17 13:58:41,106 DEBUG [main][Logger.java:49] - Registered plugin: 'com.baomidou.mybatisplus.extension.plugins.MybatisPlusInterceptor@6093d508'
2023-10-17 13:58:41,111 DEBUG [main][Logger.java:49] - Property 'mapperLocations' was not specified.
2023-10-17 13:58:41,111 DEBUG [main][Logger.java:49] - Property 'mapperLocations' was not specified.
2023-10-17 13:58:42,071 DEBUG [main][MybatisConfiguration.java:128] - addMappedStatement: com.zy.content.mapper.CourseBaseMapper.insert
2023-10-17 13:58:42,071 DEBUG [main][MybatisConfiguration.java:128] - addMappedStatement: com.zy.content.mapper.CourseBaseMapper.insert
2023-10-17 13:58:42,078 DEBUG [main][MybatisConfiguration.java:128] - addMappedStatement: com.zy.content.mapper.CourseBaseMapper.delete
2023-10-17 13:58:42,078 DEBUG [main][MybatisConfiguration.java:128] - addMappedStatement: com.zy.content.mapper.CourseBaseMapper.delete
2023-10-17 13:58:42,083 DEBUG [main][MybatisConfiguration.java:128] - addMappedStatement: com.zy.content.mapper.CourseBaseMapper.deleteByMap
2023-10-17 13:58:42,083 DEBUG [main][MybatisConfiguration.java:128] - addMappedStatement: com.zy.content.mapper.CourseBaseMapper.deleteByMap
2023-10-17 13:58:42,121 DEBUG [main][MybatisConfiguration.java:128] - addMappedStatement: com.zy.content.mapper.CourseBaseMapper.deleteById
2023-10-17 13:58:42,121 DEBUG [main][MybatisConfiguration.java:128] - addMappedStatement: com.zy.content.mapper.CourseBaseMapper.deleteById
2023-10-17 13:58:42,124 DEBUG [main][MybatisConfiguration.java:128] - addMappedStatement: com.zy.content.mapper.CourseBaseMapper.deleteBatchIds
2023-10-17 13:58:42,124 DEBUG [main][MybatisConfiguration.java:128] - addMappedStatement: com.zy.content.mapper.CourseBaseMapper.deleteBatchIds
2023-10-17 13:58:42,132 DEBUG [main][MybatisConfiguration.java:128] - addMappedStatement: com.zy.content.mapper.CourseBaseMapper.update
2023-10-17 13:58:42,132 DEBUG [main][MybatisConfiguration.java:128] - addMappedStatement: com.zy.content.mapper.CourseBaseMapper.update
2023-10-17 13:58:42,136 DEBUG [main][MybatisConfiguration.java:128] - addMappedStatement: com.zy.content.mapper.CourseBaseMapper.updateById
2023-10-17 13:58:42,136 DEBUG [main][MybatisConfiguration.java:128] - addMappedStatement: com.zy.content.mapper.CourseBaseMapper.updateById
2023-10-17 13:58:42,137 DEBUG [main][MybatisConfiguration.java:128] - addMappedStatement: com.zy.content.mapper.CourseBaseMapper.selectById
2023-10-17 13:58:42,137 DEBUG [main][MybatisConfiguration.java:128] - addMappedStatement: com.zy.content.mapper.CourseBaseMapper.selectById
2023-10-17 13:58:42,140 DEBUG [main][MybatisConfiguration.java:128] - addMappedStatement: com.zy.content.mapper.CourseBaseMapper.selectBatchIds
2023-10-17 13:58:42,140 DEBUG [main][MybatisConfiguration.java:128] - addMappedStatement: com.zy.content.mapper.CourseBaseMapper.selectBatchIds
2023-10-17 13:58:42,143 DEBUG [main][MybatisConfiguration.java:128] - addMappedStatement: com.zy.content.mapper.CourseBaseMapper.selectByMap
2023-10-17 13:58:42,143 DEBUG [main][MybatisConfiguration.java:128] - addMappedStatement: com.zy.content.mapper.CourseBaseMapper.selectByMap
2023-10-17 13:58:42,149 DEBUG [main][MybatisConfiguration.java:128] - addMappedStatement: com.zy.content.mapper.CourseBaseMapper.selectOne
2023-10-17 13:58:42,149 DEBUG [main][MybatisConfiguration.java:128] - addMappedStatement: com.zy.content.mapper.CourseBaseMapper.selectOne
2023-10-17 13:58:42,157 DEBUG [main][MybatisConfiguration.java:128] - addMappedStatement: com.zy.content.mapper.CourseBaseMapper.selectCount
2023-10-17 13:58:42,157 DEBUG [main][MybatisConfiguration.java:128] - addMappedStatement: com.zy.content.mapper.CourseBaseMapper.selectCount
2023-10-17 13:58:42,164 DEBUG [main][MybatisConfiguration.java:128] - addMappedStatement: com.zy.content.mapper.CourseBaseMapper.selectMaps
2023-10-17 13:58:42,164 DEBUG [main][MybatisConfiguration.java:128] - addMappedStatement: com.zy.content.mapper.CourseBaseMapper.selectMaps
2023-10-17 13:58:42,170 DEBUG [main][MybatisConfiguration.java:128] - addMappedStatement: com.zy.content.mapper.CourseBaseMapper.selectMapsPage
2023-10-17 13:58:42,170 DEBUG [main][MybatisConfiguration.java:128] - addMappedStatement: com.zy.content.mapper.CourseBaseMapper.selectMapsPage
2023-10-17 13:58:42,175 DEBUG [main][MybatisConfiguration.java:128] - addMappedStatement: com.zy.content.mapper.CourseBaseMapper.selectObjs
2023-10-17 13:58:42,175 DEBUG [main][MybatisConfiguration.java:128] - addMappedStatement: com.zy.content.mapper.CourseBaseMapper.selectObjs
2023-10-17 13:58:42,180 DEBUG [main][MybatisConfiguration.java:128] - addMappedStatement: com.zy.content.mapper.CourseBaseMapper.selectList
2023-10-17 13:58:42,180 DEBUG [main][MybatisConfiguration.java:128] - addMappedStatement: com.zy.content.mapper.CourseBaseMapper.selectList
2023-10-17 13:58:42,184 DEBUG [main][MybatisConfiguration.java:128] - addMappedStatement: com.zy.content.mapper.CourseBaseMapper.selectPage
2023-10-17 13:58:42,184 DEBUG [main][MybatisConfiguration.java:128] - addMappedStatement: com.zy.content.mapper.CourseBaseMapper.selectPage
2023-10-17 13:58:42,270 DEBUG [main][ResourceBundleMessageInterpolator.java:172] - Loaded expression factory via original TCCL
2023-10-17 13:58:42,270 DEBUG [main][ResourceBundleMessageInterpolator.java:172] - Loaded expression factory via original TCCL
2023-10-17 13:58:42,283 DEBUG [main][AbstractConfigurationImpl.java:171] - Setting custom MessageInterpolator of type org.springframework.validation.beanvalidation.LocaleContextMessageInterpolator
2023-10-17 13:58:42,283 DEBUG [main][AbstractConfigurationImpl.java:171] - Setting custom MessageInterpolator of type org.springframework.validation.beanvalidation.LocaleContextMessageInterpolator
2023-10-17 13:58:42,284 DEBUG [main][AbstractConfigurationImpl.java:203] - Setting custom ConstraintValidatorFactory of type org.springframework.validation.beanvalidation.SpringConstraintValidatorFactory
2023-10-17 13:58:42,284 DEBUG [main][AbstractConfigurationImpl.java:203] - Setting custom ConstraintValidatorFactory of type org.springframework.validation.beanvalidation.SpringConstraintValidatorFactory
2023-10-17 13:58:42,286 DEBUG [main][AbstractConfigurationImpl.java:217] - Setting custom ParameterNameProvider of type org.springframework.validation.beanvalidation.LocalValidatorFactoryBean$1
2023-10-17 13:58:42,286 DEBUG [main][AbstractConfigurationImpl.java:217] - Setting custom ParameterNameProvider of type org.springframework.validation.beanvalidation.LocalValidatorFactoryBean$1
2023-10-17 13:58:42,288 DEBUG [main][ValidationXmlParser.java:120] - Trying to load META-INF/validation.xml for XML based Validator configuration.
2023-10-17 13:58:42,288 DEBUG [main][ValidationXmlParser.java:120] - Trying to load META-INF/validation.xml for XML based Validator configuration.
2023-10-17 13:58:42,288 DEBUG [main][ResourceLoaderHelper.java:53] - Trying to load META-INF/validation.xml via user class loader
2023-10-17 13:58:42,288 DEBUG [main][ResourceLoaderHelper.java:53] - Trying to load META-INF/validation.xml via user class loader
2023-10-17 13:58:42,289 DEBUG [main][ResourceLoaderHelper.java:60] - Trying to load META-INF/validation.xml via TCCL
2023-10-17 13:58:42,289 DEBUG [main][ResourceLoaderHelper.java:60] - Trying to load META-INF/validation.xml via TCCL
2023-10-17 13:58:42,290 DEBUG [main][ResourceLoaderHelper.java:66] - Trying to load META-INF/validation.xml via Hibernate Validator's class loader
2023-10-17 13:58:42,290 DEBUG [main][ResourceLoaderHelper.java:66] - Trying to load META-INF/validation.xml via Hibernate Validator's class loader
2023-10-17 13:58:42,291 DEBUG [main][ValidationXmlParser.java:127] - No META-INF/validation.xml found. Using annotation based configuration only.
2023-10-17 13:58:42,291 DEBUG [main][ValidationXmlParser.java:127] - No META-INF/validation.xml found. Using annotation based configuration only.
2023-10-17 13:58:42,293 DEBUG [main][TraversableResolvers.java:60] - Cannot find javax.persistence.Persistence on classpath. Assuming non JPA 2 environment. All properties will per default be traversable.
2023-10-17 13:58:42,293 DEBUG [main][TraversableResolvers.java:60] - Cannot find javax.persistence.Persistence on classpath. Assuming non JPA 2 environment. All properties will per default be traversable.
2023-10-17 13:58:42,296 DEBUG [main][ValidatorFactoryConfigurationHelper.java:300] - HV000252: Using org.hibernate.validator.internal.engine.DefaultPropertyNodeNameProvider as property node name provider.
2023-10-17 13:58:42,296 DEBUG [main][ValidatorFactoryConfigurationHelper.java:300] - HV000252: Using org.hibernate.validator.internal.engine.DefaultPropertyNodeNameProvider as property node name provider.
2023-10-17 13:58:42,297 DEBUG [main][ValidatorFactoryConfigurationHelper.java:375] - HV000234: Using org.springframework.validation.beanvalidation.LocaleContextMessageInterpolator as ValidatorFactory-scoped message interpolator.
2023-10-17 13:58:42,297 DEBUG [main][ValidatorFactoryConfigurationHelper.java:375] - HV000234: Using org.springframework.validation.beanvalidation.LocaleContextMessageInterpolator as ValidatorFactory-scoped message interpolator.
2023-10-17 13:58:42,298 DEBUG [main][ValidatorFactoryConfigurationHelper.java:376] - HV000234: Using org.hibernate.validator.internal.engine.resolver.TraverseAllTraversableResolver as ValidatorFactory-scoped traversable resolver.
2023-10-17 13:58:42,298 DEBUG [main][ValidatorFactoryConfigurationHelper.java:376] - HV000234: Using org.hibernate.validator.internal.engine.resolver.TraverseAllTraversableResolver as ValidatorFactory-scoped traversable resolver.
2023-10-17 13:58:42,298 DEBUG [main][ValidatorFactoryConfigurationHelper.java:377] - HV000234: Using org.hibernate.validator.internal.util.ExecutableParameterNameProvider as ValidatorFactory-scoped parameter name provider.
2023-10-17 13:58:42,298 DEBUG [main][ValidatorFactoryConfigurationHelper.java:377] - HV000234: Using org.hibernate.validator.internal.util.ExecutableParameterNameProvider as ValidatorFactory-scoped parameter name provider.
2023-10-17 13:58:42,299 DEBUG [main][ValidatorFactoryConfigurationHelper.java:378] - HV000234: Using org.hibernate.validator.internal.engine.DefaultClockProvider as ValidatorFactory-scoped clock provider.
2023-10-17 13:58:42,299 DEBUG [main][ValidatorFactoryConfigurationHelper.java:378] - HV000234: Using org.hibernate.validator.internal.engine.DefaultClockProvider as ValidatorFactory-scoped clock provider.
2023-10-17 13:58:42,299 DEBUG [main][ValidatorFactoryConfigurationHelper.java:379] - HV000234: Using org.hibernate.validator.internal.engine.scripting.DefaultScriptEvaluatorFactory as ValidatorFactory-scoped script evaluator factory.
2023-10-17 13:58:42,299 DEBUG [main][ValidatorFactoryConfigurationHelper.java:379] - HV000234: Using org.hibernate.validator.internal.engine.scripting.DefaultScriptEvaluatorFactory as ValidatorFactory-scoped script evaluator factory.
2023-10-17 13:58:42,627 DEBUG [main][MybatisConfiguration.java:128] - addMappedStatement: com.zy.content.mapper.CourseCategoryMapper.insert
2023-10-17 13:58:42,627 DEBUG [main][MybatisConfiguration.java:128] - addMappedStatement: com.zy.content.mapper.CourseCategoryMapper.insert
2023-10-17 13:58:42,631 DEBUG [main][MybatisConfiguration.java:128] - addMappedStatement: com.zy.content.mapper.CourseCategoryMapper.delete
2023-10-17 13:58:42,631 DEBUG [main][MybatisConfiguration.java:128] - addMappedStatement: com.zy.content.mapper.CourseCategoryMapper.delete
2023-10-17 13:58:42,634 DEBUG [main][MybatisConfiguration.java:128] - addMappedStatement: com.zy.content.mapper.CourseCategoryMapper.deleteByMap
2023-10-17 13:58:42,634 DEBUG [main][MybatisConfiguration.java:128] - addMappedStatement: com.zy.content.mapper.CourseCategoryMapper.deleteByMap
2023-10-17 13:58:42,637 DEBUG [main][MybatisConfiguration.java:128] - addMappedStatement: com.zy.content.mapper.CourseCategoryMapper.deleteById
2023-10-17 13:58:42,637 DEBUG [main][MybatisConfiguration.java:128] - addMappedStatement: com.zy.content.mapper.CourseCategoryMapper.deleteById
2023-10-17 13:58:42,640 DEBUG [main][MybatisConfiguration.java:128] - addMappedStatement: com.zy.content.mapper.CourseCategoryMapper.deleteBatchIds
2023-10-17 13:58:42,640 DEBUG [main][MybatisConfiguration.java:128] - addMappedStatement: com.zy.content.mapper.CourseCategoryMapper.deleteBatchIds
2023-10-17 13:58:42,643 DEBUG [main][MybatisConfiguration.java:128] - addMappedStatement: com.zy.content.mapper.CourseCategoryMapper.update
2023-10-17 13:58:42,643 DEBUG [main][MybatisConfiguration.java:128] - addMappedStatement: com.zy.content.mapper.CourseCategoryMapper.update
2023-10-17 13:58:42,646 DEBUG [main][MybatisConfiguration.java:128] - addMappedStatement: com.zy.content.mapper.CourseCategoryMapper.updateById
2023-10-17 13:58:42,646 DEBUG [main][MybatisConfiguration.java:128] - addMappedStatement: com.zy.content.mapper.CourseCategoryMapper.updateById
2023-10-17 13:58:42,646 DEBUG [main][MybatisConfiguration.java:128] - addMappedStatement: com.zy.content.mapper.CourseCategoryMapper.selectById
2023-10-17 13:58:42,646 DEBUG [main][MybatisConfiguration.java:128] - addMappedStatement: com.zy.content.mapper.CourseCategoryMapper.selectById
2023-10-17 13:58:42,649 DEBUG [main][MybatisConfiguration.java:128] - addMappedStatement: com.zy.content.mapper.CourseCategoryMapper.selectBatchIds
2023-10-17 13:58:42,649 DEBUG [main][MybatisConfiguration.java:128] - addMappedStatement: com.zy.content.mapper.CourseCategoryMapper.selectBatchIds
2023-10-17 13:58:42,652 DEBUG [main][MybatisConfiguration.java:128] - addMappedStatement: com.zy.content.mapper.CourseCategoryMapper.selectByMap
2023-10-17 13:58:42,652 DEBUG [main][MybatisConfiguration.java:128] - addMappedStatement: com.zy.content.mapper.CourseCategoryMapper.selectByMap
2023-10-17 13:58:42,655 DEBUG [main][MybatisConfiguration.java:128] - addMappedStatement: com.zy.content.mapper.CourseCategoryMapper.selectOne
2023-10-17 13:58:42,655 DEBUG [main][MybatisConfiguration.java:128] - addMappedStatement: com.zy.content.mapper.CourseCategoryMapper.selectOne
2023-10-17 13:58:42,657 DEBUG [main][MybatisConfiguration.java:128] - addMappedStatement: com.zy.content.mapper.CourseCategoryMapper.selectCount
2023-10-17 13:58:42,657 DEBUG [main][MybatisConfiguration.java:128] - addMappedStatement: com.zy.content.mapper.CourseCategoryMapper.selectCount
2023-10-17 13:58:42,660 DEBUG [main][MybatisConfiguration.java:128] - addMappedStatement: com.zy.content.mapper.CourseCategoryMapper.selectMaps
2023-10-17 13:58:42,660 DEBUG [main][MybatisConfiguration.java:128] - addMappedStatement: com.zy.content.mapper.CourseCategoryMapper.selectMaps
2023-10-17 13:58:42,663 DEBUG [main][MybatisConfiguration.java:128] - addMappedStatement: com.zy.content.mapper.CourseCategoryMapper.selectMapsPage
2023-10-17 13:58:42,663 DEBUG [main][MybatisConfiguration.java:128] - addMappedStatement: com.zy.content.mapper.CourseCategoryMapper.selectMapsPage
2023-10-17 13:58:42,667 DEBUG [main][MybatisConfiguration.java:128] - addMappedStatement: com.zy.content.mapper.CourseCategoryMapper.selectObjs
2023-10-17 13:58:42,667 DEBUG [main][MybatisConfiguration.java:128] - addMappedStatement: com.zy.content.mapper.CourseCategoryMapper.selectObjs
2023-10-17 13:58:42,671 DEBUG [main][MybatisConfiguration.java:128] - addMappedStatement: com.zy.content.mapper.CourseCategoryMapper.selectList
2023-10-17 13:58:42,671 DEBUG [main][MybatisConfiguration.java:128] - addMappedStatement: com.zy.content.mapper.CourseCategoryMapper.selectList
2023-10-17 13:58:42,674 DEBUG [main][MybatisConfiguration.java:128] - addMappedStatement: com.zy.content.mapper.CourseCategoryMapper.selectPage
2023-10-17 13:58:42,674 DEBUG [main][MybatisConfiguration.java:128] - addMappedStatement: com.zy.content.mapper.CourseCategoryMapper.selectPage
2023-10-17 13:58:42,698 DEBUG [main][MybatisConfiguration.java:128] - addMappedStatement: com.zy.content.mapper.CourseMarketMapper.insert
2023-10-17 13:58:42,698 DEBUG [main][MybatisConfiguration.java:128] - addMappedStatement: com.zy.content.mapper.CourseMarketMapper.insert
2023-10-17 13:58:42,701 DEBUG [main][MybatisConfiguration.java:128] - addMappedStatement: com.zy.content.mapper.CourseMarketMapper.delete
2023-10-17 13:58:42,701 DEBUG [main][MybatisConfiguration.java:128] - addMappedStatement: com.zy.content.mapper.CourseMarketMapper.delete
2023-10-17 13:58:42,703 DEBUG [main][MybatisConfiguration.java:128] - addMappedStatement: com.zy.content.mapper.CourseMarketMapper.deleteByMap
2023-10-17 13:58:42,703 DEBUG [main][MybatisConfiguration.java:128] - addMappedStatement: com.zy.content.mapper.CourseMarketMapper.deleteByMap
2023-10-17 13:58:42,705 DEBUG [main][MybatisConfiguration.java:128] - addMappedStatement: com.zy.content.mapper.CourseMarketMapper.deleteById
2023-10-17 13:58:42,705 DEBUG [main][MybatisConfiguration.java:128] - addMappedStatement: com.zy.content.mapper.CourseMarketMapper.deleteById
2023-10-17 13:58:42,707 DEBUG [main][MybatisConfiguration.java:128] - addMappedStatement: com.zy.content.mapper.CourseMarketMapper.deleteBatchIds
2023-10-17 13:58:42,707 DEBUG [main][MybatisConfiguration.java:128] - addMappedStatement: com.zy.content.mapper.CourseMarketMapper.deleteBatchIds
2023-10-17 13:58:42,709 DEBUG [main][MybatisConfiguration.java:128] - addMappedStatement: com.zy.content.mapper.CourseMarketMapper.update
2023-10-17 13:58:42,709 DEBUG [main][MybatisConfiguration.java:128] - addMappedStatement: com.zy.content.mapper.CourseMarketMapper.update
2023-10-17 13:58:42,711 DEBUG [main][MybatisConfiguration.java:128] - addMappedStatement: com.zy.content.mapper.CourseMarketMapper.updateById
2023-10-17 13:58:42,711 DEBUG [main][MybatisConfiguration.java:128] - addMappedStatement: com.zy.content.mapper.CourseMarketMapper.updateById
2023-10-17 13:58:42,712 DEBUG [main][MybatisConfiguration.java:128] - addMappedStatement: com.zy.content.mapper.CourseMarketMapper.selectById
2023-10-17 13:58:42,712 DEBUG [main][MybatisConfiguration.java:128] - addMappedStatement: com.zy.content.mapper.CourseMarketMapper.selectById
2023-10-17 13:58:42,714 DEBUG [main][MybatisConfiguration.java:128] - addMappedStatement: com.zy.content.mapper.CourseMarketMapper.selectBatchIds
2023-10-17 13:58:42,714 DEBUG [main][MybatisConfiguration.java:128] - addMappedStatement: com.zy.content.mapper.CourseMarketMapper.selectBatchIds
2023-10-17 13:58:42,716 DEBUG [main][MybatisConfiguration.java:128] - addMappedStatement: com.zy.content.mapper.CourseMarketMapper.selectByMap
2023-10-17 13:58:42,716 DEBUG [main][MybatisConfiguration.java:128] - addMappedStatement: com.zy.content.mapper.CourseMarketMapper.selectByMap
2023-10-17 13:58:42,718 DEBUG [main][MybatisConfiguration.java:128] - addMappedStatement: com.zy.content.mapper.CourseMarketMapper.selectOne
2023-10-17 13:58:42,718 DEBUG [main][MybatisConfiguration.java:128] - addMappedStatement: com.zy.content.mapper.CourseMarketMapper.selectOne
2023-10-17 13:58:42,722 DEBUG [main][MybatisConfiguration.java:128] - addMappedStatement: com.zy.content.mapper.CourseMarketMapper.selectCount
2023-10-17 13:58:42,722 DEBUG [main][MybatisConfiguration.java:128] - addMappedStatement: com.zy.content.mapper.CourseMarketMapper.selectCount
2023-10-17 13:58:42,724 DEBUG [main][MybatisConfiguration.java:128] - addMappedStatement: com.zy.content.mapper.CourseMarketMapper.selectMaps
2023-10-17 13:58:42,724 DEBUG [main][MybatisConfiguration.java:128] - addMappedStatement: com.zy.content.mapper.CourseMarketMapper.selectMaps
2023-10-17 13:58:42,727 DEBUG [main][MybatisConfiguration.java:128] - addMappedStatement: com.zy.content.mapper.CourseMarketMapper.selectMapsPage
2023-10-17 13:58:42,727 DEBUG [main][MybatisConfiguration.java:128] - addMappedStatement: com.zy.content.mapper.CourseMarketMapper.selectMapsPage
2023-10-17 13:58:42,729 DEBUG [main][MybatisConfiguration.java:128] - addMappedStatement: com.zy.content.mapper.CourseMarketMapper.selectObjs
2023-10-17 13:58:42,729 DEBUG [main][MybatisConfiguration.java:128] - addMappedStatement: com.zy.content.mapper.CourseMarketMapper.selectObjs
2023-10-17 13:58:42,732 DEBUG [main][MybatisConfiguration.java:128] - addMappedStatement: com.zy.content.mapper.CourseMarketMapper.selectList
2023-10-17 13:58:42,732 DEBUG [main][MybatisConfiguration.java:128] - addMappedStatement: com.zy.content.mapper.CourseMarketMapper.selectList
2023-10-17 13:58:42,735 DEBUG [main][MybatisConfiguration.java:128] - addMappedStatement: com.zy.content.mapper.CourseMarketMapper.selectPage
2023-10-17 13:58:42,735 DEBUG [main][MybatisConfiguration.java:128] - addMappedStatement: com.zy.content.mapper.CourseMarketMapper.selectPage
2023-10-17 13:58:42,756 DEBUG [main][MybatisConfiguration.java:128] - addMappedStatement: com.zy.content.mapper.CoursePublishMapper.insert
2023-10-17 13:58:42,756 DEBUG [main][MybatisConfiguration.java:128] - addMappedStatement: com.zy.content.mapper.CoursePublishMapper.insert
2023-10-17 13:58:42,759 DEBUG [main][MybatisConfiguration.java:128] - addMappedStatement: com.zy.content.mapper.CoursePublishMapper.delete
2023-10-17 13:58:42,759 DEBUG [main][MybatisConfiguration.java:128] - addMappedStatement: com.zy.content.mapper.CoursePublishMapper.delete
2023-10-17 13:58:42,762 DEBUG [main][MybatisConfiguration.java:128] - addMappedStatement: com.zy.content.mapper.CoursePublishMapper.deleteByMap
2023-10-17 13:58:42,762 DEBUG [main][MybatisConfiguration.java:128] - addMappedStatement: com.zy.content.mapper.CoursePublishMapper.deleteByMap
2023-10-17 13:58:42,764 DEBUG [main][MybatisConfiguration.java:128] - addMappedStatement: com.zy.content.mapper.CoursePublishMapper.deleteById
2023-10-17 13:58:42,764 DEBUG [main][MybatisConfiguration.java:128] - addMappedStatement: com.zy.content.mapper.CoursePublishMapper.deleteById
2023-10-17 13:58:42,767 DEBUG [main][MybatisConfiguration.java:128] - addMappedStatement: com.zy.content.mapper.CoursePublishMapper.deleteBatchIds
2023-10-17 13:58:42,767 DEBUG [main][MybatisConfiguration.java:128] - addMappedStatement: com.zy.content.mapper.CoursePublishMapper.deleteBatchIds
2023-10-17 13:58:42,771 DEBUG [main][MybatisConfiguration.java:128] - addMappedStatement: com.zy.content.mapper.CoursePublishMapper.update
2023-10-17 13:58:42,771 DEBUG [main][MybatisConfiguration.java:128] - addMappedStatement: com.zy.content.mapper.CoursePublishMapper.update
2023-10-17 13:58:42,775 DEBUG [main][MybatisConfiguration.java:128] - addMappedStatement: com.zy.content.mapper.CoursePublishMapper.updateById
2023-10-17 13:58:42,775 DEBUG [main][MybatisConfiguration.java:128] - addMappedStatement: com.zy.content.mapper.CoursePublishMapper.updateById
2023-10-17 13:58:42,776 DEBUG [main][MybatisConfiguration.java:128] - addMappedStatement: com.zy.content.mapper.CoursePublishMapper.selectById
2023-10-17 13:58:42,776 DEBUG [main][MybatisConfiguration.java:128] - addMappedStatement: com.zy.content.mapper.CoursePublishMapper.selectById
2023-10-17 13:58:42,778 DEBUG [main][MybatisConfiguration.java:128] - addMappedStatement: com.zy.content.mapper.CoursePublishMapper.selectBatchIds
2023-10-17 13:58:42,778 DEBUG [main][MybatisConfiguration.java:128] - addMappedStatement: com.zy.content.mapper.CoursePublishMapper.selectBatchIds
2023-10-17 13:58:42,780 DEBUG [main][MybatisConfiguration.java:128] - addMappedStatement: com.zy.content.mapper.CoursePublishMapper.selectByMap
2023-10-17 13:58:42,780 DEBUG [main][MybatisConfiguration.java:128] - addMappedStatement: com.zy.content.mapper.CoursePublishMapper.selectByMap
2023-10-17 13:58:42,783 DEBUG [main][MybatisConfiguration.java:128] - addMappedStatement: com.zy.content.mapper.CoursePublishMapper.selectOne
2023-10-17 13:58:42,783 DEBUG [main][MybatisConfiguration.java:128] - addMappedStatement: com.zy.content.mapper.CoursePublishMapper.selectOne
2023-10-17 13:58:42,785 DEBUG [main][MybatisConfiguration.java:128] - addMappedStatement: com.zy.content.mapper.CoursePublishMapper.selectCount
2023-10-17 13:58:42,785 DEBUG [main][MybatisConfiguration.java:128] - addMappedStatement: com.zy.content.mapper.CoursePublishMapper.selectCount
2023-10-17 13:58:42,787 DEBUG [main][MybatisConfiguration.java:128] - addMappedStatement: com.zy.content.mapper.CoursePublishMapper.selectMaps
2023-10-17 13:58:42,787 DEBUG [main][MybatisConfiguration.java:128] - addMappedStatement: com.zy.content.mapper.CoursePublishMapper.selectMaps
2023-10-17 13:58:42,790 DEBUG [main][MybatisConfiguration.java:128] - addMappedStatement: com.zy.content.mapper.CoursePublishMapper.selectMapsPage
2023-10-17 13:58:42,790 DEBUG [main][MybatisConfiguration.java:128] - addMappedStatement: com.zy.content.mapper.CoursePublishMapper.selectMapsPage
2023-10-17 13:58:42,792 DEBUG [main][MybatisConfiguration.java:128] - addMappedStatement: com.zy.content.mapper.CoursePublishMapper.selectObjs
2023-10-17 13:58:42,792 DEBUG [main][MybatisConfiguration.java:128] - addMappedStatement: com.zy.content.mapper.CoursePublishMapper.selectObjs
2023-10-17 13:58:42,795 DEBUG [main][MybatisConfiguration.java:128] - addMappedStatement: com.zy.content.mapper.CoursePublishMapper.selectList
2023-10-17 13:58:42,795 DEBUG [main][MybatisConfiguration.java:128] - addMappedStatement: com.zy.content.mapper.CoursePublishMapper.selectList
2023-10-17 13:58:42,798 DEBUG [main][MybatisConfiguration.java:128] - addMappedStatement: com.zy.content.mapper.CoursePublishMapper.selectPage
2023-10-17 13:58:42,798 DEBUG [main][MybatisConfiguration.java:128] - addMappedStatement: com.zy.content.mapper.CoursePublishMapper.selectPage
2023-10-17 13:58:42,820 DEBUG [main][MybatisConfiguration.java:128] - addMappedStatement: com.zy.content.mapper.CoursePublishPreMapper.insert
2023-10-17 13:58:42,820 DEBUG [main][MybatisConfiguration.java:128] - addMappedStatement: com.zy.content.mapper.CoursePublishPreMapper.insert
2023-10-17 13:58:42,824 DEBUG [main][MybatisConfiguration.java:128] - addMappedStatement: com.zy.content.mapper.CoursePublishPreMapper.delete
2023-10-17 13:58:42,824 DEBUG [main][MybatisConfiguration.java:128] - addMappedStatement: com.zy.content.mapper.CoursePublishPreMapper.delete
2023-10-17 13:58:42,826 DEBUG [main][MybatisConfiguration.java:128] - addMappedStatement: com.zy.content.mapper.CoursePublishPreMapper.deleteByMap
2023-10-17 13:58:42,826 DEBUG [main][MybatisConfiguration.java:128] - addMappedStatement: com.zy.content.mapper.CoursePublishPreMapper.deleteByMap
2023-10-17 13:58:42,828 DEBUG [main][MybatisConfiguration.java:128] - addMappedStatement: com.zy.content.mapper.CoursePublishPreMapper.deleteById
2023-10-17 13:58:42,828 DEBUG [main][MybatisConfiguration.java:128] - addMappedStatement: com.zy.content.mapper.CoursePublishPreMapper.deleteById
2023-10-17 13:58:42,830 DEBUG [main][MybatisConfiguration.java:128] - addMappedStatement: com.zy.content.mapper.CoursePublishPreMapper.deleteBatchIds
2023-10-17 13:58:42,830 DEBUG [main][MybatisConfiguration.java:128] - addMappedStatement: com.zy.content.mapper.CoursePublishPreMapper.deleteBatchIds
2023-10-17 13:58:42,834 DEBUG [main][MybatisConfiguration.java:128] - addMappedStatement: com.zy.content.mapper.CoursePublishPreMapper.update
2023-10-17 13:58:42,834 DEBUG [main][MybatisConfiguration.java:128] - addMappedStatement: com.zy.content.mapper.CoursePublishPreMapper.update
2023-10-17 13:58:42,838 DEBUG [main][MybatisConfiguration.java:128] - addMappedStatement: com.zy.content.mapper.CoursePublishPreMapper.updateById
2023-10-17 13:58:42,838 DEBUG [main][MybatisConfiguration.java:128] - addMappedStatement: com.zy.content.mapper.CoursePublishPreMapper.updateById
2023-10-17 13:58:42,838 DEBUG [main][MybatisConfiguration.java:128] - addMappedStatement: com.zy.content.mapper.CoursePublishPreMapper.selectById
2023-10-17 13:58:42,838 DEBUG [main][MybatisConfiguration.java:128] - addMappedStatement: com.zy.content.mapper.CoursePublishPreMapper.selectById
2023-10-17 13:58:42,841 DEBUG [main][MybatisConfiguration.java:128] - addMappedStatement: com.zy.content.mapper.CoursePublishPreMapper.selectBatchIds
2023-10-17 13:58:42,841 DEBUG [main][MybatisConfiguration.java:128] - addMappedStatement: com.zy.content.mapper.CoursePublishPreMapper.selectBatchIds
2023-10-17 13:58:42,845 DEBUG [main][MybatisConfiguration.java:128] - addMappedStatement: com.zy.content.mapper.CoursePublishPreMapper.selectByMap
2023-10-17 13:58:42,845 DEBUG [main][MybatisConfiguration.java:128] - addMappedStatement: com.zy.content.mapper.CoursePublishPreMapper.selectByMap
2023-10-17 13:58:42,848 DEBUG [main][MybatisConfiguration.java:128] - addMappedStatement: com.zy.content.mapper.CoursePublishPreMapper.selectOne
2023-10-17 13:58:42,848 DEBUG [main][MybatisConfiguration.java:128] - addMappedStatement: com.zy.content.mapper.CoursePublishPreMapper.selectOne
2023-10-17 13:58:42,852 DEBUG [main][MybatisConfiguration.java:128] - addMappedStatement: com.zy.content.mapper.CoursePublishPreMapper.selectCount
2023-10-17 13:58:42,852 DEBUG [main][MybatisConfiguration.java:128] - addMappedStatement: com.zy.content.mapper.CoursePublishPreMapper.selectCount
2023-10-17 13:58:42,856 DEBUG [main][MybatisConfiguration.java:128] - addMappedStatement: com.zy.content.mapper.CoursePublishPreMapper.selectMaps
2023-10-17 13:58:42,856 DEBUG [main][MybatisConfiguration.java:128] - addMappedStatement: com.zy.content.mapper.CoursePublishPreMapper.selectMaps
2023-10-17 13:58:42,860 DEBUG [main][MybatisConfiguration.java:128] - addMappedStatement: com.zy.content.mapper.CoursePublishPreMapper.selectMapsPage
2023-10-17 13:58:42,860 DEBUG [main][MybatisConfiguration.java:128] - addMappedStatement: com.zy.content.mapper.CoursePublishPreMapper.selectMapsPage
2023-10-17 13:58:42,864 DEBUG [main][MybatisConfiguration.java:128] - addMappedStatement: com.zy.content.mapper.CoursePublishPreMapper.selectObjs
2023-10-17 13:58:42,864 DEBUG [main][MybatisConfiguration.java:128] - addMappedStatement: com.zy.content.mapper.CoursePublishPreMapper.selectObjs
2023-10-17 13:58:42,868 DEBUG [main][MybatisConfiguration.java:128] - addMappedStatement: com.zy.content.mapper.CoursePublishPreMapper.selectList
2023-10-17 13:58:42,868 DEBUG [main][MybatisConfiguration.java:128] - addMappedStatement: com.zy.content.mapper.CoursePublishPreMapper.selectList
2023-10-17 13:58:42,872 DEBUG [main][MybatisConfiguration.java:128] - addMappedStatement: com.zy.content.mapper.CoursePublishPreMapper.selectPage
2023-10-17 13:58:42,872 DEBUG [main][MybatisConfiguration.java:128] - addMappedStatement: com.zy.content.mapper.CoursePublishPreMapper.selectPage
2023-10-17 13:58:42,893 DEBUG [main][MybatisConfiguration.java:128] - addMappedStatement: com.zy.content.mapper.CourseTeacherMapper.insert
2023-10-17 13:58:42,893 DEBUG [main][MybatisConfiguration.java:128] - addMappedStatement: com.zy.content.mapper.CourseTeacherMapper.insert
2023-10-17 13:58:42,896 DEBUG [main][MybatisConfiguration.java:128] - addMappedStatement: com.zy.content.mapper.CourseTeacherMapper.delete
2023-10-17 13:58:42,896 DEBUG [main][MybatisConfiguration.java:128] - addMappedStatement: com.zy.content.mapper.CourseTeacherMapper.delete
2023-10-17 13:58:42,899 DEBUG [main][MybatisConfiguration.java:128] - addMappedStatement: com.zy.content.mapper.CourseTeacherMapper.deleteByMap
2023-10-17 13:58:42,899 DEBUG [main][MybatisConfiguration.java:128] - addMappedStatement: com.zy.content.mapper.CourseTeacherMapper.deleteByMap
2023-10-17 13:58:42,902 DEBUG [main][MybatisConfiguration.java:128] - addMappedStatement: com.zy.content.mapper.CourseTeacherMapper.deleteById
2023-10-17 13:58:42,902 DEBUG [main][MybatisConfiguration.java:128] - addMappedStatement: com.zy.content.mapper.CourseTeacherMapper.deleteById
2023-10-17 13:58:42,905 DEBUG [main][MybatisConfiguration.java:128] - addMappedStatement: com.zy.content.mapper.CourseTeacherMapper.deleteBatchIds
2023-10-17 13:58:42,905 DEBUG [main][MybatisConfiguration.java:128] - addMappedStatement: com.zy.content.mapper.CourseTeacherMapper.deleteBatchIds
2023-10-17 13:58:42,912 DEBUG [main][MybatisConfiguration.java:128] - addMappedStatement: com.zy.content.mapper.CourseTeacherMapper.update
2023-10-17 13:58:42,912 DEBUG [main][MybatisConfiguration.java:128] - addMappedStatement: com.zy.content.mapper.CourseTeacherMapper.update
2023-10-17 13:58:42,916 DEBUG [main][MybatisConfiguration.java:128] - addMappedStatement: com.zy.content.mapper.CourseTeacherMapper.updateById
2023-10-17 13:58:42,916 DEBUG [main][MybatisConfiguration.java:128] - addMappedStatement: com.zy.content.mapper.CourseTeacherMapper.updateById
2023-10-17 13:58:42,917 DEBUG [main][MybatisConfiguration.java:128] - addMappedStatement: com.zy.content.mapper.CourseTeacherMapper.selectById
2023-10-17 13:58:42,917 DEBUG [main][MybatisConfiguration.java:128] - addMappedStatement: com.zy.content.mapper.CourseTeacherMapper.selectById
2023-10-17 13:58:42,920 DEBUG [main][MybatisConfiguration.java:128] - addMappedStatement: com.zy.content.mapper.CourseTeacherMapper.selectBatchIds
2023-10-17 13:58:42,920 DEBUG [main][MybatisConfiguration.java:128] - addMappedStatement: com.zy.content.mapper.CourseTeacherMapper.selectBatchIds
2023-10-17 13:58:42,923 DEBUG [main][MybatisConfiguration.java:128] - addMappedStatement: com.zy.content.mapper.CourseTeacherMapper.selectByMap
2023-10-17 13:58:42,923 DEBUG [main][MybatisConfiguration.java:128] - addMappedStatement: com.zy.content.mapper.CourseTeacherMapper.selectByMap
2023-10-17 13:58:42,926 DEBUG [main][MybatisConfiguration.java:128] - addMappedStatement: com.zy.content.mapper.CourseTeacherMapper.selectOne
2023-10-17 13:58:42,926 DEBUG [main][MybatisConfiguration.java:128] - addMappedStatement: com.zy.content.mapper.CourseTeacherMapper.selectOne
2023-10-17 13:58:42,929 DEBUG [main][MybatisConfiguration.java:128] - addMappedStatement: com.zy.content.mapper.CourseTeacherMapper.selectCount
2023-10-17 13:58:42,929 DEBUG [main][MybatisConfiguration.java:128] - addMappedStatement: com.zy.content.mapper.CourseTeacherMapper.selectCount
2023-10-17 13:58:42,933 DEBUG [main][MybatisConfiguration.java:128] - addMappedStatement: com.zy.content.mapper.CourseTeacherMapper.selectMaps
2023-10-17 13:58:42,933 DEBUG [main][MybatisConfiguration.java:128] - addMappedStatement: com.zy.content.mapper.CourseTeacherMapper.selectMaps
2023-10-17 13:58:42,937 DEBUG [main][MybatisConfiguration.java:128] - addMappedStatement: com.zy.content.mapper.CourseTeacherMapper.selectMapsPage
2023-10-17 13:58:42,937 DEBUG [main][MybatisConfiguration.java:128] - addMappedStatement: com.zy.content.mapper.CourseTeacherMapper.selectMapsPage
2023-10-17 13:58:42,939 DEBUG [main][MybatisConfiguration.java:128] - addMappedStatement: com.zy.content.mapper.CourseTeacherMapper.selectObjs
2023-10-17 13:58:42,939 DEBUG [main][MybatisConfiguration.java:128] - addMappedStatement: com.zy.content.mapper.CourseTeacherMapper.selectObjs
2023-10-17 13:58:42,942 DEBUG [main][MybatisConfiguration.java:128] - addMappedStatement: com.zy.content.mapper.CourseTeacherMapper.selectList
2023-10-17 13:58:42,942 DEBUG [main][MybatisConfiguration.java:128] - addMappedStatement: com.zy.content.mapper.CourseTeacherMapper.selectList
2023-10-17 13:58:42,946 DEBUG [main][MybatisConfiguration.java:128] - addMappedStatement: com.zy.content.mapper.CourseTeacherMapper.selectPage
2023-10-17 13:58:42,946 DEBUG [main][MybatisConfiguration.java:128] - addMappedStatement: com.zy.content.mapper.CourseTeacherMapper.selectPage
2023-10-17 13:58:42,968 DEBUG [main][MybatisConfiguration.java:128] - addMappedStatement: com.zy.content.mapper.TeachplanMapper.insert
2023-10-17 13:58:42,968 DEBUG [main][MybatisConfiguration.java:128] - addMappedStatement: com.zy.content.mapper.TeachplanMapper.insert
2023-10-17 13:58:42,971 DEBUG [main][MybatisConfiguration.java:128] - addMappedStatement: com.zy.content.mapper.TeachplanMapper.delete
2023-10-17 13:58:42,971 DEBUG [main][MybatisConfiguration.java:128] - addMappedStatement: com.zy.content.mapper.TeachplanMapper.delete
2023-10-17 13:58:42,973 DEBUG [main][MybatisConfiguration.java:128] - addMappedStatement: com.zy.content.mapper.TeachplanMapper.deleteByMap
2023-10-17 13:58:42,973 DEBUG [main][MybatisConfiguration.java:128] - addMappedStatement: com.zy.content.mapper.TeachplanMapper.deleteByMap
2023-10-17 13:58:42,975 DEBUG [main][MybatisConfiguration.java:128] - addMappedStatement: com.zy.content.mapper.TeachplanMapper.deleteById
2023-10-17 13:58:42,975 DEBUG [main][MybatisConfiguration.java:128] - addMappedStatement: com.zy.content.mapper.TeachplanMapper.deleteById
2023-10-17 13:58:42,977 DEBUG [main][MybatisConfiguration.java:128] - addMappedStatement: com.zy.content.mapper.TeachplanMapper.deleteBatchIds
2023-10-17 13:58:42,977 DEBUG [main][MybatisConfiguration.java:128] - addMappedStatement: com.zy.content.mapper.TeachplanMapper.deleteBatchIds
2023-10-17 13:58:42,980 DEBUG [main][MybatisConfiguration.java:128] - addMappedStatement: com.zy.content.mapper.TeachplanMapper.update
2023-10-17 13:58:42,980 DEBUG [main][MybatisConfiguration.java:128] - addMappedStatement: com.zy.content.mapper.TeachplanMapper.update
2023-10-17 13:58:42,982 DEBUG [main][MybatisConfiguration.java:128] - addMappedStatement: com.zy.content.mapper.TeachplanMapper.updateById
2023-10-17 13:58:42,982 DEBUG [main][MybatisConfiguration.java:128] - addMappedStatement: com.zy.content.mapper.TeachplanMapper.updateById
2023-10-17 13:58:42,983 DEBUG [main][MybatisConfiguration.java:128] - addMappedStatement: com.zy.content.mapper.TeachplanMapper.selectById
2023-10-17 13:58:42,983 DEBUG [main][MybatisConfiguration.java:128] - addMappedStatement: com.zy.content.mapper.TeachplanMapper.selectById
2023-10-17 13:58:42,984 DEBUG [main][MybatisConfiguration.java:128] - addMappedStatement: com.zy.content.mapper.TeachplanMapper.selectBatchIds
2023-10-17 13:58:42,984 DEBUG [main][MybatisConfiguration.java:128] - addMappedStatement: com.zy.content.mapper.TeachplanMapper.selectBatchIds
2023-10-17 13:58:42,986 DEBUG [main][MybatisConfiguration.java:128] - addMappedStatement: com.zy.content.mapper.TeachplanMapper.selectByMap
2023-10-17 13:58:42,986 DEBUG [main][MybatisConfiguration.java:128] - addMappedStatement: com.zy.content.mapper.TeachplanMapper.selectByMap
2023-10-17 13:58:42,988 DEBUG [main][MybatisConfiguration.java:128] - addMappedStatement: com.zy.content.mapper.TeachplanMapper.selectOne
2023-10-17 13:58:42,988 DEBUG [main][MybatisConfiguration.java:128] - addMappedStatement: com.zy.content.mapper.TeachplanMapper.selectOne
2023-10-17 13:58:42,990 DEBUG [main][MybatisConfiguration.java:128] - addMappedStatement: com.zy.content.mapper.TeachplanMapper.selectCount
2023-10-17 13:58:42,990 DEBUG [main][MybatisConfiguration.java:128] - addMappedStatement: com.zy.content.mapper.TeachplanMapper.selectCount
2023-10-17 13:58:42,992 DEBUG [main][MybatisConfiguration.java:128] - addMappedStatement: com.zy.content.mapper.TeachplanMapper.selectMaps
2023-10-17 13:58:42,992 DEBUG [main][MybatisConfiguration.java:128] - addMappedStatement: com.zy.content.mapper.TeachplanMapper.selectMaps
2023-10-17 13:58:42,995 DEBUG [main][MybatisConfiguration.java:128] - addMappedStatement: com.zy.content.mapper.TeachplanMapper.selectMapsPage
2023-10-17 13:58:42,995 DEBUG [main][MybatisConfiguration.java:128] - addMappedStatement: com.zy.content.mapper.TeachplanMapper.selectMapsPage
2023-10-17 13:58:42,997 DEBUG [main][MybatisConfiguration.java:128] - addMappedStatement: com.zy.content.mapper.TeachplanMapper.selectObjs
2023-10-17 13:58:42,997 DEBUG [main][MybatisConfiguration.java:128] - addMappedStatement: com.zy.content.mapper.TeachplanMapper.selectObjs
2023-10-17 13:58:42,999 DEBUG [main][MybatisConfiguration.java:128] - addMappedStatement: com.zy.content.mapper.TeachplanMapper.selectList
2023-10-17 13:58:42,999 DEBUG [main][MybatisConfiguration.java:128] - addMappedStatement: com.zy.content.mapper.TeachplanMapper.selectList
2023-10-17 13:58:43,001 DEBUG [main][MybatisConfiguration.java:128] - addMappedStatement: com.zy.content.mapper.TeachplanMapper.selectPage
2023-10-17 13:58:43,001 DEBUG [main][MybatisConfiguration.java:128] - addMappedStatement: com.zy.content.mapper.TeachplanMapper.selectPage
2023-10-17 13:58:43,020 DEBUG [main][MybatisConfiguration.java:128] - addMappedStatement: com.zy.content.mapper.TeachplanMediaMapper.insert
2023-10-17 13:58:43,020 DEBUG [main][MybatisConfiguration.java:128] - addMappedStatement: com.zy.content.mapper.TeachplanMediaMapper.insert
2023-10-17 13:58:43,023 DEBUG [main][MybatisConfiguration.java:128] - addMappedStatement: com.zy.content.mapper.TeachplanMediaMapper.delete
2023-10-17 13:58:43,023 DEBUG [main][MybatisConfiguration.java:128] - addMappedStatement: com.zy.content.mapper.TeachplanMediaMapper.delete
2023-10-17 13:58:43,024 DEBUG [main][MybatisConfiguration.java:128] - addMappedStatement: com.zy.content.mapper.TeachplanMediaMapper.deleteByMap
2023-10-17 13:58:43,024 DEBUG [main][MybatisConfiguration.java:128] - addMappedStatement: com.zy.content.mapper.TeachplanMediaMapper.deleteByMap
2023-10-17 13:58:43,026 DEBUG [main][MybatisConfiguration.java:128] - addMappedStatement: com.zy.content.mapper.TeachplanMediaMapper.deleteById
2023-10-17 13:58:43,026 DEBUG [main][MybatisConfiguration.java:128] - addMappedStatement: com.zy.content.mapper.TeachplanMediaMapper.deleteById
2023-10-17 13:58:43,028 DEBUG [main][MybatisConfiguration.java:128] - addMappedStatement: com.zy.content.mapper.TeachplanMediaMapper.deleteBatchIds
2023-10-17 13:58:43,028 DEBUG [main][MybatisConfiguration.java:128] - addMappedStatement: com.zy.content.mapper.TeachplanMediaMapper.deleteBatchIds
2023-10-17 13:58:43,031 DEBUG [main][MybatisConfiguration.java:128] - addMappedStatement: com.zy.content.mapper.TeachplanMediaMapper.update
2023-10-17 13:58:43,031 DEBUG [main][MybatisConfiguration.java:128] - addMappedStatement: com.zy.content.mapper.TeachplanMediaMapper.update
2023-10-17 13:58:43,033 DEBUG [main][MybatisConfiguration.java:128] - addMappedStatement: com.zy.content.mapper.TeachplanMediaMapper.updateById
2023-10-17 13:58:43,033 DEBUG [main][MybatisConfiguration.java:128] - addMappedStatement: com.zy.content.mapper.TeachplanMediaMapper.updateById
2023-10-17 13:58:43,034 DEBUG [main][MybatisConfiguration.java:128] - addMappedStatement: com.zy.content.mapper.TeachplanMediaMapper.selectById
2023-10-17 13:58:43,034 DEBUG [main][MybatisConfiguration.java:128] - addMappedStatement: com.zy.content.mapper.TeachplanMediaMapper.selectById
2023-10-17 13:58:43,040 DEBUG [main][MybatisConfiguration.java:128] - addMappedStatement: com.zy.content.mapper.TeachplanMediaMapper.selectBatchIds
2023-10-17 13:58:43,040 DEBUG [main][MybatisConfiguration.java:128] - addMappedStatement: com.zy.content.mapper.TeachplanMediaMapper.selectBatchIds
2023-10-17 13:58:43,042 DEBUG [main][MybatisConfiguration.java:128] - addMappedStatement: com.zy.content.mapper.TeachplanMediaMapper.selectByMap
2023-10-17 13:58:43,042 DEBUG [main][MybatisConfiguration.java:128] - addMappedStatement: com.zy.content.mapper.TeachplanMediaMapper.selectByMap
2023-10-17 13:58:43,045 DEBUG [main][MybatisConfiguration.java:128] - addMappedStatement: com.zy.content.mapper.TeachplanMediaMapper.selectOne
2023-10-17 13:58:43,045 DEBUG [main][MybatisConfiguration.java:128] - addMappedStatement: com.zy.content.mapper.TeachplanMediaMapper.selectOne
2023-10-17 13:58:43,048 DEBUG [main][MybatisConfiguration.java:128] - addMappedStatement: com.zy.content.mapper.TeachplanMediaMapper.selectCount
2023-10-17 13:58:43,048 DEBUG [main][MybatisConfiguration.java:128] - addMappedStatement: com.zy.content.mapper.TeachplanMediaMapper.selectCount
2023-10-17 13:58:43,050 DEBUG [main][MybatisConfiguration.java:128] - addMappedStatement: com.zy.content.mapper.TeachplanMediaMapper.selectMaps
2023-10-17 13:58:43,050 DEBUG [main][MybatisConfiguration.java:128] - addMappedStatement: com.zy.content.mapper.TeachplanMediaMapper.selectMaps
2023-10-17 13:58:43,054 DEBUG [main][MybatisConfiguration.java:128] - addMappedStatement: com.zy.content.mapper.TeachplanMediaMapper.selectMapsPage
2023-10-17 13:58:43,054 DEBUG [main][MybatisConfiguration.java:128] - addMappedStatement: com.zy.content.mapper.TeachplanMediaMapper.selectMapsPage
2023-10-17 13:58:43,057 DEBUG [main][MybatisConfiguration.java:128] - addMappedStatement: com.zy.content.mapper.TeachplanMediaMapper.selectObjs
2023-10-17 13:58:43,057 DEBUG [main][MybatisConfiguration.java:128] - addMappedStatement: com.zy.content.mapper.TeachplanMediaMapper.selectObjs
2023-10-17 13:58:43,060 DEBUG [main][MybatisConfiguration.java:128] - addMappedStatement: com.zy.content.mapper.TeachplanMediaMapper.selectList
2023-10-17 13:58:43,060 DEBUG [main][MybatisConfiguration.java:128] - addMappedStatement: com.zy.content.mapper.TeachplanMediaMapper.selectList
2023-10-17 13:58:43,064 DEBUG [main][MybatisConfiguration.java:128] - addMappedStatement: com.zy.content.mapper.TeachplanMediaMapper.selectPage
2023-10-17 13:58:43,064 DEBUG [main][MybatisConfiguration.java:128] - addMappedStatement: com.zy.content.mapper.TeachplanMediaMapper.selectPage
2023-10-17 13:58:43,092 INFO [main][StartupInfoLogger.java:61] - Started CourseBaseInfoTest in 4.223 seconds (JVM running for 6.413)
2023-10-17 13:58:43,092 INFO [main][StartupInfoLogger.java:61] - Started CourseBaseInfoTest in 4.223 seconds (JVM running for 6.413)
2023-10-17 13:58:43,591 DEBUG [main][HikariConfig.java:1066] - HikariPool-1 - configuration:
2023-10-17 13:58:43,591 DEBUG [main][HikariConfig.java:1066] - HikariPool-1 - configuration:
2023-10-17 13:58:43,593 DEBUG [main][HikariConfig.java:1098] - allowPoolSuspension.............false
2023-10-17 13:58:43,593 DEBUG [main][HikariConfig.java:1098] - allowPoolSuspension.............false
2023-10-17 13:58:43,594 DEBUG [main][HikariConfig.java:1098] - autoCommit......................true
2023-10-17 13:58:43,594 DEBUG [main][HikariConfig.java:1098] - autoCommit......................true
2023-10-17 13:58:43,594 DEBUG [main][HikariConfig.java:1098] - catalog.........................none
2023-10-17 13:58:43,594 DEBUG [main][HikariConfig.java:1098] - catalog.........................none
2023-10-17 13:58:43,594 DEBUG [main][HikariConfig.java:1098] - connectionInitSql...............none
2023-10-17 13:58:43,594 DEBUG [main][HikariConfig.java:1098] - connectionInitSql...............none
2023-10-17 13:58:43,595 DEBUG [main][HikariConfig.java:1098] - connectionTestQuery.............none
2023-10-17 13:58:43,595 DEBUG [main][HikariConfig.java:1098] - connectionTestQuery.............none
2023-10-17 13:58:43,595 DEBUG [main][HikariConfig.java:1098] - connectionTimeout...............30000
2023-10-17 13:58:43,595 DEBUG [main][HikariConfig.java:1098] - connectionTimeout...............30000
2023-10-17 13:58:43,596 DEBUG [main][HikariConfig.java:1098] - dataSource......................none
2023-10-17 13:58:43,596 DEBUG [main][HikariConfig.java:1098] - dataSource......................none
2023-10-17 13:58:43,596 DEBUG [main][HikariConfig.java:1098] - dataSourceClassName.............none
2023-10-17 13:58:43,596 DEBUG [main][HikariConfig.java:1098] - dataSourceClassName.............none
2023-10-17 13:58:43,597 DEBUG [main][HikariConfig.java:1098] - dataSourceJNDI..................none
2023-10-17 13:58:43,597 DEBUG [main][HikariConfig.java:1098] - dataSourceJNDI..................none
2023-10-17 13:58:43,597 DEBUG [main][HikariConfig.java:1098] - dataSourceProperties............{password=<masked>}
2023-10-17 13:58:43,597 DEBUG [main][HikariConfig.java:1098] - dataSourceProperties............{password=<masked>}
2023-10-17 13:58:43,598 DEBUG [main][HikariConfig.java:1098] - driverClassName................."com.mysql.cj.jdbc.Driver"
2023-10-17 13:58:43,598 DEBUG [main][HikariConfig.java:1098] - driverClassName................."com.mysql.cj.jdbc.Driver"
2023-10-17 13:58:43,598 DEBUG [main][HikariConfig.java:1098] - exceptionOverrideClassName......none
2023-10-17 13:58:43,598 DEBUG [main][HikariConfig.java:1098] - exceptionOverrideClassName......none
2023-10-17 13:58:43,599 DEBUG [main][HikariConfig.java:1098] - healthCheckProperties...........{}
2023-10-17 13:58:43,599 DEBUG [main][HikariConfig.java:1098] - healthCheckProperties...........{}
2023-10-17 13:58:43,599 DEBUG [main][HikariConfig.java:1098] - healthCheckRegistry.............none
2023-10-17 13:58:43,599 DEBUG [main][HikariConfig.java:1098] - healthCheckRegistry.............none
2023-10-17 13:58:43,599 DEBUG [main][HikariConfig.java:1098] - idleTimeout.....................600000
2023-10-17 13:58:43,599 DEBUG [main][HikariConfig.java:1098] - idleTimeout.....................600000
2023-10-17 13:58:43,600 DEBUG [main][HikariConfig.java:1098] - initializationFailTimeout.......1
2023-10-17 13:58:43,600 DEBUG [main][HikariConfig.java:1098] - initializationFailTimeout.......1
2023-10-17 13:58:43,600 DEBUG [main][HikariConfig.java:1098] - isolateInternalQueries..........false
2023-10-17 13:58:43,600 DEBUG [main][HikariConfig.java:1098] - isolateInternalQueries..........false
2023-10-17 13:58:43,601 DEBUG [main][HikariConfig.java:1098] - jdbcUrl.........................jdbc:mysql://localhost:3306/xc_content?serverTimezone=UTC&userUnicode=true&useSSL=false&allowPublicKeyRetrieval=true
2023-10-17 13:58:43,601 DEBUG [main][HikariConfig.java:1098] - jdbcUrl.........................jdbc:mysql://localhost:3306/xc_content?serverTimezone=UTC&userUnicode=true&useSSL=false&allowPublicKeyRetrieval=true
2023-10-17 13:58:43,601 DEBUG [main][HikariConfig.java:1098] - leakDetectionThreshold..........0
2023-10-17 13:58:43,601 DEBUG [main][HikariConfig.java:1098] - leakDetectionThreshold..........0
2023-10-17 13:58:43,601 DEBUG [main][HikariConfig.java:1098] - maxLifetime.....................1800000
2023-10-17 13:58:43,601 DEBUG [main][HikariConfig.java:1098] - maxLifetime.....................1800000
2023-10-17 13:58:43,602 DEBUG [main][HikariConfig.java:1098] - maximumPoolSize.................10
2023-10-17 13:58:43,602 DEBUG [main][HikariConfig.java:1098] - maximumPoolSize.................10
2023-10-17 13:58:43,602 DEBUG [main][HikariConfig.java:1098] - metricRegistry..................none
2023-10-17 13:58:43,602 DEBUG [main][HikariConfig.java:1098] - metricRegistry..................none
2023-10-17 13:58:43,603 DEBUG [main][HikariConfig.java:1098] - metricsTrackerFactory...........none
2023-10-17 13:58:43,603 DEBUG [main][HikariConfig.java:1098] - metricsTrackerFactory...........none
2023-10-17 13:58:43,603 DEBUG [main][HikariConfig.java:1098] - minimumIdle.....................10
2023-10-17 13:58:43,603 DEBUG [main][HikariConfig.java:1098] - minimumIdle.....................10
2023-10-17 13:58:43,603 DEBUG [main][HikariConfig.java:1098] - password........................<masked>
2023-10-17 13:58:43,603 DEBUG [main][HikariConfig.java:1098] - password........................<masked>
2023-10-17 13:58:43,603 DEBUG [main][HikariConfig.java:1098] - poolName........................"HikariPool-1"
2023-10-17 13:58:43,603 DEBUG [main][HikariConfig.java:1098] - poolName........................"HikariPool-1"
2023-10-17 13:58:43,604 DEBUG [main][HikariConfig.java:1098] - readOnly........................false
2023-10-17 13:58:43,604 DEBUG [main][HikariConfig.java:1098] - readOnly........................false
2023-10-17 13:58:43,604 DEBUG [main][HikariConfig.java:1098] - registerMbeans..................false
2023-10-17 13:58:43,604 DEBUG [main][HikariConfig.java:1098] - registerMbeans..................false
2023-10-17 13:58:43,604 DEBUG [main][HikariConfig.java:1098] - scheduledExecutor...............none
2023-10-17 13:58:43,604 DEBUG [main][HikariConfig.java:1098] - scheduledExecutor...............none
2023-10-17 13:58:43,605 DEBUG [main][HikariConfig.java:1098] - schema..........................none
2023-10-17 13:58:43,605 DEBUG [main][HikariConfig.java:1098] - schema..........................none
2023-10-17 13:58:43,605 DEBUG [main][HikariConfig.java:1098] - threadFactory...................internal
2023-10-17 13:58:43,605 DEBUG [main][HikariConfig.java:1098] - threadFactory...................internal
2023-10-17 13:58:43,605 DEBUG [main][HikariConfig.java:1098] - transactionIsolation............default
2023-10-17 13:58:43,605 DEBUG [main][HikariConfig.java:1098] - transactionIsolation............default
2023-10-17 13:58:43,605 DEBUG [main][HikariConfig.java:1098] - username........................"root"
2023-10-17 13:58:43,605 DEBUG [main][HikariConfig.java:1098] - username........................"root"
2023-10-17 13:58:43,606 DEBUG [main][HikariConfig.java:1098] - validationTimeout...............5000
2023-10-17 13:58:43,606 DEBUG [main][HikariConfig.java:1098] - validationTimeout...............5000
2023-10-17 13:58:43,606 INFO [main][HikariDataSource.java:110] - HikariPool-1 - Starting...
2023-10-17 13:58:43,606 INFO [main][HikariDataSource.java:110] - HikariPool-1 - Starting...
2023-10-17 13:58:43,881 DEBUG [main][HikariPool.java:564] - HikariPool-1 - Added connection com.mysql.cj.jdbc.ConnectionImpl@7ff19c33
2023-10-17 13:58:43,881 DEBUG [main][HikariPool.java:564] - HikariPool-1 - Added connection com.mysql.cj.jdbc.ConnectionImpl@7ff19c33
2023-10-17 13:58:43,883 INFO [main][HikariDataSource.java:123] - HikariPool-1 - Start completed.
2023-10-17 13:58:43,883 INFO [main][HikariDataSource.java:123] - HikariPool-1 - Start completed.
2023-10-17 13:58:43,895 DEBUG [main][BaseJdbcLogger.java:137] - ==>  Preparing: SELECT COUNT(*) FROM course_base WHERE (name LIKE ?)
2023-10-17 13:58:43,895 DEBUG [main][BaseJdbcLogger.java:137] - ==>  Preparing: SELECT COUNT(*) FROM course_base WHERE (name LIKE ?)
2023-10-17 13:58:43,921 DEBUG [main][BaseJdbcLogger.java:137] - ==> Parameters: %java%(String)
2023-10-17 13:58:43,921 DEBUG [main][BaseJdbcLogger.java:137] - ==> Parameters: %java%(String)
2023-10-17 13:58:43,947 DEBUG [main][BaseJdbcLogger.java:137] - <==      Total: 1
2023-10-17 13:58:43,947 DEBUG [main][BaseJdbcLogger.java:137] - <==      Total: 1
2023-10-17 13:58:43,962 DEBUG [main][BaseJdbcLogger.java:137] - ==>  Preparing: SELECT id,company_id,company_name,name,users,tags,mt,st,grade,teachmode,description,pic,create_date,change_date,create_people,change_people,audit_status,status FROM course_base WHERE (name LIKE ?) LIMIT ?
2023-10-17 13:58:43,962 DEBUG [main][BaseJdbcLogger.java:137] - ==>  Preparing: SELECT id,company_id,company_name,name,users,tags,mt,st,grade,teachmode,description,pic,create_date,change_date,create_people,change_people,audit_status,status FROM course_base WHERE (name LIKE ?) LIMIT ?
2023-10-17 13:58:43,963 DEBUG [main][BaseJdbcLogger.java:137] - ==> Parameters: %java%(String), 2(Long)
2023-10-17 13:58:43,963 DEBUG [main][BaseJdbcLogger.java:137] - ==> Parameters: %java%(String), 2(Long)
2023-10-17 13:58:43,974 DEBUG [main][BaseJdbcLogger.java:137] - <==      Total: 2
2023-10-17 13:58:43,974 DEBUG [main][BaseJdbcLogger.java:137] - <==      Total: 2
2023-10-17 13:58:43,984 DEBUG [HikariPool-1 housekeeper][HikariPool.java:421] - HikariPool-1 - Pool stats (total=1, active=0, idle=1, waiting=0)
2023-10-17 13:58:43,984 DEBUG [HikariPool-1 housekeeper][HikariPool.java:421] - HikariPool-1 - Pool stats (total=1, active=0, idle=1, waiting=0)
2023-10-17 13:58:43,990 DEBUG [HikariPool-1 connection adder][HikariPool.java:728] - HikariPool-1 - Added connection com.mysql.cj.jdbc.ConnectionImpl@3dc6735d
2023-10-17 13:58:43,990 DEBUG [HikariPool-1 connection adder][HikariPool.java:728] - HikariPool-1 - Added connection com.mysql.cj.jdbc.ConnectionImpl@3dc6735d
2023-10-17 13:58:43,996 DEBUG [HikariPool-1 connection adder][HikariPool.java:728] - HikariPool-1 - Added connection com.mysql.cj.jdbc.ConnectionImpl@7cfb7966
2023-10-17 13:58:43,996 DEBUG [HikariPool-1 connection adder][HikariPool.java:728] - HikariPool-1 - Added connection com.mysql.cj.jdbc.ConnectionImpl@7cfb7966
2023-10-17 13:58:44,000 DEBUG [HikariPool-1 connection adder][HikariPool.java:728] - HikariPool-1 - Added connection com.mysql.cj.jdbc.ConnectionImpl@4d4d01e2
2023-10-17 13:58:44,000 DEBUG [HikariPool-1 connection adder][HikariPool.java:728] - HikariPool-1 - Added connection com.mysql.cj.jdbc.ConnectionImpl@4d4d01e2
2023-10-17 13:58:44,005 INFO [SpringContextShutdownHook][HikariDataSource.java:350] - HikariPool-1 - Shutdown initiated...
2023-10-17 13:58:44,005 INFO [SpringContextShutdownHook][HikariDataSource.java:350] - HikariPool-1 - Shutdown initiated...
2023-10-17 13:58:44,005 DEBUG [SpringContextShutdownHook][HikariPool.java:421] - HikariPool-1 - Before shutdown stats (total=4, active=0, idle=4, waiting=0)
2023-10-17 13:58:44,005 DEBUG [SpringContextShutdownHook][HikariPool.java:421] - HikariPool-1 - Before shutdown stats (total=4, active=0, idle=4, waiting=0)
2023-10-17 13:58:44,006 DEBUG [HikariPool-1 connection adder][HikariPool.java:728] - HikariPool-1 - Added connection com.mysql.cj.jdbc.ConnectionImpl@1cd48629
2023-10-17 13:58:44,006 DEBUG [HikariPool-1 connection adder][HikariPool.java:728] - HikariPool-1 - Added connection com.mysql.cj.jdbc.ConnectionImpl@1cd48629
2023-10-17 13:58:44,007 DEBUG [HikariPool-1 connection closer][PoolBase.java:134] - HikariPool-1 - Closing connection com.mysql.cj.jdbc.ConnectionImpl@7ff19c33: (connection evicted)
2023-10-17 13:58:44,007 DEBUG [HikariPool-1 connection closer][PoolBase.java:134] - HikariPool-1 - Closing connection com.mysql.cj.jdbc.ConnectionImpl@7ff19c33: (connection evicted)
2023-10-17 13:58:44,016 DEBUG [HikariPool-1 connection closer][PoolBase.java:134] - HikariPool-1 - Closing connection com.mysql.cj.jdbc.ConnectionImpl@3dc6735d: (connection evicted)
2023-10-17 13:58:44,016 DEBUG [HikariPool-1 connection closer][PoolBase.java:134] - HikariPool-1 - Closing connection com.mysql.cj.jdbc.ConnectionImpl@3dc6735d: (connection evicted)
2023-10-17 13:58:44,017 DEBUG [HikariPool-1 connection closer][PoolBase.java:134] - HikariPool-1 - Closing connection com.mysql.cj.jdbc.ConnectionImpl@7cfb7966: (connection evicted)
2023-10-17 13:58:44,017 DEBUG [HikariPool-1 connection closer][PoolBase.java:134] - HikariPool-1 - Closing connection com.mysql.cj.jdbc.ConnectionImpl@7cfb7966: (connection evicted)
2023-10-17 13:58:44,018 DEBUG [HikariPool-1 connection closer][PoolBase.java:134] - HikariPool-1 - Closing connection com.mysql.cj.jdbc.ConnectionImpl@4d4d01e2: (connection evicted)
2023-10-17 13:58:44,018 DEBUG [HikariPool-1 connection closer][PoolBase.java:134] - HikariPool-1 - Closing connection com.mysql.cj.jdbc.ConnectionImpl@4d4d01e2: (connection evicted)
2023-10-17 13:58:44,018 DEBUG [HikariPool-1 connection closer][PoolBase.java:134] - HikariPool-1 - Closing connection com.mysql.cj.jdbc.ConnectionImpl@1cd48629: (connection evicted)
2023-10-17 13:58:44,018 DEBUG [HikariPool-1 connection closer][PoolBase.java:134] - HikariPool-1 - Closing connection com.mysql.cj.jdbc.ConnectionImpl@1cd48629: (connection evicted)
2023-10-17 13:58:44,019 DEBUG [SpringContextShutdownHook][HikariPool.java:421] - HikariPool-1 - After shutdown stats (total=0, active=0, idle=0, waiting=0)
2023-10-17 13:58:44,019 DEBUG [SpringContextShutdownHook][HikariPool.java:421] - HikariPool-1 - After shutdown stats (total=0, active=0, idle=0, waiting=0)
2023-10-17 13:58:44,019 INFO [SpringContextShutdownHook][HikariDataSource.java:352] - HikariPool-1 - Shutdown completed.
2023-10-17 13:58:44,019 INFO [SpringContextShutdownHook][HikariDataSource.java:352] - HikariPool-1 - Shutdown completed.
