2023-10-17 14:02:21,834 DEBUG [background-preinit][LoggerProviders.java:152] - Logging Provider: org.jboss.logging.Log4j2LoggerProvider
2023-10-17 14:02:21,834 DEBUG [background-preinit][LoggerProviders.java:152] - Logging Provider: org.jboss.logging.Log4j2LoggerProvider
2023-10-17 14:02:21,848 INFO [background-preinit][Version.java:21] - HV000001: Hibernate Validator 6.1.6.Final
2023-10-17 14:02:21,848 INFO [background-preinit][Version.java:21] - HV000001: Hibernate Validator 6.1.6.Final
2023-10-17 14:02:21,858 DEBUG [background-preinit][ValidationXmlParser.java:120] - Trying to load META-INF/validation.xml for XML based Validator configuration.
2023-10-17 14:02:21,858 DEBUG [background-preinit][ValidationXmlParser.java:120] - Trying to load META-INF/validation.xml for XML based Validator configuration.
2023-10-17 14:02:21,860 DEBUG [background-preinit][ResourceLoaderHelper.java:60] - Trying to load META-INF/validation.xml via TCCL
2023-10-17 14:02:21,860 DEBUG [background-preinit][ResourceLoaderHelper.java:60] - Trying to load META-INF/validation.xml via TCCL
2023-10-17 14:02:21,861 DEBUG [background-preinit][ResourceLoaderHelper.java:66] - Trying to load META-INF/validation.xml via Hibernate Validator's class loader
2023-10-17 14:02:21,861 DEBUG [background-preinit][ResourceLoaderHelper.java:66] - Trying to load META-INF/validation.xml via Hibernate Validator's class loader
2023-10-17 14:02:21,861 DEBUG [background-preinit][ValidationXmlParser.java:127] - No META-INF/validation.xml found. Using annotation based configuration only.
2023-10-17 14:02:21,861 DEBUG [background-preinit][ValidationXmlParser.java:127] - No META-INF/validation.xml found. Using annotation based configuration only.
2023-10-17 14:02:21,869 DEBUG [background-preinit][TraversableResolvers.java:60] - Cannot find javax.persistence.Persistence on classpath. Assuming non JPA 2 environment. All properties will per default be traversable.
2023-10-17 14:02:21,869 DEBUG [background-preinit][TraversableResolvers.java:60] - Cannot find javax.persistence.Persistence on classpath. Assuming non JPA 2 environment. All properties will per default be traversable.
2023-10-17 14:02:21,910 DEBUG [background-preinit][ResourceBundleMessageInterpolator.java:172] - Loaded expression factory via original TCCL
2023-10-17 14:02:21,910 DEBUG [background-preinit][ResourceBundleMessageInterpolator.java:172] - Loaded expression factory via original TCCL
2023-10-17 14:02:21,923 INFO [main][StartupInfoLogger.java:55] - Starting CourseBaseInfoTest on Mrzhang with PID 11760 (started by Administrator in D:\JavaCode\studyOnline\study-online-content\study-online-content-service)
2023-10-17 14:02:21,923 INFO [main][StartupInfoLogger.java:55] - Starting CourseBaseInfoTest on Mrzhang with PID 11760 (started by Administrator in D:\JavaCode\studyOnline\study-online-content\study-online-content-service)
2023-10-17 14:02:21,925 DEBUG [main][StartupInfoLogger.java:56] - Running with Spring Boot v2.3.7.RELEASE, Spring v5.2.12.RELEASE
2023-10-17 14:02:21,925 DEBUG [main][StartupInfoLogger.java:56] - Running with Spring Boot v2.3.7.RELEASE, Spring v5.2.12.RELEASE
2023-10-17 14:02:21,928 INFO [main][SpringApplication.java:651] - No active profile set, falling back to default profiles: default
2023-10-17 14:02:21,928 INFO [main][SpringApplication.java:651] - No active profile set, falling back to default profiles: default
2023-10-17 14:02:22,167 DEBUG [background-preinit][ValidatorFactoryConfigurationHelper.java:300] - HV000252: Using org.hibernate.validator.internal.engine.DefaultPropertyNodeNameProvider as property node name provider.
2023-10-17 14:02:22,167 DEBUG [background-preinit][ValidatorFactoryConfigurationHelper.java:300] - HV000252: Using org.hibernate.validator.internal.engine.DefaultPropertyNodeNameProvider as property node name provider.
2023-10-17 14:02:22,179 DEBUG [background-preinit][ValidatorFactoryConfigurationHelper.java:375] - HV000234: Using org.hibernate.validator.messageinterpolation.ResourceBundleMessageInterpolator as ValidatorFactory-scoped message interpolator.
2023-10-17 14:02:22,179 DEBUG [background-preinit][ValidatorFactoryConfigurationHelper.java:375] - HV000234: Using org.hibernate.validator.messageinterpolation.ResourceBundleMessageInterpolator as ValidatorFactory-scoped message interpolator.
2023-10-17 14:02:22,180 DEBUG [background-preinit][ValidatorFactoryConfigurationHelper.java:376] - HV000234: Using org.hibernate.validator.internal.engine.resolver.TraverseAllTraversableResolver as ValidatorFactory-scoped traversable resolver.
2023-10-17 14:02:22,180 DEBUG [background-preinit][ValidatorFactoryConfigurationHelper.java:376] - HV000234: Using org.hibernate.validator.internal.engine.resolver.TraverseAllTraversableResolver as ValidatorFactory-scoped traversable resolver.
2023-10-17 14:02:22,180 DEBUG [background-preinit][ValidatorFactoryConfigurationHelper.java:377] - HV000234: Using org.hibernate.validator.internal.util.ExecutableParameterNameProvider as ValidatorFactory-scoped parameter name provider.
2023-10-17 14:02:22,180 DEBUG [background-preinit][ValidatorFactoryConfigurationHelper.java:377] - HV000234: Using org.hibernate.validator.internal.util.ExecutableParameterNameProvider as ValidatorFactory-scoped parameter name provider.
2023-10-17 14:02:22,181 DEBUG [background-preinit][ValidatorFactoryConfigurationHelper.java:378] - HV000234: Using org.hibernate.validator.internal.engine.DefaultClockProvider as ValidatorFactory-scoped clock provider.
2023-10-17 14:02:22,181 DEBUG [background-preinit][ValidatorFactoryConfigurationHelper.java:378] - HV000234: Using org.hibernate.validator.internal.engine.DefaultClockProvider as ValidatorFactory-scoped clock provider.
2023-10-17 14:02:22,181 DEBUG [background-preinit][ValidatorFactoryConfigurationHelper.java:379] - HV000234: Using org.hibernate.validator.internal.engine.scripting.DefaultScriptEvaluatorFactory as ValidatorFactory-scoped script evaluator factory.
2023-10-17 14:02:22,181 DEBUG [background-preinit][ValidatorFactoryConfigurationHelper.java:379] - HV000234: Using org.hibernate.validator.internal.engine.scripting.DefaultScriptEvaluatorFactory as ValidatorFactory-scoped script evaluator factory.
2023-10-17 14:02:22,712 DEBUG [main][LogFactory.java:105] - Logging initialized using 'class org.apache.ibatis.logging.slf4j.Slf4jImpl' adapter.
2023-10-17 14:02:22,712 DEBUG [main][LogFactory.java:105] - Logging initialized using 'class org.apache.ibatis.logging.slf4j.Slf4jImpl' adapter.
2023-10-17 14:02:23,163 DEBUG [main][HikariConfig.java:946] - Driver class com.mysql.cj.jdbc.Driver found in Thread context class loader sun.misc.Launcher$AppClassLoader@18b4aac2
2023-10-17 14:02:23,163 DEBUG [main][HikariConfig.java:946] - Driver class com.mysql.cj.jdbc.Driver found in Thread context class loader sun.misc.Launcher$AppClassLoader@18b4aac2
2023-10-17 14:02:23,363 DEBUG [main][Logger.java:49] - Registered plugin: 'com.baomidou.mybatisplus.extension.plugins.MybatisPlusInterceptor@16a9a4f1'
2023-10-17 14:02:23,363 DEBUG [main][Logger.java:49] - Registered plugin: 'com.baomidou.mybatisplus.extension.plugins.MybatisPlusInterceptor@16a9a4f1'
2023-10-17 14:02:23,367 DEBUG [main][Logger.java:49] - Property 'mapperLocations' was not specified.
2023-10-17 14:02:23,367 DEBUG [main][Logger.java:49] - Property 'mapperLocations' was not specified.
2023-10-17 14:02:24,362 DEBUG [main][MybatisConfiguration.java:128] - addMappedStatement: com.zy.content.mapper.CourseBaseMapper.insert
2023-10-17 14:02:24,362 DEBUG [main][MybatisConfiguration.java:128] - addMappedStatement: com.zy.content.mapper.CourseBaseMapper.insert
2023-10-17 14:02:24,368 DEBUG [main][MybatisConfiguration.java:128] - addMappedStatement: com.zy.content.mapper.CourseBaseMapper.delete
2023-10-17 14:02:24,368 DEBUG [main][MybatisConfiguration.java:128] - addMappedStatement: com.zy.content.mapper.CourseBaseMapper.delete
2023-10-17 14:02:24,371 DEBUG [main][MybatisConfiguration.java:128] - addMappedStatement: com.zy.content.mapper.CourseBaseMapper.deleteByMap
2023-10-17 14:02:24,371 DEBUG [main][MybatisConfiguration.java:128] - addMappedStatement: com.zy.content.mapper.CourseBaseMapper.deleteByMap
2023-10-17 14:02:24,410 DEBUG [main][MybatisConfiguration.java:128] - addMappedStatement: com.zy.content.mapper.CourseBaseMapper.deleteById
2023-10-17 14:02:24,410 DEBUG [main][MybatisConfiguration.java:128] - addMappedStatement: com.zy.content.mapper.CourseBaseMapper.deleteById
2023-10-17 14:02:24,412 DEBUG [main][MybatisConfiguration.java:128] - addMappedStatement: com.zy.content.mapper.CourseBaseMapper.deleteBatchIds
2023-10-17 14:02:24,412 DEBUG [main][MybatisConfiguration.java:128] - addMappedStatement: com.zy.content.mapper.CourseBaseMapper.deleteBatchIds
2023-10-17 14:02:24,421 DEBUG [main][MybatisConfiguration.java:128] - addMappedStatement: com.zy.content.mapper.CourseBaseMapper.update
2023-10-17 14:02:24,421 DEBUG [main][MybatisConfiguration.java:128] - addMappedStatement: com.zy.content.mapper.CourseBaseMapper.update
2023-10-17 14:02:24,425 DEBUG [main][MybatisConfiguration.java:128] - addMappedStatement: com.zy.content.mapper.CourseBaseMapper.updateById
2023-10-17 14:02:24,425 DEBUG [main][MybatisConfiguration.java:128] - addMappedStatement: com.zy.content.mapper.CourseBaseMapper.updateById
2023-10-17 14:02:24,426 DEBUG [main][MybatisConfiguration.java:128] - addMappedStatement: com.zy.content.mapper.CourseBaseMapper.selectById
2023-10-17 14:02:24,426 DEBUG [main][MybatisConfiguration.java:128] - addMappedStatement: com.zy.content.mapper.CourseBaseMapper.selectById
2023-10-17 14:02:24,429 DEBUG [main][MybatisConfiguration.java:128] - addMappedStatement: com.zy.content.mapper.CourseBaseMapper.selectBatchIds
2023-10-17 14:02:24,429 DEBUG [main][MybatisConfiguration.java:128] - addMappedStatement: com.zy.content.mapper.CourseBaseMapper.selectBatchIds
2023-10-17 14:02:24,431 DEBUG [main][MybatisConfiguration.java:128] - addMappedStatement: com.zy.content.mapper.CourseBaseMapper.selectByMap
2023-10-17 14:02:24,431 DEBUG [main][MybatisConfiguration.java:128] - addMappedStatement: com.zy.content.mapper.CourseBaseMapper.selectByMap
2023-10-17 14:02:24,436 DEBUG [main][MybatisConfiguration.java:128] - addMappedStatement: com.zy.content.mapper.CourseBaseMapper.selectOne
2023-10-17 14:02:24,436 DEBUG [main][MybatisConfiguration.java:128] - addMappedStatement: com.zy.content.mapper.CourseBaseMapper.selectOne
2023-10-17 14:02:24,442 DEBUG [main][MybatisConfiguration.java:128] - addMappedStatement: com.zy.content.mapper.CourseBaseMapper.selectCount
2023-10-17 14:02:24,442 DEBUG [main][MybatisConfiguration.java:128] - addMappedStatement: com.zy.content.mapper.CourseBaseMapper.selectCount
2023-10-17 14:02:24,446 DEBUG [main][MybatisConfiguration.java:128] - addMappedStatement: com.zy.content.mapper.CourseBaseMapper.selectMaps
2023-10-17 14:02:24,446 DEBUG [main][MybatisConfiguration.java:128] - addMappedStatement: com.zy.content.mapper.CourseBaseMapper.selectMaps
2023-10-17 14:02:24,451 DEBUG [main][MybatisConfiguration.java:128] - addMappedStatement: com.zy.content.mapper.CourseBaseMapper.selectMapsPage
2023-10-17 14:02:24,451 DEBUG [main][MybatisConfiguration.java:128] - addMappedStatement: com.zy.content.mapper.CourseBaseMapper.selectMapsPage
2023-10-17 14:02:24,457 DEBUG [main][MybatisConfiguration.java:128] - addMappedStatement: com.zy.content.mapper.CourseBaseMapper.selectObjs
2023-10-17 14:02:24,457 DEBUG [main][MybatisConfiguration.java:128] - addMappedStatement: com.zy.content.mapper.CourseBaseMapper.selectObjs
2023-10-17 14:02:24,460 DEBUG [main][MybatisConfiguration.java:128] - addMappedStatement: com.zy.content.mapper.CourseBaseMapper.selectList
2023-10-17 14:02:24,460 DEBUG [main][MybatisConfiguration.java:128] - addMappedStatement: com.zy.content.mapper.CourseBaseMapper.selectList
2023-10-17 14:02:24,463 DEBUG [main][MybatisConfiguration.java:128] - addMappedStatement: com.zy.content.mapper.CourseBaseMapper.selectPage
2023-10-17 14:02:24,463 DEBUG [main][MybatisConfiguration.java:128] - addMappedStatement: com.zy.content.mapper.CourseBaseMapper.selectPage
2023-10-17 14:02:24,555 DEBUG [main][ResourceBundleMessageInterpolator.java:172] - Loaded expression factory via original TCCL
2023-10-17 14:02:24,555 DEBUG [main][ResourceBundleMessageInterpolator.java:172] - Loaded expression factory via original TCCL
2023-10-17 14:02:24,565 DEBUG [main][AbstractConfigurationImpl.java:171] - Setting custom MessageInterpolator of type org.springframework.validation.beanvalidation.LocaleContextMessageInterpolator
2023-10-17 14:02:24,565 DEBUG [main][AbstractConfigurationImpl.java:171] - Setting custom MessageInterpolator of type org.springframework.validation.beanvalidation.LocaleContextMessageInterpolator
2023-10-17 14:02:24,566 DEBUG [main][AbstractConfigurationImpl.java:203] - Setting custom ConstraintValidatorFactory of type org.springframework.validation.beanvalidation.SpringConstraintValidatorFactory
2023-10-17 14:02:24,566 DEBUG [main][AbstractConfigurationImpl.java:203] - Setting custom ConstraintValidatorFactory of type org.springframework.validation.beanvalidation.SpringConstraintValidatorFactory
2023-10-17 14:02:24,567 DEBUG [main][AbstractConfigurationImpl.java:217] - Setting custom ParameterNameProvider of type org.springframework.validation.beanvalidation.LocalValidatorFactoryBean$1
2023-10-17 14:02:24,567 DEBUG [main][AbstractConfigurationImpl.java:217] - Setting custom ParameterNameProvider of type org.springframework.validation.beanvalidation.LocalValidatorFactoryBean$1
2023-10-17 14:02:24,569 DEBUG [main][ValidationXmlParser.java:120] - Trying to load META-INF/validation.xml for XML based Validator configuration.
2023-10-17 14:02:24,569 DEBUG [main][ValidationXmlParser.java:120] - Trying to load META-INF/validation.xml for XML based Validator configuration.
2023-10-17 14:02:24,569 DEBUG [main][ResourceLoaderHelper.java:53] - Trying to load META-INF/validation.xml via user class loader
2023-10-17 14:02:24,569 DEBUG [main][ResourceLoaderHelper.java:53] - Trying to load META-INF/validation.xml via user class loader
2023-10-17 14:02:24,570 DEBUG [main][ResourceLoaderHelper.java:60] - Trying to load META-INF/validation.xml via TCCL
2023-10-17 14:02:24,570 DEBUG [main][ResourceLoaderHelper.java:60] - Trying to load META-INF/validation.xml via TCCL
2023-10-17 14:02:24,571 DEBUG [main][ResourceLoaderHelper.java:66] - Trying to load META-INF/validation.xml via Hibernate Validator's class loader
2023-10-17 14:02:24,571 DEBUG [main][ResourceLoaderHelper.java:66] - Trying to load META-INF/validation.xml via Hibernate Validator's class loader
2023-10-17 14:02:24,571 DEBUG [main][ValidationXmlParser.java:127] - No META-INF/validation.xml found. Using annotation based configuration only.
2023-10-17 14:02:24,571 DEBUG [main][ValidationXmlParser.java:127] - No META-INF/validation.xml found. Using annotation based configuration only.
2023-10-17 14:02:24,573 DEBUG [main][TraversableResolvers.java:60] - Cannot find javax.persistence.Persistence on classpath. Assuming non JPA 2 environment. All properties will per default be traversable.
2023-10-17 14:02:24,573 DEBUG [main][TraversableResolvers.java:60] - Cannot find javax.persistence.Persistence on classpath. Assuming non JPA 2 environment. All properties will per default be traversable.
2023-10-17 14:02:24,577 DEBUG [main][ValidatorFactoryConfigurationHelper.java:300] - HV000252: Using org.hibernate.validator.internal.engine.DefaultPropertyNodeNameProvider as property node name provider.
2023-10-17 14:02:24,577 DEBUG [main][ValidatorFactoryConfigurationHelper.java:300] - HV000252: Using org.hibernate.validator.internal.engine.DefaultPropertyNodeNameProvider as property node name provider.
2023-10-17 14:02:24,579 DEBUG [main][ValidatorFactoryConfigurationHelper.java:375] - HV000234: Using org.springframework.validation.beanvalidation.LocaleContextMessageInterpolator as ValidatorFactory-scoped message interpolator.
2023-10-17 14:02:24,579 DEBUG [main][ValidatorFactoryConfigurationHelper.java:375] - HV000234: Using org.springframework.validation.beanvalidation.LocaleContextMessageInterpolator as ValidatorFactory-scoped message interpolator.
2023-10-17 14:02:24,579 DEBUG [main][ValidatorFactoryConfigurationHelper.java:376] - HV000234: Using org.hibernate.validator.internal.engine.resolver.TraverseAllTraversableResolver as ValidatorFactory-scoped traversable resolver.
2023-10-17 14:02:24,579 DEBUG [main][ValidatorFactoryConfigurationHelper.java:376] - HV000234: Using org.hibernate.validator.internal.engine.resolver.TraverseAllTraversableResolver as ValidatorFactory-scoped traversable resolver.
2023-10-17 14:02:24,580 DEBUG [main][ValidatorFactoryConfigurationHelper.java:377] - HV000234: Using org.hibernate.validator.internal.util.ExecutableParameterNameProvider as ValidatorFactory-scoped parameter name provider.
2023-10-17 14:02:24,580 DEBUG [main][ValidatorFactoryConfigurationHelper.java:377] - HV000234: Using org.hibernate.validator.internal.util.ExecutableParameterNameProvider as ValidatorFactory-scoped parameter name provider.
2023-10-17 14:02:24,580 DEBUG [main][ValidatorFactoryConfigurationHelper.java:378] - HV000234: Using org.hibernate.validator.internal.engine.DefaultClockProvider as ValidatorFactory-scoped clock provider.
2023-10-17 14:02:24,580 DEBUG [main][ValidatorFactoryConfigurationHelper.java:378] - HV000234: Using org.hibernate.validator.internal.engine.DefaultClockProvider as ValidatorFactory-scoped clock provider.
2023-10-17 14:02:24,580 DEBUG [main][ValidatorFactoryConfigurationHelper.java:379] - HV000234: Using org.hibernate.validator.internal.engine.scripting.DefaultScriptEvaluatorFactory as ValidatorFactory-scoped script evaluator factory.
2023-10-17 14:02:24,580 DEBUG [main][ValidatorFactoryConfigurationHelper.java:379] - HV000234: Using org.hibernate.validator.internal.engine.scripting.DefaultScriptEvaluatorFactory as ValidatorFactory-scoped script evaluator factory.
2023-10-17 14:02:24,929 DEBUG [main][MybatisConfiguration.java:128] - addMappedStatement: com.zy.content.mapper.CourseCategoryMapper.insert
2023-10-17 14:02:24,929 DEBUG [main][MybatisConfiguration.java:128] - addMappedStatement: com.zy.content.mapper.CourseCategoryMapper.insert
2023-10-17 14:02:24,932 DEBUG [main][MybatisConfiguration.java:128] - addMappedStatement: com.zy.content.mapper.CourseCategoryMapper.delete
2023-10-17 14:02:24,932 DEBUG [main][MybatisConfiguration.java:128] - addMappedStatement: com.zy.content.mapper.CourseCategoryMapper.delete
2023-10-17 14:02:24,936 DEBUG [main][MybatisConfiguration.java:128] - addMappedStatement: com.zy.content.mapper.CourseCategoryMapper.deleteByMap
2023-10-17 14:02:24,936 DEBUG [main][MybatisConfiguration.java:128] - addMappedStatement: com.zy.content.mapper.CourseCategoryMapper.deleteByMap
2023-10-17 14:02:24,938 DEBUG [main][MybatisConfiguration.java:128] - addMappedStatement: com.zy.content.mapper.CourseCategoryMapper.deleteById
2023-10-17 14:02:24,938 DEBUG [main][MybatisConfiguration.java:128] - addMappedStatement: com.zy.content.mapper.CourseCategoryMapper.deleteById
2023-10-17 14:02:24,942 DEBUG [main][MybatisConfiguration.java:128] - addMappedStatement: com.zy.content.mapper.CourseCategoryMapper.deleteBatchIds
2023-10-17 14:02:24,942 DEBUG [main][MybatisConfiguration.java:128] - addMappedStatement: com.zy.content.mapper.CourseCategoryMapper.deleteBatchIds
2023-10-17 14:02:24,946 DEBUG [main][MybatisConfiguration.java:128] - addMappedStatement: com.zy.content.mapper.CourseCategoryMapper.update
2023-10-17 14:02:24,946 DEBUG [main][MybatisConfiguration.java:128] - addMappedStatement: com.zy.content.mapper.CourseCategoryMapper.update
2023-10-17 14:02:24,954 DEBUG [main][MybatisConfiguration.java:128] - addMappedStatement: com.zy.content.mapper.CourseCategoryMapper.updateById
2023-10-17 14:02:24,954 DEBUG [main][MybatisConfiguration.java:128] - addMappedStatement: com.zy.content.mapper.CourseCategoryMapper.updateById
2023-10-17 14:02:24,955 DEBUG [main][MybatisConfiguration.java:128] - addMappedStatement: com.zy.content.mapper.CourseCategoryMapper.selectById
2023-10-17 14:02:24,955 DEBUG [main][MybatisConfiguration.java:128] - addMappedStatement: com.zy.content.mapper.CourseCategoryMapper.selectById
2023-10-17 14:02:24,959 DEBUG [main][MybatisConfiguration.java:128] - addMappedStatement: com.zy.content.mapper.CourseCategoryMapper.selectBatchIds
2023-10-17 14:02:24,959 DEBUG [main][MybatisConfiguration.java:128] - addMappedStatement: com.zy.content.mapper.CourseCategoryMapper.selectBatchIds
2023-10-17 14:02:24,961 DEBUG [main][MybatisConfiguration.java:128] - addMappedStatement: com.zy.content.mapper.CourseCategoryMapper.selectByMap
2023-10-17 14:02:24,961 DEBUG [main][MybatisConfiguration.java:128] - addMappedStatement: com.zy.content.mapper.CourseCategoryMapper.selectByMap
2023-10-17 14:02:24,965 DEBUG [main][MybatisConfiguration.java:128] - addMappedStatement: com.zy.content.mapper.CourseCategoryMapper.selectOne
2023-10-17 14:02:24,965 DEBUG [main][MybatisConfiguration.java:128] - addMappedStatement: com.zy.content.mapper.CourseCategoryMapper.selectOne
2023-10-17 14:02:24,968 DEBUG [main][MybatisConfiguration.java:128] - addMappedStatement: com.zy.content.mapper.CourseCategoryMapper.selectCount
2023-10-17 14:02:24,968 DEBUG [main][MybatisConfiguration.java:128] - addMappedStatement: com.zy.content.mapper.CourseCategoryMapper.selectCount
2023-10-17 14:02:24,970 DEBUG [main][MybatisConfiguration.java:128] - addMappedStatement: com.zy.content.mapper.CourseCategoryMapper.selectMaps
2023-10-17 14:02:24,970 DEBUG [main][MybatisConfiguration.java:128] - addMappedStatement: com.zy.content.mapper.CourseCategoryMapper.selectMaps
2023-10-17 14:02:24,974 DEBUG [main][MybatisConfiguration.java:128] - addMappedStatement: com.zy.content.mapper.CourseCategoryMapper.selectMapsPage
2023-10-17 14:02:24,974 DEBUG [main][MybatisConfiguration.java:128] - addMappedStatement: com.zy.content.mapper.CourseCategoryMapper.selectMapsPage
2023-10-17 14:02:24,977 DEBUG [main][MybatisConfiguration.java:128] - addMappedStatement: com.zy.content.mapper.CourseCategoryMapper.selectObjs
2023-10-17 14:02:24,977 DEBUG [main][MybatisConfiguration.java:128] - addMappedStatement: com.zy.content.mapper.CourseCategoryMapper.selectObjs
2023-10-17 14:02:24,981 DEBUG [main][MybatisConfiguration.java:128] - addMappedStatement: com.zy.content.mapper.CourseCategoryMapper.selectList
2023-10-17 14:02:24,981 DEBUG [main][MybatisConfiguration.java:128] - addMappedStatement: com.zy.content.mapper.CourseCategoryMapper.selectList
2023-10-17 14:02:24,983 DEBUG [main][MybatisConfiguration.java:128] - addMappedStatement: com.zy.content.mapper.CourseCategoryMapper.selectPage
2023-10-17 14:02:24,983 DEBUG [main][MybatisConfiguration.java:128] - addMappedStatement: com.zy.content.mapper.CourseCategoryMapper.selectPage
2023-10-17 14:02:24,996 DEBUG [main][MybatisConfiguration.java:128] - addMappedStatement: com.zy.content.mapper.CourseMarketMapper.insert
2023-10-17 14:02:24,996 DEBUG [main][MybatisConfiguration.java:128] - addMappedStatement: com.zy.content.mapper.CourseMarketMapper.insert
2023-10-17 14:02:24,999 DEBUG [main][MybatisConfiguration.java:128] - addMappedStatement: com.zy.content.mapper.CourseMarketMapper.delete
2023-10-17 14:02:24,999 DEBUG [main][MybatisConfiguration.java:128] - addMappedStatement: com.zy.content.mapper.CourseMarketMapper.delete
2023-10-17 14:02:25,001 DEBUG [main][MybatisConfiguration.java:128] - addMappedStatement: com.zy.content.mapper.CourseMarketMapper.deleteByMap
2023-10-17 14:02:25,001 DEBUG [main][MybatisConfiguration.java:128] - addMappedStatement: com.zy.content.mapper.CourseMarketMapper.deleteByMap
2023-10-17 14:02:25,003 DEBUG [main][MybatisConfiguration.java:128] - addMappedStatement: com.zy.content.mapper.CourseMarketMapper.deleteById
2023-10-17 14:02:25,003 DEBUG [main][MybatisConfiguration.java:128] - addMappedStatement: com.zy.content.mapper.CourseMarketMapper.deleteById
2023-10-17 14:02:25,005 DEBUG [main][MybatisConfiguration.java:128] - addMappedStatement: com.zy.content.mapper.CourseMarketMapper.deleteBatchIds
2023-10-17 14:02:25,005 DEBUG [main][MybatisConfiguration.java:128] - addMappedStatement: com.zy.content.mapper.CourseMarketMapper.deleteBatchIds
2023-10-17 14:02:25,008 DEBUG [main][MybatisConfiguration.java:128] - addMappedStatement: com.zy.content.mapper.CourseMarketMapper.update
2023-10-17 14:02:25,008 DEBUG [main][MybatisConfiguration.java:128] - addMappedStatement: com.zy.content.mapper.CourseMarketMapper.update
2023-10-17 14:02:25,011 DEBUG [main][MybatisConfiguration.java:128] - addMappedStatement: com.zy.content.mapper.CourseMarketMapper.updateById
2023-10-17 14:02:25,011 DEBUG [main][MybatisConfiguration.java:128] - addMappedStatement: com.zy.content.mapper.CourseMarketMapper.updateById
2023-10-17 14:02:25,011 DEBUG [main][MybatisConfiguration.java:128] - addMappedStatement: com.zy.content.mapper.CourseMarketMapper.selectById
2023-10-17 14:02:25,011 DEBUG [main][MybatisConfiguration.java:128] - addMappedStatement: com.zy.content.mapper.CourseMarketMapper.selectById
2023-10-17 14:02:25,015 DEBUG [main][MybatisConfiguration.java:128] - addMappedStatement: com.zy.content.mapper.CourseMarketMapper.selectBatchIds
2023-10-17 14:02:25,015 DEBUG [main][MybatisConfiguration.java:128] - addMappedStatement: com.zy.content.mapper.CourseMarketMapper.selectBatchIds
2023-10-17 14:02:25,017 DEBUG [main][MybatisConfiguration.java:128] - addMappedStatement: com.zy.content.mapper.CourseMarketMapper.selectByMap
2023-10-17 14:02:25,017 DEBUG [main][MybatisConfiguration.java:128] - addMappedStatement: com.zy.content.mapper.CourseMarketMapper.selectByMap
2023-10-17 14:02:25,020 DEBUG [main][MybatisConfiguration.java:128] - addMappedStatement: com.zy.content.mapper.CourseMarketMapper.selectOne
2023-10-17 14:02:25,020 DEBUG [main][MybatisConfiguration.java:128] - addMappedStatement: com.zy.content.mapper.CourseMarketMapper.selectOne
2023-10-17 14:02:25,023 DEBUG [main][MybatisConfiguration.java:128] - addMappedStatement: com.zy.content.mapper.CourseMarketMapper.selectCount
2023-10-17 14:02:25,023 DEBUG [main][MybatisConfiguration.java:128] - addMappedStatement: com.zy.content.mapper.CourseMarketMapper.selectCount
2023-10-17 14:02:25,027 DEBUG [main][MybatisConfiguration.java:128] - addMappedStatement: com.zy.content.mapper.CourseMarketMapper.selectMaps
2023-10-17 14:02:25,027 DEBUG [main][MybatisConfiguration.java:128] - addMappedStatement: com.zy.content.mapper.CourseMarketMapper.selectMaps
2023-10-17 14:02:25,029 DEBUG [main][MybatisConfiguration.java:128] - addMappedStatement: com.zy.content.mapper.CourseMarketMapper.selectMapsPage
2023-10-17 14:02:25,029 DEBUG [main][MybatisConfiguration.java:128] - addMappedStatement: com.zy.content.mapper.CourseMarketMapper.selectMapsPage
2023-10-17 14:02:25,032 DEBUG [main][MybatisConfiguration.java:128] - addMappedStatement: com.zy.content.mapper.CourseMarketMapper.selectObjs
2023-10-17 14:02:25,032 DEBUG [main][MybatisConfiguration.java:128] - addMappedStatement: com.zy.content.mapper.CourseMarketMapper.selectObjs
2023-10-17 14:02:25,034 DEBUG [main][MybatisConfiguration.java:128] - addMappedStatement: com.zy.content.mapper.CourseMarketMapper.selectList
2023-10-17 14:02:25,034 DEBUG [main][MybatisConfiguration.java:128] - addMappedStatement: com.zy.content.mapper.CourseMarketMapper.selectList
2023-10-17 14:02:25,036 DEBUG [main][MybatisConfiguration.java:128] - addMappedStatement: com.zy.content.mapper.CourseMarketMapper.selectPage
2023-10-17 14:02:25,036 DEBUG [main][MybatisConfiguration.java:128] - addMappedStatement: com.zy.content.mapper.CourseMarketMapper.selectPage
2023-10-17 14:02:25,052 DEBUG [main][MybatisConfiguration.java:128] - addMappedStatement: com.zy.content.mapper.CoursePublishMapper.insert
2023-10-17 14:02:25,052 DEBUG [main][MybatisConfiguration.java:128] - addMappedStatement: com.zy.content.mapper.CoursePublishMapper.insert
2023-10-17 14:02:25,055 DEBUG [main][MybatisConfiguration.java:128] - addMappedStatement: com.zy.content.mapper.CoursePublishMapper.delete
2023-10-17 14:02:25,055 DEBUG [main][MybatisConfiguration.java:128] - addMappedStatement: com.zy.content.mapper.CoursePublishMapper.delete
2023-10-17 14:02:25,058 DEBUG [main][MybatisConfiguration.java:128] - addMappedStatement: com.zy.content.mapper.CoursePublishMapper.deleteByMap
2023-10-17 14:02:25,058 DEBUG [main][MybatisConfiguration.java:128] - addMappedStatement: com.zy.content.mapper.CoursePublishMapper.deleteByMap
2023-10-17 14:02:25,060 DEBUG [main][MybatisConfiguration.java:128] - addMappedStatement: com.zy.content.mapper.CoursePublishMapper.deleteById
2023-10-17 14:02:25,060 DEBUG [main][MybatisConfiguration.java:128] - addMappedStatement: com.zy.content.mapper.CoursePublishMapper.deleteById
2023-10-17 14:02:25,062 DEBUG [main][MybatisConfiguration.java:128] - addMappedStatement: com.zy.content.mapper.CoursePublishMapper.deleteBatchIds
2023-10-17 14:02:25,062 DEBUG [main][MybatisConfiguration.java:128] - addMappedStatement: com.zy.content.mapper.CoursePublishMapper.deleteBatchIds
2023-10-17 14:02:25,066 DEBUG [main][MybatisConfiguration.java:128] - addMappedStatement: com.zy.content.mapper.CoursePublishMapper.update
2023-10-17 14:02:25,066 DEBUG [main][MybatisConfiguration.java:128] - addMappedStatement: com.zy.content.mapper.CoursePublishMapper.update
2023-10-17 14:02:25,069 DEBUG [main][MybatisConfiguration.java:128] - addMappedStatement: com.zy.content.mapper.CoursePublishMapper.updateById
2023-10-17 14:02:25,069 DEBUG [main][MybatisConfiguration.java:128] - addMappedStatement: com.zy.content.mapper.CoursePublishMapper.updateById
2023-10-17 14:02:25,069 DEBUG [main][MybatisConfiguration.java:128] - addMappedStatement: com.zy.content.mapper.CoursePublishMapper.selectById
2023-10-17 14:02:25,069 DEBUG [main][MybatisConfiguration.java:128] - addMappedStatement: com.zy.content.mapper.CoursePublishMapper.selectById
2023-10-17 14:02:25,072 DEBUG [main][MybatisConfiguration.java:128] - addMappedStatement: com.zy.content.mapper.CoursePublishMapper.selectBatchIds
2023-10-17 14:02:25,072 DEBUG [main][MybatisConfiguration.java:128] - addMappedStatement: com.zy.content.mapper.CoursePublishMapper.selectBatchIds
2023-10-17 14:02:25,073 DEBUG [main][MybatisConfiguration.java:128] - addMappedStatement: com.zy.content.mapper.CoursePublishMapper.selectByMap
2023-10-17 14:02:25,073 DEBUG [main][MybatisConfiguration.java:128] - addMappedStatement: com.zy.content.mapper.CoursePublishMapper.selectByMap
2023-10-17 14:02:25,075 DEBUG [main][MybatisConfiguration.java:128] - addMappedStatement: com.zy.content.mapper.CoursePublishMapper.selectOne
2023-10-17 14:02:25,075 DEBUG [main][MybatisConfiguration.java:128] - addMappedStatement: com.zy.content.mapper.CoursePublishMapper.selectOne
2023-10-17 14:02:25,078 DEBUG [main][MybatisConfiguration.java:128] - addMappedStatement: com.zy.content.mapper.CoursePublishMapper.selectCount
2023-10-17 14:02:25,078 DEBUG [main][MybatisConfiguration.java:128] - addMappedStatement: com.zy.content.mapper.CoursePublishMapper.selectCount
2023-10-17 14:02:25,080 DEBUG [main][MybatisConfiguration.java:128] - addMappedStatement: com.zy.content.mapper.CoursePublishMapper.selectMaps
2023-10-17 14:02:25,080 DEBUG [main][MybatisConfiguration.java:128] - addMappedStatement: com.zy.content.mapper.CoursePublishMapper.selectMaps
2023-10-17 14:02:25,083 DEBUG [main][MybatisConfiguration.java:128] - addMappedStatement: com.zy.content.mapper.CoursePublishMapper.selectMapsPage
2023-10-17 14:02:25,083 DEBUG [main][MybatisConfiguration.java:128] - addMappedStatement: com.zy.content.mapper.CoursePublishMapper.selectMapsPage
2023-10-17 14:02:25,085 DEBUG [main][MybatisConfiguration.java:128] - addMappedStatement: com.zy.content.mapper.CoursePublishMapper.selectObjs
2023-10-17 14:02:25,085 DEBUG [main][MybatisConfiguration.java:128] - addMappedStatement: com.zy.content.mapper.CoursePublishMapper.selectObjs
2023-10-17 14:02:25,088 DEBUG [main][MybatisConfiguration.java:128] - addMappedStatement: com.zy.content.mapper.CoursePublishMapper.selectList
2023-10-17 14:02:25,088 DEBUG [main][MybatisConfiguration.java:128] - addMappedStatement: com.zy.content.mapper.CoursePublishMapper.selectList
2023-10-17 14:02:25,091 DEBUG [main][MybatisConfiguration.java:128] - addMappedStatement: com.zy.content.mapper.CoursePublishMapper.selectPage
2023-10-17 14:02:25,091 DEBUG [main][MybatisConfiguration.java:128] - addMappedStatement: com.zy.content.mapper.CoursePublishMapper.selectPage
2023-10-17 14:02:25,106 DEBUG [main][MybatisConfiguration.java:128] - addMappedStatement: com.zy.content.mapper.CoursePublishPreMapper.insert
2023-10-17 14:02:25,106 DEBUG [main][MybatisConfiguration.java:128] - addMappedStatement: com.zy.content.mapper.CoursePublishPreMapper.insert
2023-10-17 14:02:25,110 DEBUG [main][MybatisConfiguration.java:128] - addMappedStatement: com.zy.content.mapper.CoursePublishPreMapper.delete
2023-10-17 14:02:25,110 DEBUG [main][MybatisConfiguration.java:128] - addMappedStatement: com.zy.content.mapper.CoursePublishPreMapper.delete
2023-10-17 14:02:25,113 DEBUG [main][MybatisConfiguration.java:128] - addMappedStatement: com.zy.content.mapper.CoursePublishPreMapper.deleteByMap
2023-10-17 14:02:25,113 DEBUG [main][MybatisConfiguration.java:128] - addMappedStatement: com.zy.content.mapper.CoursePublishPreMapper.deleteByMap
2023-10-17 14:02:25,114 DEBUG [main][MybatisConfiguration.java:128] - addMappedStatement: com.zy.content.mapper.CoursePublishPreMapper.deleteById
2023-10-17 14:02:25,114 DEBUG [main][MybatisConfiguration.java:128] - addMappedStatement: com.zy.content.mapper.CoursePublishPreMapper.deleteById
2023-10-17 14:02:25,116 DEBUG [main][MybatisConfiguration.java:128] - addMappedStatement: com.zy.content.mapper.CoursePublishPreMapper.deleteBatchIds
2023-10-17 14:02:25,116 DEBUG [main][MybatisConfiguration.java:128] - addMappedStatement: com.zy.content.mapper.CoursePublishPreMapper.deleteBatchIds
2023-10-17 14:02:25,118 DEBUG [main][MybatisConfiguration.java:128] - addMappedStatement: com.zy.content.mapper.CoursePublishPreMapper.update
2023-10-17 14:02:25,118 DEBUG [main][MybatisConfiguration.java:128] - addMappedStatement: com.zy.content.mapper.CoursePublishPreMapper.update
2023-10-17 14:02:25,121 DEBUG [main][MybatisConfiguration.java:128] - addMappedStatement: com.zy.content.mapper.CoursePublishPreMapper.updateById
2023-10-17 14:02:25,121 DEBUG [main][MybatisConfiguration.java:128] - addMappedStatement: com.zy.content.mapper.CoursePublishPreMapper.updateById
2023-10-17 14:02:25,121 DEBUG [main][MybatisConfiguration.java:128] - addMappedStatement: com.zy.content.mapper.CoursePublishPreMapper.selectById
2023-10-17 14:02:25,121 DEBUG [main][MybatisConfiguration.java:128] - addMappedStatement: com.zy.content.mapper.CoursePublishPreMapper.selectById
2023-10-17 14:02:25,124 DEBUG [main][MybatisConfiguration.java:128] - addMappedStatement: com.zy.content.mapper.CoursePublishPreMapper.selectBatchIds
2023-10-17 14:02:25,124 DEBUG [main][MybatisConfiguration.java:128] - addMappedStatement: com.zy.content.mapper.CoursePublishPreMapper.selectBatchIds
2023-10-17 14:02:25,126 DEBUG [main][MybatisConfiguration.java:128] - addMappedStatement: com.zy.content.mapper.CoursePublishPreMapper.selectByMap
2023-10-17 14:02:25,126 DEBUG [main][MybatisConfiguration.java:128] - addMappedStatement: com.zy.content.mapper.CoursePublishPreMapper.selectByMap
2023-10-17 14:02:25,129 DEBUG [main][MybatisConfiguration.java:128] - addMappedStatement: com.zy.content.mapper.CoursePublishPreMapper.selectOne
2023-10-17 14:02:25,129 DEBUG [main][MybatisConfiguration.java:128] - addMappedStatement: com.zy.content.mapper.CoursePublishPreMapper.selectOne
2023-10-17 14:02:25,131 DEBUG [main][MybatisConfiguration.java:128] - addMappedStatement: com.zy.content.mapper.CoursePublishPreMapper.selectCount
2023-10-17 14:02:25,131 DEBUG [main][MybatisConfiguration.java:128] - addMappedStatement: com.zy.content.mapper.CoursePublishPreMapper.selectCount
2023-10-17 14:02:25,136 DEBUG [main][MybatisConfiguration.java:128] - addMappedStatement: com.zy.content.mapper.CoursePublishPreMapper.selectMaps
2023-10-17 14:02:25,136 DEBUG [main][MybatisConfiguration.java:128] - addMappedStatement: com.zy.content.mapper.CoursePublishPreMapper.selectMaps
2023-10-17 14:02:25,143 DEBUG [main][MybatisConfiguration.java:128] - addMappedStatement: com.zy.content.mapper.CoursePublishPreMapper.selectMapsPage
2023-10-17 14:02:25,143 DEBUG [main][MybatisConfiguration.java:128] - addMappedStatement: com.zy.content.mapper.CoursePublishPreMapper.selectMapsPage
2023-10-17 14:02:25,147 DEBUG [main][MybatisConfiguration.java:128] - addMappedStatement: com.zy.content.mapper.CoursePublishPreMapper.selectObjs
2023-10-17 14:02:25,147 DEBUG [main][MybatisConfiguration.java:128] - addMappedStatement: com.zy.content.mapper.CoursePublishPreMapper.selectObjs
2023-10-17 14:02:25,150 DEBUG [main][MybatisConfiguration.java:128] - addMappedStatement: com.zy.content.mapper.CoursePublishPreMapper.selectList
2023-10-17 14:02:25,150 DEBUG [main][MybatisConfiguration.java:128] - addMappedStatement: com.zy.content.mapper.CoursePublishPreMapper.selectList
2023-10-17 14:02:25,157 DEBUG [main][MybatisConfiguration.java:128] - addMappedStatement: com.zy.content.mapper.CoursePublishPreMapper.selectPage
2023-10-17 14:02:25,157 DEBUG [main][MybatisConfiguration.java:128] - addMappedStatement: com.zy.content.mapper.CoursePublishPreMapper.selectPage
2023-10-17 14:02:25,171 DEBUG [main][MybatisConfiguration.java:128] - addMappedStatement: com.zy.content.mapper.CourseTeacherMapper.insert
2023-10-17 14:02:25,171 DEBUG [main][MybatisConfiguration.java:128] - addMappedStatement: com.zy.content.mapper.CourseTeacherMapper.insert
2023-10-17 14:02:25,177 DEBUG [main][MybatisConfiguration.java:128] - addMappedStatement: com.zy.content.mapper.CourseTeacherMapper.delete
2023-10-17 14:02:25,177 DEBUG [main][MybatisConfiguration.java:128] - addMappedStatement: com.zy.content.mapper.CourseTeacherMapper.delete
2023-10-17 14:02:25,180 DEBUG [main][MybatisConfiguration.java:128] - addMappedStatement: com.zy.content.mapper.CourseTeacherMapper.deleteByMap
2023-10-17 14:02:25,180 DEBUG [main][MybatisConfiguration.java:128] - addMappedStatement: com.zy.content.mapper.CourseTeacherMapper.deleteByMap
2023-10-17 14:02:25,183 DEBUG [main][MybatisConfiguration.java:128] - addMappedStatement: com.zy.content.mapper.CourseTeacherMapper.deleteById
2023-10-17 14:02:25,183 DEBUG [main][MybatisConfiguration.java:128] - addMappedStatement: com.zy.content.mapper.CourseTeacherMapper.deleteById
2023-10-17 14:02:25,186 DEBUG [main][MybatisConfiguration.java:128] - addMappedStatement: com.zy.content.mapper.CourseTeacherMapper.deleteBatchIds
2023-10-17 14:02:25,186 DEBUG [main][MybatisConfiguration.java:128] - addMappedStatement: com.zy.content.mapper.CourseTeacherMapper.deleteBatchIds
2023-10-17 14:02:25,191 DEBUG [main][MybatisConfiguration.java:128] - addMappedStatement: com.zy.content.mapper.CourseTeacherMapper.update
2023-10-17 14:02:25,193 DEBUG [main][MybatisConfiguration.java:128] - addMappedStatement: com.zy.content.mapper.CourseTeacherMapper.updateById
2023-10-17 14:02:25,191 DEBUG [main][MybatisConfiguration.java:128] - addMappedStatement: com.zy.content.mapper.CourseTeacherMapper.update
2023-10-17 14:02:25,193 DEBUG [main][MybatisConfiguration.java:128] - addMappedStatement: com.zy.content.mapper.CourseTeacherMapper.updateById
2023-10-17 14:02:25,194 DEBUG [main][MybatisConfiguration.java:128] - addMappedStatement: com.zy.content.mapper.CourseTeacherMapper.selectById
2023-10-17 14:02:25,194 DEBUG [main][MybatisConfiguration.java:128] - addMappedStatement: com.zy.content.mapper.CourseTeacherMapper.selectById
2023-10-17 14:02:25,197 DEBUG [main][MybatisConfiguration.java:128] - addMappedStatement: com.zy.content.mapper.CourseTeacherMapper.selectBatchIds
2023-10-17 14:02:25,197 DEBUG [main][MybatisConfiguration.java:128] - addMappedStatement: com.zy.content.mapper.CourseTeacherMapper.selectBatchIds
2023-10-17 14:02:25,200 DEBUG [main][MybatisConfiguration.java:128] - addMappedStatement: com.zy.content.mapper.CourseTeacherMapper.selectByMap
2023-10-17 14:02:25,200 DEBUG [main][MybatisConfiguration.java:128] - addMappedStatement: com.zy.content.mapper.CourseTeacherMapper.selectByMap
2023-10-17 14:02:25,204 DEBUG [main][MybatisConfiguration.java:128] - addMappedStatement: com.zy.content.mapper.CourseTeacherMapper.selectOne
2023-10-17 14:02:25,204 DEBUG [main][MybatisConfiguration.java:128] - addMappedStatement: com.zy.content.mapper.CourseTeacherMapper.selectOne
2023-10-17 14:02:25,208 DEBUG [main][MybatisConfiguration.java:128] - addMappedStatement: com.zy.content.mapper.CourseTeacherMapper.selectCount
2023-10-17 14:02:25,208 DEBUG [main][MybatisConfiguration.java:128] - addMappedStatement: com.zy.content.mapper.CourseTeacherMapper.selectCount
2023-10-17 14:02:25,211 DEBUG [main][MybatisConfiguration.java:128] - addMappedStatement: com.zy.content.mapper.CourseTeacherMapper.selectMaps
2023-10-17 14:02:25,211 DEBUG [main][MybatisConfiguration.java:128] - addMappedStatement: com.zy.content.mapper.CourseTeacherMapper.selectMaps
2023-10-17 14:02:25,214 DEBUG [main][MybatisConfiguration.java:128] - addMappedStatement: com.zy.content.mapper.CourseTeacherMapper.selectMapsPage
2023-10-17 14:02:25,214 DEBUG [main][MybatisConfiguration.java:128] - addMappedStatement: com.zy.content.mapper.CourseTeacherMapper.selectMapsPage
2023-10-17 14:02:25,216 DEBUG [main][MybatisConfiguration.java:128] - addMappedStatement: com.zy.content.mapper.CourseTeacherMapper.selectObjs
2023-10-17 14:02:25,216 DEBUG [main][MybatisConfiguration.java:128] - addMappedStatement: com.zy.content.mapper.CourseTeacherMapper.selectObjs
2023-10-17 14:02:25,220 DEBUG [main][MybatisConfiguration.java:128] - addMappedStatement: com.zy.content.mapper.CourseTeacherMapper.selectList
2023-10-17 14:02:25,220 DEBUG [main][MybatisConfiguration.java:128] - addMappedStatement: com.zy.content.mapper.CourseTeacherMapper.selectList
2023-10-17 14:02:25,224 DEBUG [main][MybatisConfiguration.java:128] - addMappedStatement: com.zy.content.mapper.CourseTeacherMapper.selectPage
2023-10-17 14:02:25,224 DEBUG [main][MybatisConfiguration.java:128] - addMappedStatement: com.zy.content.mapper.CourseTeacherMapper.selectPage
2023-10-17 14:02:25,245 DEBUG [main][MybatisConfiguration.java:128] - addMappedStatement: com.zy.content.mapper.TeachplanMapper.insert
2023-10-17 14:02:25,245 DEBUG [main][MybatisConfiguration.java:128] - addMappedStatement: com.zy.content.mapper.TeachplanMapper.insert
2023-10-17 14:02:25,249 DEBUG [main][MybatisConfiguration.java:128] - addMappedStatement: com.zy.content.mapper.TeachplanMapper.delete
2023-10-17 14:02:25,249 DEBUG [main][MybatisConfiguration.java:128] - addMappedStatement: com.zy.content.mapper.TeachplanMapper.delete
2023-10-17 14:02:25,252 DEBUG [main][MybatisConfiguration.java:128] - addMappedStatement: com.zy.content.mapper.TeachplanMapper.deleteByMap
2023-10-17 14:02:25,252 DEBUG [main][MybatisConfiguration.java:128] - addMappedStatement: com.zy.content.mapper.TeachplanMapper.deleteByMap
2023-10-17 14:02:25,257 DEBUG [main][MybatisConfiguration.java:128] - addMappedStatement: com.zy.content.mapper.TeachplanMapper.deleteById
2023-10-17 14:02:25,257 DEBUG [main][MybatisConfiguration.java:128] - addMappedStatement: com.zy.content.mapper.TeachplanMapper.deleteById
2023-10-17 14:02:25,259 DEBUG [main][MybatisConfiguration.java:128] - addMappedStatement: com.zy.content.mapper.TeachplanMapper.deleteBatchIds
2023-10-17 14:02:25,259 DEBUG [main][MybatisConfiguration.java:128] - addMappedStatement: com.zy.content.mapper.TeachplanMapper.deleteBatchIds
2023-10-17 14:02:25,262 DEBUG [main][MybatisConfiguration.java:128] - addMappedStatement: com.zy.content.mapper.TeachplanMapper.update
2023-10-17 14:02:25,262 DEBUG [main][MybatisConfiguration.java:128] - addMappedStatement: com.zy.content.mapper.TeachplanMapper.update
2023-10-17 14:02:25,264 DEBUG [main][MybatisConfiguration.java:128] - addMappedStatement: com.zy.content.mapper.TeachplanMapper.updateById
2023-10-17 14:02:25,264 DEBUG [main][MybatisConfiguration.java:128] - addMappedStatement: com.zy.content.mapper.TeachplanMapper.updateById
2023-10-17 14:02:25,265 DEBUG [main][MybatisConfiguration.java:128] - addMappedStatement: com.zy.content.mapper.TeachplanMapper.selectById
2023-10-17 14:02:25,265 DEBUG [main][MybatisConfiguration.java:128] - addMappedStatement: com.zy.content.mapper.TeachplanMapper.selectById
2023-10-17 14:02:25,267 DEBUG [main][MybatisConfiguration.java:128] - addMappedStatement: com.zy.content.mapper.TeachplanMapper.selectBatchIds
2023-10-17 14:02:25,267 DEBUG [main][MybatisConfiguration.java:128] - addMappedStatement: com.zy.content.mapper.TeachplanMapper.selectBatchIds
2023-10-17 14:02:25,270 DEBUG [main][MybatisConfiguration.java:128] - addMappedStatement: com.zy.content.mapper.TeachplanMapper.selectByMap
2023-10-17 14:02:25,270 DEBUG [main][MybatisConfiguration.java:128] - addMappedStatement: com.zy.content.mapper.TeachplanMapper.selectByMap
2023-10-17 14:02:25,274 DEBUG [main][MybatisConfiguration.java:128] - addMappedStatement: com.zy.content.mapper.TeachplanMapper.selectOne
2023-10-17 14:02:25,274 DEBUG [main][MybatisConfiguration.java:128] - addMappedStatement: com.zy.content.mapper.TeachplanMapper.selectOne
2023-10-17 14:02:25,276 DEBUG [main][MybatisConfiguration.java:128] - addMappedStatement: com.zy.content.mapper.TeachplanMapper.selectCount
2023-10-17 14:02:25,276 DEBUG [main][MybatisConfiguration.java:128] - addMappedStatement: com.zy.content.mapper.TeachplanMapper.selectCount
2023-10-17 14:02:25,279 DEBUG [main][MybatisConfiguration.java:128] - addMappedStatement: com.zy.content.mapper.TeachplanMapper.selectMaps
2023-10-17 14:02:25,279 DEBUG [main][MybatisConfiguration.java:128] - addMappedStatement: com.zy.content.mapper.TeachplanMapper.selectMaps
2023-10-17 14:02:25,282 DEBUG [main][MybatisConfiguration.java:128] - addMappedStatement: com.zy.content.mapper.TeachplanMapper.selectMapsPage
2023-10-17 14:02:25,282 DEBUG [main][MybatisConfiguration.java:128] - addMappedStatement: com.zy.content.mapper.TeachplanMapper.selectMapsPage
2023-10-17 14:02:25,286 DEBUG [main][MybatisConfiguration.java:128] - addMappedStatement: com.zy.content.mapper.TeachplanMapper.selectObjs
2023-10-17 14:02:25,286 DEBUG [main][MybatisConfiguration.java:128] - addMappedStatement: com.zy.content.mapper.TeachplanMapper.selectObjs
2023-10-17 14:02:25,288 DEBUG [main][MybatisConfiguration.java:128] - addMappedStatement: com.zy.content.mapper.TeachplanMapper.selectList
2023-10-17 14:02:25,288 DEBUG [main][MybatisConfiguration.java:128] - addMappedStatement: com.zy.content.mapper.TeachplanMapper.selectList
2023-10-17 14:02:25,292 DEBUG [main][MybatisConfiguration.java:128] - addMappedStatement: com.zy.content.mapper.TeachplanMapper.selectPage
2023-10-17 14:02:25,292 DEBUG [main][MybatisConfiguration.java:128] - addMappedStatement: com.zy.content.mapper.TeachplanMapper.selectPage
2023-10-17 14:02:25,305 DEBUG [main][MybatisConfiguration.java:128] - addMappedStatement: com.zy.content.mapper.TeachplanMediaMapper.insert
2023-10-17 14:02:25,305 DEBUG [main][MybatisConfiguration.java:128] - addMappedStatement: com.zy.content.mapper.TeachplanMediaMapper.insert
2023-10-17 14:02:25,308 DEBUG [main][MybatisConfiguration.java:128] - addMappedStatement: com.zy.content.mapper.TeachplanMediaMapper.delete
2023-10-17 14:02:25,308 DEBUG [main][MybatisConfiguration.java:128] - addMappedStatement: com.zy.content.mapper.TeachplanMediaMapper.delete
2023-10-17 14:02:25,310 DEBUG [main][MybatisConfiguration.java:128] - addMappedStatement: com.zy.content.mapper.TeachplanMediaMapper.deleteByMap
2023-10-17 14:02:25,310 DEBUG [main][MybatisConfiguration.java:128] - addMappedStatement: com.zy.content.mapper.TeachplanMediaMapper.deleteByMap
2023-10-17 14:02:25,312 DEBUG [main][MybatisConfiguration.java:128] - addMappedStatement: com.zy.content.mapper.TeachplanMediaMapper.deleteById
2023-10-17 14:02:25,312 DEBUG [main][MybatisConfiguration.java:128] - addMappedStatement: com.zy.content.mapper.TeachplanMediaMapper.deleteById
2023-10-17 14:02:25,314 DEBUG [main][MybatisConfiguration.java:128] - addMappedStatement: com.zy.content.mapper.TeachplanMediaMapper.deleteBatchIds
2023-10-17 14:02:25,314 DEBUG [main][MybatisConfiguration.java:128] - addMappedStatement: com.zy.content.mapper.TeachplanMediaMapper.deleteBatchIds
2023-10-17 14:02:25,316 DEBUG [main][MybatisConfiguration.java:128] - addMappedStatement: com.zy.content.mapper.TeachplanMediaMapper.update
2023-10-17 14:02:25,316 DEBUG [main][MybatisConfiguration.java:128] - addMappedStatement: com.zy.content.mapper.TeachplanMediaMapper.update
2023-10-17 14:02:25,318 DEBUG [main][MybatisConfiguration.java:128] - addMappedStatement: com.zy.content.mapper.TeachplanMediaMapper.updateById
2023-10-17 14:02:25,318 DEBUG [main][MybatisConfiguration.java:128] - addMappedStatement: com.zy.content.mapper.TeachplanMediaMapper.updateById
2023-10-17 14:02:25,319 DEBUG [main][MybatisConfiguration.java:128] - addMappedStatement: com.zy.content.mapper.TeachplanMediaMapper.selectById
2023-10-17 14:02:25,319 DEBUG [main][MybatisConfiguration.java:128] - addMappedStatement: com.zy.content.mapper.TeachplanMediaMapper.selectById
2023-10-17 14:02:25,321 DEBUG [main][MybatisConfiguration.java:128] - addMappedStatement: com.zy.content.mapper.TeachplanMediaMapper.selectBatchIds
2023-10-17 14:02:25,321 DEBUG [main][MybatisConfiguration.java:128] - addMappedStatement: com.zy.content.mapper.TeachplanMediaMapper.selectBatchIds
2023-10-17 14:02:25,326 DEBUG [main][MybatisConfiguration.java:128] - addMappedStatement: com.zy.content.mapper.TeachplanMediaMapper.selectByMap
2023-10-17 14:02:25,326 DEBUG [main][MybatisConfiguration.java:128] - addMappedStatement: com.zy.content.mapper.TeachplanMediaMapper.selectByMap
2023-10-17 14:02:25,328 DEBUG [main][MybatisConfiguration.java:128] - addMappedStatement: com.zy.content.mapper.TeachplanMediaMapper.selectOne
2023-10-17 14:02:25,328 DEBUG [main][MybatisConfiguration.java:128] - addMappedStatement: com.zy.content.mapper.TeachplanMediaMapper.selectOne
2023-10-17 14:02:25,331 DEBUG [main][MybatisConfiguration.java:128] - addMappedStatement: com.zy.content.mapper.TeachplanMediaMapper.selectCount
2023-10-17 14:02:25,331 DEBUG [main][MybatisConfiguration.java:128] - addMappedStatement: com.zy.content.mapper.TeachplanMediaMapper.selectCount
2023-10-17 14:02:25,333 DEBUG [main][MybatisConfiguration.java:128] - addMappedStatement: com.zy.content.mapper.TeachplanMediaMapper.selectMaps
2023-10-17 14:02:25,333 DEBUG [main][MybatisConfiguration.java:128] - addMappedStatement: com.zy.content.mapper.TeachplanMediaMapper.selectMaps
2023-10-17 14:02:25,336 DEBUG [main][MybatisConfiguration.java:128] - addMappedStatement: com.zy.content.mapper.TeachplanMediaMapper.selectMapsPage
2023-10-17 14:02:25,336 DEBUG [main][MybatisConfiguration.java:128] - addMappedStatement: com.zy.content.mapper.TeachplanMediaMapper.selectMapsPage
2023-10-17 14:02:25,338 DEBUG [main][MybatisConfiguration.java:128] - addMappedStatement: com.zy.content.mapper.TeachplanMediaMapper.selectObjs
2023-10-17 14:02:25,338 DEBUG [main][MybatisConfiguration.java:128] - addMappedStatement: com.zy.content.mapper.TeachplanMediaMapper.selectObjs
2023-10-17 14:02:25,341 DEBUG [main][MybatisConfiguration.java:128] - addMappedStatement: com.zy.content.mapper.TeachplanMediaMapper.selectList
2023-10-17 14:02:25,341 DEBUG [main][MybatisConfiguration.java:128] - addMappedStatement: com.zy.content.mapper.TeachplanMediaMapper.selectList
2023-10-17 14:02:25,346 DEBUG [main][MybatisConfiguration.java:128] - addMappedStatement: com.zy.content.mapper.TeachplanMediaMapper.selectPage
2023-10-17 14:02:25,346 DEBUG [main][MybatisConfiguration.java:128] - addMappedStatement: com.zy.content.mapper.TeachplanMediaMapper.selectPage
2023-10-17 14:02:25,376 INFO [main][StartupInfoLogger.java:61] - Started CourseBaseInfoTest in 3.969 seconds (JVM running for 6.064)
2023-10-17 14:02:25,376 INFO [main][StartupInfoLogger.java:61] - Started CourseBaseInfoTest in 3.969 seconds (JVM running for 6.064)
2023-10-17 14:02:25,955 DEBUG [main][HikariConfig.java:1066] - HikariPool-1 - configuration:
2023-10-17 14:02:25,955 DEBUG [main][HikariConfig.java:1066] - HikariPool-1 - configuration:
2023-10-17 14:02:25,958 DEBUG [main][HikariConfig.java:1098] - allowPoolSuspension.............false
2023-10-17 14:02:25,958 DEBUG [main][HikariConfig.java:1098] - allowPoolSuspension.............false
2023-10-17 14:02:25,959 DEBUG [main][HikariConfig.java:1098] - autoCommit......................true
2023-10-17 14:02:25,959 DEBUG [main][HikariConfig.java:1098] - autoCommit......................true
2023-10-17 14:02:25,960 DEBUG [main][HikariConfig.java:1098] - catalog.........................none
2023-10-17 14:02:25,960 DEBUG [main][HikariConfig.java:1098] - catalog.........................none
2023-10-17 14:02:25,960 DEBUG [main][HikariConfig.java:1098] - connectionInitSql...............none
2023-10-17 14:02:25,960 DEBUG [main][HikariConfig.java:1098] - connectionInitSql...............none
2023-10-17 14:02:25,961 DEBUG [main][HikariConfig.java:1098] - connectionTestQuery.............none
2023-10-17 14:02:25,961 DEBUG [main][HikariConfig.java:1098] - connectionTestQuery.............none
2023-10-17 14:02:25,961 DEBUG [main][HikariConfig.java:1098] - connectionTimeout...............30000
2023-10-17 14:02:25,961 DEBUG [main][HikariConfig.java:1098] - connectionTimeout...............30000
2023-10-17 14:02:25,961 DEBUG [main][HikariConfig.java:1098] - dataSource......................none
2023-10-17 14:02:25,961 DEBUG [main][HikariConfig.java:1098] - dataSource......................none
2023-10-17 14:02:25,961 DEBUG [main][HikariConfig.java:1098] - dataSourceClassName.............none
2023-10-17 14:02:25,961 DEBUG [main][HikariConfig.java:1098] - dataSourceClassName.............none
2023-10-17 14:02:25,963 DEBUG [main][HikariConfig.java:1098] - dataSourceJNDI..................none
2023-10-17 14:02:25,963 DEBUG [main][HikariConfig.java:1098] - dataSourceJNDI..................none
2023-10-17 14:02:25,964 DEBUG [main][HikariConfig.java:1098] - dataSourceProperties............{password=<masked>}
2023-10-17 14:02:25,964 DEBUG [main][HikariConfig.java:1098] - dataSourceProperties............{password=<masked>}
2023-10-17 14:02:25,964 DEBUG [main][HikariConfig.java:1098] - driverClassName................."com.mysql.cj.jdbc.Driver"
2023-10-17 14:02:25,964 DEBUG [main][HikariConfig.java:1098] - driverClassName................."com.mysql.cj.jdbc.Driver"
2023-10-17 14:02:25,965 DEBUG [main][HikariConfig.java:1098] - exceptionOverrideClassName......none
2023-10-17 14:02:25,965 DEBUG [main][HikariConfig.java:1098] - exceptionOverrideClassName......none
2023-10-17 14:02:25,965 DEBUG [main][HikariConfig.java:1098] - healthCheckProperties...........{}
2023-10-17 14:02:25,965 DEBUG [main][HikariConfig.java:1098] - healthCheckProperties...........{}
2023-10-17 14:02:25,965 DEBUG [main][HikariConfig.java:1098] - healthCheckRegistry.............none
2023-10-17 14:02:25,965 DEBUG [main][HikariConfig.java:1098] - healthCheckRegistry.............none
2023-10-17 14:02:25,966 DEBUG [main][HikariConfig.java:1098] - idleTimeout.....................600000
2023-10-17 14:02:25,966 DEBUG [main][HikariConfig.java:1098] - idleTimeout.....................600000
2023-10-17 14:02:25,966 DEBUG [main][HikariConfig.java:1098] - initializationFailTimeout.......1
2023-10-17 14:02:25,966 DEBUG [main][HikariConfig.java:1098] - initializationFailTimeout.......1
2023-10-17 14:02:25,966 DEBUG [main][HikariConfig.java:1098] - isolateInternalQueries..........false
2023-10-17 14:02:25,966 DEBUG [main][HikariConfig.java:1098] - isolateInternalQueries..........false
2023-10-17 14:02:25,967 DEBUG [main][HikariConfig.java:1098] - jdbcUrl.........................jdbc:mysql://localhost:3306/xc_content?serverTimezone=UTC&userUnicode=true&useSSL=false&allowPublicKeyRetrieval=true
2023-10-17 14:02:25,967 DEBUG [main][HikariConfig.java:1098] - jdbcUrl.........................jdbc:mysql://localhost:3306/xc_content?serverTimezone=UTC&userUnicode=true&useSSL=false&allowPublicKeyRetrieval=true
2023-10-17 14:02:25,967 DEBUG [main][HikariConfig.java:1098] - leakDetectionThreshold..........0
2023-10-17 14:02:25,967 DEBUG [main][HikariConfig.java:1098] - leakDetectionThreshold..........0
2023-10-17 14:02:25,968 DEBUG [main][HikariConfig.java:1098] - maxLifetime.....................1800000
2023-10-17 14:02:25,968 DEBUG [main][HikariConfig.java:1098] - maxLifetime.....................1800000
2023-10-17 14:02:25,968 DEBUG [main][HikariConfig.java:1098] - maximumPoolSize.................10
2023-10-17 14:02:25,968 DEBUG [main][HikariConfig.java:1098] - maximumPoolSize.................10
2023-10-17 14:02:25,968 DEBUG [main][HikariConfig.java:1098] - metricRegistry..................none
2023-10-17 14:02:25,968 DEBUG [main][HikariConfig.java:1098] - metricRegistry..................none
2023-10-17 14:02:25,968 DEBUG [main][HikariConfig.java:1098] - metricsTrackerFactory...........none
2023-10-17 14:02:25,968 DEBUG [main][HikariConfig.java:1098] - metricsTrackerFactory...........none
2023-10-17 14:02:25,969 DEBUG [main][HikariConfig.java:1098] - minimumIdle.....................10
2023-10-17 14:02:25,969 DEBUG [main][HikariConfig.java:1098] - minimumIdle.....................10
2023-10-17 14:02:25,969 DEBUG [main][HikariConfig.java:1098] - password........................<masked>
2023-10-17 14:02:25,969 DEBUG [main][HikariConfig.java:1098] - password........................<masked>
2023-10-17 14:02:25,969 DEBUG [main][HikariConfig.java:1098] - poolName........................"HikariPool-1"
2023-10-17 14:02:25,969 DEBUG [main][HikariConfig.java:1098] - poolName........................"HikariPool-1"
2023-10-17 14:02:25,970 DEBUG [main][HikariConfig.java:1098] - readOnly........................false
2023-10-17 14:02:25,970 DEBUG [main][HikariConfig.java:1098] - readOnly........................false
2023-10-17 14:02:25,970 DEBUG [main][HikariConfig.java:1098] - registerMbeans..................false
2023-10-17 14:02:25,970 DEBUG [main][HikariConfig.java:1098] - registerMbeans..................false
2023-10-17 14:02:25,971 DEBUG [main][HikariConfig.java:1098] - scheduledExecutor...............none
2023-10-17 14:02:25,971 DEBUG [main][HikariConfig.java:1098] - scheduledExecutor...............none
2023-10-17 14:02:25,971 DEBUG [main][HikariConfig.java:1098] - schema..........................none
2023-10-17 14:02:25,971 DEBUG [main][HikariConfig.java:1098] - schema..........................none
2023-10-17 14:02:25,972 DEBUG [main][HikariConfig.java:1098] - threadFactory...................internal
2023-10-17 14:02:25,972 DEBUG [main][HikariConfig.java:1098] - threadFactory...................internal
2023-10-17 14:02:25,972 DEBUG [main][HikariConfig.java:1098] - transactionIsolation............default
2023-10-17 14:02:25,972 DEBUG [main][HikariConfig.java:1098] - transactionIsolation............default
2023-10-17 14:02:25,973 DEBUG [main][HikariConfig.java:1098] - username........................"root"
2023-10-17 14:02:25,973 DEBUG [main][HikariConfig.java:1098] - username........................"root"
2023-10-17 14:02:25,973 DEBUG [main][HikariConfig.java:1098] - validationTimeout...............5000
2023-10-17 14:02:25,973 DEBUG [main][HikariConfig.java:1098] - validationTimeout...............5000
2023-10-17 14:02:25,974 INFO [main][HikariDataSource.java:110] - HikariPool-1 - Starting...
2023-10-17 14:02:25,974 INFO [main][HikariDataSource.java:110] - HikariPool-1 - Starting...
2023-10-17 14:02:26,249 DEBUG [main][HikariPool.java:564] - HikariPool-1 - Added connection com.mysql.cj.jdbc.ConnectionImpl@4ed4a7e4
2023-10-17 14:02:26,249 DEBUG [main][HikariPool.java:564] - HikariPool-1 - Added connection com.mysql.cj.jdbc.ConnectionImpl@4ed4a7e4
2023-10-17 14:02:26,253 INFO [main][HikariDataSource.java:123] - HikariPool-1 - Start completed.
2023-10-17 14:02:26,253 INFO [main][HikariDataSource.java:123] - HikariPool-1 - Start completed.
2023-10-17 14:02:26,265 DEBUG [main][BaseJdbcLogger.java:137] - ==>  Preparing: SELECT COUNT(*) FROM course_base WHERE (name LIKE ?)
2023-10-17 14:02:26,265 DEBUG [main][BaseJdbcLogger.java:137] - ==>  Preparing: SELECT COUNT(*) FROM course_base WHERE (name LIKE ?)
2023-10-17 14:02:26,299 DEBUG [main][BaseJdbcLogger.java:137] - ==> Parameters: %java%(String)
2023-10-17 14:02:26,299 DEBUG [main][BaseJdbcLogger.java:137] - ==> Parameters: %java%(String)
2023-10-17 14:02:26,328 DEBUG [main][BaseJdbcLogger.java:137] - <==      Total: 1
2023-10-17 14:02:26,328 DEBUG [main][BaseJdbcLogger.java:137] - <==      Total: 1
2023-10-17 14:02:26,343 DEBUG [main][BaseJdbcLogger.java:137] - ==>  Preparing: SELECT id,company_id,company_name,name,users,tags,mt,st,grade,teachmode,description,pic,create_date,change_date,create_people,change_people,audit_status,status FROM course_base WHERE (name LIKE ?) LIMIT ?
2023-10-17 14:02:26,343 DEBUG [main][BaseJdbcLogger.java:137] - ==>  Preparing: SELECT id,company_id,company_name,name,users,tags,mt,st,grade,teachmode,description,pic,create_date,change_date,create_people,change_people,audit_status,status FROM course_base WHERE (name LIKE ?) LIMIT ?
2023-10-17 14:02:26,344 DEBUG [main][BaseJdbcLogger.java:137] - ==> Parameters: %java%(String), 2(Long)
2023-10-17 14:02:26,344 DEBUG [main][BaseJdbcLogger.java:137] - ==> Parameters: %java%(String), 2(Long)
2023-10-17 14:02:26,354 DEBUG [main][BaseJdbcLogger.java:137] - <==      Total: 2
2023-10-17 14:02:26,354 DEBUG [main][BaseJdbcLogger.java:137] - <==      Total: 2
2023-10-17 14:02:26,368 DEBUG [HikariPool-1 housekeeper][HikariPool.java:421] - HikariPool-1 - Pool stats (total=1, active=0, idle=1, waiting=0)
2023-10-17 14:02:26,368 DEBUG [HikariPool-1 housekeeper][HikariPool.java:421] - HikariPool-1 - Pool stats (total=1, active=0, idle=1, waiting=0)
2023-10-17 14:02:26,375 DEBUG [HikariPool-1 connection adder][HikariPool.java:728] - HikariPool-1 - Added connection com.mysql.cj.jdbc.ConnectionImpl@62e42c8a
2023-10-17 14:02:26,375 DEBUG [HikariPool-1 connection adder][HikariPool.java:728] - HikariPool-1 - Added connection com.mysql.cj.jdbc.ConnectionImpl@62e42c8a
2023-10-17 14:02:26,379 DEBUG [HikariPool-1 connection adder][HikariPool.java:728] - HikariPool-1 - Added connection com.mysql.cj.jdbc.ConnectionImpl@23d926b1
2023-10-17 14:02:26,379 DEBUG [HikariPool-1 connection adder][HikariPool.java:728] - HikariPool-1 - Added connection com.mysql.cj.jdbc.ConnectionImpl@23d926b1
2023-10-17 14:02:26,384 DEBUG [HikariPool-1 connection adder][HikariPool.java:728] - HikariPool-1 - Added connection com.mysql.cj.jdbc.ConnectionImpl@12b0a353
2023-10-17 14:02:26,384 DEBUG [HikariPool-1 connection adder][HikariPool.java:728] - HikariPool-1 - Added connection com.mysql.cj.jdbc.ConnectionImpl@12b0a353
2023-10-17 14:02:26,386 INFO [SpringContextShutdownHook][HikariDataSource.java:350] - HikariPool-1 - Shutdown initiated...
2023-10-17 14:02:26,386 INFO [SpringContextShutdownHook][HikariDataSource.java:350] - HikariPool-1 - Shutdown initiated...
2023-10-17 14:02:26,387 DEBUG [SpringContextShutdownHook][HikariPool.java:421] - HikariPool-1 - Before shutdown stats (total=4, active=0, idle=4, waiting=0)
2023-10-17 14:02:26,387 DEBUG [SpringContextShutdownHook][HikariPool.java:421] - HikariPool-1 - Before shutdown stats (total=4, active=0, idle=4, waiting=0)
2023-10-17 14:02:26,388 DEBUG [HikariPool-1 connection closer][PoolBase.java:134] - HikariPool-1 - Closing connection com.mysql.cj.jdbc.ConnectionImpl@4ed4a7e4: (connection evicted)
2023-10-17 14:02:26,388 DEBUG [HikariPool-1 connection closer][PoolBase.java:134] - HikariPool-1 - Closing connection com.mysql.cj.jdbc.ConnectionImpl@4ed4a7e4: (connection evicted)
2023-10-17 14:02:26,391 DEBUG [HikariPool-1 connection adder][HikariPool.java:728] - HikariPool-1 - Added connection com.mysql.cj.jdbc.ConnectionImpl@43f6d9fe
2023-10-17 14:02:26,391 DEBUG [HikariPool-1 connection adder][HikariPool.java:728] - HikariPool-1 - Added connection com.mysql.cj.jdbc.ConnectionImpl@43f6d9fe
2023-10-17 14:02:26,398 DEBUG [HikariPool-1 connection closer][PoolBase.java:134] - HikariPool-1 - Closing connection com.mysql.cj.jdbc.ConnectionImpl@62e42c8a: (connection evicted)
2023-10-17 14:02:26,398 DEBUG [HikariPool-1 connection closer][PoolBase.java:134] - HikariPool-1 - Closing connection com.mysql.cj.jdbc.ConnectionImpl@62e42c8a: (connection evicted)
2023-10-17 14:02:26,399 DEBUG [HikariPool-1 connection closer][PoolBase.java:134] - HikariPool-1 - Closing connection com.mysql.cj.jdbc.ConnectionImpl@23d926b1: (connection evicted)
2023-10-17 14:02:26,399 DEBUG [HikariPool-1 connection closer][PoolBase.java:134] - HikariPool-1 - Closing connection com.mysql.cj.jdbc.ConnectionImpl@23d926b1: (connection evicted)
2023-10-17 14:02:26,401 DEBUG [HikariPool-1 connection closer][PoolBase.java:134] - HikariPool-1 - Closing connection com.mysql.cj.jdbc.ConnectionImpl@12b0a353: (connection evicted)
2023-10-17 14:02:26,401 DEBUG [HikariPool-1 connection closer][PoolBase.java:134] - HikariPool-1 - Closing connection com.mysql.cj.jdbc.ConnectionImpl@12b0a353: (connection evicted)
2023-10-17 14:02:26,401 DEBUG [HikariPool-1 connection closer][PoolBase.java:134] - HikariPool-1 - Closing connection com.mysql.cj.jdbc.ConnectionImpl@43f6d9fe: (connection evicted)
2023-10-17 14:02:26,401 DEBUG [HikariPool-1 connection closer][PoolBase.java:134] - HikariPool-1 - Closing connection com.mysql.cj.jdbc.ConnectionImpl@43f6d9fe: (connection evicted)
2023-10-17 14:02:26,404 DEBUG [SpringContextShutdownHook][HikariPool.java:421] - HikariPool-1 - After shutdown stats (total=0, active=0, idle=0, waiting=0)
2023-10-17 14:02:26,404 DEBUG [SpringContextShutdownHook][HikariPool.java:421] - HikariPool-1 - After shutdown stats (total=0, active=0, idle=0, waiting=0)
2023-10-17 14:02:26,404 INFO [SpringContextShutdownHook][HikariDataSource.java:352] - HikariPool-1 - Shutdown completed.
2023-10-17 14:02:26,404 INFO [SpringContextShutdownHook][HikariDataSource.java:352] - HikariPool-1 - Shutdown completed.
