2023-11-05 10:22:13,566 INFO [main][SpringApplication.java:655] - The following profiles are active: dev
2023-11-05 10:22:13,566 INFO [main][SpringApplication.java:655] - The following profiles are active: dev
2023-11-05 10:22:15,015 DEBUG [main][LogFactory.java:105] - Logging initialized using 'class org.apache.ibatis.logging.slf4j.Slf4jImpl' adapter.
2023-11-05 10:22:15,015 DEBUG [main][LogFactory.java:105] - Logging initialized using 'class org.apache.ibatis.logging.slf4j.Slf4jImpl' adapter.
2023-11-05 10:22:15,018 WARN [main][Logger.java:44] - No MyBatis mapper was found in '[com.xuecheng.media.mapper]' package. Please check your configuration.
2023-11-05 10:22:15,018 WARN [main][Logger.java:44] - No MyBatis mapper was found in '[com.xuecheng.media.mapper]' package. Please check your configuration.
2023-11-05 10:22:15,161 INFO [main][GenericScope.java:295] - BeanFactory id=23ceb85b-17ec-30a1-a3fd-ac1723ec7117
2023-11-05 10:22:15,161 INFO [main][GenericScope.java:295] - BeanFactory id=23ceb85b-17ec-30a1-a3fd-ac1723ec7117
2023-11-05 10:22:15,526 INFO [main][TomcatWebServer.java:108] - Tomcat initialized with port(s): 63050 (http)
2023-11-05 10:22:15,526 INFO [main][TomcatWebServer.java:108] - Tomcat initialized with port(s): 63050 (http)
2023-11-05 10:22:15,538 INFO [main][DirectJDKLog.java:173] - Initializing ProtocolHandler ["http-nio-63050"]
2023-11-05 10:22:15,538 INFO [main][DirectJDKLog.java:173] - Initializing ProtocolHandler ["http-nio-63050"]
2023-11-05 10:22:15,539 INFO [main][DirectJDKLog.java:173] - Starting service [Tomcat]
2023-11-05 10:22:15,539 INFO [main][DirectJDKLog.java:173] - Starting service [Tomcat]
2023-11-05 10:22:15,539 INFO [main][DirectJDKLog.java:173] - Starting Servlet engine: [Apache Tomcat/9.0.41]
2023-11-05 10:22:15,539 INFO [main][DirectJDKLog.java:173] - Starting Servlet engine: [Apache Tomcat/9.0.41]
2023-11-05 10:22:15,541 INFO [main][DirectJDKLog.java:173] - Loaded Apache Tomcat Native library [1.2.24] using APR version [1.7.0].
2023-11-05 10:22:15,541 INFO [main][DirectJDKLog.java:173] - Loaded Apache Tomcat Native library [1.2.24] using APR version [1.7.0].
2023-11-05 10:22:15,541 INFO [main][DirectJDKLog.java:173] - APR capabilities: IPv6 [true], sendfile [true], accept filters [false], random [true].
2023-11-05 10:22:15,541 INFO [main][DirectJDKLog.java:173] - APR capabilities: IPv6 [true], sendfile [true], accept filters [false], random [true].
2023-11-05 10:22:15,542 INFO [main][DirectJDKLog.java:173] - APR/OpenSSL configuration: useAprConnector [false], useOpenSSL [true]
2023-11-05 10:22:15,542 INFO [main][DirectJDKLog.java:173] - APR/OpenSSL configuration: useAprConnector [false], useOpenSSL [true]
2023-11-05 10:22:15,545 INFO [main][DirectJDKLog.java:173] - OpenSSL successfully initialized [OpenSSL 1.1.1g  21 Apr 2020]
2023-11-05 10:22:15,545 INFO [main][DirectJDKLog.java:173] - OpenSSL successfully initialized [OpenSSL 1.1.1g  21 Apr 2020]
2023-11-05 10:22:15,750 INFO [main][DirectJDKLog.java:173] - Initializing Spring embedded WebApplicationContext
2023-11-05 10:22:15,750 INFO [main][DirectJDKLog.java:173] - Initializing Spring embedded WebApplicationContext
2023-11-05 10:22:15,750 INFO [main][ServletWebServerApplicationContext.java:285] - Root WebApplicationContext: initialization completed in 2130 ms
2023-11-05 10:22:15,750 INFO [main][ServletWebServerApplicationContext.java:285] - Root WebApplicationContext: initialization completed in 2130 ms
2023-11-05 10:22:15,934 DEBUG [main][HikariConfig.java:946] - Driver class com.mysql.cj.jdbc.Driver found in Thread context class loader sun.misc.Launcher$AppClassLoader@18b4aac2
2023-11-05 10:22:15,934 DEBUG [main][HikariConfig.java:946] - Driver class com.mysql.cj.jdbc.Driver found in Thread context class loader sun.misc.Launcher$AppClassLoader@18b4aac2
2023-11-05 10:22:16,032 DEBUG [main][Logger.java:49] - Registered plugin: 'com.baomidou.mybatisplus.extension.plugins.MybatisPlusInterceptor@6f3b13d0'
2023-11-05 10:22:16,032 DEBUG [main][Logger.java:49] - Registered plugin: 'com.baomidou.mybatisplus.extension.plugins.MybatisPlusInterceptor@6f3b13d0'
2023-11-05 10:22:16,034 DEBUG [main][Logger.java:49] - Property 'mapperLocations' was not specified.
2023-11-05 10:22:16,034 DEBUG [main][Logger.java:49] - Property 'mapperLocations' was not specified.
2023-11-05 10:22:17,090 DEBUG [main][MybatisConfiguration.java:128] - addMappedStatement: com.zy.media.mapper.MediaFilesMapper.insert
2023-11-05 10:22:17,090 DEBUG [main][MybatisConfiguration.java:128] - addMappedStatement: com.zy.media.mapper.MediaFilesMapper.insert
2023-11-05 10:22:17,096 DEBUG [main][MybatisConfiguration.java:128] - addMappedStatement: com.zy.media.mapper.MediaFilesMapper.delete
2023-11-05 10:22:17,096 DEBUG [main][MybatisConfiguration.java:128] - addMappedStatement: com.zy.media.mapper.MediaFilesMapper.delete
2023-11-05 10:22:17,099 DEBUG [main][MybatisConfiguration.java:128] - addMappedStatement: com.zy.media.mapper.MediaFilesMapper.deleteByMap
2023-11-05 10:22:17,099 DEBUG [main][MybatisConfiguration.java:128] - addMappedStatement: com.zy.media.mapper.MediaFilesMapper.deleteByMap
2023-11-05 10:22:17,128 DEBUG [main][MybatisConfiguration.java:128] - addMappedStatement: com.zy.media.mapper.MediaFilesMapper.deleteById
2023-11-05 10:22:17,128 DEBUG [main][MybatisConfiguration.java:128] - addMappedStatement: com.zy.media.mapper.MediaFilesMapper.deleteById
2023-11-05 10:22:17,130 DEBUG [main][MybatisConfiguration.java:128] - addMappedStatement: com.zy.media.mapper.MediaFilesMapper.deleteBatchIds
2023-11-05 10:22:17,130 DEBUG [main][MybatisConfiguration.java:128] - addMappedStatement: com.zy.media.mapper.MediaFilesMapper.deleteBatchIds
2023-11-05 10:22:17,135 DEBUG [main][MybatisConfiguration.java:128] - addMappedStatement: com.zy.media.mapper.MediaFilesMapper.update
2023-11-05 10:22:17,135 DEBUG [main][MybatisConfiguration.java:128] - addMappedStatement: com.zy.media.mapper.MediaFilesMapper.update
2023-11-05 10:22:17,139 DEBUG [main][MybatisConfiguration.java:128] - addMappedStatement: com.zy.media.mapper.MediaFilesMapper.updateById
2023-11-05 10:22:17,139 DEBUG [main][MybatisConfiguration.java:128] - addMappedStatement: com.zy.media.mapper.MediaFilesMapper.updateById
2023-11-05 10:22:17,140 DEBUG [main][MybatisConfiguration.java:128] - addMappedStatement: com.zy.media.mapper.MediaFilesMapper.selectById
2023-11-05 10:22:17,140 DEBUG [main][MybatisConfiguration.java:128] - addMappedStatement: com.zy.media.mapper.MediaFilesMapper.selectById
2023-11-05 10:22:17,142 DEBUG [main][MybatisConfiguration.java:128] - addMappedStatement: com.zy.media.mapper.MediaFilesMapper.selectBatchIds
2023-11-05 10:22:17,142 DEBUG [main][MybatisConfiguration.java:128] - addMappedStatement: com.zy.media.mapper.MediaFilesMapper.selectBatchIds
2023-11-05 10:22:17,145 DEBUG [main][MybatisConfiguration.java:128] - addMappedStatement: com.zy.media.mapper.MediaFilesMapper.selectByMap
2023-11-05 10:22:17,145 DEBUG [main][MybatisConfiguration.java:128] - addMappedStatement: com.zy.media.mapper.MediaFilesMapper.selectByMap
2023-11-05 10:22:17,148 DEBUG [main][MybatisConfiguration.java:128] - addMappedStatement: com.zy.media.mapper.MediaFilesMapper.selectOne
2023-11-05 10:22:17,148 DEBUG [main][MybatisConfiguration.java:128] - addMappedStatement: com.zy.media.mapper.MediaFilesMapper.selectOne
2023-11-05 10:22:17,151 DEBUG [main][MybatisConfiguration.java:128] - addMappedStatement: com.zy.media.mapper.MediaFilesMapper.selectCount
2023-11-05 10:22:17,151 DEBUG [main][MybatisConfiguration.java:128] - addMappedStatement: com.zy.media.mapper.MediaFilesMapper.selectCount
2023-11-05 10:22:17,155 DEBUG [main][MybatisConfiguration.java:128] - addMappedStatement: com.zy.media.mapper.MediaFilesMapper.selectMaps
2023-11-05 10:22:17,155 DEBUG [main][MybatisConfiguration.java:128] - addMappedStatement: com.zy.media.mapper.MediaFilesMapper.selectMaps
2023-11-05 10:22:17,159 DEBUG [main][MybatisConfiguration.java:128] - addMappedStatement: com.zy.media.mapper.MediaFilesMapper.selectMapsPage
2023-11-05 10:22:17,159 DEBUG [main][MybatisConfiguration.java:128] - addMappedStatement: com.zy.media.mapper.MediaFilesMapper.selectMapsPage
2023-11-05 10:22:17,162 DEBUG [main][MybatisConfiguration.java:128] - addMappedStatement: com.zy.media.mapper.MediaFilesMapper.selectObjs
2023-11-05 10:22:17,162 DEBUG [main][MybatisConfiguration.java:128] - addMappedStatement: com.zy.media.mapper.MediaFilesMapper.selectObjs
2023-11-05 10:22:17,165 DEBUG [main][MybatisConfiguration.java:128] - addMappedStatement: com.zy.media.mapper.MediaFilesMapper.selectList
2023-11-05 10:22:17,165 DEBUG [main][MybatisConfiguration.java:128] - addMappedStatement: com.zy.media.mapper.MediaFilesMapper.selectList
2023-11-05 10:22:17,168 DEBUG [main][MybatisConfiguration.java:128] - addMappedStatement: com.zy.media.mapper.MediaFilesMapper.selectPage
2023-11-05 10:22:17,168 DEBUG [main][MybatisConfiguration.java:128] - addMappedStatement: com.zy.media.mapper.MediaFilesMapper.selectPage
2023-11-05 10:22:18,398 INFO [main][XxlJobConfig.java:46] - >>>>>>>>>>> xxl-job config init.
2023-11-05 10:22:18,398 INFO [main][XxlJobConfig.java:46] - >>>>>>>>>>> xxl-job config init.
2023-11-05 10:22:18,418 INFO [main][PropertySourcedRequestMappingHandlerMapping.java:69] - Mapped URL path [/v2/api-docs] onto method [springfox.documentation.swagger2.web.Swagger2Controller#getDocumentation(String, HttpServletRequest)]
2023-11-05 10:22:18,418 INFO [main][PropertySourcedRequestMappingHandlerMapping.java:69] - Mapped URL path [/v2/api-docs] onto method [springfox.documentation.swagger2.web.Swagger2Controller#getDocumentation(String, HttpServletRequest)]
2023-11-05 10:22:18,427 WARN [main][URLConfigurationSource.java:121] - No URLs will be polled as dynamic configuration sources.
2023-11-05 10:22:18,427 INFO [main][URLConfigurationSource.java:122] - To enable URLs as dynamic configuration sources, define System property archaius.configurationSource.additionalUrls or make config.properties available on classpath.
2023-11-05 10:22:18,427 WARN [main][URLConfigurationSource.java:121] - No URLs will be polled as dynamic configuration sources.
2023-11-05 10:22:18,427 INFO [main][URLConfigurationSource.java:122] - To enable URLs as dynamic configuration sources, define System property archaius.configurationSource.additionalUrls or make config.properties available on classpath.
2023-11-05 10:22:18,432 WARN [main][URLConfigurationSource.java:121] - No URLs will be polled as dynamic configuration sources.
2023-11-05 10:22:18,432 WARN [main][URLConfigurationSource.java:121] - No URLs will be polled as dynamic configuration sources.
2023-11-05 10:22:18,433 INFO [main][URLConfigurationSource.java:122] - To enable URLs as dynamic configuration sources, define System property archaius.configurationSource.additionalUrls or make config.properties available on classpath.
2023-11-05 10:22:18,433 INFO [main][URLConfigurationSource.java:122] - To enable URLs as dynamic configuration sources, define System property archaius.configurationSource.additionalUrls or make config.properties available on classpath.
2023-11-05 10:22:18,451 DEBUG [main][ResourceBundleMessageInterpolator.java:172] - Loaded expression factory via original TCCL
2023-11-05 10:22:18,451 DEBUG [main][ResourceBundleMessageInterpolator.java:172] - Loaded expression factory via original TCCL
2023-11-05 10:22:18,454 DEBUG [main][AbstractConfigurationImpl.java:171] - Setting custom MessageInterpolator of type org.springframework.validation.beanvalidation.LocaleContextMessageInterpolator
2023-11-05 10:22:18,454 DEBUG [main][AbstractConfigurationImpl.java:171] - Setting custom MessageInterpolator of type org.springframework.validation.beanvalidation.LocaleContextMessageInterpolator
2023-11-05 10:22:18,455 DEBUG [main][AbstractConfigurationImpl.java:203] - Setting custom ConstraintValidatorFactory of type org.springframework.validation.beanvalidation.SpringConstraintValidatorFactory
2023-11-05 10:22:18,455 DEBUG [main][AbstractConfigurationImpl.java:203] - Setting custom ConstraintValidatorFactory of type org.springframework.validation.beanvalidation.SpringConstraintValidatorFactory
2023-11-05 10:22:18,455 DEBUG [main][AbstractConfigurationImpl.java:217] - Setting custom ParameterNameProvider of type org.springframework.validation.beanvalidation.LocalValidatorFactoryBean$1
2023-11-05 10:22:18,455 DEBUG [main][AbstractConfigurationImpl.java:217] - Setting custom ParameterNameProvider of type org.springframework.validation.beanvalidation.LocalValidatorFactoryBean$1
2023-11-05 10:22:18,458 DEBUG [main][ValidationXmlParser.java:120] - Trying to load META-INF/validation.xml for XML based Validator configuration.
2023-11-05 10:22:18,458 DEBUG [main][ValidationXmlParser.java:120] - Trying to load META-INF/validation.xml for XML based Validator configuration.
2023-11-05 10:22:18,458 DEBUG [main][ResourceLoaderHelper.java:53] - Trying to load META-INF/validation.xml via user class loader
2023-11-05 10:22:18,458 DEBUG [main][ResourceLoaderHelper.java:53] - Trying to load META-INF/validation.xml via user class loader
2023-11-05 10:22:18,458 DEBUG [main][ResourceLoaderHelper.java:60] - Trying to load META-INF/validation.xml via TCCL
2023-11-05 10:22:18,458 DEBUG [main][ResourceLoaderHelper.java:60] - Trying to load META-INF/validation.xml via TCCL
2023-11-05 10:22:18,459 DEBUG [main][ResourceLoaderHelper.java:66] - Trying to load META-INF/validation.xml via Hibernate Validator's class loader
2023-11-05 10:22:18,459 DEBUG [main][ResourceLoaderHelper.java:66] - Trying to load META-INF/validation.xml via Hibernate Validator's class loader
2023-11-05 10:22:18,459 DEBUG [main][ValidationXmlParser.java:127] - No META-INF/validation.xml found. Using annotation based configuration only.
2023-11-05 10:22:18,459 DEBUG [main][ValidationXmlParser.java:127] - No META-INF/validation.xml found. Using annotation based configuration only.
2023-11-05 10:22:18,461 DEBUG [main][TraversableResolvers.java:60] - Cannot find javax.persistence.Persistence on classpath. Assuming non JPA 2 environment. All properties will per default be traversable.
2023-11-05 10:22:18,461 DEBUG [main][TraversableResolvers.java:60] - Cannot find javax.persistence.Persistence on classpath. Assuming non JPA 2 environment. All properties will per default be traversable.
2023-11-05 10:22:18,463 DEBUG [main][ValidatorFactoryConfigurationHelper.java:300] - HV000252: Using org.hibernate.validator.internal.engine.DefaultPropertyNodeNameProvider as property node name provider.
2023-11-05 10:22:18,463 DEBUG [main][ValidatorFactoryConfigurationHelper.java:300] - HV000252: Using org.hibernate.validator.internal.engine.DefaultPropertyNodeNameProvider as property node name provider.
2023-11-05 10:22:18,463 DEBUG [main][ValidatorFactoryConfigurationHelper.java:375] - HV000234: Using org.springframework.validation.beanvalidation.LocaleContextMessageInterpolator as ValidatorFactory-scoped message interpolator.
2023-11-05 10:22:18,463 DEBUG [main][ValidatorFactoryConfigurationHelper.java:375] - HV000234: Using org.springframework.validation.beanvalidation.LocaleContextMessageInterpolator as ValidatorFactory-scoped message interpolator.
2023-11-05 10:22:18,464 DEBUG [main][ValidatorFactoryConfigurationHelper.java:376] - HV000234: Using org.hibernate.validator.internal.engine.resolver.TraverseAllTraversableResolver as ValidatorFactory-scoped traversable resolver.
2023-11-05 10:22:18,464 DEBUG [main][ValidatorFactoryConfigurationHelper.java:376] - HV000234: Using org.hibernate.validator.internal.engine.resolver.TraverseAllTraversableResolver as ValidatorFactory-scoped traversable resolver.
2023-11-05 10:22:18,464 DEBUG [main][ValidatorFactoryConfigurationHelper.java:377] - HV000234: Using org.hibernate.validator.internal.util.ExecutableParameterNameProvider as ValidatorFactory-scoped parameter name provider.
2023-11-05 10:22:18,464 DEBUG [main][ValidatorFactoryConfigurationHelper.java:377] - HV000234: Using org.hibernate.validator.internal.util.ExecutableParameterNameProvider as ValidatorFactory-scoped parameter name provider.
2023-11-05 10:22:18,464 DEBUG [main][ValidatorFactoryConfigurationHelper.java:378] - HV000234: Using org.hibernate.validator.internal.engine.DefaultClockProvider as ValidatorFactory-scoped clock provider.
2023-11-05 10:22:18,464 DEBUG [main][ValidatorFactoryConfigurationHelper.java:378] - HV000234: Using org.hibernate.validator.internal.engine.DefaultClockProvider as ValidatorFactory-scoped clock provider.
2023-11-05 10:22:18,464 DEBUG [main][ValidatorFactoryConfigurationHelper.java:379] - HV000234: Using org.hibernate.validator.internal.engine.scripting.DefaultScriptEvaluatorFactory as ValidatorFactory-scoped script evaluator factory.
2023-11-05 10:22:18,464 DEBUG [main][ValidatorFactoryConfigurationHelper.java:379] - HV000234: Using org.hibernate.validator.internal.engine.scripting.DefaultScriptEvaluatorFactory as ValidatorFactory-scoped script evaluator factory.
2023-11-05 10:22:18,539 INFO [main][ExecutorConfigurationSupport.java:181] - Initializing ExecutorService 'applicationTaskExecutor'
2023-11-05 10:22:18,539 INFO [main][ExecutorConfigurationSupport.java:181] - Initializing ExecutorService 'applicationTaskExecutor'
2023-11-05 10:22:20,381 INFO [main][InetUtils.java:170] - Cannot determine local hostname
2023-11-05 10:22:20,381 INFO [main][InetUtils.java:170] - Cannot determine local hostname
2023-11-05 10:22:20,386 INFO [main][ExecutorConfigurationSupport.java:181] - Initializing ExecutorService 'Nacos-Watch-Task-Scheduler'
2023-11-05 10:22:20,386 INFO [main][ExecutorConfigurationSupport.java:181] - Initializing ExecutorService 'Nacos-Watch-Task-Scheduler'
2023-11-05 10:22:22,164 INFO [main][InetUtils.java:170] - Cannot determine local hostname
2023-11-05 10:22:22,164 INFO [main][InetUtils.java:170] - Cannot determine local hostname
2023-11-05 10:22:22,240 DEBUG [main][MybatisConfiguration.java:128] - addMappedStatement: com.zy.media.mapper.MediaProcessHistoryMapper.insert
2023-11-05 10:22:22,240 DEBUG [main][MybatisConfiguration.java:128] - addMappedStatement: com.zy.media.mapper.MediaProcessHistoryMapper.insert
2023-11-05 10:22:22,241 DEBUG [main][MybatisConfiguration.java:128] - addMappedStatement: com.zy.media.mapper.MediaProcessHistoryMapper.delete
2023-11-05 10:22:22,241 DEBUG [main][MybatisConfiguration.java:128] - addMappedStatement: com.zy.media.mapper.MediaProcessHistoryMapper.delete
2023-11-05 10:22:22,243 DEBUG [main][MybatisConfiguration.java:128] - addMappedStatement: com.zy.media.mapper.MediaProcessHistoryMapper.deleteByMap
2023-11-05 10:22:22,243 DEBUG [main][MybatisConfiguration.java:128] - addMappedStatement: com.zy.media.mapper.MediaProcessHistoryMapper.deleteByMap
2023-11-05 10:22:22,245 DEBUG [main][MybatisConfiguration.java:128] - addMappedStatement: com.zy.media.mapper.MediaProcessHistoryMapper.deleteById
2023-11-05 10:22:22,245 DEBUG [main][MybatisConfiguration.java:128] - addMappedStatement: com.zy.media.mapper.MediaProcessHistoryMapper.deleteById
2023-11-05 10:22:22,246 DEBUG [main][MybatisConfiguration.java:128] - addMappedStatement: com.zy.media.mapper.MediaProcessHistoryMapper.deleteBatchIds
2023-11-05 10:22:22,246 DEBUG [main][MybatisConfiguration.java:128] - addMappedStatement: com.zy.media.mapper.MediaProcessHistoryMapper.deleteBatchIds
2023-11-05 10:22:22,248 DEBUG [main][MybatisConfiguration.java:128] - addMappedStatement: com.zy.media.mapper.MediaProcessHistoryMapper.update
2023-11-05 10:22:22,248 DEBUG [main][MybatisConfiguration.java:128] - addMappedStatement: com.zy.media.mapper.MediaProcessHistoryMapper.update
2023-11-05 10:22:22,250 DEBUG [main][MybatisConfiguration.java:128] - addMappedStatement: com.zy.media.mapper.MediaProcessHistoryMapper.updateById
2023-11-05 10:22:22,250 DEBUG [main][MybatisConfiguration.java:128] - addMappedStatement: com.zy.media.mapper.MediaProcessHistoryMapper.updateById
2023-11-05 10:22:22,250 DEBUG [main][MybatisConfiguration.java:128] - addMappedStatement: com.zy.media.mapper.MediaProcessHistoryMapper.selectById
2023-11-05 10:22:22,250 DEBUG [main][MybatisConfiguration.java:128] - addMappedStatement: com.zy.media.mapper.MediaProcessHistoryMapper.selectById
2023-11-05 10:22:22,251 DEBUG [main][MybatisConfiguration.java:128] - addMappedStatement: com.zy.media.mapper.MediaProcessHistoryMapper.selectBatchIds
2023-11-05 10:22:22,251 DEBUG [main][MybatisConfiguration.java:128] - addMappedStatement: com.zy.media.mapper.MediaProcessHistoryMapper.selectBatchIds
2023-11-05 10:22:22,253 DEBUG [main][MybatisConfiguration.java:128] - addMappedStatement: com.zy.media.mapper.MediaProcessHistoryMapper.selectByMap
2023-11-05 10:22:22,253 DEBUG [main][MybatisConfiguration.java:128] - addMappedStatement: com.zy.media.mapper.MediaProcessHistoryMapper.selectByMap
2023-11-05 10:22:22,254 DEBUG [main][MybatisConfiguration.java:128] - addMappedStatement: com.zy.media.mapper.MediaProcessHistoryMapper.selectOne
2023-11-05 10:22:22,254 DEBUG [main][MybatisConfiguration.java:128] - addMappedStatement: com.zy.media.mapper.MediaProcessHistoryMapper.selectOne
2023-11-05 10:22:22,256 DEBUG [main][MybatisConfiguration.java:128] - addMappedStatement: com.zy.media.mapper.MediaProcessHistoryMapper.selectCount
2023-11-05 10:22:22,256 DEBUG [main][MybatisConfiguration.java:128] - addMappedStatement: com.zy.media.mapper.MediaProcessHistoryMapper.selectCount
2023-11-05 10:22:22,258 DEBUG [main][MybatisConfiguration.java:128] - addMappedStatement: com.zy.media.mapper.MediaProcessHistoryMapper.selectMaps
2023-11-05 10:22:22,258 DEBUG [main][MybatisConfiguration.java:128] - addMappedStatement: com.zy.media.mapper.MediaProcessHistoryMapper.selectMaps
2023-11-05 10:22:22,261 DEBUG [main][MybatisConfiguration.java:128] - addMappedStatement: com.zy.media.mapper.MediaProcessHistoryMapper.selectMapsPage
2023-11-05 10:22:22,261 DEBUG [main][MybatisConfiguration.java:128] - addMappedStatement: com.zy.media.mapper.MediaProcessHistoryMapper.selectMapsPage
2023-11-05 10:22:22,262 DEBUG [main][MybatisConfiguration.java:128] - addMappedStatement: com.zy.media.mapper.MediaProcessHistoryMapper.selectObjs
2023-11-05 10:22:22,262 DEBUG [main][MybatisConfiguration.java:128] - addMappedStatement: com.zy.media.mapper.MediaProcessHistoryMapper.selectObjs
2023-11-05 10:22:22,264 DEBUG [main][MybatisConfiguration.java:128] - addMappedStatement: com.zy.media.mapper.MediaProcessHistoryMapper.selectList
2023-11-05 10:22:22,264 DEBUG [main][MybatisConfiguration.java:128] - addMappedStatement: com.zy.media.mapper.MediaProcessHistoryMapper.selectList
2023-11-05 10:22:22,266 DEBUG [main][MybatisConfiguration.java:128] - addMappedStatement: com.zy.media.mapper.MediaProcessHistoryMapper.selectPage
2023-11-05 10:22:22,266 DEBUG [main][MybatisConfiguration.java:128] - addMappedStatement: com.zy.media.mapper.MediaProcessHistoryMapper.selectPage
2023-11-05 10:22:22,280 DEBUG [main][MybatisConfiguration.java:128] - addMappedStatement: com.zy.media.mapper.MediaProcessMapper.insert
2023-11-05 10:22:22,280 DEBUG [main][MybatisConfiguration.java:128] - addMappedStatement: com.zy.media.mapper.MediaProcessMapper.insert
2023-11-05 10:22:22,283 DEBUG [main][MybatisConfiguration.java:128] - addMappedStatement: com.zy.media.mapper.MediaProcessMapper.delete
2023-11-05 10:22:22,283 DEBUG [main][MybatisConfiguration.java:128] - addMappedStatement: com.zy.media.mapper.MediaProcessMapper.delete
2023-11-05 10:22:22,283 DEBUG [main][MybatisConfiguration.java:128] - addMappedStatement: com.zy.media.mapper.MediaProcessMapper.deleteByMap
2023-11-05 10:22:22,283 DEBUG [main][MybatisConfiguration.java:128] - addMappedStatement: com.zy.media.mapper.MediaProcessMapper.deleteByMap
2023-11-05 10:22:22,284 DEBUG [main][MybatisConfiguration.java:128] - addMappedStatement: com.zy.media.mapper.MediaProcessMapper.deleteById
2023-11-05 10:22:22,284 DEBUG [main][MybatisConfiguration.java:128] - addMappedStatement: com.zy.media.mapper.MediaProcessMapper.deleteById
2023-11-05 10:22:22,287 DEBUG [main][MybatisConfiguration.java:128] - addMappedStatement: com.zy.media.mapper.MediaProcessMapper.deleteBatchIds
2023-11-05 10:22:22,287 DEBUG [main][MybatisConfiguration.java:128] - addMappedStatement: com.zy.media.mapper.MediaProcessMapper.deleteBatchIds
2023-11-05 10:22:22,287 DEBUG [main][MybatisConfiguration.java:128] - addMappedStatement: com.zy.media.mapper.MediaProcessMapper.update
2023-11-05 10:22:22,287 DEBUG [main][MybatisConfiguration.java:128] - addMappedStatement: com.zy.media.mapper.MediaProcessMapper.update
2023-11-05 10:22:22,290 DEBUG [main][MybatisConfiguration.java:128] - addMappedStatement: com.zy.media.mapper.MediaProcessMapper.updateById
2023-11-05 10:22:22,290 DEBUG [main][MybatisConfiguration.java:128] - addMappedStatement: com.zy.media.mapper.MediaProcessMapper.updateById
2023-11-05 10:22:22,290 DEBUG [main][MybatisConfiguration.java:128] - addMappedStatement: com.zy.media.mapper.MediaProcessMapper.selectById
2023-11-05 10:22:22,290 DEBUG [main][MybatisConfiguration.java:128] - addMappedStatement: com.zy.media.mapper.MediaProcessMapper.selectById
2023-11-05 10:22:22,291 DEBUG [main][MybatisConfiguration.java:128] - addMappedStatement: com.zy.media.mapper.MediaProcessMapper.selectBatchIds
2023-11-05 10:22:22,291 DEBUG [main][MybatisConfiguration.java:128] - addMappedStatement: com.zy.media.mapper.MediaProcessMapper.selectBatchIds
2023-11-05 10:22:22,292 DEBUG [main][MybatisConfiguration.java:128] - addMappedStatement: com.zy.media.mapper.MediaProcessMapper.selectByMap
2023-11-05 10:22:22,292 DEBUG [main][MybatisConfiguration.java:128] - addMappedStatement: com.zy.media.mapper.MediaProcessMapper.selectByMap
2023-11-05 10:22:22,294 DEBUG [main][MybatisConfiguration.java:128] - addMappedStatement: com.zy.media.mapper.MediaProcessMapper.selectOne
2023-11-05 10:22:22,294 DEBUG [main][MybatisConfiguration.java:128] - addMappedStatement: com.zy.media.mapper.MediaProcessMapper.selectOne
2023-11-05 10:22:22,295 DEBUG [main][MybatisConfiguration.java:128] - addMappedStatement: com.zy.media.mapper.MediaProcessMapper.selectCount
2023-11-05 10:22:22,295 DEBUG [main][MybatisConfiguration.java:128] - addMappedStatement: com.zy.media.mapper.MediaProcessMapper.selectCount
2023-11-05 10:22:22,297 DEBUG [main][MybatisConfiguration.java:128] - addMappedStatement: com.zy.media.mapper.MediaProcessMapper.selectMaps
2023-11-05 10:22:22,297 DEBUG [main][MybatisConfiguration.java:128] - addMappedStatement: com.zy.media.mapper.MediaProcessMapper.selectMaps
2023-11-05 10:22:22,298 DEBUG [main][MybatisConfiguration.java:128] - addMappedStatement: com.zy.media.mapper.MediaProcessMapper.selectMapsPage
2023-11-05 10:22:22,298 DEBUG [main][MybatisConfiguration.java:128] - addMappedStatement: com.zy.media.mapper.MediaProcessMapper.selectMapsPage
2023-11-05 10:22:22,300 DEBUG [main][MybatisConfiguration.java:128] - addMappedStatement: com.zy.media.mapper.MediaProcessMapper.selectObjs
2023-11-05 10:22:22,300 DEBUG [main][MybatisConfiguration.java:128] - addMappedStatement: com.zy.media.mapper.MediaProcessMapper.selectObjs
2023-11-05 10:22:22,301 DEBUG [main][MybatisConfiguration.java:128] - addMappedStatement: com.zy.media.mapper.MediaProcessMapper.selectList
2023-11-05 10:22:22,301 DEBUG [main][MybatisConfiguration.java:128] - addMappedStatement: com.zy.media.mapper.MediaProcessMapper.selectList
2023-11-05 10:22:22,303 DEBUG [main][MybatisConfiguration.java:128] - addMappedStatement: com.zy.media.mapper.MediaProcessMapper.selectPage
2023-11-05 10:22:22,303 DEBUG [main][MybatisConfiguration.java:128] - addMappedStatement: com.zy.media.mapper.MediaProcessMapper.selectPage
2023-11-05 10:22:22,318 DEBUG [main][MybatisConfiguration.java:128] - addMappedStatement: com.zy.media.mapper.MqMessageHistoryMapper.insert
2023-11-05 10:22:22,318 DEBUG [main][MybatisConfiguration.java:128] - addMappedStatement: com.zy.media.mapper.MqMessageHistoryMapper.insert
2023-11-05 10:22:22,320 DEBUG [main][MybatisConfiguration.java:128] - addMappedStatement: com.zy.media.mapper.MqMessageHistoryMapper.delete
2023-11-05 10:22:22,320 DEBUG [main][MybatisConfiguration.java:128] - addMappedStatement: com.zy.media.mapper.MqMessageHistoryMapper.delete
2023-11-05 10:22:22,322 DEBUG [main][MybatisConfiguration.java:128] - addMappedStatement: com.zy.media.mapper.MqMessageHistoryMapper.deleteByMap
2023-11-05 10:22:22,322 DEBUG [main][MybatisConfiguration.java:128] - addMappedStatement: com.zy.media.mapper.MqMessageHistoryMapper.deleteByMap
2023-11-05 10:22:22,323 DEBUG [main][MybatisConfiguration.java:128] - addMappedStatement: com.zy.media.mapper.MqMessageHistoryMapper.deleteById
2023-11-05 10:22:22,323 DEBUG [main][MybatisConfiguration.java:128] - addMappedStatement: com.zy.media.mapper.MqMessageHistoryMapper.deleteById
2023-11-05 10:22:22,325 DEBUG [main][MybatisConfiguration.java:128] - addMappedStatement: com.zy.media.mapper.MqMessageHistoryMapper.deleteBatchIds
2023-11-05 10:22:22,325 DEBUG [main][MybatisConfiguration.java:128] - addMappedStatement: com.zy.media.mapper.MqMessageHistoryMapper.deleteBatchIds
2023-11-05 10:22:22,326 DEBUG [main][MybatisConfiguration.java:128] - addMappedStatement: com.zy.media.mapper.MqMessageHistoryMapper.update
2023-11-05 10:22:22,326 DEBUG [main][MybatisConfiguration.java:128] - addMappedStatement: com.zy.media.mapper.MqMessageHistoryMapper.update
2023-11-05 10:22:22,328 DEBUG [main][MybatisConfiguration.java:128] - addMappedStatement: com.zy.media.mapper.MqMessageHistoryMapper.updateById
2023-11-05 10:22:22,328 DEBUG [main][MybatisConfiguration.java:128] - addMappedStatement: com.zy.media.mapper.MqMessageHistoryMapper.updateById
2023-11-05 10:22:22,328 DEBUG [main][MybatisConfiguration.java:128] - addMappedStatement: com.zy.media.mapper.MqMessageHistoryMapper.selectById
2023-11-05 10:22:22,328 DEBUG [main][MybatisConfiguration.java:128] - addMappedStatement: com.zy.media.mapper.MqMessageHistoryMapper.selectById
2023-11-05 10:22:22,329 DEBUG [main][MybatisConfiguration.java:128] - addMappedStatement: com.zy.media.mapper.MqMessageHistoryMapper.selectBatchIds
2023-11-05 10:22:22,329 DEBUG [main][MybatisConfiguration.java:128] - addMappedStatement: com.zy.media.mapper.MqMessageHistoryMapper.selectBatchIds
2023-11-05 10:22:22,331 DEBUG [main][MybatisConfiguration.java:128] - addMappedStatement: com.zy.media.mapper.MqMessageHistoryMapper.selectByMap
2023-11-05 10:22:22,331 DEBUG [main][MybatisConfiguration.java:128] - addMappedStatement: com.zy.media.mapper.MqMessageHistoryMapper.selectByMap
2023-11-05 10:22:22,333 DEBUG [main][MybatisConfiguration.java:128] - addMappedStatement: com.zy.media.mapper.MqMessageHistoryMapper.selectOne
2023-11-05 10:22:22,333 DEBUG [main][MybatisConfiguration.java:128] - addMappedStatement: com.zy.media.mapper.MqMessageHistoryMapper.selectOne
2023-11-05 10:22:22,334 DEBUG [main][MybatisConfiguration.java:128] - addMappedStatement: com.zy.media.mapper.MqMessageHistoryMapper.selectCount
2023-11-05 10:22:22,334 DEBUG [main][MybatisConfiguration.java:128] - addMappedStatement: com.zy.media.mapper.MqMessageHistoryMapper.selectCount
2023-11-05 10:22:22,336 DEBUG [main][MybatisConfiguration.java:128] - addMappedStatement: com.zy.media.mapper.MqMessageHistoryMapper.selectMaps
2023-11-05 10:22:22,336 DEBUG [main][MybatisConfiguration.java:128] - addMappedStatement: com.zy.media.mapper.MqMessageHistoryMapper.selectMaps
2023-11-05 10:22:22,337 DEBUG [main][MybatisConfiguration.java:128] - addMappedStatement: com.zy.media.mapper.MqMessageHistoryMapper.selectMapsPage
2023-11-05 10:22:22,337 DEBUG [main][MybatisConfiguration.java:128] - addMappedStatement: com.zy.media.mapper.MqMessageHistoryMapper.selectMapsPage
2023-11-05 10:22:22,339 DEBUG [main][MybatisConfiguration.java:128] - addMappedStatement: com.zy.media.mapper.MqMessageHistoryMapper.selectObjs
2023-11-05 10:22:22,339 DEBUG [main][MybatisConfiguration.java:128] - addMappedStatement: com.zy.media.mapper.MqMessageHistoryMapper.selectObjs
2023-11-05 10:22:22,341 DEBUG [main][MybatisConfiguration.java:128] - addMappedStatement: com.zy.media.mapper.MqMessageHistoryMapper.selectList
2023-11-05 10:22:22,341 DEBUG [main][MybatisConfiguration.java:128] - addMappedStatement: com.zy.media.mapper.MqMessageHistoryMapper.selectList
2023-11-05 10:22:22,343 DEBUG [main][MybatisConfiguration.java:128] - addMappedStatement: com.zy.media.mapper.MqMessageHistoryMapper.selectPage
2023-11-05 10:22:22,343 DEBUG [main][MybatisConfiguration.java:128] - addMappedStatement: com.zy.media.mapper.MqMessageHistoryMapper.selectPage
2023-11-05 10:22:22,357 DEBUG [main][MybatisConfiguration.java:128] - addMappedStatement: com.zy.media.mapper.MqMessageMapper.insert
2023-11-05 10:22:22,357 DEBUG [main][MybatisConfiguration.java:128] - addMappedStatement: com.zy.media.mapper.MqMessageMapper.insert
2023-11-05 10:22:22,359 DEBUG [main][MybatisConfiguration.java:128] - addMappedStatement: com.zy.media.mapper.MqMessageMapper.delete
2023-11-05 10:22:22,359 DEBUG [main][MybatisConfiguration.java:128] - addMappedStatement: com.zy.media.mapper.MqMessageMapper.delete
2023-11-05 10:22:22,360 DEBUG [main][MybatisConfiguration.java:128] - addMappedStatement: com.zy.media.mapper.MqMessageMapper.deleteByMap
2023-11-05 10:22:22,360 DEBUG [main][MybatisConfiguration.java:128] - addMappedStatement: com.zy.media.mapper.MqMessageMapper.deleteByMap
2023-11-05 10:22:22,361 DEBUG [main][MybatisConfiguration.java:128] - addMappedStatement: com.zy.media.mapper.MqMessageMapper.deleteById
2023-11-05 10:22:22,361 DEBUG [main][MybatisConfiguration.java:128] - addMappedStatement: com.zy.media.mapper.MqMessageMapper.deleteById
2023-11-05 10:22:22,363 DEBUG [main][MybatisConfiguration.java:128] - addMappedStatement: com.zy.media.mapper.MqMessageMapper.deleteBatchIds
2023-11-05 10:22:22,363 DEBUG [main][MybatisConfiguration.java:128] - addMappedStatement: com.zy.media.mapper.MqMessageMapper.deleteBatchIds
2023-11-05 10:22:22,364 DEBUG [main][MybatisConfiguration.java:128] - addMappedStatement: com.zy.media.mapper.MqMessageMapper.update
2023-11-05 10:22:22,364 DEBUG [main][MybatisConfiguration.java:128] - addMappedStatement: com.zy.media.mapper.MqMessageMapper.update
2023-11-05 10:22:22,366 DEBUG [main][MybatisConfiguration.java:128] - addMappedStatement: com.zy.media.mapper.MqMessageMapper.updateById
2023-11-05 10:22:22,366 DEBUG [main][MybatisConfiguration.java:128] - addMappedStatement: com.zy.media.mapper.MqMessageMapper.updateById
2023-11-05 10:22:22,366 DEBUG [main][MybatisConfiguration.java:128] - addMappedStatement: com.zy.media.mapper.MqMessageMapper.selectById
2023-11-05 10:22:22,366 DEBUG [main][MybatisConfiguration.java:128] - addMappedStatement: com.zy.media.mapper.MqMessageMapper.selectById
2023-11-05 10:22:22,369 DEBUG [main][MybatisConfiguration.java:128] - addMappedStatement: com.zy.media.mapper.MqMessageMapper.selectBatchIds
2023-11-05 10:22:22,369 DEBUG [main][MybatisConfiguration.java:128] - addMappedStatement: com.zy.media.mapper.MqMessageMapper.selectBatchIds
2023-11-05 10:22:22,371 DEBUG [main][MybatisConfiguration.java:128] - addMappedStatement: com.zy.media.mapper.MqMessageMapper.selectByMap
2023-11-05 10:22:22,371 DEBUG [main][MybatisConfiguration.java:128] - addMappedStatement: com.zy.media.mapper.MqMessageMapper.selectByMap
2023-11-05 10:22:22,373 DEBUG [main][MybatisConfiguration.java:128] - addMappedStatement: com.zy.media.mapper.MqMessageMapper.selectOne
2023-11-05 10:22:22,373 DEBUG [main][MybatisConfiguration.java:128] - addMappedStatement: com.zy.media.mapper.MqMessageMapper.selectOne
2023-11-05 10:22:22,375 DEBUG [main][MybatisConfiguration.java:128] - addMappedStatement: com.zy.media.mapper.MqMessageMapper.selectCount
2023-11-05 10:22:22,375 DEBUG [main][MybatisConfiguration.java:128] - addMappedStatement: com.zy.media.mapper.MqMessageMapper.selectCount
2023-11-05 10:22:22,378 DEBUG [main][MybatisConfiguration.java:128] - addMappedStatement: com.zy.media.mapper.MqMessageMapper.selectMaps
2023-11-05 10:22:22,378 DEBUG [main][MybatisConfiguration.java:128] - addMappedStatement: com.zy.media.mapper.MqMessageMapper.selectMaps
2023-11-05 10:22:22,380 DEBUG [main][MybatisConfiguration.java:128] - addMappedStatement: com.zy.media.mapper.MqMessageMapper.selectMapsPage
2023-11-05 10:22:22,380 DEBUG [main][MybatisConfiguration.java:128] - addMappedStatement: com.zy.media.mapper.MqMessageMapper.selectMapsPage
2023-11-05 10:22:22,382 DEBUG [main][MybatisConfiguration.java:128] - addMappedStatement: com.zy.media.mapper.MqMessageMapper.selectObjs
2023-11-05 10:22:22,382 DEBUG [main][MybatisConfiguration.java:128] - addMappedStatement: com.zy.media.mapper.MqMessageMapper.selectObjs
2023-11-05 10:22:22,384 DEBUG [main][MybatisConfiguration.java:128] - addMappedStatement: com.zy.media.mapper.MqMessageMapper.selectList
2023-11-05 10:22:22,384 DEBUG [main][MybatisConfiguration.java:128] - addMappedStatement: com.zy.media.mapper.MqMessageMapper.selectList
2023-11-05 10:22:22,386 DEBUG [main][MybatisConfiguration.java:128] - addMappedStatement: com.zy.media.mapper.MqMessageMapper.selectPage
2023-11-05 10:22:22,386 DEBUG [main][MybatisConfiguration.java:128] - addMappedStatement: com.zy.media.mapper.MqMessageMapper.selectPage
2023-11-05 10:22:22,471 DEBUG [Thread-38][InternalLoggerFactory.java:45] - Using SLF4J as the default logging framework
2023-11-05 10:22:22,471 DEBUG [Thread-38][InternalLoggerFactory.java:45] - Using SLF4J as the default logging framework
2023-11-05 10:22:22,476 DEBUG [Thread-38][MultithreadEventLoopGroup.java:44] - -Dio.netty.eventLoopThreads: 16
2023-11-05 10:22:22,476 DEBUG [Thread-38][MultithreadEventLoopGroup.java:44] - -Dio.netty.eventLoopThreads: 16
2023-11-05 10:22:22,507 DEBUG [Thread-38][InternalThreadLocalMap.java:56] - -Dio.netty.threadLocalMap.stringBuilder.initialSize: 1024
2023-11-05 10:22:22,507 DEBUG [Thread-38][InternalThreadLocalMap.java:56] - -Dio.netty.threadLocalMap.stringBuilder.initialSize: 1024
2023-11-05 10:22:22,507 DEBUG [Thread-38][InternalThreadLocalMap.java:59] - -Dio.netty.threadLocalMap.stringBuilder.maxSize: 4096
2023-11-05 10:22:22,507 DEBUG [Thread-38][InternalThreadLocalMap.java:59] - -Dio.netty.threadLocalMap.stringBuilder.maxSize: 4096
2023-11-05 10:22:22,517 DEBUG [Thread-38][NioEventLoop.java:106] - -Dio.netty.noKeySetOptimization: false
2023-11-05 10:22:22,517 DEBUG [Thread-38][NioEventLoop.java:106] - -Dio.netty.noKeySetOptimization: false
2023-11-05 10:22:22,518 DEBUG [Thread-38][NioEventLoop.java:107] - -Dio.netty.selectorAutoRebuildThreshold: 512
2023-11-05 10:22:22,518 DEBUG [Thread-38][NioEventLoop.java:107] - -Dio.netty.selectorAutoRebuildThreshold: 512
2023-11-05 10:22:22,522 DEBUG [Thread-38][PlatformDependent.java:1036] - Platform: Windows
2023-11-05 10:22:22,522 DEBUG [Thread-38][PlatformDependent.java:1036] - Platform: Windows
2023-11-05 10:22:22,524 DEBUG [Thread-38][PlatformDependent0.java:417] - -Dio.netty.noUnsafe: false
2023-11-05 10:22:22,524 DEBUG [Thread-38][PlatformDependent0.java:417] - -Dio.netty.noUnsafe: false
2023-11-05 10:22:22,525 DEBUG [Thread-38][PlatformDependent0.java:897] - Java version: 8
2023-11-05 10:22:22,525 DEBUG [Thread-38][PlatformDependent0.java:897] - Java version: 8
2023-11-05 10:22:22,527 DEBUG [Thread-38][PlatformDependent0.java:130] - sun.misc.Unsafe.theUnsafe: available
2023-11-05 10:22:22,527 DEBUG [Thread-38][PlatformDependent0.java:130] - sun.misc.Unsafe.theUnsafe: available
2023-11-05 10:22:22,528 DEBUG [Thread-38][PlatformDependent0.java:154] - sun.misc.Unsafe.copyMemory: available
2023-11-05 10:22:22,528 DEBUG [Thread-38][PlatformDependent0.java:154] - sun.misc.Unsafe.copyMemory: available
2023-11-05 10:22:22,530 DEBUG [Thread-38][PlatformDependent0.java:192] - java.nio.Buffer.address: available
2023-11-05 10:22:22,530 DEBUG [Thread-38][PlatformDependent0.java:192] - java.nio.Buffer.address: available
2023-11-05 10:22:22,531 DEBUG [Thread-38][PlatformDependent0.java:257] - direct buffer constructor: available
2023-11-05 10:22:22,531 DEBUG [Thread-38][PlatformDependent0.java:257] - direct buffer constructor: available
2023-11-05 10:22:22,533 DEBUG [Thread-38][PlatformDependent0.java:331] - java.nio.Bits.unaligned: available, true
2023-11-05 10:22:22,533 DEBUG [Thread-38][PlatformDependent0.java:331] - java.nio.Bits.unaligned: available, true
2023-11-05 10:22:22,533 DEBUG [Thread-38][PlatformDependent0.java:396] - jdk.internal.misc.Unsafe.allocateUninitializedArray(int): unavailable prior to Java9
2023-11-05 10:22:22,533 DEBUG [Thread-38][PlatformDependent0.java:396] - jdk.internal.misc.Unsafe.allocateUninitializedArray(int): unavailable prior to Java9
2023-11-05 10:22:22,533 DEBUG [Thread-38][PlatformDependent0.java:403] - java.nio.DirectByteBuffer.<init>(long, int): available
2023-11-05 10:22:22,533 DEBUG [Thread-38][PlatformDependent0.java:403] - java.nio.DirectByteBuffer.<init>(long, int): available
2023-11-05 10:22:22,533 DEBUG [Thread-38][PlatformDependent.java:1079] - sun.misc.Unsafe: available
2023-11-05 10:22:22,533 DEBUG [Thread-38][PlatformDependent.java:1079] - sun.misc.Unsafe: available
2023-11-05 10:22:22,534 DEBUG [Thread-38][PlatformDependent.java:1200] - -Dio.netty.tmpdir: C:\Users\ADMINI~1\AppData\Local\Temp (java.io.tmpdir)
2023-11-05 10:22:22,534 DEBUG [Thread-38][PlatformDependent.java:1200] - -Dio.netty.tmpdir: C:\Users\ADMINI~1\AppData\Local\Temp (java.io.tmpdir)
2023-11-05 10:22:22,534 DEBUG [Thread-38][PlatformDependent.java:1279] - -Dio.netty.bitMode: 64 (sun.arch.data.model)
2023-11-05 10:22:22,534 DEBUG [Thread-38][PlatformDependent.java:1279] - -Dio.netty.bitMode: 64 (sun.arch.data.model)
2023-11-05 10:22:22,538 DEBUG [Thread-38][PlatformDependent.java:177] - -Dio.netty.maxDirectMemory: 3801088000 bytes
2023-11-05 10:22:22,538 DEBUG [Thread-38][PlatformDependent.java:177] - -Dio.netty.maxDirectMemory: 3801088000 bytes
2023-11-05 10:22:22,538 DEBUG [Thread-38][PlatformDependent.java:184] - -Dio.netty.uninitializedArrayAllocationThreshold: -1
2023-11-05 10:22:22,538 DEBUG [Thread-38][PlatformDependent.java:184] - -Dio.netty.uninitializedArrayAllocationThreshold: -1
2023-11-05 10:22:22,540 DEBUG [Thread-38][CleanerJava6.java:92] - java.nio.ByteBuffer.cleaner(): available
2023-11-05 10:22:22,540 DEBUG [Thread-38][CleanerJava6.java:92] - java.nio.ByteBuffer.cleaner(): available
2023-11-05 10:22:22,541 DEBUG [Thread-38][PlatformDependent.java:204] - -Dio.netty.noPreferDirect: false
2023-11-05 10:22:22,541 DEBUG [Thread-38][PlatformDependent.java:204] - -Dio.netty.noPreferDirect: false
2023-11-05 10:22:22,546 DEBUG [Thread-38][PlatformDependent.java:940] - org.jctools-core.MpscChunkedArrayQueue: available
2023-11-05 10:22:22,546 DEBUG [Thread-38][PlatformDependent.java:940] - org.jctools-core.MpscChunkedArrayQueue: available
2023-11-05 10:22:22,560 INFO [main][InitUtils.java:65] - initializer namespace from System Property :null
2023-11-05 10:22:22,560 INFO [main][InitUtils.java:65] - initializer namespace from System Property :null
2023-11-05 10:22:22,561 INFO [main][InitUtils.java:74] - initializer namespace from System Environment :null
2023-11-05 10:22:22,561 INFO [main][InitUtils.java:74] - initializer namespace from System Environment :null
2023-11-05 10:22:22,562 INFO [main][InitUtils.java:84] - initializer namespace from System Property :null
2023-11-05 10:22:22,562 INFO [main][InitUtils.java:84] - initializer namespace from System Property :null
2023-11-05 10:22:22,569 DEBUG [main][NamingProxy.java:195] - server list provided by user: [localhost:8848]
2023-11-05 10:22:22,569 DEBUG [main][NamingProxy.java:195] - server list provided by user: [localhost:8848]
2023-11-05 10:22:22,570 DEBUG [com.alibaba.nacos.client.naming.updater][NamingProxy.java:195] - server list provided by user: [localhost:8848]
2023-11-05 10:22:22,570 DEBUG [com.alibaba.nacos.client.naming.updater][NamingProxy.java:195] - server list provided by user: [localhost:8848]
2023-11-05 10:22:22,578 DEBUG [com.alibaba.nacos.naming.failover][FailoverReactor.java:147] - failover switch is not found, failover00-00---000-VIPSRV_FAILOVER_SWITCH-000---00-00
2023-11-05 10:22:22,578 DEBUG [com.alibaba.nacos.naming.failover][FailoverReactor.java:147] - failover switch is not found, failover00-00---000-VIPSRV_FAILOVER_SWITCH-000---00-00
2023-11-05 10:22:22,595 DEBUG [main][HostReactor.java:306] - failover-mode: false
2023-11-05 10:22:22,595 DEBUG [main][HostReactor.java:306] - failover-mode: false
2023-11-05 10:22:22,598 DEBUG [main][NacosRestTemplate.java:476] - HTTP method: GET, url: http://localhost:8848/nacos/v1/ns/instance/list?app=unknown&healthyOnly=false&namespaceId=dev&clientIP=169.254.87.149&serviceName=studyOnline%40%40media-api&udpPort=58357&clusters=DEFAULT, body: {}
2023-11-05 10:22:22,598 DEBUG [main][NacosRestTemplate.java:476] - HTTP method: GET, url: http://localhost:8848/nacos/v1/ns/instance/list?app=unknown&healthyOnly=false&namespaceId=dev&clientIP=169.254.87.149&serviceName=studyOnline%40%40media-api&udpPort=58357&clusters=DEFAULT, body: {}
2023-11-05 10:22:22,644 DEBUG [Thread-38][DefaultChannelId.java:79] - -Dio.netty.processId: 10060 (auto-detected)
2023-11-05 10:22:22,644 DEBUG [Thread-38][DefaultChannelId.java:79] - -Dio.netty.processId: 10060 (auto-detected)
2023-11-05 10:22:22,647 DEBUG [Thread-38][NetUtil.java:135] - -Djava.net.preferIPv4Stack: false
2023-11-05 10:22:22,647 DEBUG [Thread-38][NetUtil.java:135] - -Djava.net.preferIPv4Stack: false
2023-11-05 10:22:22,647 DEBUG [Thread-38][NetUtil.java:136] - -Djava.net.preferIPv6Addresses: false
2023-11-05 10:22:22,647 DEBUG [Thread-38][NetUtil.java:136] - -Djava.net.preferIPv6Addresses: false
2023-11-05 10:22:22,745 INFO [main][DirectJDKLog.java:173] - Starting ProtocolHandler ["http-nio-63050"]
2023-11-05 10:22:22,745 INFO [main][DirectJDKLog.java:173] - Starting ProtocolHandler ["http-nio-63050"]
2023-11-05 10:22:22,770 INFO [main][TomcatWebServer.java:220] - Tomcat started on port(s): 63050 (http) with context path '/media'
2023-11-05 10:22:22,770 INFO [main][TomcatWebServer.java:220] - Tomcat started on port(s): 63050 (http) with context path '/media'
2023-11-05 10:22:22,777 INFO [main][BeatReactor.java:81] - [BEAT] adding beat: BeatInfo{port=63050, ip='169.254.87.149', weight=1.0, serviceName='studyOnline@@media-api', cluster='DEFAULT', metadata={preserved.register.source=SPRING_CLOUD}, scheduled=false, period=5000, stopped=false} to beat map.
2023-11-05 10:22:22,777 INFO [main][BeatReactor.java:81] - [BEAT] adding beat: BeatInfo{port=63050, ip='169.254.87.149', weight=1.0, serviceName='studyOnline@@media-api', cluster='DEFAULT', metadata={preserved.register.source=SPRING_CLOUD}, scheduled=false, period=5000, stopped=false} to beat map.
2023-11-05 10:22:22,778 INFO [main][NamingProxy.java:230] - [REGISTER-SERVICE] dev registering service studyOnline@@media-api with instance: Instance{instanceId='null', ip='169.254.87.149', port=63050, weight=1.0, healthy=true, enabled=true, ephemeral=true, clusterName='DEFAULT', serviceName='null', metadata={preserved.register.source=SPRING_CLOUD}}
2023-11-05 10:22:22,778 INFO [main][NamingProxy.java:230] - [REGISTER-SERVICE] dev registering service studyOnline@@media-api with instance: Instance{instanceId='null', ip='169.254.87.149', port=63050, weight=1.0, healthy=true, enabled=true, ephemeral=true, clusterName='DEFAULT', serviceName='null', metadata={preserved.register.source=SPRING_CLOUD}}
2023-11-05 10:22:22,780 DEBUG [main][NacosRestTemplate.java:476] - HTTP method: POST, url: http://localhost:8848/nacos/v1/ns/instance?app=unknown&groupName=studyOnline&metadata=%7B%22preserved.register.source%22%3A%22SPRING_CLOUD%22%7D&namespaceId=dev&port=63050&enable=true&healthy=true&clusterName=DEFAULT&ip=169.254.87.149&weight=1.0&ephemeral=true&serviceName=studyOnline%40%40media-api, body: {}
2023-11-05 10:22:22,780 DEBUG [main][NacosRestTemplate.java:476] - HTTP method: POST, url: http://localhost:8848/nacos/v1/ns/instance?app=unknown&groupName=studyOnline&metadata=%7B%22preserved.register.source%22%3A%22SPRING_CLOUD%22%7D&namespaceId=dev&port=63050&enable=true&healthy=true&clusterName=DEFAULT&ip=169.254.87.149&weight=1.0&ephemeral=true&serviceName=studyOnline%40%40media-api, body: {}
2023-11-05 10:22:23,033 INFO [main][NacosServiceRegistry.java:75] - nacos registry, studyOnline media-api 169.254.87.149:63050 register finished
2023-11-05 10:22:23,033 INFO [main][NacosServiceRegistry.java:75] - nacos registry, studyOnline media-api 169.254.87.149:63050 register finished
2023-11-05 10:22:23,148 DEBUG [Thread-38][NetUtilInitializations.java:129] - Loopback interface: lo (Software Loopback Interface 1, 127.0.0.1)
2023-11-05 10:22:23,148 DEBUG [Thread-38][NetUtilInitializations.java:129] - Loopback interface: lo (Software Loopback Interface 1, 127.0.0.1)
2023-11-05 10:22:23,150 DEBUG [Thread-38][NetUtil.java:187] - Failed to get SOMAXCONN from sysctl and file \proc\sys\net\core\somaxconn. Default: 200
2023-11-05 10:22:23,150 DEBUG [Thread-38][NetUtil.java:187] - Failed to get SOMAXCONN from sysctl and file \proc\sys\net\core\somaxconn. Default: 200
2023-11-05 10:22:23,720 DEBUG [Thread-38][DefaultChannelId.java:101] - -Dio.netty.machineId: 08:71:90:ff:fe:32:50:3c (auto-detected)
2023-11-05 10:22:23,720 DEBUG [Thread-38][DefaultChannelId.java:101] - -Dio.netty.machineId: 08:71:90:ff:fe:32:50:3c (auto-detected)
2023-11-05 10:22:23,737 DEBUG [Thread-38][ResourceLeakDetector.java:129] - -Dio.netty.leakDetection.level: simple
2023-11-05 10:22:23,737 DEBUG [Thread-38][ResourceLeakDetector.java:129] - -Dio.netty.leakDetection.level: simple
2023-11-05 10:22:23,738 DEBUG [Thread-38][ResourceLeakDetector.java:130] - -Dio.netty.leakDetection.targetRecords: 4
2023-11-05 10:22:23,738 DEBUG [Thread-38][ResourceLeakDetector.java:130] - -Dio.netty.leakDetection.targetRecords: 4
2023-11-05 10:22:23,756 DEBUG [com.alibaba.nacos.client.naming.updater][NacosRestTemplate.java:476] - HTTP method: GET, url: http://localhost:8848/nacos/v1/ns/instance/list?app=unknown&healthyOnly=false&namespaceId=dev&clientIP=169.254.87.149&serviceName=studyOnline%40%40media-api&udpPort=58357&clusters=DEFAULT, body: {}
2023-11-05 10:22:23,756 DEBUG [com.alibaba.nacos.client.naming.updater][NacosRestTemplate.java:476] - HTTP method: GET, url: http://localhost:8848/nacos/v1/ns/instance/list?app=unknown&healthyOnly=false&namespaceId=dev&clientIP=169.254.87.149&serviceName=studyOnline%40%40media-api&udpPort=58357&clusters=DEFAULT, body: {}
2023-11-05 10:22:23,762 DEBUG [Thread-38][PooledByteBufAllocator.java:154] - -Dio.netty.allocator.numHeapArenas: 16
2023-11-05 10:22:23,762 DEBUG [Thread-38][PooledByteBufAllocator.java:154] - -Dio.netty.allocator.numHeapArenas: 16
2023-11-05 10:22:23,762 DEBUG [Thread-38][PooledByteBufAllocator.java:155] - -Dio.netty.allocator.numDirectArenas: 16
2023-11-05 10:22:23,762 DEBUG [Thread-38][PooledByteBufAllocator.java:155] - -Dio.netty.allocator.numDirectArenas: 16
2023-11-05 10:22:23,762 DEBUG [Thread-38][PooledByteBufAllocator.java:157] - -Dio.netty.allocator.pageSize: 8192
2023-11-05 10:22:23,762 DEBUG [Thread-38][PooledByteBufAllocator.java:157] - -Dio.netty.allocator.pageSize: 8192
2023-11-05 10:22:23,762 DEBUG [Thread-38][PooledByteBufAllocator.java:162] - -Dio.netty.allocator.maxOrder: 11
2023-11-05 10:22:23,762 DEBUG [Thread-38][PooledByteBufAllocator.java:162] - -Dio.netty.allocator.maxOrder: 11
2023-11-05 10:22:23,762 DEBUG [Thread-38][PooledByteBufAllocator.java:166] - -Dio.netty.allocator.chunkSize: 16777216
2023-11-05 10:22:23,762 DEBUG [Thread-38][PooledByteBufAllocator.java:166] - -Dio.netty.allocator.chunkSize: 16777216
2023-11-05 10:22:23,762 DEBUG [Thread-38][PooledByteBufAllocator.java:167] - -Dio.netty.allocator.smallCacheSize: 256
2023-11-05 10:22:23,762 DEBUG [Thread-38][PooledByteBufAllocator.java:167] - -Dio.netty.allocator.smallCacheSize: 256
2023-11-05 10:22:23,763 DEBUG [Thread-38][PooledByteBufAllocator.java:168] - -Dio.netty.allocator.normalCacheSize: 64
2023-11-05 10:22:23,763 DEBUG [Thread-38][PooledByteBufAllocator.java:168] - -Dio.netty.allocator.normalCacheSize: 64
2023-11-05 10:22:23,763 DEBUG [Thread-38][PooledByteBufAllocator.java:169] - -Dio.netty.allocator.maxCachedBufferCapacity: 32768
2023-11-05 10:22:23,763 DEBUG [Thread-38][PooledByteBufAllocator.java:169] - -Dio.netty.allocator.maxCachedBufferCapacity: 32768
2023-11-05 10:22:23,763 DEBUG [Thread-38][PooledByteBufAllocator.java:170] - -Dio.netty.allocator.cacheTrimInterval: 8192
2023-11-05 10:22:23,763 DEBUG [Thread-38][PooledByteBufAllocator.java:170] - -Dio.netty.allocator.cacheTrimInterval: 8192
2023-11-05 10:22:23,763 DEBUG [Thread-38][PooledByteBufAllocator.java:171] - -Dio.netty.allocator.cacheTrimIntervalMillis: 0
2023-11-05 10:22:23,763 DEBUG [Thread-38][PooledByteBufAllocator.java:171] - -Dio.netty.allocator.cacheTrimIntervalMillis: 0
2023-11-05 10:22:23,763 DEBUG [Thread-38][PooledByteBufAllocator.java:172] - -Dio.netty.allocator.useCacheForAllThreads: true
2023-11-05 10:22:23,763 DEBUG [Thread-38][PooledByteBufAllocator.java:172] - -Dio.netty.allocator.useCacheForAllThreads: true
2023-11-05 10:22:23,763 DEBUG [Thread-38][PooledByteBufAllocator.java:173] - -Dio.netty.allocator.maxCachedByteBuffersPerChunk: 1023
2023-11-05 10:22:23,763 DEBUG [Thread-38][PooledByteBufAllocator.java:173] - -Dio.netty.allocator.maxCachedByteBuffersPerChunk: 1023
2023-11-05 10:22:23,785 DEBUG [Thread-38][ByteBufUtil.java:87] - -Dio.netty.allocator.type: pooled
2023-11-05 10:22:23,785 DEBUG [Thread-38][ByteBufUtil.java:87] - -Dio.netty.allocator.type: pooled
2023-11-05 10:22:23,786 DEBUG [Thread-38][ByteBufUtil.java:96] - -Dio.netty.threadLocalDirectBufferSize: 0
2023-11-05 10:22:23,786 DEBUG [Thread-38][ByteBufUtil.java:96] - -Dio.netty.threadLocalDirectBufferSize: 0
2023-11-05 10:22:23,786 DEBUG [Thread-38][ByteBufUtil.java:99] - -Dio.netty.maxThreadLocalCharBufferSize: 16384
2023-11-05 10:22:23,786 DEBUG [Thread-38][ByteBufUtil.java:99] - -Dio.netty.maxThreadLocalCharBufferSize: 16384
2023-11-05 10:22:23,787 INFO [com.alibaba.nacos.client.naming.updater][HostReactor.java:232] - new ips(1) service: studyOnline@@media-api@@DEFAULT -> [{"instanceId":"169.254.87.149#63050#DEFAULT#studyOnline@@media-api","ip":"169.254.87.149","port":63050,"weight":1.0,"healthy":true,"enabled":true,"ephemeral":true,"clusterName":"DEFAULT","serviceName":"studyOnline@@media-api","metadata":{"preserved.register.source":"SPRING_CLOUD"},"ipDeleteTimeout":30000,"instanceHeartBeatTimeOut":15000,"instanceHeartBeatInterval":5000}]
2023-11-05 10:22:23,787 INFO [com.alibaba.nacos.client.naming.updater][HostReactor.java:232] - new ips(1) service: studyOnline@@media-api@@DEFAULT -> [{"instanceId":"169.254.87.149#63050#DEFAULT#studyOnline@@media-api","ip":"169.254.87.149","port":63050,"weight":1.0,"healthy":true,"enabled":true,"ephemeral":true,"clusterName":"DEFAULT","serviceName":"studyOnline@@media-api","metadata":{"preserved.register.source":"SPRING_CLOUD"},"ipDeleteTimeout":30000,"instanceHeartBeatTimeOut":15000,"instanceHeartBeatInterval":5000}]
2023-11-05 10:22:23,787 DEBUG [nacos.publisher-com.alibaba.nacos.client.naming.event.InstancesChangeEvent][DefaultPublisher.java:193] - [NotifyCenter] the com.alibaba.nacos.client.naming.event.InstancesChangeEvent@13e9a473 will received by com.alibaba.nacos.client.naming.event.InstancesChangeNotifier@3aa1c45
2023-11-05 10:22:23,787 DEBUG [nacos.publisher-com.alibaba.nacos.client.naming.event.InstancesChangeEvent][DefaultPublisher.java:193] - [NotifyCenter] the com.alibaba.nacos.client.naming.event.InstancesChangeEvent@13e9a473 will received by com.alibaba.nacos.client.naming.event.InstancesChangeNotifier@3aa1c45
2023-11-05 10:22:23,799 INFO [com.alibaba.nacos.client.naming.updater][HostReactor.java:271] - current ips:(1) service: studyOnline@@media-api@@DEFAULT -> [{"instanceId":"169.254.87.149#63050#DEFAULT#studyOnline@@media-api","ip":"169.254.87.149","port":63050,"weight":1.0,"healthy":true,"enabled":true,"ephemeral":true,"clusterName":"DEFAULT","serviceName":"studyOnline@@media-api","metadata":{"preserved.register.source":"SPRING_CLOUD"},"ipDeleteTimeout":30000,"instanceHeartBeatTimeOut":15000,"instanceHeartBeatInterval":5000}]
2023-11-05 10:22:23,799 INFO [com.alibaba.nacos.client.naming.updater][HostReactor.java:271] - current ips:(1) service: studyOnline@@media-api@@DEFAULT -> [{"instanceId":"169.254.87.149#63050#DEFAULT#studyOnline@@media-api","ip":"169.254.87.149","port":63050,"weight":1.0,"healthy":true,"enabled":true,"ephemeral":true,"clusterName":"DEFAULT","serviceName":"studyOnline@@media-api","metadata":{"preserved.register.source":"SPRING_CLOUD"},"ipDeleteTimeout":30000,"instanceHeartBeatTimeOut":15000,"instanceHeartBeatInterval":5000}]
2023-11-05 10:22:23,803 INFO [Thread-38][EmbedServer.java:82] - >>>>>>>>>>> xxl-job remoting server start success, nettype = class com.xxl.job.core.server.EmbedServer, port = 9999
2023-11-05 10:22:23,803 INFO [Thread-38][EmbedServer.java:82] - >>>>>>>>>>> xxl-job remoting server start success, nettype = class com.xxl.job.core.server.EmbedServer, port = 9999
2023-11-05 10:22:23,834 DEBUG [xxl-job, executor ExecutorRegistryThread][ExecutorRegistryThread.java:51] - >>>>>>>>>>> xxl-job registry success, registryParam:RegistryParam{registryGroup='EXECUTOR', registryKey='testMedia', registryValue='http://169.254.87.149:9999/'}, registryResult:ReturnT [code=200, msg=null, content=null]
2023-11-05 10:22:23,834 DEBUG [xxl-job, executor ExecutorRegistryThread][ExecutorRegistryThread.java:51] - >>>>>>>>>>> xxl-job registry success, registryParam:RegistryParam{registryGroup='EXECUTOR', registryKey='testMedia', registryValue='http://169.254.87.149:9999/'}, registryResult:ReturnT [code=200, msg=null, content=null]
2023-11-05 10:22:24,076 INFO [com.alibaba.nacos.naming.push.receiver][PushReceiver.java:97] - received push data: {"type":"dom","data":"{\"hosts\":[{\"ip\":\"169.254.87.149\",\"port\":63050,\"valid\":true,\"healthy\":true,\"marked\":false,\"instanceId\":\"169.254.87.149#63050#DEFAULT#studyOnline@@media-api\",\"metadata\":{\"preserved.register.source\":\"SPRING_CLOUD\"},\"enabled\":true,\"weight\":1.0,\"clusterName\":\"DEFAULT\",\"serviceName\":\"studyOnline@@media-api\",\"ephemeral\":true}],\"dom\":\"studyOnline@@media-api\",\"name\":\"studyOnline@@media-api\",\"cacheMillis\":10000,\"lastRefTime\":1699150944058,\"checksum\":\"33ad73244199a06fde3e95d19ec86144\",\"useSpecifiedURL\":false,\"clusters\":\"DEFAULT\",\"env\":\"\",\"metadata\":{}}","lastRefTime":35227235091900} from /169.254.87.149
2023-11-05 10:22:24,076 INFO [com.alibaba.nacos.naming.push.receiver][PushReceiver.java:97] - received push data: {"type":"dom","data":"{\"hosts\":[{\"ip\":\"169.254.87.149\",\"port\":63050,\"valid\":true,\"healthy\":true,\"marked\":false,\"instanceId\":\"169.254.87.149#63050#DEFAULT#studyOnline@@media-api\",\"metadata\":{\"preserved.register.source\":\"SPRING_CLOUD\"},\"enabled\":true,\"weight\":1.0,\"clusterName\":\"DEFAULT\",\"serviceName\":\"studyOnline@@media-api\",\"ephemeral\":true}],\"dom\":\"studyOnline@@media-api\",\"name\":\"studyOnline@@media-api\",\"cacheMillis\":10000,\"lastRefTime\":1699150944058,\"checksum\":\"33ad73244199a06fde3e95d19ec86144\",\"useSpecifiedURL\":false,\"clusters\":\"DEFAULT\",\"env\":\"\",\"metadata\":{}}","lastRefTime":35227235091900} from /169.254.87.149
2023-11-05 10:22:24,828 INFO [main][InetUtils.java:170] - Cannot determine local hostname
2023-11-05 10:22:24,828 INFO [main][InetUtils.java:170] - Cannot determine local hostname
2023-11-05 10:22:24,829 INFO [main][DocumentationPluginsBootstrapper.java:160] - Context refreshed
2023-11-05 10:22:24,829 INFO [main][DocumentationPluginsBootstrapper.java:160] - Context refreshed
2023-11-05 10:22:24,848 INFO [main][DocumentationPluginsBootstrapper.java:163] - Found 1 custom documentation plugin(s)
2023-11-05 10:22:24,848 INFO [main][DocumentationPluginsBootstrapper.java:163] - Found 1 custom documentation plugin(s)
2023-11-05 10:22:24,888 INFO [main][ApiListingReferenceScanner.java:41] - Scanning for api listing references
2023-11-05 10:22:24,888 INFO [main][ApiListingReferenceScanner.java:41] - Scanning for api listing references
2023-11-05 10:22:25,103 INFO [main][StartupInfoLogger.java:61] - Started MediaApplication in 16.845 seconds (JVM running for 19.054)
2023-11-05 10:22:25,103 INFO [main][StartupInfoLogger.java:61] - Started MediaApplication in 16.845 seconds (JVM running for 19.054)
2023-11-05 10:22:25,106 INFO [main][ClientWorker.java:169] - [fixed-localhost_8848-dev] [subscribe] media-api.yaml+studyOnline+dev
2023-11-05 10:22:25,106 INFO [main][ClientWorker.java:169] - [fixed-localhost_8848-dev] [subscribe] media-api.yaml+studyOnline+dev
2023-11-05 10:22:25,107 INFO [main][CacheData.java:92] - [fixed-localhost_8848-dev] [add-listener] ok, tenant=dev, dataId=media-api.yaml, group=studyOnline, cnt=1
2023-11-05 10:22:25,107 INFO [main][CacheData.java:92] - [fixed-localhost_8848-dev] [add-listener] ok, tenant=dev, dataId=media-api.yaml, group=studyOnline, cnt=1
2023-11-05 10:22:25,108 INFO [main][ClientWorker.java:169] - [fixed-localhost_8848-dev] [subscribe] media-api+studyOnline+dev
2023-11-05 10:22:25,108 INFO [main][ClientWorker.java:169] - [fixed-localhost_8848-dev] [subscribe] media-api+studyOnline+dev
2023-11-05 10:22:25,108 INFO [main][CacheData.java:92] - [fixed-localhost_8848-dev] [add-listener] ok, tenant=dev, dataId=media-api, group=studyOnline, cnt=1
2023-11-05 10:22:25,108 INFO [main][CacheData.java:92] - [fixed-localhost_8848-dev] [add-listener] ok, tenant=dev, dataId=media-api, group=studyOnline, cnt=1
2023-11-05 10:22:25,110 INFO [main][ClientWorker.java:169] - [fixed-localhost_8848-dev] [subscribe] swagger-dev.yaml+studyOnline-common+dev
2023-11-05 10:22:25,110 INFO [main][ClientWorker.java:169] - [fixed-localhost_8848-dev] [subscribe] swagger-dev.yaml+studyOnline-common+dev
2023-11-05 10:22:25,110 INFO [main][CacheData.java:92] - [fixed-localhost_8848-dev] [add-listener] ok, tenant=dev, dataId=swagger-dev.yaml, group=studyOnline-common, cnt=1
2023-11-05 10:22:25,110 INFO [main][CacheData.java:92] - [fixed-localhost_8848-dev] [add-listener] ok, tenant=dev, dataId=swagger-dev.yaml, group=studyOnline-common, cnt=1
2023-11-05 10:22:25,111 INFO [main][ClientWorker.java:169] - [fixed-localhost_8848-dev] [subscribe] media-api-dev.yaml+studyOnline+dev
2023-11-05 10:22:25,111 INFO [main][ClientWorker.java:169] - [fixed-localhost_8848-dev] [subscribe] media-api-dev.yaml+studyOnline+dev
2023-11-05 10:22:25,111 INFO [main][CacheData.java:92] - [fixed-localhost_8848-dev] [add-listener] ok, tenant=dev, dataId=media-api-dev.yaml, group=studyOnline, cnt=1
2023-11-05 10:22:25,111 INFO [main][CacheData.java:92] - [fixed-localhost_8848-dev] [add-listener] ok, tenant=dev, dataId=media-api-dev.yaml, group=studyOnline, cnt=1
2023-11-05 10:22:25,113 INFO [main][ClientWorker.java:169] - [fixed-localhost_8848-dev] [subscribe] logging-dev.yaml+studyOnline-common+dev
2023-11-05 10:22:25,113 INFO [main][ClientWorker.java:169] - [fixed-localhost_8848-dev] [subscribe] logging-dev.yaml+studyOnline-common+dev
2023-11-05 10:22:25,113 INFO [main][CacheData.java:92] - [fixed-localhost_8848-dev] [add-listener] ok, tenant=dev, dataId=logging-dev.yaml, group=studyOnline-common, cnt=1
2023-11-05 10:22:25,113 INFO [main][CacheData.java:92] - [fixed-localhost_8848-dev] [add-listener] ok, tenant=dev, dataId=logging-dev.yaml, group=studyOnline-common, cnt=1
2023-11-05 10:22:25,117 DEBUG [com.alibaba.nacos.client.Worker.longPolling.fixed-localhost_8848-dev][NacosRestTemplate.java:476] - HTTP method: POST, url: http://localhost:8848/nacos/v1/cs/configs/listener, body: {Listening-Configs=media-api-dev.yamlstudyOnlinee45cba668b6fb8050da012b2199404d8devlogging-dev.yamlstudyOnline-common93db0af0040302ef8aeb4b6f50616937devswagger-dev.yamlstudyOnline-common3df4fc8dd585db91b28168cb384207f3devmedia-apistudyOnlinedevmedia-api.yamlstudyOnlinedev, tenant=dev}
2023-11-05 10:22:25,117 DEBUG [com.alibaba.nacos.client.Worker.longPolling.fixed-localhost_8848-dev][NacosRestTemplate.java:476] - HTTP method: POST, url: http://localhost:8848/nacos/v1/cs/configs/listener, body: {Listening-Configs=media-api-dev.yamlstudyOnlinee45cba668b6fb8050da012b2199404d8devlogging-dev.yamlstudyOnline-common93db0af0040302ef8aeb4b6f50616937devswagger-dev.yamlstudyOnline-common3df4fc8dd585db91b28168cb384207f3devmedia-apistudyOnlinedevmedia-api.yamlstudyOnlinedev, tenant=dev}
2023-11-05 10:22:25,118 DEBUG [com.alibaba.nacos.client.Worker.longPolling.fixed-localhost_8848-dev][NacosRestTemplate.java:494] - Execute via interceptors :[com.alibaba.nacos.client.config.impl.ConfigHttpClientManager$LimiterHttpClientRequestInterceptor@3f7f0d3f]
2023-11-05 10:22:25,118 DEBUG [com.alibaba.nacos.client.Worker.longPolling.fixed-localhost_8848-dev][NacosRestTemplate.java:494] - Execute via interceptors :[com.alibaba.nacos.client.config.impl.ConfigHttpClientManager$LimiterHttpClientRequestInterceptor@3f7f0d3f]
2023-11-05 10:22:25,119 INFO [main][ClientWorker.java:169] - [fixed-localhost_8848-dev] [subscribe] media-service-dev.yaml+studyOnline+dev
2023-11-05 10:22:25,119 INFO [main][ClientWorker.java:169] - [fixed-localhost_8848-dev] [subscribe] media-service-dev.yaml+studyOnline+dev
2023-11-05 10:22:25,119 INFO [main][CacheData.java:92] - [fixed-localhost_8848-dev] [add-listener] ok, tenant=dev, dataId=media-service-dev.yaml, group=studyOnline, cnt=1
2023-11-05 10:22:25,119 INFO [main][CacheData.java:92] - [fixed-localhost_8848-dev] [add-listener] ok, tenant=dev, dataId=media-service-dev.yaml, group=studyOnline, cnt=1
2023-11-05 10:22:25,123 DEBUG [com.alibaba.nacos.client.Worker.longPolling.fixed-localhost_8848-dev][NacosRestTemplate.java:476] - HTTP method: POST, url: http://localhost:8848/nacos/v1/cs/configs/listener, body: {Listening-Configs=media-api-dev.yamlstudyOnlinee45cba668b6fb8050da012b2199404d8devlogging-dev.yamlstudyOnline-common93db0af0040302ef8aeb4b6f50616937devswagger-dev.yamlstudyOnline-common3df4fc8dd585db91b28168cb384207f3devmedia-apistudyOnlinedevmedia-service-dev.yamlstudyOnlinec94497b98738b6180a1a8901cf2870a9devmedia-api.yamlstudyOnlinedev, tenant=dev}
2023-11-05 10:22:25,123 DEBUG [com.alibaba.nacos.client.Worker.longPolling.fixed-localhost_8848-dev][NacosRestTemplate.java:476] - HTTP method: POST, url: http://localhost:8848/nacos/v1/cs/configs/listener, body: {Listening-Configs=media-api-dev.yamlstudyOnlinee45cba668b6fb8050da012b2199404d8devlogging-dev.yamlstudyOnline-common93db0af0040302ef8aeb4b6f50616937devswagger-dev.yamlstudyOnline-common3df4fc8dd585db91b28168cb384207f3devmedia-apistudyOnlinedevmedia-service-dev.yamlstudyOnlinec94497b98738b6180a1a8901cf2870a9devmedia-api.yamlstudyOnlinedev, tenant=dev}
2023-11-05 10:22:25,123 DEBUG [com.alibaba.nacos.client.Worker.longPolling.fixed-localhost_8848-dev][NacosRestTemplate.java:494] - Execute via interceptors :[com.alibaba.nacos.client.config.impl.ConfigHttpClientManager$LimiterHttpClientRequestInterceptor@3f7f0d3f]
2023-11-05 10:22:25,123 DEBUG [com.alibaba.nacos.client.Worker.longPolling.fixed-localhost_8848-dev][NacosRestTemplate.java:494] - Execute via interceptors :[com.alibaba.nacos.client.config.impl.ConfigHttpClientManager$LimiterHttpClientRequestInterceptor@3f7f0d3f]
2023-11-05 10:22:25,127 DEBUG [com.alibaba.nacos.client.Worker.longPolling.fixed-localhost_8848-dev][NacosRestTemplate.java:476] - HTTP method: POST, url: http://localhost:8848/nacos/v1/cs/configs/listener, body: {Listening-Configs=media-api-dev.yamlstudyOnlinee45cba668b6fb8050da012b2199404d8devlogging-dev.yamlstudyOnline-common93db0af0040302ef8aeb4b6f50616937devswagger-dev.yamlstudyOnline-common3df4fc8dd585db91b28168cb384207f3devmedia-apistudyOnlinedevmedia-service-dev.yamlstudyOnlinec94497b98738b6180a1a8901cf2870a9devmedia-api.yamlstudyOnlinedev, tenant=dev}
2023-11-05 10:22:25,127 DEBUG [com.alibaba.nacos.client.Worker.longPolling.fixed-localhost_8848-dev][NacosRestTemplate.java:476] - HTTP method: POST, url: http://localhost:8848/nacos/v1/cs/configs/listener, body: {Listening-Configs=media-api-dev.yamlstudyOnlinee45cba668b6fb8050da012b2199404d8devlogging-dev.yamlstudyOnline-common93db0af0040302ef8aeb4b6f50616937devswagger-dev.yamlstudyOnline-common3df4fc8dd585db91b28168cb384207f3devmedia-apistudyOnlinedevmedia-service-dev.yamlstudyOnlinec94497b98738b6180a1a8901cf2870a9devmedia-api.yamlstudyOnlinedev, tenant=dev}
2023-11-05 10:22:25,127 DEBUG [com.alibaba.nacos.client.Worker.longPolling.fixed-localhost_8848-dev][NacosRestTemplate.java:494] - Execute via interceptors :[com.alibaba.nacos.client.config.impl.ConfigHttpClientManager$LimiterHttpClientRequestInterceptor@3f7f0d3f]
2023-11-05 10:22:25,127 DEBUG [com.alibaba.nacos.client.Worker.longPolling.fixed-localhost_8848-dev][NacosRestTemplate.java:494] - Execute via interceptors :[com.alibaba.nacos.client.config.impl.ConfigHttpClientManager$LimiterHttpClientRequestInterceptor@3f7f0d3f]
2023-11-05 10:22:27,580 DEBUG [com.alibaba.nacos.naming.failover][FailoverReactor.java:147] - failover switch is not found, failover00-00---000-VIPSRV_FAILOVER_SWITCH-000---00-00
2023-11-05 10:22:27,580 DEBUG [com.alibaba.nacos.naming.failover][FailoverReactor.java:147] - failover switch is not found, failover00-00---000-VIPSRV_FAILOVER_SWITCH-000---00-00
2023-11-05 10:22:27,783 DEBUG [com.alibaba.nacos.naming.beat.sender][NamingProxy.java:421] - [BEAT] dev sending beat to server: BeatInfo{port=63050, ip='169.254.87.149', weight=1.0, serviceName='studyOnline@@media-api', cluster='DEFAULT', metadata={preserved.register.source=SPRING_CLOUD}, scheduled=false, period=5000, stopped=false}
2023-11-05 10:22:27,783 DEBUG [com.alibaba.nacos.naming.beat.sender][NamingProxy.java:421] - [BEAT] dev sending beat to server: BeatInfo{port=63050, ip='169.254.87.149', weight=1.0, serviceName='studyOnline@@media-api', cluster='DEFAULT', metadata={preserved.register.source=SPRING_CLOUD}, scheduled=false, period=5000, stopped=false}
2023-11-05 10:22:27,788 DEBUG [com.alibaba.nacos.naming.beat.sender][NacosRestTemplate.java:476] - HTTP method: PUT, url: http://localhost:8848/nacos/v1/ns/instance/beat?app=unknown&serviceName=studyOnline%40%40media-api&namespaceId=dev&port=63050&clusterName=DEFAULT&ip=169.254.87.149, body: {beat={"port":63050,"ip":"169.254.87.149","weight":1.0,"serviceName":"studyOnline@@media-api","cluster":"DEFAULT","metadata":{"preserved.register.source":"SPRING_CLOUD"},"scheduled":false,"period":5000,"stopped":false}}
2023-11-05 10:22:27,788 DEBUG [com.alibaba.nacos.naming.beat.sender][NacosRestTemplate.java:476] - HTTP method: PUT, url: http://localhost:8848/nacos/v1/ns/instance/beat?app=unknown&serviceName=studyOnline%40%40media-api&namespaceId=dev&port=63050&clusterName=DEFAULT&ip=169.254.87.149, body: {beat={"port":63050,"ip":"169.254.87.149","weight":1.0,"serviceName":"studyOnline@@media-api","cluster":"DEFAULT","metadata":{"preserved.register.source":"SPRING_CLOUD"},"scheduled":false,"period":5000,"stopped":false}}
2023-11-05 10:22:32,584 DEBUG [com.alibaba.nacos.naming.failover][FailoverReactor.java:147] - failover switch is not found, failover00-00---000-VIPSRV_FAILOVER_SWITCH-000---00-00
2023-11-05 10:22:32,584 DEBUG [com.alibaba.nacos.naming.failover][FailoverReactor.java:147] - failover switch is not found, failover00-00---000-VIPSRV_FAILOVER_SWITCH-000---00-00
2023-11-05 10:22:32,817 DEBUG [com.alibaba.nacos.naming.beat.sender][NamingProxy.java:421] - [BEAT] dev sending beat to server: BeatInfo{port=63050, ip='169.254.87.149', weight=1.0, serviceName='studyOnline@@media-api', cluster='DEFAULT', metadata={preserved.register.source=SPRING_CLOUD}, scheduled=false, period=5000, stopped=false}
2023-11-05 10:22:32,817 DEBUG [com.alibaba.nacos.naming.beat.sender][NamingProxy.java:421] - [BEAT] dev sending beat to server: BeatInfo{port=63050, ip='169.254.87.149', weight=1.0, serviceName='studyOnline@@media-api', cluster='DEFAULT', metadata={preserved.register.source=SPRING_CLOUD}, scheduled=false, period=5000, stopped=false}
2023-11-05 10:22:32,818 DEBUG [com.alibaba.nacos.naming.beat.sender][NacosRestTemplate.java:476] - HTTP method: PUT, url: http://localhost:8848/nacos/v1/ns/instance/beat?app=unknown&serviceName=studyOnline%40%40media-api&namespaceId=dev&port=63050&clusterName=DEFAULT&ip=169.254.87.149, body: {}
2023-11-05 10:22:32,818 DEBUG [com.alibaba.nacos.naming.beat.sender][NacosRestTemplate.java:476] - HTTP method: PUT, url: http://localhost:8848/nacos/v1/ns/instance/beat?app=unknown&serviceName=studyOnline%40%40media-api&namespaceId=dev&port=63050&clusterName=DEFAULT&ip=169.254.87.149, body: {}
2023-11-05 10:22:33,802 DEBUG [com.alibaba.nacos.client.naming.updater][NacosRestTemplate.java:476] - HTTP method: GET, url: http://localhost:8848/nacos/v1/ns/instance/list?app=unknown&healthyOnly=false&namespaceId=dev&clientIP=169.254.87.149&serviceName=studyOnline%40%40media-api&udpPort=58357&clusters=DEFAULT, body: {}
2023-11-05 10:22:33,802 DEBUG [com.alibaba.nacos.client.naming.updater][NacosRestTemplate.java:476] - HTTP method: GET, url: http://localhost:8848/nacos/v1/ns/instance/list?app=unknown&healthyOnly=false&namespaceId=dev&clientIP=169.254.87.149&serviceName=studyOnline%40%40media-api&udpPort=58357&clusters=DEFAULT, body: {}
2023-11-05 10:22:37,594 DEBUG [com.alibaba.nacos.naming.failover][FailoverReactor.java:147] - failover switch is not found, failover00-00---000-VIPSRV_FAILOVER_SWITCH-000---00-00
2023-11-05 10:22:37,594 DEBUG [com.alibaba.nacos.naming.failover][FailoverReactor.java:147] - failover switch is not found, failover00-00---000-VIPSRV_FAILOVER_SWITCH-000---00-00
2023-11-05 10:22:37,830 DEBUG [com.alibaba.nacos.naming.beat.sender][NamingProxy.java:421] - [BEAT] dev sending beat to server: BeatInfo{port=63050, ip='169.254.87.149', weight=1.0, serviceName='studyOnline@@media-api', cluster='DEFAULT', metadata={preserved.register.source=SPRING_CLOUD}, scheduled=false, period=5000, stopped=false}
2023-11-05 10:22:37,830 DEBUG [com.alibaba.nacos.naming.beat.sender][NamingProxy.java:421] - [BEAT] dev sending beat to server: BeatInfo{port=63050, ip='169.254.87.149', weight=1.0, serviceName='studyOnline@@media-api', cluster='DEFAULT', metadata={preserved.register.source=SPRING_CLOUD}, scheduled=false, period=5000, stopped=false}
2023-11-05 10:22:37,831 DEBUG [com.alibaba.nacos.naming.beat.sender][NacosRestTemplate.java:476] - HTTP method: PUT, url: http://localhost:8848/nacos/v1/ns/instance/beat?app=unknown&serviceName=studyOnline%40%40media-api&namespaceId=dev&port=63050&clusterName=DEFAULT&ip=169.254.87.149, body: {}
2023-11-05 10:22:37,831 DEBUG [com.alibaba.nacos.naming.beat.sender][NacosRestTemplate.java:476] - HTTP method: PUT, url: http://localhost:8848/nacos/v1/ns/instance/beat?app=unknown&serviceName=studyOnline%40%40media-api&namespaceId=dev&port=63050&clusterName=DEFAULT&ip=169.254.87.149, body: {}
2023-11-05 10:22:42,605 DEBUG [com.alibaba.nacos.naming.failover][FailoverReactor.java:147] - failover switch is not found, failover00-00---000-VIPSRV_FAILOVER_SWITCH-000---00-00
2023-11-05 10:22:42,605 DEBUG [com.alibaba.nacos.naming.failover][FailoverReactor.java:147] - failover switch is not found, failover00-00---000-VIPSRV_FAILOVER_SWITCH-000---00-00
2023-11-05 10:22:42,856 DEBUG [com.alibaba.nacos.naming.beat.sender][NamingProxy.java:421] - [BEAT] dev sending beat to server: BeatInfo{port=63050, ip='169.254.87.149', weight=1.0, serviceName='studyOnline@@media-api', cluster='DEFAULT', metadata={preserved.register.source=SPRING_CLOUD}, scheduled=false, period=5000, stopped=false}
2023-11-05 10:22:42,856 DEBUG [com.alibaba.nacos.naming.beat.sender][NamingProxy.java:421] - [BEAT] dev sending beat to server: BeatInfo{port=63050, ip='169.254.87.149', weight=1.0, serviceName='studyOnline@@media-api', cluster='DEFAULT', metadata={preserved.register.source=SPRING_CLOUD}, scheduled=false, period=5000, stopped=false}
2023-11-05 10:22:42,856 DEBUG [com.alibaba.nacos.naming.beat.sender][NacosRestTemplate.java:476] - HTTP method: PUT, url: http://localhost:8848/nacos/v1/ns/instance/beat?app=unknown&serviceName=studyOnline%40%40media-api&namespaceId=dev&port=63050&clusterName=DEFAULT&ip=169.254.87.149, body: {}
2023-11-05 10:22:42,856 DEBUG [com.alibaba.nacos.naming.beat.sender][NacosRestTemplate.java:476] - HTTP method: PUT, url: http://localhost:8848/nacos/v1/ns/instance/beat?app=unknown&serviceName=studyOnline%40%40media-api&namespaceId=dev&port=63050&clusterName=DEFAULT&ip=169.254.87.149, body: {}
2023-11-05 10:22:43,826 DEBUG [com.alibaba.nacos.client.naming.updater][NacosRestTemplate.java:476] - HTTP method: GET, url: http://localhost:8848/nacos/v1/ns/instance/list?app=unknown&healthyOnly=false&namespaceId=dev&clientIP=169.254.87.149&serviceName=studyOnline%40%40media-api&udpPort=58357&clusters=DEFAULT, body: {}
2023-11-05 10:22:43,826 DEBUG [com.alibaba.nacos.client.naming.updater][NacosRestTemplate.java:476] - HTTP method: GET, url: http://localhost:8848/nacos/v1/ns/instance/list?app=unknown&healthyOnly=false&namespaceId=dev&clientIP=169.254.87.149&serviceName=studyOnline%40%40media-api&udpPort=58357&clusters=DEFAULT, body: {}
2023-11-05 10:22:47,606 DEBUG [com.alibaba.nacos.naming.failover][FailoverReactor.java:147] - failover switch is not found, failover00-00---000-VIPSRV_FAILOVER_SWITCH-000---00-00
2023-11-05 10:22:47,606 DEBUG [com.alibaba.nacos.naming.failover][FailoverReactor.java:147] - failover switch is not found, failover00-00---000-VIPSRV_FAILOVER_SWITCH-000---00-00
2023-11-05 10:22:47,872 DEBUG [com.alibaba.nacos.naming.beat.sender][NamingProxy.java:421] - [BEAT] dev sending beat to server: BeatInfo{port=63050, ip='169.254.87.149', weight=1.0, serviceName='studyOnline@@media-api', cluster='DEFAULT', metadata={preserved.register.source=SPRING_CLOUD}, scheduled=false, period=5000, stopped=false}
2023-11-05 10:22:47,872 DEBUG [com.alibaba.nacos.naming.beat.sender][NamingProxy.java:421] - [BEAT] dev sending beat to server: BeatInfo{port=63050, ip='169.254.87.149', weight=1.0, serviceName='studyOnline@@media-api', cluster='DEFAULT', metadata={preserved.register.source=SPRING_CLOUD}, scheduled=false, period=5000, stopped=false}
2023-11-05 10:22:47,873 DEBUG [com.alibaba.nacos.naming.beat.sender][NacosRestTemplate.java:476] - HTTP method: PUT, url: http://localhost:8848/nacos/v1/ns/instance/beat?app=unknown&serviceName=studyOnline%40%40media-api&namespaceId=dev&port=63050&clusterName=DEFAULT&ip=169.254.87.149, body: {}
2023-11-05 10:22:47,873 DEBUG [com.alibaba.nacos.naming.beat.sender][NacosRestTemplate.java:476] - HTTP method: PUT, url: http://localhost:8848/nacos/v1/ns/instance/beat?app=unknown&serviceName=studyOnline%40%40media-api&namespaceId=dev&port=63050&clusterName=DEFAULT&ip=169.254.87.149, body: {}
2023-11-05 10:22:52,586 DEBUG [com.alibaba.nacos.client.naming.updater][NamingProxy.java:195] - server list provided by user: [localhost:8848]
2023-11-05 10:22:52,586 DEBUG [com.alibaba.nacos.client.naming.updater][NamingProxy.java:195] - server list provided by user: [localhost:8848]
2023-11-05 10:22:52,619 DEBUG [com.alibaba.nacos.naming.failover][FailoverReactor.java:147] - failover switch is not found, failover00-00---000-VIPSRV_FAILOVER_SWITCH-000---00-00
2023-11-05 10:22:52,619 DEBUG [com.alibaba.nacos.naming.failover][FailoverReactor.java:147] - failover switch is not found, failover00-00---000-VIPSRV_FAILOVER_SWITCH-000---00-00
2023-11-05 10:22:52,885 DEBUG [com.alibaba.nacos.naming.beat.sender][NamingProxy.java:421] - [BEAT] dev sending beat to server: BeatInfo{port=63050, ip='169.254.87.149', weight=1.0, serviceName='studyOnline@@media-api', cluster='DEFAULT', metadata={preserved.register.source=SPRING_CLOUD}, scheduled=false, period=5000, stopped=false}
2023-11-05 10:22:52,885 DEBUG [com.alibaba.nacos.naming.beat.sender][NamingProxy.java:421] - [BEAT] dev sending beat to server: BeatInfo{port=63050, ip='169.254.87.149', weight=1.0, serviceName='studyOnline@@media-api', cluster='DEFAULT', metadata={preserved.register.source=SPRING_CLOUD}, scheduled=false, period=5000, stopped=false}
2023-11-05 10:22:52,886 DEBUG [com.alibaba.nacos.naming.beat.sender][NacosRestTemplate.java:476] - HTTP method: PUT, url: http://localhost:8848/nacos/v1/ns/instance/beat?app=unknown&serviceName=studyOnline%40%40media-api&namespaceId=dev&port=63050&clusterName=DEFAULT&ip=169.254.87.149, body: {}
2023-11-05 10:22:52,886 DEBUG [com.alibaba.nacos.naming.beat.sender][NacosRestTemplate.java:476] - HTTP method: PUT, url: http://localhost:8848/nacos/v1/ns/instance/beat?app=unknown&serviceName=studyOnline%40%40media-api&namespaceId=dev&port=63050&clusterName=DEFAULT&ip=169.254.87.149, body: {}
2023-11-05 10:22:53,845 DEBUG [com.alibaba.nacos.client.naming.updater][NacosRestTemplate.java:476] - HTTP method: GET, url: http://localhost:8848/nacos/v1/ns/instance/list?app=unknown&healthyOnly=false&namespaceId=dev&clientIP=169.254.87.149&serviceName=studyOnline%40%40media-api&udpPort=58357&clusters=DEFAULT, body: {}
2023-11-05 10:22:53,845 DEBUG [com.alibaba.nacos.client.naming.updater][NacosRestTemplate.java:476] - HTTP method: GET, url: http://localhost:8848/nacos/v1/ns/instance/list?app=unknown&healthyOnly=false&namespaceId=dev&clientIP=169.254.87.149&serviceName=studyOnline%40%40media-api&udpPort=58357&clusters=DEFAULT, body: {}
2023-11-05 10:22:53,848 DEBUG [xxl-job, executor ExecutorRegistryThread][ExecutorRegistryThread.java:51] - >>>>>>>>>>> xxl-job registry success, registryParam:RegistryParam{registryGroup='EXECUTOR', registryKey='testMedia', registryValue='http://169.254.87.149:9999/'}, registryResult:ReturnT [code=200, msg=null, content=null]
2023-11-05 10:22:53,848 DEBUG [xxl-job, executor ExecutorRegistryThread][ExecutorRegistryThread.java:51] - >>>>>>>>>>> xxl-job registry success, registryParam:RegistryParam{registryGroup='EXECUTOR', registryKey='testMedia', registryValue='http://169.254.87.149:9999/'}, registryResult:ReturnT [code=200, msg=null, content=null]
2023-11-05 10:22:54,841 DEBUG [com.alibaba.nacos.client.Worker.longPolling.fixed-localhost_8848-dev][NacosRestTemplate.java:476] - HTTP method: POST, url: http://localhost:8848/nacos/v1/cs/configs/listener, body: {Listening-Configs=media-api-dev.yamlstudyOnlinee45cba668b6fb8050da012b2199404d8devlogging-dev.yamlstudyOnline-common93db0af0040302ef8aeb4b6f50616937devswagger-dev.yamlstudyOnline-common3df4fc8dd585db91b28168cb384207f3devmedia-apistudyOnlinedevmedia-service-dev.yamlstudyOnlinec94497b98738b6180a1a8901cf2870a9devmedia-api.yamlstudyOnlinedev, tenant=dev}
2023-11-05 10:22:54,841 DEBUG [com.alibaba.nacos.client.Worker.longPolling.fixed-localhost_8848-dev][NacosRestTemplate.java:476] - HTTP method: POST, url: http://localhost:8848/nacos/v1/cs/configs/listener, body: {Listening-Configs=media-api-dev.yamlstudyOnlinee45cba668b6fb8050da012b2199404d8devlogging-dev.yamlstudyOnline-common93db0af0040302ef8aeb4b6f50616937devswagger-dev.yamlstudyOnline-common3df4fc8dd585db91b28168cb384207f3devmedia-apistudyOnlinedevmedia-service-dev.yamlstudyOnlinec94497b98738b6180a1a8901cf2870a9devmedia-api.yamlstudyOnlinedev, tenant=dev}
2023-11-05 10:22:54,841 DEBUG [com.alibaba.nacos.client.Worker.longPolling.fixed-localhost_8848-dev][NacosRestTemplate.java:494] - Execute via interceptors :[com.alibaba.nacos.client.config.impl.ConfigHttpClientManager$LimiterHttpClientRequestInterceptor@3f7f0d3f]
2023-11-05 10:22:54,841 DEBUG [com.alibaba.nacos.client.Worker.longPolling.fixed-localhost_8848-dev][NacosRestTemplate.java:494] - Execute via interceptors :[com.alibaba.nacos.client.config.impl.ConfigHttpClientManager$LimiterHttpClientRequestInterceptor@3f7f0d3f]
2023-11-05 10:22:57,625 DEBUG [com.alibaba.nacos.naming.failover][FailoverReactor.java:147] - failover switch is not found, failover00-00---000-VIPSRV_FAILOVER_SWITCH-000---00-00
2023-11-05 10:22:57,625 DEBUG [com.alibaba.nacos.naming.failover][FailoverReactor.java:147] - failover switch is not found, failover00-00---000-VIPSRV_FAILOVER_SWITCH-000---00-00
2023-11-05 10:22:57,906 DEBUG [com.alibaba.nacos.naming.beat.sender][NamingProxy.java:421] - [BEAT] dev sending beat to server: BeatInfo{port=63050, ip='169.254.87.149', weight=1.0, serviceName='studyOnline@@media-api', cluster='DEFAULT', metadata={preserved.register.source=SPRING_CLOUD}, scheduled=false, period=5000, stopped=false}
2023-11-05 10:22:57,906 DEBUG [com.alibaba.nacos.naming.beat.sender][NamingProxy.java:421] - [BEAT] dev sending beat to server: BeatInfo{port=63050, ip='169.254.87.149', weight=1.0, serviceName='studyOnline@@media-api', cluster='DEFAULT', metadata={preserved.register.source=SPRING_CLOUD}, scheduled=false, period=5000, stopped=false}
2023-11-05 10:22:57,907 DEBUG [com.alibaba.nacos.naming.beat.sender][NacosRestTemplate.java:476] - HTTP method: PUT, url: http://localhost:8848/nacos/v1/ns/instance/beat?app=unknown&serviceName=studyOnline%40%40media-api&namespaceId=dev&port=63050&clusterName=DEFAULT&ip=169.254.87.149, body: {}
2023-11-05 10:22:57,907 DEBUG [com.alibaba.nacos.naming.beat.sender][NacosRestTemplate.java:476] - HTTP method: PUT, url: http://localhost:8848/nacos/v1/ns/instance/beat?app=unknown&serviceName=studyOnline%40%40media-api&namespaceId=dev&port=63050&clusterName=DEFAULT&ip=169.254.87.149, body: {}
2023-11-05 10:23:02,639 DEBUG [com.alibaba.nacos.naming.failover][FailoverReactor.java:147] - failover switch is not found, failover00-00---000-VIPSRV_FAILOVER_SWITCH-000---00-00
2023-11-05 10:23:02,639 DEBUG [com.alibaba.nacos.naming.failover][FailoverReactor.java:147] - failover switch is not found, failover00-00---000-VIPSRV_FAILOVER_SWITCH-000---00-00
2023-11-05 10:23:02,921 DEBUG [com.alibaba.nacos.naming.beat.sender][NamingProxy.java:421] - [BEAT] dev sending beat to server: BeatInfo{port=63050, ip='169.254.87.149', weight=1.0, serviceName='studyOnline@@media-api', cluster='DEFAULT', metadata={preserved.register.source=SPRING_CLOUD}, scheduled=false, period=5000, stopped=false}
2023-11-05 10:23:02,921 DEBUG [com.alibaba.nacos.naming.beat.sender][NamingProxy.java:421] - [BEAT] dev sending beat to server: BeatInfo{port=63050, ip='169.254.87.149', weight=1.0, serviceName='studyOnline@@media-api', cluster='DEFAULT', metadata={preserved.register.source=SPRING_CLOUD}, scheduled=false, period=5000, stopped=false}
2023-11-05 10:23:02,922 DEBUG [com.alibaba.nacos.naming.beat.sender][NacosRestTemplate.java:476] - HTTP method: PUT, url: http://localhost:8848/nacos/v1/ns/instance/beat?app=unknown&serviceName=studyOnline%40%40media-api&namespaceId=dev&port=63050&clusterName=DEFAULT&ip=169.254.87.149, body: {}
2023-11-05 10:23:02,922 DEBUG [com.alibaba.nacos.naming.beat.sender][NacosRestTemplate.java:476] - HTTP method: PUT, url: http://localhost:8848/nacos/v1/ns/instance/beat?app=unknown&serviceName=studyOnline%40%40media-api&namespaceId=dev&port=63050&clusterName=DEFAULT&ip=169.254.87.149, body: {}
2023-11-05 10:23:03,863 DEBUG [com.alibaba.nacos.client.naming.updater][NacosRestTemplate.java:476] - HTTP method: GET, url: http://localhost:8848/nacos/v1/ns/instance/list?app=unknown&healthyOnly=false&namespaceId=dev&clientIP=169.254.87.149&serviceName=studyOnline%40%40media-api&udpPort=58357&clusters=DEFAULT, body: {}
2023-11-05 10:23:03,863 DEBUG [com.alibaba.nacos.client.naming.updater][NacosRestTemplate.java:476] - HTTP method: GET, url: http://localhost:8848/nacos/v1/ns/instance/list?app=unknown&healthyOnly=false&namespaceId=dev&clientIP=169.254.87.149&serviceName=studyOnline%40%40media-api&udpPort=58357&clusters=DEFAULT, body: {}
2023-11-05 10:23:06,835 WARN [Thread-44][NotifyCenter.java:145] - [NotifyCenter] Start destroying Publisher
2023-11-05 10:23:06,835 WARN [Thread-44][NotifyCenter.java:145] - [NotifyCenter] Start destroying Publisher
2023-11-05 10:23:06,836 WARN [Thread-44][NotifyCenter.java:162] - [NotifyCenter] Destruction of the end
2023-11-05 10:23:06,836 WARN [Thread-44][NotifyCenter.java:162] - [NotifyCenter] Destruction of the end
2023-11-05 10:23:06,837 WARN [Thread-9][HttpClientBeanHolder.java:108] - [HttpClientBeanHolder] Start destroying common HttpClient
2023-11-05 10:23:06,837 WARN [Thread-9][HttpClientBeanHolder.java:108] - [HttpClientBeanHolder] Start destroying common HttpClient
2023-11-05 10:23:06,838 WARN [Thread-9][HttpClientBeanHolder.java:114] - [HttpClientBeanHolder] Destruction of the end
2023-11-05 10:23:06,838 WARN [Thread-9][HttpClientBeanHolder.java:114] - [HttpClientBeanHolder] Destruction of the end
2023-11-05 10:23:07,573 INFO [SpringContextShutdownHook][ExecutorConfigurationSupport.java:218] - Shutting down ExecutorService 'Nacos-Watch-Task-Scheduler'
2023-11-05 10:23:07,573 INFO [SpringContextShutdownHook][ExecutorConfigurationSupport.java:218] - Shutting down ExecutorService 'Nacos-Watch-Task-Scheduler'
2023-11-05 10:23:07,577 INFO [SpringContextShutdownHook][NacosServiceRegistry.java:94] - De-registering from Nacos Server now...
2023-11-05 10:23:07,577 INFO [SpringContextShutdownHook][NacosServiceRegistry.java:94] - De-registering from Nacos Server now...
2023-11-05 10:23:07,577 INFO [SpringContextShutdownHook][BeatReactor.java:101] - [BEAT] removing beat: studyOnline@@media-api:169.254.87.149:63050 from beat map.
2023-11-05 10:23:07,577 INFO [SpringContextShutdownHook][BeatReactor.java:101] - [BEAT] removing beat: studyOnline@@media-api:169.254.87.149:63050 from beat map.
2023-11-05 10:23:07,578 INFO [SpringContextShutdownHook][NamingProxy.java:260] - [DEREGISTER-SERVICE] dev deregistering service studyOnline@@media-api with instance: Instance{instanceId='null', ip='169.254.87.149', port=63050, weight=1.0, healthy=true, enabled=true, ephemeral=true, clusterName='DEFAULT', serviceName='null', metadata={}}
2023-11-05 10:23:07,578 INFO [SpringContextShutdownHook][NamingProxy.java:260] - [DEREGISTER-SERVICE] dev deregistering service studyOnline@@media-api with instance: Instance{instanceId='null', ip='169.254.87.149', port=63050, weight=1.0, healthy=true, enabled=true, ephemeral=true, clusterName='DEFAULT', serviceName='null', metadata={}}
2023-11-05 10:23:07,578 DEBUG [SpringContextShutdownHook][NacosRestTemplate.java:476] - HTTP method: DELETE, url: http://localhost:8848/nacos/v1/ns/instance?app=unknown&namespaceId=dev&port=63050&clusterName=DEFAULT&ip=169.254.87.149&ephemeral=true&serviceName=studyOnline%40%40media-api, body: {}
2023-11-05 10:23:07,578 DEBUG [SpringContextShutdownHook][NacosRestTemplate.java:476] - HTTP method: DELETE, url: http://localhost:8848/nacos/v1/ns/instance?app=unknown&namespaceId=dev&port=63050&clusterName=DEFAULT&ip=169.254.87.149&ephemeral=true&serviceName=studyOnline%40%40media-api, body: {}
2023-11-05 10:23:07,590 INFO [SpringContextShutdownHook][NacosServiceRegistry.java:114] - De-registration finished.
2023-11-05 10:23:07,590 INFO [SpringContextShutdownHook][NacosServiceRegistry.java:114] - De-registration finished.
2023-11-05 10:23:07,591 INFO [SpringContextShutdownHook][BeatReactor.java:147] - com.alibaba.nacos.client.naming.beat.BeatReactor do shutdown begin
2023-11-05 10:23:07,591 INFO [SpringContextShutdownHook][BeatReactor.java:147] - com.alibaba.nacos.client.naming.beat.BeatReactor do shutdown begin
2023-11-05 10:23:07,648 DEBUG [com.alibaba.nacos.naming.failover][FailoverReactor.java:147] - failover switch is not found, failover00-00---000-VIPSRV_FAILOVER_SWITCH-000---00-00
2023-11-05 10:23:07,648 DEBUG [com.alibaba.nacos.naming.failover][FailoverReactor.java:147] - failover switch is not found, failover00-00---000-VIPSRV_FAILOVER_SWITCH-000---00-00
2023-11-05 10:23:07,934 INFO [SpringContextShutdownHook][BeatReactor.java:149] - com.alibaba.nacos.client.naming.beat.BeatReactor do shutdown stop
2023-11-05 10:23:07,934 INFO [SpringContextShutdownHook][BeatReactor.java:149] - com.alibaba.nacos.client.naming.beat.BeatReactor do shutdown stop
2023-11-05 10:23:07,935 INFO [SpringContextShutdownHook][HostReactor.java:413] - com.alibaba.nacos.client.naming.core.HostReactor do shutdown begin
2023-11-05 10:23:07,935 INFO [SpringContextShutdownHook][HostReactor.java:413] - com.alibaba.nacos.client.naming.core.HostReactor do shutdown begin
2023-11-05 10:23:08,597 INFO [com.alibaba.nacos.naming.push.receiver][PushReceiver.java:97] - received push data: {"type":"dom","data":"{\"dom\":\"studyOnline@@media-api\",\"name\":\"studyOnline@@media-api\",\"cacheMillis\":10000,\"lastRefTime\":1699150988593,\"checksum\":\"5c4cf8f76719da23a1e5ad7446a8813a\",\"useSpecifiedURL\":false,\"clusters\":\"DEFAULT\",\"env\":\"\",\"hosts\":[],\"metadata\":{}}","lastRefTime":35271770422300} from /169.254.87.149
2023-11-05 10:23:08,597 INFO [com.alibaba.nacos.naming.push.receiver][PushReceiver.java:97] - received push data: {"type":"dom","data":"{\"dom\":\"studyOnline@@media-api\",\"name\":\"studyOnline@@media-api\",\"cacheMillis\":10000,\"lastRefTime\":1699150988593,\"checksum\":\"5c4cf8f76719da23a1e5ad7446a8813a\",\"useSpecifiedURL\":false,\"clusters\":\"DEFAULT\",\"env\":\"\",\"hosts\":[],\"metadata\":{}}","lastRefTime":35271770422300} from /169.254.87.149
2023-11-05 10:23:08,597 INFO [com.alibaba.nacos.naming.push.receiver][HostReactor.java:238] - removed ips(1) service: studyOnline@@media-api@@DEFAULT -> [{"instanceId":"169.254.87.149#63050#DEFAULT#studyOnline@@media-api","ip":"169.254.87.149","port":63050,"weight":1.0,"healthy":true,"enabled":true,"ephemeral":true,"clusterName":"DEFAULT","serviceName":"studyOnline@@media-api","metadata":{"preserved.register.source":"SPRING_CLOUD"},"ipDeleteTimeout":30000,"instanceHeartBeatTimeOut":15000,"instanceHeartBeatInterval":5000}]
2023-11-05 10:23:08,597 INFO [com.alibaba.nacos.naming.push.receiver][HostReactor.java:238] - removed ips(1) service: studyOnline@@media-api@@DEFAULT -> [{"instanceId":"169.254.87.149#63050#DEFAULT#studyOnline@@media-api","ip":"169.254.87.149","port":63050,"weight":1.0,"healthy":true,"enabled":true,"ephemeral":true,"clusterName":"DEFAULT","serviceName":"studyOnline@@media-api","metadata":{"preserved.register.source":"SPRING_CLOUD"},"ipDeleteTimeout":30000,"instanceHeartBeatTimeOut":15000,"instanceHeartBeatInterval":5000}]
2023-11-05 10:23:08,598 DEBUG [nacos.publisher-com.alibaba.nacos.client.naming.event.InstancesChangeEvent][DefaultPublisher.java:193] - [NotifyCenter] the com.alibaba.nacos.client.naming.event.InstancesChangeEvent@7b244bdd will received by com.alibaba.nacos.client.naming.event.InstancesChangeNotifier@3aa1c45
2023-11-05 10:23:08,598 DEBUG [nacos.publisher-com.alibaba.nacos.client.naming.event.InstancesChangeEvent][DefaultPublisher.java:193] - [NotifyCenter] the com.alibaba.nacos.client.naming.event.InstancesChangeEvent@7b244bdd will received by com.alibaba.nacos.client.naming.event.InstancesChangeNotifier@3aa1c45
2023-11-05 10:23:08,604 INFO [com.alibaba.nacos.naming.push.receiver][HostReactor.java:271] - current ips:(0) service: studyOnline@@media-api@@DEFAULT -> []
2023-11-05 10:23:08,604 INFO [com.alibaba.nacos.naming.push.receiver][HostReactor.java:271] - current ips:(0) service: studyOnline@@media-api@@DEFAULT -> []
2023-11-05 10:23:10,951 INFO [SpringContextShutdownHook][PushReceiver.java:132] - com.alibaba.nacos.client.naming.core.PushReceiver do shutdown begin
2023-11-05 10:23:10,951 INFO [SpringContextShutdownHook][PushReceiver.java:132] - com.alibaba.nacos.client.naming.core.PushReceiver do shutdown begin
2023-11-05 10:23:12,729 DEBUG [com.alibaba.nacos.naming.failover][FailoverReactor.java:147] - failover switch is not found, failover00-00---000-VIPSRV_FAILOVER_SWITCH-000---00-00
2023-11-05 10:23:12,729 DEBUG [com.alibaba.nacos.naming.failover][FailoverReactor.java:147] - failover switch is not found, failover00-00---000-VIPSRV_FAILOVER_SWITCH-000---00-00
